17:50:27.374 [main] INFO  JaguarDF - Welcome to Jaguar-DF CLI!
17:50:27.761 [main] DEBUG JaguarDF - CLI Arguments: [--projectDir, d4jprojects/joda-time, --classesDir, target/classes, --testsDir, target/test-classes, --tests, tests.out, --logLevel, INFO]
18:40:58.601 [main] INFO  JaguarDF - Test testSerializedMutableDateTime(org.joda.time.TestSerialization) : Failed
18:40:59.918 [main] INFO  JaguarDF - Test testSerializedDateTimeProperty(org.joda.time.TestSerialization) : Failed
18:41:01.258 [main] INFO  JaguarDF - Test testSerializedDateMidnightProperty(org.joda.time.TestSerialization) : Failed
18:41:02.575 [main] INFO  JaguarDF - Test testSerializedMutableDateTimeProperty(org.joda.time.TestSerialization) : Failed
18:41:05.218 [main] INFO  JaguarDF - Test testSerializedGregorianChronology(org.joda.time.TestSerialization) : Failed
18:41:06.534 [main] INFO  JaguarDF - Test testSerializedBuddhistChronology(org.joda.time.TestSerialization) : Failed
18:41:07.851 [main] INFO  JaguarDF - Test testSerializedTimeOfDay(org.joda.time.TestSerialization) : Failed
18:41:09.175 [main] INFO  JaguarDF - Test testSerializedDateTimeZoneUTC(org.joda.time.TestSerialization) : Failed
18:41:10.492 [main] INFO  JaguarDF - Test testSerializedDateTime(org.joda.time.TestSerialization) : Failed
18:41:11.812 [main] INFO  JaguarDF - Test testSerializedInstant(org.joda.time.TestSerialization) : Failed
18:41:13.136 [main] INFO  JaguarDF - Test testSerializedISOChronology(org.joda.time.TestSerialization) : Failed
18:41:14.452 [main] INFO  JaguarDF - Test testSerializedGJChronology(org.joda.time.TestSerialization) : Failed
18:41:15.773 [main] INFO  JaguarDF - Test testSerializedJulianChronology(org.joda.time.TestSerialization) : Failed
18:41:17.098 [main] INFO  JaguarDF - Test testSerializedPeriodType(org.joda.time.TestSerialization) : Failed
18:41:18.415 [main] INFO  JaguarDF - Test testSerializedDateTimeFieldType(org.joda.time.TestSerialization) : Failed
18:41:19.741 [main] INFO  JaguarDF - Test testSerializedLocalDateBuddhist(org.joda.time.TestSerialization) : Failed
18:41:21.058 [main] INFO  JaguarDF - Test testSerializedLocalTime(org.joda.time.TestSerialization) : Failed
18:41:22.375 [main] INFO  JaguarDF - Test testSerializedUnsupportedDateTimeField(org.joda.time.TestSerialization) : Failed
18:41:23.745 [main] INFO  JaguarDF - Test testSerializedDateTimeZone(org.joda.time.TestSerialization) : Failed
18:41:25.061 [main] INFO  JaguarDF - Test testSerializedCopticChronology(org.joda.time.TestSerialization) : Failed
18:41:26.378 [main] INFO  JaguarDF - Test testSerializedLocalDate(org.joda.time.TestSerialization) : Failed
18:41:27.713 [main] INFO  JaguarDF - Test testSerializedDateMidnight(org.joda.time.TestSerialization) : Failed
18:41:29.029 [main] INFO  JaguarDF - Test testSerializedLocalDateTime(org.joda.time.TestSerialization) : Failed
18:41:30.375 [main] INFO  JaguarDF - Test testSerializedYearMonthDay(org.joda.time.TestSerialization) : Failed
18:41:31.692 [main] INFO  JaguarDF - Test testSerializedGJChronologyChangedInternals(org.joda.time.TestSerialization) : Failed
18:41:33.008 [main] INFO  JaguarDF - Test testDuration(org.joda.time.TestSerialization) : Failed

TestBuddhistChronology.testCalendar

TestCopticChronology.testCalendar

TestEthiopicChronology.testCalendar
18:52:29.042 [main] INFO  JaguarDF - Test test_plusWeekyears_positiveToNegative_crossCutover(org.joda.time.chrono.TestGJDate) : Failed
18:52:35.684 [main] INFO  JaguarDF - Test test_cutoverPreZero(org.joda.time.chrono.TestGJDate) : Failed
18:52:37.010 [main] INFO  JaguarDF - Test test_plusWeekyears_positiveToZero_crossCutover(org.joda.time.chrono.TestGJDate) : Failed
18:52:38.433 [main] INFO  JaguarDF - Test test_plusYears_positiveToZero_crossCutover(org.joda.time.chrono.TestGJDate) : Failed
18:52:39.759 [main] INFO  JaguarDF - Test test_plusYears_positiveToNegative_crossCutover(org.joda.time.chrono.TestGJDate) : Failed

TestIslamicChronology.testCalendar
Writing zoneinfo files
Writing ZoneInfoMap
19:15:47.791 [main] INFO  JaguarDF - Jaguar-DF has finished!

real	85m21.842s
user	85m31.993s
sys	0m50.338s
