20:05:13.643 [main] INFO  JaguarDF - Welcome to Jaguar-DF CLI!
20:05:13.727 [main] DEBUG JaguarDF - CLI Arguments: [--projectDir, d4jprojects/commons-compress, --classesDir, target/classes, --testsDir, target/test-classes, --tests, tests.out, --logLevel, INFO]
20:05:15.139 [main] INFO  JaguarDF - Test testTarGzip(org.apache.commons.compress.ChainingTestCase) : Failed
20:05:15.169 [main] INFO  JaguarDF - Test testTarBzip2(org.apache.commons.compress.ChainingTestCase) : Failed
20:05:18.274 [main] INFO  JaguarDF - Test testReadAr(org.apache.commons.compress.IOMethodsTest) : Failed
20:05:18.499 [main] INFO  JaguarDF - Test testReadCpio(org.apache.commons.compress.IOMethodsTest) : Failed
20:05:18.716 [main] INFO  JaguarDF - Test testReadJar(org.apache.commons.compress.IOMethodsTest) : Failed
20:05:18.925 [main] INFO  JaguarDF - Test testReadTar(org.apache.commons.compress.IOMethodsTest) : Failed
20:05:19.133 [main] INFO  JaguarDF - Test testReadZip(org.apache.commons.compress.IOMethodsTest) : Failed
20:05:19.329 [main] INFO  JaguarDF - Test testArArchiveCreation(org.apache.commons.compress.archivers.ArTestCase) : Failed
20:05:19.530 [main] INFO  JaguarDF - Test testArUnarchive(org.apache.commons.compress.archivers.ArTestCase) : Failed
20:05:19.730 [main] INFO  JaguarDF - Test testArDelete(org.apache.commons.compress.archivers.ArTestCase) : Failed
20:05:20.541 [main] INFO  JaguarDF - Test testCallSequenceAr(org.apache.commons.compress.archivers.ArchiveOutputStreamTest) : Failed
20:05:20.943 [main] INFO  JaguarDF - Test testCallSequenceCpio(org.apache.commons.compress.archivers.ArchiveOutputStreamTest) : Failed
20:05:21.148 [main] INFO  JaguarDF - Test testCallSequenceJar(org.apache.commons.compress.archivers.ArchiveOutputStreamTest) : Failed
20:05:21.356 [main] INFO  JaguarDF - Test testCallSequenceTar(org.apache.commons.compress.archivers.ArchiveOutputStreamTest) : Failed
20:05:21.563 [main] INFO  JaguarDF - Test testCallSequenceZip(org.apache.commons.compress.archivers.ArchiveOutputStreamTest) : Failed
20:05:22.652 [main] INFO  JaguarDF - Test testCpioArchiveCreation(org.apache.commons.compress.archivers.CpioTestCase) : Failed
20:05:22.857 [main] INFO  JaguarDF - Test testCpioUnarchive(org.apache.commons.compress.archivers.CpioTestCase) : Failed
20:05:23.268 [main] INFO  JaguarDF - Test testDumpUnarchiveAll(org.apache.commons.compress.archivers.DumpTestCase) : Failed
20:05:23.475 [main] INFO  JaguarDF - Test testCompressedDumpUnarchiveAll(org.apache.commons.compress.archivers.DumpTestCase) : Failed
20:05:23.672 [main] INFO  JaguarDF - Test testArchiveDetection(org.apache.commons.compress.archivers.DumpTestCase) : Failed
20:05:23.867 [main] INFO  JaguarDF - Test testCompressedArchiveDetection(org.apache.commons.compress.archivers.DumpTestCase) : Failed
20:05:24.070 [main] INFO  JaguarDF - Test testCheckArchive(org.apache.commons.compress.archivers.DumpTestCase) : Failed
20:05:24.269 [main] INFO  JaguarDF - Test testCheckCompressedArchive(org.apache.commons.compress.archivers.DumpTestCase) : Failed
20:05:25.265 [main] INFO  JaguarDF - Test testJarArchiveCreation(org.apache.commons.compress.archivers.JarTestCase) : Failed
20:05:25.466 [main] INFO  JaguarDF - Test testJarUnarchive(org.apache.commons.compress.archivers.JarTestCase) : Failed
20:05:25.666 [main] INFO  JaguarDF - Test testJarUnarchiveAll(org.apache.commons.compress.archivers.JarTestCase) : Failed
20:05:31.151 [main] INFO  JaguarDF - Test testCOMPRESS178(org.apache.commons.compress.archivers.TarTestCase) : Failed
20:05:31.395 [main] INFO  JaguarDF - Test testTarUnarchive(org.apache.commons.compress.archivers.TarTestCase) : Failed
20:05:31.612 [main] INFO  JaguarDF - Test testCOMPRESS114(org.apache.commons.compress.archivers.TarTestCase) : Failed
20:05:31.815 [main] INFO  JaguarDF - Test testTarArchiveCreation(org.apache.commons.compress.archivers.TarTestCase) : Failed
20:05:32.016 [main] INFO  JaguarDF - Test testTarArchiveLongNameCreation(org.apache.commons.compress.archivers.TarTestCase) : Failed
20:05:33.505 [main] INFO  JaguarDF - Test testZipArchiveCreation(org.apache.commons.compress.archivers.ZipTestCase) : Failed
20:05:33.723 [main] INFO  JaguarDF - Test testZipUnarchive(org.apache.commons.compress.archivers.ZipTestCase) : Failed
20:05:33.937 [main] INFO  JaguarDF - Test testSupportedCompressionMethod(org.apache.commons.compress.archivers.ZipTestCase) : Failed
20:05:34.152 [main] INFO  JaguarDF - Test testSkipEntryWithUnsupportedCompressionMethod(org.apache.commons.compress.archivers.ZipTestCase) : Failed
Cleaning up unclosed ZipFile for archive /Users/mario.concilio/workspace/ppgsi_docker/src/test/resources/bla.zip
20:05:34.366 [main] INFO  JaguarDF - Test testListAllFilesWithNestedArchive(org.apache.commons.compress.archivers.ZipTestCase) : Failed
20:05:34.585 [main] INFO  JaguarDF - Test testReadLongNamesBSD(org.apache.commons.compress.archivers.ar.ArArchiveInputStreamTest) : Failed
20:05:34.799 [main] INFO  JaguarDF - Test testReadLongNamesGNU(org.apache.commons.compress.archivers.ar.ArArchiveInputStreamTest) : Failed
20:05:35.458 [main] INFO  JaguarDF - Test testCpioUnarchive(org.apache.commons.compress.archivers.cpio.CpioArchiveInputStreamTest) : Failed
20:05:35.675 [main] INFO  JaguarDF - Test testWriteOldBinary(org.apache.commons.compress.archivers.cpio.CpioArchiveOutputStreamTest) : Failed
20:05:37.236 [main] INFO  JaguarDF - Test testNotADumpArchiveButBigEnough(org.apache.commons.compress.archivers.dump.DumpArchiveInputStreamTest) : Failed
20:05:37.460 [main] INFO  JaguarDF - Test testNotADumpArchive(org.apache.commons.compress.archivers.dump.DumpArchiveInputStreamTest) : Failed
20:05:40.127 [main] INFO  JaguarDF - Test testCount(org.apache.commons.compress.archivers.tar.TarArchiveOutputStreamTest) : Failed
20:05:53.613 [main] INFO  JaguarDF - Test testUtf8Interoperability(org.apache.commons.compress.archivers.zip.UTF8ZipFilesTest) : Failed
Cleaning up unclosed ZipFile for archive /Users/mario.concilio/workspace/ppgsi_docker/src/test/resources/utf8-7zip-test.zip
20:05:58.177 [main] INFO  JaguarDF - Test winzipBackSlashWorkaround(org.apache.commons.compress.archivers.zip.ZipArchiveInputStreamTest) : Failed
20:06:01.069 [main] INFO  JaguarDF - Test testWinzipBackSlashWorkaround(org.apache.commons.compress.archivers.zip.ZipFileTest) : Failed
20:06:04.463 [main] INFO  JaguarDF - Test testAddChangeTwice(org.apache.commons.compress.changes.ChangeSetTestCase) : Failed
20:06:04.704 [main] INFO  JaguarDF - Test testAddChangeTwiceWithoutReplace(org.apache.commons.compress.changes.ChangeSetTestCase) : Failed
20:06:04.944 [main] INFO  JaguarDF - Test testDeleteDir(org.apache.commons.compress.changes.ChangeSetTestCase) : Failed
20:06:05.186 [main] INFO  JaguarDF - Test testDeleteDir2(org.apache.commons.compress.changes.ChangeSetTestCase) : Failed
20:06:05.432 [main] INFO  JaguarDF - Test testDeleteDir3(org.apache.commons.compress.changes.ChangeSetTestCase) : Failed
20:06:05.676 [main] INFO  JaguarDF - Test testDeleteFile(org.apache.commons.compress.changes.ChangeSetTestCase) : Failed
20:06:05.915 [main] INFO  JaguarDF - Test testDeleteFile2(org.apache.commons.compress.changes.ChangeSetTestCase) : Failed
20:06:06.155 [main] INFO  JaguarDF - Test testDeletePlusAddSame(org.apache.commons.compress.changes.ChangeSetTestCase) : Failed
20:06:06.395 [main] INFO  JaguarDF - Test testChangeSetResults(org.apache.commons.compress.changes.ChangeSetTestCase) : Failed
20:06:06.634 [main] INFO  JaguarDF - Test testDeletePlusAdd(org.apache.commons.compress.changes.ChangeSetTestCase) : Failed
20:06:06.873 [main] INFO  JaguarDF - Test testDeleteFromAndAddToZip(org.apache.commons.compress.changes.ChangeSetTestCase) : Failed
20:06:07.113 [main] INFO  JaguarDF - Test testAddDeleteAdd(org.apache.commons.compress.changes.ChangeSetTestCase) : Failed
20:06:07.354 [main] INFO  JaguarDF - Test testDeleteAddDelete(org.apache.commons.compress.changes.ChangeSetTestCase) : Failed
20:06:07.592 [main] INFO  JaguarDF - Test testDeleteFromZip(org.apache.commons.compress.changes.ChangeSetTestCase) : Failed
20:06:07.834 [main] INFO  JaguarDF - Test testDeleteFromTar(org.apache.commons.compress.changes.ChangeSetTestCase) : Failed
20:06:08.077 [main] INFO  JaguarDF - Test testDeleteFromJar(org.apache.commons.compress.changes.ChangeSetTestCase) : Failed
20:06:08.334 [main] INFO  JaguarDF - Test testDeleteFromAndAddToTar(org.apache.commons.compress.changes.ChangeSetTestCase) : Failed
20:06:08.606 [main] INFO  JaguarDF - Test testDeleteFromAndAddToJar(org.apache.commons.compress.changes.ChangeSetTestCase) : Failed
20:06:08.857 [main] INFO  JaguarDF - Test testDeleteFromAr(org.apache.commons.compress.changes.ChangeSetTestCase) : Failed
20:06:09.097 [main] INFO  JaguarDF - Test testDeleteFromAndAddToAr(org.apache.commons.compress.changes.ChangeSetTestCase) : Failed
20:06:09.823 [main] INFO  JaguarDF - Test testAddToEmptyArchive(org.apache.commons.compress.changes.ChangeSetTestCase) : Failed
20:06:10.068 [main] INFO  JaguarDF - Test testDeleteAddToOneFileArchive(org.apache.commons.compress.changes.ChangeSetTestCase) : Failed
20:06:10.323 [main] INFO  JaguarDF - Test testAddDeleteToOneFileArchive(org.apache.commons.compress.changes.ChangeSetTestCase) : Failed
20:06:10.569 [main] INFO  JaguarDF - Test testAddAllreadyExistingWithReplaceTrue(org.apache.commons.compress.changes.ChangeSetTestCase) : Failed
20:06:10.810 [main] INFO  JaguarDF - Test testAddAllreadyExistingWithReplaceFalse(org.apache.commons.compress.changes.ChangeSetTestCase) : Failed
20:06:11.057 [main] INFO  JaguarDF - Test testBzipCreation(org.apache.commons.compress.compressors.BZip2TestCase) : Failed
20:06:11.382 [main] INFO  JaguarDF - Test testBzip2Unarchive(org.apache.commons.compress.compressors.BZip2TestCase) : Failed
20:06:11.707 [main] INFO  JaguarDF - Test testConcatenatedStreamsReadFirstOnly(org.apache.commons.compress.compressors.BZip2TestCase) : Failed
20:06:12.025 [main] INFO  JaguarDF - Test testConcatenatedStreamsReadFully(org.apache.commons.compress.compressors.BZip2TestCase) : Failed
20:06:12.342 [main] INFO  JaguarDF - Test testCOMPRESS131(org.apache.commons.compress.compressors.BZip2TestCase) : Failed
20:06:13.652 [main] INFO  JaguarDF - Test testGzipUnarchive(org.apache.commons.compress.compressors.GZipTestCase) : Failed
20:06:13.972 [main] INFO  JaguarDF - Test testCorruptedInput(org.apache.commons.compress.compressors.GZipTestCase) : Failed
20:06:14.293 [main] INFO  JaguarDF - Test testGzipCreation(org.apache.commons.compress.compressors.GZipTestCase) : Failed
20:06:14.616 [main] INFO  JaguarDF - Test testConcatenatedStreamsReadFirstOnly(org.apache.commons.compress.compressors.GZipTestCase) : Failed
20:06:14.938 [main] INFO  JaguarDF - Test testConcatenatedStreamsReadFully(org.apache.commons.compress.compressors.GZipTestCase) : Failed
20:06:16.263 [main] INFO  JaguarDF - Test testJarUnarchiveAllFileArgInMemory(org.apache.commons.compress.compressors.Pack200TestCase) : Failed
20:06:16.580 [main] INFO  JaguarDF - Test testJarUnarchiveAllTempFile(org.apache.commons.compress.compressors.Pack200TestCase) : Failed
20:06:16.913 [main] INFO  JaguarDF - Test testJarUnarchiveAllFileTempFile(org.apache.commons.compress.compressors.Pack200TestCase) : Failed
20:06:17.249 [main] INFO  JaguarDF - Test testJarArchiveCreationInMemory(org.apache.commons.compress.compressors.Pack200TestCase) : Failed
20:06:17.588 [main] INFO  JaguarDF - Test testJarUnarchiveAllInMemory(org.apache.commons.compress.compressors.Pack200TestCase) : Failed
20:06:17.950 [main] INFO  JaguarDF - Test testJarArchiveCreationTempFile(org.apache.commons.compress.compressors.Pack200TestCase) : Failed
20:06:18.291 [main] INFO  JaguarDF - Test testGoodSignature(org.apache.commons.compress.compressors.Pack200TestCase) : Failed
20:06:18.628 [main] INFO  JaguarDF - Test testBadSignature(org.apache.commons.compress.compressors.Pack200TestCase) : Failed
20:06:18.962 [main] INFO  JaguarDF - Test testShortSignature(org.apache.commons.compress.compressors.Pack200TestCase) : Failed
20:06:19.293 [main] INFO  JaguarDF - Test testInputStreamMethods(org.apache.commons.compress.compressors.Pack200TestCase) : Failed
20:06:19.960 [main] INFO  JaguarDF - Test testConcatenatedStreamsReadFirstOnly(org.apache.commons.compress.compressors.XZTestCase) : Failed
20:06:20.286 [main] INFO  JaguarDF - Test testConcatenatedStreamsReadFully(org.apache.commons.compress.compressors.XZTestCase) : Failed
20:06:20.645 [main] INFO  JaguarDF - Test testXZCreation(org.apache.commons.compress.compressors.XZTestCase) : Failed
20:06:20.986 [main] INFO  JaguarDF - Test testXZUnarchive(org.apache.commons.compress.compressors.XZTestCase) : Failed
20:06:22.289 [main] INFO  JaguarDF - Test testNormalizeInPlace(org.apache.commons.compress.compressors.pack200.Pack200UtilsTest) : Failed
20:06:22.637 [main] INFO  JaguarDF - Test testNormalize(org.apache.commons.compress.compressors.pack200.Pack200UtilsTest) : Failed
20:06:23.642 [main] INFO  JaguarDF - Jaguar-DF has finished!

real	1m10.616s
user	1m26.310s
sys	0m6.543s
