05:24:35.628 [main] INFO  JaguarDF - Welcome to Jaguar-DF CLI!
05:24:35.721 [main] DEBUG JaguarDF - CLI Arguments: [--projectDir, d4jprojects/commons-compress, --classesDir, target/classes, --testsDir, target/test-classes, --tests, tests.out, --logLevel, INFO]
05:25:03.200 [main] INFO  JaguarDF - Test skipsPK00Prefix(org.apache.commons.compress.archivers.ArchiveStreamFactoryTest) : Failed
05:25:04.864 [main] INFO  JaguarDF - Test aiffFilesAreNoTARs(org.apache.commons.compress.archivers.ArchiveStreamFactoryTest) : Failed
05:25:06.367 [main] INFO  JaguarDF - Test detectsAndThrowsFor7z(org.apache.commons.compress.archivers.ArchiveStreamFactoryTest) : Failed
05:25:06.778 [main] INFO  JaguarDF - Test testCOMPRESS209(org.apache.commons.compress.archivers.ArchiveStreamFactoryTest) : Failed
Analysing /dev/null/not-there
/dev/null/not-there doesn't exist or is a directory
05:27:46.750 [main] INFO  JaguarDF - Test testArchiveWithImplodeCompression4K2Trees(org.apache.commons.compress.archivers.zip.ExplodeSupportTest) : Failed
05:27:47.991 [main] INFO  JaguarDF - Test testZipStreamWithImplodeCompression8K3Trees(org.apache.commons.compress.archivers.zip.ExplodeSupportTest) : Failed
05:27:48.596 [main] INFO  JaguarDF - Test testTikaTestArchive(org.apache.commons.compress.archivers.zip.ExplodeSupportTest) : Failed
05:27:49.200 [main] INFO  JaguarDF - Test testArchiveWithImplodeCompression8K3Trees(org.apache.commons.compress.archivers.zip.ExplodeSupportTest) : Failed
05:27:49.813 [main] INFO  JaguarDF - Test testZipStreamWithImplodeCompression4K2Trees(org.apache.commons.compress.archivers.zip.ExplodeSupportTest) : Failed
05:27:50.423 [main] INFO  JaguarDF - Test testTikaTestStream(org.apache.commons.compress.archivers.zip.ExplodeSupportTest) : Failed
test.txt written, uncompressed bytes: 369, compressed bytes: 53 after 8ms
bla.tar written, uncompressed bytes: 10240, compressed bytes: 971 after 4ms
COMPRESS-256.7z written, uncompressed bytes: 4069842, compressed bytes: 4068310 after 264ms
bigChunkTest written, uncompressed bytes: 131072, compressed bytes: 131130 after 7ms
XZTestCase: HeapMax=3817865216 bytes 3641.0 MB
Attempt to read the whole thing in, should throw ...
Configuration: default
COMPRESS-256.7z written, uncompressed bytes: 4069842, compressed bytes: 4082684 after 499ms
COMPRESS-256.7z.block.lz4 read after 23ms
Configuration: default
lorem-ipsum.txt.gz written, uncompressed bytes: 38080, compressed bytes: 38231 after 3ms
lorem-ipsum.txt.gz.block.lz4 read after 0ms
Configuration: default
bla.tar written, uncompressed bytes: 10240, compressed bytes: 594 after 5ms
bla.tar.block.lz4 read after 1ms
Configuration: tuned for speed
COMPRESS-256.7z written, uncompressed bytes: 4069842, compressed bytes: 4082689 after 396ms
COMPRESS-256.7z.block.lz4 read after 25ms
Configuration: tuned for speed
lorem-ipsum.txt.gz written, uncompressed bytes: 38080, compressed bytes: 38231 after 2ms
lorem-ipsum.txt.gz.block.lz4 read after 1ms
Configuration: tuned for speed
bla.tar written, uncompressed bytes: 10240, compressed bytes: 600 after 3ms
bla.tar.block.lz4 read after 1ms
Configuration: tuned for compression ratio
COMPRESS-256.7z written, uncompressed bytes: 4069842, compressed bytes: 4082684 after 674ms
COMPRESS-256.7z.block.lz4 read after 28ms
Configuration: tuned for compression ratio
lorem-ipsum.txt.gz written, uncompressed bytes: 38080, compressed bytes: 38231 after 3ms
lorem-ipsum.txt.gz.block.lz4 read after 0ms
Configuration: tuned for compression ratio
bla.tar written, uncompressed bytes: 10240, compressed bytes: 594 after 3ms
bla.tar.block.lz4 read after 0ms
bla.tar written, uncompressed bytes: 10240, compressed bytes: 594 after 3ms
bla.tar.lz4-block.lz4 read after 0ms
bla.tar written, uncompressed bytes: 10240, compressed bytes: 610 after 4ms
bla.tar.lz4-framed.lz4 read after 2ms
COMPRESS-256.7z written, uncompressed bytes: 4069842, compressed bytes: 0 after 262ms
COMPRESS-256.7z.framed.lz4 read after 8ms
lorem-ipsum.txt.gz written, uncompressed bytes: 38080, compressed bytes: 0 after 3ms
lorem-ipsum.txt.gz.framed.lz4 read after 0ms
bla.tar written, uncompressed bytes: 10240, compressed bytes: 0 after 0ms
bla.tar.framed.lz4 read after 1ms
COMPRESS-256.7z written, uncompressed bytes: 4069842, compressed bytes: 0 after 385ms
COMPRESS-256.7z.framed.lz4 read after 6ms
lorem-ipsum.txt.gz written, uncompressed bytes: 38080, compressed bytes: 0 after 2ms
lorem-ipsum.txt.gz.framed.lz4 read after 0ms
bla.tar written, uncompressed bytes: 10240, compressed bytes: 0 after 0ms
bla.tar.framed.lz4 read after 0ms
COMPRESS-256.7z written, uncompressed bytes: 4069842, compressed bytes: 0 after 495ms
COMPRESS-256.7z.framed.lz4 read after 8ms
lorem-ipsum.txt.gz written, uncompressed bytes: 38080, compressed bytes: 0 after 2ms
lorem-ipsum.txt.gz.framed.lz4 read after 0ms
bla.tar written, uncompressed bytes: 10240, compressed bytes: 0 after 1ms
bla.tar.framed.lz4 read after 0ms
COMPRESS-256.7z written, uncompressed bytes: 4069842, compressed bytes: 0 after 442ms
COMPRESS-256.7z.framed.lz4 read after 7ms
lorem-ipsum.txt.gz written, uncompressed bytes: 38080, compressed bytes: 0 after 2ms
lorem-ipsum.txt.gz.framed.lz4 read after 0ms
bla.tar written, uncompressed bytes: 10240, compressed bytes: 0 after 1ms
bla.tar.framed.lz4 read after 0ms
COMPRESS-256.7z written, uncompressed bytes: 4069842, compressed bytes: 0 after 430ms
COMPRESS-256.7z.framed.lz4 read after 4ms
lorem-ipsum.txt.gz written, uncompressed bytes: 38080, compressed bytes: 0 after 3ms
lorem-ipsum.txt.gz.framed.lz4 read after 0ms
bla.tar written, uncompressed bytes: 10240, compressed bytes: 0 after 1ms
bla.tar.framed.lz4 read after 0ms
COMPRESS-256.7z written, uncompressed bytes: 4069842, compressed bytes: 0 after 446ms
COMPRESS-256.7z.framed.lz4 read after 9ms
lorem-ipsum.txt.gz written, uncompressed bytes: 38080, compressed bytes: 0 after 3ms
lorem-ipsum.txt.gz.framed.lz4 read after 0ms
bla.tar written, uncompressed bytes: 10240, compressed bytes: 0 after 1ms
bla.tar.framed.lz4 read after 1ms
COMPRESS-256.7z written, uncompressed bytes: 4069842, compressed bytes: 0 after 491ms
COMPRESS-256.7z.framed.lz4 read after 10ms
lorem-ipsum.txt.gz written, uncompressed bytes: 38080, compressed bytes: 0 after 2ms
lorem-ipsum.txt.gz.framed.lz4 read after 0ms
bla.tar written, uncompressed bytes: 10240, compressed bytes: 0 after 0ms
bla.tar.framed.lz4 read after 1ms
COMPRESS-256.7z written, uncompressed bytes: 4069842, compressed bytes: 0 after 325ms
COMPRESS-256.7z.framed.lz4 read after 6ms
lorem-ipsum.txt.gz written, uncompressed bytes: 38080, compressed bytes: 0 after 3ms
lorem-ipsum.txt.gz.framed.lz4 read after 0ms
bla.tar written, uncompressed bytes: 10240, compressed bytes: 0 after 1ms
bla.tar.framed.lz4 read after 0ms
COMPRESS-256.7z written, uncompressed bytes: 4069842, compressed bytes: 4067498 after 338ms
COMPRESS-256.7z.raw.sz read after 10ms
Configuration: tuned for compression ratio
bla.tar written, uncompressed bytes: 10240, compressed bytes: 949 after 5ms
bla.tar.raw.sz read after 1ms
reallyBigLiteralTest written, uncompressed bytes: 524288, compressed bytes: 524307 after 39ms
reallyBigLiteralTest.raw.sz read after 1ms
byte array written, uncompressed bytes: 2097160, compressed bytes: 2097323 after 231ms
byte array read after 3ms
lorem-ipsum.txt.gz written, uncompressed bytes: 38080, compressed bytes: 38089 after 4ms
lorem-ipsum.txt.gz.raw.sz read after 0ms
Configuration: default
bla.tar written, uncompressed bytes: 10240, compressed bytes: 955 after 4ms
bla.tar.raw.sz read after 0ms
Configuration: tuned for speed
bla.tar written, uncompressed bytes: 10240, compressed bytes: 960 after 4ms
bla.tar.raw.sz read after 1ms
bla.tar written, uncompressed bytes: 10240, compressed bytes: 469 after 3ms
bla.tar.zstd read after 0ms
05:34:49.571 [main] INFO  JaguarDF - Jaguar-DF has finished!

real	10m14.712s
user	9m54.712s
sys	0m48.282s
