20:36:38.677 [main] INFO  JaguarDF - Welcome to Jaguar-DF CLI!
20:36:38.789 [main] DEBUG JaguarDF - CLI Arguments: [--projectDir, d4jprojects/commons-compress, --classesDir, target/classes, --testsDir, target/test-classes, --tests, tests.out, --logLevel, INFO]
20:36:52.526 [main] INFO  JaguarDF - Test skipsPK00Prefix(org.apache.commons.compress.archivers.ArchiveStreamFactoryTest) : Failed
20:36:52.866 [main] INFO  JaguarDF - Test aiffFilesAreNoTARs(org.apache.commons.compress.archivers.ArchiveStreamFactoryTest) : Failed
20:36:53.443 [main] INFO  JaguarDF - Test testCOMPRESS209(org.apache.commons.compress.archivers.ArchiveStreamFactoryTest) : Failed
20:37:40.277 [main] INFO  JaguarDF - Test testSevenEmptyFiles(org.apache.commons.compress.archivers.sevenz.SevenZOutputFileTest) : Failed
20:37:40.865 [main] INFO  JaguarDF - Test testEightFilesSomeNotEmpty(org.apache.commons.compress.archivers.sevenz.SevenZOutputFileTest) : Failed
20:37:41.377 [main] INFO  JaguarDF - Test testSixEmptyFiles(org.apache.commons.compress.archivers.sevenz.SevenZOutputFileTest) : Failed
20:37:41.905 [main] INFO  JaguarDF - Test testEightEmptyFiles(org.apache.commons.compress.archivers.sevenz.SevenZOutputFileTest) : Failed
20:37:42.427 [main] INFO  JaguarDF - Test testNineEmptyFiles(org.apache.commons.compress.archivers.sevenz.SevenZOutputFileTest) : Failed
20:37:42.988 [main] INFO  JaguarDF - Test testSixFilesSomeNotEmpty(org.apache.commons.compress.archivers.sevenz.SevenZOutputFileTest) : Failed
20:37:44.090 [main] INFO  JaguarDF - Test testNineFilesSomeNotEmpty(org.apache.commons.compress.archivers.sevenz.SevenZOutputFileTest) : Failed
20:37:45.775 [main] INFO  JaguarDF - Test testSevenFilesSomeNotEmpty(org.apache.commons.compress.archivers.sevenz.SevenZOutputFileTest) : Failed
20:37:59.247 [main] INFO  JaguarDF - Test testCount(org.apache.commons.compress.archivers.tar.TarArchiveOutputStreamTest) : Failed
20:38:00.303 [main] INFO  JaguarDF - Test testPadsOutputToFullBlockLength(org.apache.commons.compress.archivers.tar.TarArchiveOutputStreamTest) : Failed
20:38:24.090 [main] INFO  JaguarDF - Test testArchiveWithImplodeCompression4K2Trees(org.apache.commons.compress.archivers.zip.ExplodeSupportTest) : Failed
20:38:24.606 [main] INFO  JaguarDF - Test testZipStreamWithImplodeCompression8K3Trees(org.apache.commons.compress.archivers.zip.ExplodeSupportTest) : Failed
20:38:25.127 [main] INFO  JaguarDF - Test testArchiveWithImplodeCompression8K3Trees(org.apache.commons.compress.archivers.zip.ExplodeSupportTest) : Failed
Cleaning up unclosed ZipFile for archive /Users/mario.concilio/workspace/ppgsi_docker/target/test-classes/archives/imploding-4Kdict-2trees.zip
Cleaning up unclosed ZipFile for archive /Users/mario.concilio/workspace/ppgsi_docker/target/test-classes/archives/imploding-8Kdict-3trees.zip
20:38:25.635 [main] INFO  JaguarDF - Test testZipStreamWithImplodeCompression4K2Trees(org.apache.commons.compress.archivers.zip.ExplodeSupportTest) : Failed
XZTestCase: HeapMax=3817865216 bytes 3641.0 MB
20:40:18.813 [main] INFO  JaguarDF - Jaguar-DF has finished!

real	3m41.023s
user	3m48.618s
sys	0m16.152s
