23:41:43.023 [main] INFO  JaguarDF - Welcome to Jaguar-DF CLI!
23:41:43.089 [main] DEBUG JaguarDF - CLI Arguments: [--projectDir, d4jprojects/commons-collections, --classesDir, target/classes, --testsDir, target/tests, --tests, tests.out, --logLevel, INFO]
23:41:48.657 [main] INFO  JaguarDF - Test testEmptyListCompatibility(org.apache.commons.collections4.ArrayStackTest) : Failed
23:41:48.750 [main] INFO  JaguarDF - Test testFullListCompatibility(org.apache.commons.collections4.ArrayStackTest) : Failed
23:42:00.586 [main] INFO  JaguarDF - Test testCanonicalEmptyCollectionExists(org.apache.commons.collections4.ArrayStackTest) : Failed
23:42:00.674 [main] INFO  JaguarDF - Test testCanonicalFullCollectionExists(org.apache.commons.collections4.ArrayStackTest) : Failed
23:43:16.651 [main] INFO  JaguarDF - Test testEmptyBagCompatibility(org.apache.commons.collections4.bag.CollectionBagTest) : Failed
23:43:16.923 [main] INFO  JaguarDF - Test testFullBagCompatibility(org.apache.commons.collections4.bag.CollectionBagTest) : Failed
23:43:22.699 [main] INFO  JaguarDF - Test testCanonicalFullCollectionExists(org.apache.commons.collections4.bag.CollectionBagTest) : Failed
23:43:23.255 [main] INFO  JaguarDF - Test testCanonicalEmptyCollectionExists(org.apache.commons.collections4.bag.CollectionBagTest) : Failed
23:43:24.373 [main] INFO  JaguarDF - Test testEmptyBagCompatibility(org.apache.commons.collections4.bag.CollectionSortedBagTest) : Failed
23:43:24.650 [main] INFO  JaguarDF - Test testFullBagCompatibility(org.apache.commons.collections4.bag.CollectionSortedBagTest) : Failed
23:43:30.448 [main] INFO  JaguarDF - Test testCanonicalFullCollectionExists(org.apache.commons.collections4.bag.CollectionSortedBagTest) : Failed
23:43:31.011 [main] INFO  JaguarDF - Test testCanonicalEmptyCollectionExists(org.apache.commons.collections4.bag.CollectionSortedBagTest) : Failed
23:43:44.928 [main] INFO  JaguarDF - Test testFullBagCompatibility(org.apache.commons.collections4.bag.HashBagTest) : Failed
23:43:45.204 [main] INFO  JaguarDF - Test testEmptyBagCompatibility(org.apache.commons.collections4.bag.HashBagTest) : Failed
23:43:52.246 [main] INFO  JaguarDF - Test testCanonicalEmptyCollectionExists(org.apache.commons.collections4.bag.HashBagTest) : Failed
23:43:52.519 [main] INFO  JaguarDF - Test testCanonicalFullCollectionExists(org.apache.commons.collections4.bag.HashBagTest) : Failed
23:44:06.570 [main] INFO  JaguarDF - Test testFullBagCompatibility(org.apache.commons.collections4.bag.PredicatedBagTest) : Failed
23:44:06.849 [main] INFO  JaguarDF - Test testEmptyBagCompatibility(org.apache.commons.collections4.bag.PredicatedBagTest) : Failed
23:44:13.838 [main] INFO  JaguarDF - Test testCanonicalEmptyCollectionExists(org.apache.commons.collections4.bag.PredicatedBagTest) : Failed
23:44:14.115 [main] INFO  JaguarDF - Test testCanonicalFullCollectionExists(org.apache.commons.collections4.bag.PredicatedBagTest) : Failed
23:44:27.767 [main] INFO  JaguarDF - Test testFullBagCompatibility(org.apache.commons.collections4.bag.PredicatedSortedBagTest) : Failed
23:44:28.044 [main] INFO  JaguarDF - Test testEmptyBagCompatibility(org.apache.commons.collections4.bag.PredicatedSortedBagTest) : Failed
23:44:35.069 [main] INFO  JaguarDF - Test testCanonicalEmptyCollectionExists(org.apache.commons.collections4.bag.PredicatedSortedBagTest) : Failed
23:44:35.351 [main] INFO  JaguarDF - Test testCanonicalFullCollectionExists(org.apache.commons.collections4.bag.PredicatedSortedBagTest) : Failed
23:44:48.577 [main] INFO  JaguarDF - Test testFullBagCompatibility(org.apache.commons.collections4.bag.SynchronizedBagTest) : Failed
23:44:48.860 [main] INFO  JaguarDF - Test testEmptyBagCompatibility(org.apache.commons.collections4.bag.SynchronizedBagTest) : Failed
23:44:55.955 [main] INFO  JaguarDF - Test testCanonicalEmptyCollectionExists(org.apache.commons.collections4.bag.SynchronizedBagTest) : Failed
23:44:56.241 [main] INFO  JaguarDF - Test testCanonicalFullCollectionExists(org.apache.commons.collections4.bag.SynchronizedBagTest) : Failed
23:45:10.207 [main] INFO  JaguarDF - Test testFullBagCompatibility(org.apache.commons.collections4.bag.TransformedBagTest) : Failed
23:45:10.489 [main] INFO  JaguarDF - Test testEmptyBagCompatibility(org.apache.commons.collections4.bag.TransformedBagTest) : Failed
23:45:17.522 [main] INFO  JaguarDF - Test testCanonicalEmptyCollectionExists(org.apache.commons.collections4.bag.TransformedBagTest) : Failed
23:45:17.815 [main] INFO  JaguarDF - Test testCanonicalFullCollectionExists(org.apache.commons.collections4.bag.TransformedBagTest) : Failed
23:45:31.654 [main] INFO  JaguarDF - Test testFullBagCompatibility(org.apache.commons.collections4.bag.TransformedSortedBagTest) : Failed
23:45:31.936 [main] INFO  JaguarDF - Test testEmptyBagCompatibility(org.apache.commons.collections4.bag.TransformedSortedBagTest) : Failed
23:45:38.995 [main] INFO  JaguarDF - Test testCanonicalEmptyCollectionExists(org.apache.commons.collections4.bag.TransformedSortedBagTest) : Failed
23:45:39.272 [main] INFO  JaguarDF - Test testCanonicalFullCollectionExists(org.apache.commons.collections4.bag.TransformedSortedBagTest) : Failed
23:45:53.755 [main] INFO  JaguarDF - Test testFullBagCompatibility(org.apache.commons.collections4.bag.TreeBagTest) : Failed
23:45:54.051 [main] INFO  JaguarDF - Test testEmptyBagCompatibility(org.apache.commons.collections4.bag.TreeBagTest) : Failed
23:46:01.140 [main] INFO  JaguarDF - Test testCanonicalEmptyCollectionExists(org.apache.commons.collections4.bag.TreeBagTest) : Failed
23:46:01.421 [main] INFO  JaguarDF - Test testCanonicalFullCollectionExists(org.apache.commons.collections4.bag.TreeBagTest) : Failed
23:46:15.438 [main] INFO  JaguarDF - Test testFullBagCompatibility(org.apache.commons.collections4.bag.UnmodifiableBagTest) : Failed
23:46:15.720 [main] INFO  JaguarDF - Test testEmptyBagCompatibility(org.apache.commons.collections4.bag.UnmodifiableBagTest) : Failed
23:46:22.727 [main] INFO  JaguarDF - Test testCanonicalEmptyCollectionExists(org.apache.commons.collections4.bag.UnmodifiableBagTest) : Failed
23:46:23.006 [main] INFO  JaguarDF - Test testCanonicalFullCollectionExists(org.apache.commons.collections4.bag.UnmodifiableBagTest) : Failed
23:46:36.807 [main] INFO  JaguarDF - Test testFullBagCompatibility(org.apache.commons.collections4.bag.UnmodifiableSortedBagTest) : Failed
23:46:37.088 [main] INFO  JaguarDF - Test testEmptyBagCompatibility(org.apache.commons.collections4.bag.UnmodifiableSortedBagTest) : Failed
23:46:44.161 [main] INFO  JaguarDF - Test testCanonicalEmptyCollectionExists(org.apache.commons.collections4.bag.UnmodifiableSortedBagTest) : Failed
23:46:44.441 [main] INFO  JaguarDF - Test testCanonicalFullCollectionExists(org.apache.commons.collections4.bag.UnmodifiableSortedBagTest) : Failed
23:47:23.096 [main] INFO  JaguarDF - Test testEmptyMapCompatibility(org.apache.commons.collections4.bidimap.AbstractBidiMapTest$TestInverseBidiMap) : Failed
23:47:23.387 [main] INFO  JaguarDF - Test testFullMapCompatibility(org.apache.commons.collections4.bidimap.AbstractBidiMapTest$TestInverseBidiMap) : Failed
23:47:48.559 [main] INFO  JaguarDF - Test testCanonicalEmptyCollectionExists(org.apache.commons.collections4.bidimap.AbstractBidiMapTest$TestInverseBidiMap) : Failed
23:47:48.856 [main] INFO  JaguarDF - Test testCanonicalFullCollectionExists(org.apache.commons.collections4.bidimap.AbstractBidiMapTest$TestInverseBidiMap) : Failed
23:48:03.436 [main] INFO  JaguarDF - Test testEmptyMapCompatibility(org.apache.commons.collections4.bidimap.DualHashBidiMapTest) : Failed
23:48:03.730 [main] INFO  JaguarDF - Test testFullMapCompatibility(org.apache.commons.collections4.bidimap.DualHashBidiMapTest) : Failed
23:48:28.969 [main] INFO  JaguarDF - Test testCanonicalEmptyCollectionExists(org.apache.commons.collections4.bidimap.DualHashBidiMapTest) : Failed
23:48:29.264 [main] INFO  JaguarDF - Test testCanonicalFullCollectionExists(org.apache.commons.collections4.bidimap.DualHashBidiMapTest) : Failed
23:49:08.318 [main] INFO  JaguarDF - Test testEmptyMapCompatibility(org.apache.commons.collections4.bidimap.AbstractBidiMapTest$TestInverseBidiMap) : Failed
23:49:08.609 [main] INFO  JaguarDF - Test testFullMapCompatibility(org.apache.commons.collections4.bidimap.AbstractBidiMapTest$TestInverseBidiMap) : Failed
23:49:33.776 [main] INFO  JaguarDF - Test testCanonicalEmptyCollectionExists(org.apache.commons.collections4.bidimap.AbstractBidiMapTest$TestInverseBidiMap) : Failed
23:49:34.065 [main] INFO  JaguarDF - Test testCanonicalFullCollectionExists(org.apache.commons.collections4.bidimap.AbstractBidiMapTest$TestInverseBidiMap) : Failed
23:49:48.660 [main] INFO  JaguarDF - Test testEmptyMapCompatibility(org.apache.commons.collections4.bidimap.DualLinkedHashBidiMapTest) : Failed
23:49:48.953 [main] INFO  JaguarDF - Test testFullMapCompatibility(org.apache.commons.collections4.bidimap.DualLinkedHashBidiMapTest) : Failed
23:50:14.277 [main] INFO  JaguarDF - Test testCanonicalEmptyCollectionExists(org.apache.commons.collections4.bidimap.DualLinkedHashBidiMapTest) : Failed
23:50:14.567 [main] INFO  JaguarDF - Test testCanonicalFullCollectionExists(org.apache.commons.collections4.bidimap.DualLinkedHashBidiMapTest) : Failed
23:53:04.287 [main] INFO  JaguarDF - Test testEmptyMapCompatibility(org.apache.commons.collections4.bidimap.AbstractBidiMapTest$TestInverseBidiMap) : Failed
23:53:04.588 [main] INFO  JaguarDF - Test testFullMapCompatibility(org.apache.commons.collections4.bidimap.AbstractBidiMapTest$TestInverseBidiMap) : Failed
23:53:30.207 [main] INFO  JaguarDF - Test testCanonicalEmptyCollectionExists(org.apache.commons.collections4.bidimap.AbstractBidiMapTest$TestInverseBidiMap) : Failed
23:53:30.501 [main] INFO  JaguarDF - Test testCanonicalFullCollectionExists(org.apache.commons.collections4.bidimap.AbstractBidiMapTest$TestInverseBidiMap) : Failed
23:53:45.273 [main] INFO  JaguarDF - Test testEmptyMapCompatibility(org.apache.commons.collections4.bidimap.DualTreeBidiMap2Test) : Failed
23:53:45.574 [main] INFO  JaguarDF - Test testFullMapCompatibility(org.apache.commons.collections4.bidimap.DualTreeBidiMap2Test) : Failed
23:54:11.471 [main] INFO  JaguarDF - Test testCanonicalEmptyCollectionExists(org.apache.commons.collections4.bidimap.DualTreeBidiMap2Test) : Failed
23:54:11.769 [main] INFO  JaguarDF - Test testCanonicalFullCollectionExists(org.apache.commons.collections4.bidimap.DualTreeBidiMap2Test) : Failed
23:57:02.060 [main] INFO  JaguarDF - Test testEmptyMapCompatibility(org.apache.commons.collections4.bidimap.AbstractBidiMapTest$TestInverseBidiMap) : Failed
23:57:02.355 [main] INFO  JaguarDF - Test testFullMapCompatibility(org.apache.commons.collections4.bidimap.AbstractBidiMapTest$TestInverseBidiMap) : Failed
23:57:28.051 [main] INFO  JaguarDF - Test testCanonicalEmptyCollectionExists(org.apache.commons.collections4.bidimap.AbstractBidiMapTest$TestInverseBidiMap) : Failed
23:57:28.342 [main] INFO  JaguarDF - Test testCanonicalFullCollectionExists(org.apache.commons.collections4.bidimap.AbstractBidiMapTest$TestInverseBidiMap) : Failed
23:57:43.070 [main] INFO  JaguarDF - Test testEmptyMapCompatibility(org.apache.commons.collections4.bidimap.DualTreeBidiMapTest) : Failed
23:57:43.368 [main] INFO  JaguarDF - Test testFullMapCompatibility(org.apache.commons.collections4.bidimap.DualTreeBidiMapTest) : Failed
23:58:09.265 [main] INFO  JaguarDF - Test testCanonicalEmptyCollectionExists(org.apache.commons.collections4.bidimap.DualTreeBidiMapTest) : Failed
23:58:09.564 [main] INFO  JaguarDF - Test testCanonicalFullCollectionExists(org.apache.commons.collections4.bidimap.DualTreeBidiMapTest) : Failed
23:59:47.466 [main] INFO  JaguarDF - Test testEmptyMapCompatibility(org.apache.commons.collections4.bidimap.TreeBidiMapTest) : Failed
23:59:47.801 [main] INFO  JaguarDF - Test testFullMapCompatibility(org.apache.commons.collections4.bidimap.TreeBidiMapTest) : Failed
00:00:17.746 [main] INFO  JaguarDF - Test testCanonicalEmptyCollectionExists(org.apache.commons.collections4.bidimap.TreeBidiMapTest) : Failed
00:00:18.078 [main] INFO  JaguarDF - Test testCanonicalFullCollectionExists(org.apache.commons.collections4.bidimap.TreeBidiMapTest) : Failed
00:09:14.633 [main] INFO  JaguarDF - Test testCanonicalFullCollectionExists(org.apache.commons.collections4.collection.CompositeCollectionTest) : Failed
00:09:15.312 [main] INFO  JaguarDF - Test testCanonicalEmptyCollectionExists(org.apache.commons.collections4.collection.CompositeCollectionTest) : Failed
00:09:36.289 [main] INFO  JaguarDF - Test testCanonicalFullCollectionExists(org.apache.commons.collections4.collection.PredicatedCollectionTest) : Failed
00:09:36.969 [main] INFO  JaguarDF - Test testCanonicalEmptyCollectionExists(org.apache.commons.collections4.collection.PredicatedCollectionTest) : Failed
00:09:45.473 [main] INFO  JaguarDF - Test testCanonicalFullCollectionExists(org.apache.commons.collections4.collection.SynchronizedCollectionTest) : Failed
00:09:46.166 [main] INFO  JaguarDF - Test testCanonicalEmptyCollectionExists(org.apache.commons.collections4.collection.SynchronizedCollectionTest) : Failed
00:09:55.259 [main] INFO  JaguarDF - Test testCanonicalFullCollectionExists(org.apache.commons.collections4.collection.TransformedCollectionTest) : Failed
00:09:55.940 [main] INFO  JaguarDF - Test testCanonicalEmptyCollectionExists(org.apache.commons.collections4.collection.TransformedCollectionTest) : Failed
00:10:14.731 [main] INFO  JaguarDF - Test testCanonicalFullCollectionExists(org.apache.commons.collections4.collection.UnmodifiableCollectionTest) : Failed
00:10:15.420 [main] INFO  JaguarDF - Test testCanonicalEmptyCollectionExists(org.apache.commons.collections4.collection.UnmodifiableCollectionTest) : Failed
00:10:18.845 [main] INFO  JaguarDF - Test testComparatorCompatibility(org.apache.commons.collections4.comparators.BooleanComparatorTest) : Failed
00:10:23.335 [main] INFO  JaguarDF - Test testComparatorCompatibility(org.apache.commons.collections4.comparators.ComparableComparatorTest) : Failed
00:10:29.627 [main] INFO  JaguarDF - Test testComparatorCompatibility(org.apache.commons.collections4.comparators.ComparatorChainTest) : Failed
00:10:36.266 [main] INFO  JaguarDF - Test testComparatorCompatibility(org.apache.commons.collections4.comparators.FixedOrderComparatorTest) : Failed
00:10:41.112 [main] INFO  JaguarDF - Test testComparatorCompatibility(org.apache.commons.collections4.comparators.ReverseComparatorTest) : Failed
00:10:45.761 [main] INFO  JaguarDF - Test testComparatorCompatibility(org.apache.commons.collections4.comparators.TransformingComparatorTest) : Failed
00:14:59.922 [main] INFO  JaguarDF - Test testEmptyListCompatibility(org.apache.commons.collections4.list.CursorableLinkedListTest) : Failed
00:15:00.325 [main] INFO  JaguarDF - Test testFullListCompatibility(org.apache.commons.collections4.list.CursorableLinkedListTest) : Failed
00:15:44.084 [main] INFO  JaguarDF - Test testCanonicalEmptyCollectionExists(org.apache.commons.collections4.list.CursorableLinkedListTest) : Failed
00:15:44.469 [main] INFO  JaguarDF - Test testCanonicalFullCollectionExists(org.apache.commons.collections4.list.CursorableLinkedListTest) : Failed
00:15:46.441 [main] INFO  JaguarDF - Test testEmptyListCompatibility(org.apache.commons.collections4.list.FixedSizeListTest) : Failed
00:15:55.926 [main] INFO  JaguarDF - Test testFullListCompatibility(org.apache.commons.collections4.list.FixedSizeListTest) : Failed
00:16:05.053 [main] INFO  JaguarDF - Test testCanonicalFullCollectionExists(org.apache.commons.collections4.list.FixedSizeListTest) : Failed
00:16:05.901 [main] INFO  JaguarDF - Test testCanonicalEmptyCollectionExists(org.apache.commons.collections4.list.FixedSizeListTest) : Failed
00:16:12.093 [main] INFO  JaguarDF - Test testEmptyListCompatibility(org.apache.commons.collections4.list.GrowthListTest) : Failed
00:16:20.406 [main] INFO  JaguarDF - Test testFullListCompatibility(org.apache.commons.collections4.list.GrowthListTest) : Failed
00:16:29.515 [main] INFO  JaguarDF - Test testCanonicalFullCollectionExists(org.apache.commons.collections4.list.GrowthListTest) : Failed
00:16:30.304 [main] INFO  JaguarDF - Test testCanonicalEmptyCollectionExists(org.apache.commons.collections4.list.GrowthListTest) : Failed
00:16:44.889 [main] INFO  JaguarDF - Test testEmptyListCompatibility(org.apache.commons.collections4.list.NodeCachingLinkedListTest) : Failed
00:16:45.280 [main] INFO  JaguarDF - Test testFullListCompatibility(org.apache.commons.collections4.list.NodeCachingLinkedListTest) : Failed
00:17:32.866 [main] INFO  JaguarDF - Test testCanonicalEmptyCollectionExists(org.apache.commons.collections4.list.NodeCachingLinkedListTest) : Failed
00:17:33.261 [main] INFO  JaguarDF - Test testCanonicalFullCollectionExists(org.apache.commons.collections4.list.NodeCachingLinkedListTest) : Failed
00:17:36.826 [main] INFO  JaguarDF - Test testEmptyListCompatibility(org.apache.commons.collections4.list.PredicatedListTest) : Failed
00:17:46.364 [main] INFO  JaguarDF - Test testFullListCompatibility(org.apache.commons.collections4.list.PredicatedListTest) : Failed
00:17:55.966 [main] INFO  JaguarDF - Test testCanonicalFullCollectionExists(org.apache.commons.collections4.list.PredicatedListTest) : Failed
00:17:56.760 [main] INFO  JaguarDF - Test testCanonicalEmptyCollectionExists(org.apache.commons.collections4.list.PredicatedListTest) : Failed
00:18:08.975 [main] INFO  JaguarDF - Test testEmptyListCompatibility(org.apache.commons.collections4.list.SetUniqueListTest) : Failed
00:18:17.399 [main] INFO  JaguarDF - Test testFullListCompatibility(org.apache.commons.collections4.list.SetUniqueListTest) : Failed
00:18:25.839 [main] INFO  JaguarDF - Test testCanonicalFullCollectionExists(org.apache.commons.collections4.list.SetUniqueListTest) : Failed
00:18:26.648 [main] INFO  JaguarDF - Test testCanonicalEmptyCollectionExists(org.apache.commons.collections4.list.SetUniqueListTest) : Failed
00:18:30.653 [main] INFO  JaguarDF - Test testEmptyListCompatibility(org.apache.commons.collections4.list.TransformedListTest) : Failed
00:18:40.303 [main] INFO  JaguarDF - Test testFullListCompatibility(org.apache.commons.collections4.list.TransformedListTest) : Failed
00:18:49.613 [main] INFO  JaguarDF - Test testCanonicalFullCollectionExists(org.apache.commons.collections4.list.TransformedListTest) : Failed
00:18:50.462 [main] INFO  JaguarDF - Test testCanonicalEmptyCollectionExists(org.apache.commons.collections4.list.TransformedListTest) : Failed
00:20:01.919 [main] INFO  JaguarDF - Test testEmptyListCompatibility(org.apache.commons.collections4.list.UnmodifiableListTest) : Failed
00:20:12.040 [main] INFO  JaguarDF - Test testFullListCompatibility(org.apache.commons.collections4.list.UnmodifiableListTest) : Failed
00:20:21.753 [main] INFO  JaguarDF - Test testCanonicalFullCollectionExists(org.apache.commons.collections4.list.UnmodifiableListTest) : Failed
00:20:22.586 [main] INFO  JaguarDF - Test testCanonicalEmptyCollectionExists(org.apache.commons.collections4.list.UnmodifiableListTest) : Failed
00:20:40.003 [main] INFO  JaguarDF - Test testEmptyMapCompatibility(org.apache.commons.collections4.map.CaseInsensitiveMapTest) : Failed
00:20:40.424 [main] INFO  JaguarDF - Test testFullMapCompatibility(org.apache.commons.collections4.map.CaseInsensitiveMapTest) : Failed
00:21:30.611 [main] INFO  JaguarDF - Test testCanonicalEmptyCollectionExists(org.apache.commons.collections4.map.CaseInsensitiveMapTest) : Failed
00:21:31.039 [main] INFO  JaguarDF - Test testCanonicalFullCollectionExists(org.apache.commons.collections4.map.CaseInsensitiveMapTest) : Failed
00:21:46.159 [main] INFO  JaguarDF - Test testEmptyMapCompatibility(org.apache.commons.collections4.map.CompositeMapTest) : Failed
00:21:47.025 [main] INFO  JaguarDF - Test testFullMapCompatibility(org.apache.commons.collections4.map.CompositeMapTest) : Failed
00:21:53.617 [main] INFO  JaguarDF - Test testCanonicalFullCollectionExists(org.apache.commons.collections4.map.CompositeMapTest) : Failed
00:21:54.471 [main] INFO  JaguarDF - Test testCanonicalEmptyCollectionExists(org.apache.commons.collections4.map.CompositeMapTest) : Failed
00:22:09.754 [main] INFO  JaguarDF - Test testEmptyMapCompatibility(org.apache.commons.collections4.map.DefaultedMapTest) : Failed
00:22:10.617 [main] INFO  JaguarDF - Test testFullMapCompatibility(org.apache.commons.collections4.map.DefaultedMapTest) : Failed
00:22:16.647 [main] INFO  JaguarDF - Test testCanonicalFullCollectionExists(org.apache.commons.collections4.map.DefaultedMapTest) : Failed
00:22:17.515 [main] INFO  JaguarDF - Test testCanonicalEmptyCollectionExists(org.apache.commons.collections4.map.DefaultedMapTest) : Failed
00:22:30.986 [main] INFO  JaguarDF - Test testEmptyMapCompatibility(org.apache.commons.collections4.map.FixedSizeMapTest) : Failed
00:22:31.861 [main] INFO  JaguarDF - Test testFullMapCompatibility(org.apache.commons.collections4.map.FixedSizeMapTest) : Failed
00:22:38.374 [main] INFO  JaguarDF - Test testCanonicalFullCollectionExists(org.apache.commons.collections4.map.FixedSizeMapTest) : Failed
00:22:39.243 [main] INFO  JaguarDF - Test testCanonicalEmptyCollectionExists(org.apache.commons.collections4.map.FixedSizeMapTest) : Failed
00:25:46.115 [main] INFO  JaguarDF - Test testEmptyMapCompatibility(org.apache.commons.collections4.map.FixedSizeSortedMapTest) : Failed
00:25:46.544 [main] INFO  JaguarDF - Test testFullMapCompatibility(org.apache.commons.collections4.map.FixedSizeSortedMapTest) : Failed
00:26:38.188 [main] INFO  JaguarDF - Test testCanonicalEmptyCollectionExists(org.apache.commons.collections4.map.FixedSizeSortedMapTest) : Failed
00:26:38.628 [main] INFO  JaguarDF - Test testCanonicalFullCollectionExists(org.apache.commons.collections4.map.FixedSizeSortedMapTest) : Failed
00:27:00.147 [main] INFO  JaguarDF - Test testEmptyMapCompatibility(org.apache.commons.collections4.map.Flat3MapTest) : Failed
00:27:00.604 [main] INFO  JaguarDF - Test testFullMapCompatibility(org.apache.commons.collections4.map.Flat3MapTest) : Failed
00:27:54.813 [main] INFO  JaguarDF - Test testCanonicalEmptyCollectionExists(org.apache.commons.collections4.map.Flat3MapTest) : Failed
00:27:55.281 [main] INFO  JaguarDF - Test testCanonicalFullCollectionExists(org.apache.commons.collections4.map.Flat3MapTest) : Failed
00:28:11.312 [main] INFO  JaguarDF - Test testEmptyMapCompatibility(org.apache.commons.collections4.map.HashedMapTest) : Failed
00:28:11.824 [main] INFO  JaguarDF - Test testFullMapCompatibility(org.apache.commons.collections4.map.HashedMapTest) : Failed
00:29:05.745 [main] INFO  JaguarDF - Test testCanonicalEmptyCollectionExists(org.apache.commons.collections4.map.HashedMapTest) : Failed
00:29:06.197 [main] INFO  JaguarDF - Test testCanonicalFullCollectionExists(org.apache.commons.collections4.map.HashedMapTest) : Failed
00:29:42.654 [main] INFO  JaguarDF - Test testEmptyMapCompatibility(org.apache.commons.collections4.map.LRUMapTest) : Failed
00:29:43.116 [main] INFO  JaguarDF - Test testFullMapCompatibility(org.apache.commons.collections4.map.LRUMapTest) : Failed
00:30:38.056 [main] INFO  JaguarDF - Test testCanonicalEmptyCollectionExists(org.apache.commons.collections4.map.LRUMapTest) : Failed
00:30:38.509 [main] INFO  JaguarDF - Test testCanonicalFullCollectionExists(org.apache.commons.collections4.map.LRUMapTest) : Failed
00:30:51.619 [main] INFO  JaguarDF - Test testEmptyMapCompatibility(org.apache.commons.collections4.map.LazyMapTest) : Failed
00:30:52.554 [main] INFO  JaguarDF - Test testFullMapCompatibility(org.apache.commons.collections4.map.LazyMapTest) : Failed
00:30:59.085 [main] INFO  JaguarDF - Test testCanonicalFullCollectionExists(org.apache.commons.collections4.map.LazyMapTest) : Failed
00:31:00.019 [main] INFO  JaguarDF - Test testCanonicalEmptyCollectionExists(org.apache.commons.collections4.map.LazyMapTest) : Failed
00:31:15.836 [main] INFO  JaguarDF - Test testEmptyMapCompatibility(org.apache.commons.collections4.map.LazySortedMapTest) : Failed
00:31:16.764 [main] INFO  JaguarDF - Test testFullMapCompatibility(org.apache.commons.collections4.map.LazySortedMapTest) : Failed
00:31:23.253 [main] INFO  JaguarDF - Test testCanonicalFullCollectionExists(org.apache.commons.collections4.map.LazySortedMapTest) : Failed
00:31:24.182 [main] INFO  JaguarDF - Test testCanonicalEmptyCollectionExists(org.apache.commons.collections4.map.LazySortedMapTest) : Failed
00:33:05.028 [main] INFO  JaguarDF - Test testEmptyMapCompatibility(org.apache.commons.collections4.map.LinkedMapTest) : Failed
00:33:05.507 [main] INFO  JaguarDF - Test testFullMapCompatibility(org.apache.commons.collections4.map.LinkedMapTest) : Failed
00:34:00.466 [main] INFO  JaguarDF - Test testCanonicalEmptyCollectionExists(org.apache.commons.collections4.map.LinkedMapTest) : Failed
00:34:00.961 [main] INFO  JaguarDF - Test testCanonicalFullCollectionExists(org.apache.commons.collections4.map.LinkedMapTest) : Failed
00:35:37.899 [main] INFO  JaguarDF - Test testEmptyMapCompatibility(org.apache.commons.collections4.map.ListOrderedMap2Test) : Failed
00:35:38.370 [main] INFO  JaguarDF - Test testFullMapCompatibility(org.apache.commons.collections4.map.ListOrderedMap2Test) : Failed
00:36:34.148 [main] INFO  JaguarDF - Test testCanonicalEmptyCollectionExists(org.apache.commons.collections4.map.ListOrderedMap2Test) : Failed
00:36:34.610 [main] INFO  JaguarDF - Test testCanonicalFullCollectionExists(org.apache.commons.collections4.map.ListOrderedMap2Test) : Failed
00:39:27.062 [main] INFO  JaguarDF - Test testEmptyMapCompatibility(org.apache.commons.collections4.map.ListOrderedMapTest) : Failed
00:39:27.535 [main] INFO  JaguarDF - Test testFullMapCompatibility(org.apache.commons.collections4.map.ListOrderedMapTest) : Failed
00:40:22.708 [main] INFO  JaguarDF - Test testCanonicalEmptyCollectionExists(org.apache.commons.collections4.map.ListOrderedMapTest) : Failed
00:40:23.183 [main] INFO  JaguarDF - Test testCanonicalFullCollectionExists(org.apache.commons.collections4.map.ListOrderedMapTest) : Failed
00:40:44.383 [main] INFO  JaguarDF - Test testEmptyMapCompatibility(org.apache.commons.collections4.map.MultiKeyMapTest) : Failed
00:40:44.865 [main] INFO  JaguarDF - Test testFullMapCompatibility(org.apache.commons.collections4.map.MultiKeyMapTest) : Failed
00:41:41.766 [main] INFO  JaguarDF - Test testCanonicalEmptyCollectionExists(org.apache.commons.collections4.map.MultiKeyMapTest) : Failed
00:41:42.298 [main] INFO  JaguarDF - Test testCanonicalFullCollectionExists(org.apache.commons.collections4.map.MultiKeyMapTest) : Failed
00:41:50.088 [main] INFO  JaguarDF - Test testEmptyMapCompatibility(org.apache.commons.collections4.map.MultiValueMapTest) : Failed
00:41:52.053 [main] INFO  JaguarDF - Test testFullMapCompatibility(org.apache.commons.collections4.map.MultiValueMapTest) : Failed
00:41:56.891 [main] INFO  JaguarDF - Test testCanonicalFullCollectionExists(org.apache.commons.collections4.map.MultiValueMapTest) : Failed
00:41:57.874 [main] INFO  JaguarDF - Test testCanonicalEmptyCollectionExists(org.apache.commons.collections4.map.MultiValueMapTest) : Failed
00:42:17.488 [main] INFO  JaguarDF - Test testEmptyMapCompatibility(org.apache.commons.collections4.map.PassiveExpiringMapTest) : Failed
00:42:17.978 [main] INFO  JaguarDF - Test testFullMapCompatibility(org.apache.commons.collections4.map.PassiveExpiringMapTest) : Failed
00:43:15.212 [main] INFO  JaguarDF - Test testCanonicalEmptyCollectionExists(org.apache.commons.collections4.map.PassiveExpiringMapTest) : Failed
00:43:15.696 [main] INFO  JaguarDF - Test testCanonicalFullCollectionExists(org.apache.commons.collections4.map.PassiveExpiringMapTest) : Failed
00:43:29.706 [main] INFO  JaguarDF - Test testEmptyMapCompatibility(org.apache.commons.collections4.map.PredicatedMapTest) : Failed
00:43:30.678 [main] INFO  JaguarDF - Test testFullMapCompatibility(org.apache.commons.collections4.map.PredicatedMapTest) : Failed
00:43:37.949 [main] INFO  JaguarDF - Test testCanonicalFullCollectionExists(org.apache.commons.collections4.map.PredicatedMapTest) : Failed
00:43:38.922 [main] INFO  JaguarDF - Test testCanonicalEmptyCollectionExists(org.apache.commons.collections4.map.PredicatedMapTest) : Failed
00:43:55.512 [main] INFO  JaguarDF - Test testEmptyMapCompatibility(org.apache.commons.collections4.map.PredicatedSortedMapTest) : Failed
00:43:56.481 [main] INFO  JaguarDF - Test testFullMapCompatibility(org.apache.commons.collections4.map.PredicatedSortedMapTest) : Failed
00:44:03.824 [main] INFO  JaguarDF - Test testCanonicalFullCollectionExists(org.apache.commons.collections4.map.PredicatedSortedMapTest) : Failed
00:44:04.801 [main] INFO  JaguarDF - Test testCanonicalEmptyCollectionExists(org.apache.commons.collections4.map.PredicatedSortedMapTest) : Failed
00:44:24.582 [main] INFO  JaguarDF - Test testEmptyMapCompatibility(org.apache.commons.collections4.map.ReferenceIdentityMapTest) : Failed
00:44:25.074 [main] INFO  JaguarDF - Test testFullMapCompatibility(org.apache.commons.collections4.map.ReferenceIdentityMapTest) : Failed
00:45:23.826 [main] INFO  JaguarDF - Test testCanonicalEmptyCollectionExists(org.apache.commons.collections4.map.ReferenceIdentityMapTest) : Failed
00:45:24.331 [main] INFO  JaguarDF - Test testCanonicalFullCollectionExists(org.apache.commons.collections4.map.ReferenceIdentityMapTest) : Failed
00:45:41.244 [main] INFO  JaguarDF - Test testEmptyMapCompatibility(org.apache.commons.collections4.map.ReferenceMapTest) : Failed
00:45:41.751 [main] INFO  JaguarDF - Test testFullMapCompatibility(org.apache.commons.collections4.map.ReferenceMapTest) : Failed
00:46:40.583 [main] INFO  JaguarDF - Test testCanonicalEmptyCollectionExists(org.apache.commons.collections4.map.ReferenceMapTest) : Failed
00:46:41.074 [main] INFO  JaguarDF - Test testCanonicalFullCollectionExists(org.apache.commons.collections4.map.ReferenceMapTest) : Failed
00:47:08.915 [main] INFO  JaguarDF - Test testEmptyMapCompatibility(org.apache.commons.collections4.map.SingletonMapTest) : Failed
00:47:09.418 [main] INFO  JaguarDF - Test testFullMapCompatibility(org.apache.commons.collections4.map.SingletonMapTest) : Failed
00:48:08.797 [main] INFO  JaguarDF - Test testCanonicalEmptyCollectionExists(org.apache.commons.collections4.map.SingletonMapTest) : Failed
00:48:09.294 [main] INFO  JaguarDF - Test testCanonicalFullCollectionExists(org.apache.commons.collections4.map.SingletonMapTest) : Failed
00:49:43.431 [main] INFO  JaguarDF - Test testEmptyMapCompatibility(org.apache.commons.collections4.map.TransformedMapTest) : Failed
00:49:44.467 [main] INFO  JaguarDF - Test testFullMapCompatibility(org.apache.commons.collections4.map.TransformedMapTest) : Failed
00:49:52.403 [main] INFO  JaguarDF - Test testCanonicalFullCollectionExists(org.apache.commons.collections4.map.TransformedMapTest) : Failed
00:49:53.451 [main] INFO  JaguarDF - Test testCanonicalEmptyCollectionExists(org.apache.commons.collections4.map.TransformedMapTest) : Failed
00:53:37.816 [main] INFO  JaguarDF - Test testEmptyMapCompatibility(org.apache.commons.collections4.map.TransformedSortedMapTest) : Failed
00:53:38.337 [main] INFO  JaguarDF - Test testFullMapCompatibility(org.apache.commons.collections4.map.TransformedSortedMapTest) : Failed
00:54:39.551 [main] INFO  JaguarDF - Test testCanonicalEmptyCollectionExists(org.apache.commons.collections4.map.TransformedSortedMapTest) : Failed
00:54:40.066 [main] INFO  JaguarDF - Test testCanonicalFullCollectionExists(org.apache.commons.collections4.map.TransformedSortedMapTest) : Failed
00:54:55.092 [main] INFO  JaguarDF - Test testEmptyMapCompatibility(org.apache.commons.collections4.map.UnmodifiableMapTest) : Failed
00:54:56.118 [main] INFO  JaguarDF - Test testFullMapCompatibility(org.apache.commons.collections4.map.UnmodifiableMapTest) : Failed
00:55:03.945 [main] INFO  JaguarDF - Test testCanonicalFullCollectionExists(org.apache.commons.collections4.map.UnmodifiableMapTest) : Failed
00:55:05.070 [main] INFO  JaguarDF - Test testCanonicalEmptyCollectionExists(org.apache.commons.collections4.map.UnmodifiableMapTest) : Failed
00:55:24.120 [main] INFO  JaguarDF - Test testEmptyMapCompatibility(org.apache.commons.collections4.map.UnmodifiableOrderedMapTest) : Failed
00:55:25.185 [main] INFO  JaguarDF - Test testFullMapCompatibility(org.apache.commons.collections4.map.UnmodifiableOrderedMapTest) : Failed
00:55:32.916 [main] INFO  JaguarDF - Test testCanonicalFullCollectionExists(org.apache.commons.collections4.map.UnmodifiableOrderedMapTest) : Failed
00:55:33.987 [main] INFO  JaguarDF - Test testCanonicalEmptyCollectionExists(org.apache.commons.collections4.map.UnmodifiableOrderedMapTest) : Failed
00:55:51.102 [main] INFO  JaguarDF - Test testEmptyMapCompatibility(org.apache.commons.collections4.map.UnmodifiableSortedMapTest) : Failed
00:55:52.148 [main] INFO  JaguarDF - Test testFullMapCompatibility(org.apache.commons.collections4.map.UnmodifiableSortedMapTest) : Failed
00:55:59.991 [main] INFO  JaguarDF - Test testCanonicalFullCollectionExists(org.apache.commons.collections4.map.UnmodifiableSortedMapTest) : Failed
00:56:01.031 [main] INFO  JaguarDF - Test testCanonicalEmptyCollectionExists(org.apache.commons.collections4.map.UnmodifiableSortedMapTest) : Failed
00:56:07.790 [main] INFO  JaguarDF - Test testEmptyMapCompatibility(org.apache.commons.collections4.multimap.ArrayListValuedHashMapTest) : Failed
00:56:08.312 [main] INFO  JaguarDF - Test testFullMapCompatibility(org.apache.commons.collections4.multimap.ArrayListValuedHashMapTest) : Failed
00:58:59.985 [main] INFO  JaguarDF - Test testCanonicalEmptyCollectionExists(org.apache.commons.collections4.multimap.ArrayListValuedHashMapTest) : Failed
00:59:00.520 [main] INFO  JaguarDF - Test testCanonicalFullCollectionExists(org.apache.commons.collections4.multimap.ArrayListValuedHashMapTest) : Failed
00:59:04.264 [main] INFO  JaguarDF - Test testEmptyMapCompatibility(org.apache.commons.collections4.multimap.HashSetValuedHashMapTest) : Failed
00:59:04.808 [main] INFO  JaguarDF - Test testFullMapCompatibility(org.apache.commons.collections4.multimap.HashSetValuedHashMapTest) : Failed
01:01:56.789 [main] INFO  JaguarDF - Test testCanonicalEmptyCollectionExists(org.apache.commons.collections4.multimap.HashSetValuedHashMapTest) : Failed
01:01:57.311 [main] INFO  JaguarDF - Test testCanonicalFullCollectionExists(org.apache.commons.collections4.multimap.HashSetValuedHashMapTest) : Failed
01:02:01.201 [main] INFO  JaguarDF - Test testEmptyMapCompatibility(org.apache.commons.collections4.multimap.TransformedMultiValuedMapTest) : Failed
01:02:01.820 [main] INFO  JaguarDF - Test testFullMapCompatibility(org.apache.commons.collections4.multimap.TransformedMultiValuedMapTest) : Failed
01:04:54.181 [main] INFO  JaguarDF - Test testCanonicalEmptyCollectionExists(org.apache.commons.collections4.multimap.TransformedMultiValuedMapTest) : Failed
01:04:54.707 [main] INFO  JaguarDF - Test testCanonicalFullCollectionExists(org.apache.commons.collections4.multimap.TransformedMultiValuedMapTest) : Failed
01:05:01.845 [main] INFO  JaguarDF - Test testEmptyMapCompatibility(org.apache.commons.collections4.multimap.UnmodifiableMultiValuedMapTest) : Failed
01:05:02.374 [main] INFO  JaguarDF - Test testFullMapCompatibility(org.apache.commons.collections4.multimap.UnmodifiableMultiValuedMapTest) : Failed
01:07:56.072 [main] INFO  JaguarDF - Test testCanonicalEmptyCollectionExists(org.apache.commons.collections4.multimap.UnmodifiableMultiValuedMapTest) : Failed
01:07:56.616 [main] INFO  JaguarDF - Test testCanonicalFullCollectionExists(org.apache.commons.collections4.multimap.UnmodifiableMultiValuedMapTest) : Failed
01:08:22.017 [main] INFO  JaguarDF - Test testEmptyMultiSetCompatibility(org.apache.commons.collections4.multiset.HashMultiSetTest) : Failed
01:08:22.556 [main] INFO  JaguarDF - Test testFullMultiSetCompatibility(org.apache.commons.collections4.multiset.HashMultiSetTest) : Failed
01:08:36.017 [main] INFO  JaguarDF - Test testCanonicalEmptyCollectionExists(org.apache.commons.collections4.multiset.HashMultiSetTest) : Failed
01:08:36.550 [main] INFO  JaguarDF - Test testCanonicalFullCollectionExists(org.apache.commons.collections4.multiset.HashMultiSetTest) : Failed
01:09:03.705 [main] INFO  JaguarDF - Test testEmptyMultiSetCompatibility(org.apache.commons.collections4.multiset.PredicatedMultiSetTest) : Failed
01:09:04.245 [main] INFO  JaguarDF - Test testFullMultiSetCompatibility(org.apache.commons.collections4.multiset.PredicatedMultiSetTest) : Failed
01:09:17.851 [main] INFO  JaguarDF - Test testCanonicalEmptyCollectionExists(org.apache.commons.collections4.multiset.PredicatedMultiSetTest) : Failed
01:09:18.395 [main] INFO  JaguarDF - Test testCanonicalFullCollectionExists(org.apache.commons.collections4.multiset.PredicatedMultiSetTest) : Failed
01:09:43.939 [main] INFO  JaguarDF - Test testEmptyMultiSetCompatibility(org.apache.commons.collections4.multiset.SynchronizedMultiSetTest) : Failed
01:09:44.491 [main] INFO  JaguarDF - Test testFullMultiSetCompatibility(org.apache.commons.collections4.multiset.SynchronizedMultiSetTest) : Failed
01:09:58.407 [main] INFO  JaguarDF - Test testCanonicalEmptyCollectionExists(org.apache.commons.collections4.multiset.SynchronizedMultiSetTest) : Failed
01:09:58.951 [main] INFO  JaguarDF - Test testCanonicalFullCollectionExists(org.apache.commons.collections4.multiset.SynchronizedMultiSetTest) : Failed
01:10:25.597 [main] INFO  JaguarDF - Test testEmptyMultiSetCompatibility(org.apache.commons.collections4.multiset.UnmodifiableMultiSetTest) : Failed
01:10:26.139 [main] INFO  JaguarDF - Test testFullMultiSetCompatibility(org.apache.commons.collections4.multiset.UnmodifiableMultiSetTest) : Failed
01:10:39.944 [main] INFO  JaguarDF - Test testCanonicalEmptyCollectionExists(org.apache.commons.collections4.multiset.UnmodifiableMultiSetTest) : Failed
01:10:40.485 [main] INFO  JaguarDF - Test testCanonicalFullCollectionExists(org.apache.commons.collections4.multiset.UnmodifiableMultiSetTest) : Failed
01:10:50.358 [main] INFO  JaguarDF - Test testFullQueueCompatibility(org.apache.commons.collections4.queue.CircularFifoQueueTest) : Failed
01:10:53.104 [main] INFO  JaguarDF - Test testEmptyQueueCompatibility(org.apache.commons.collections4.queue.CircularFifoQueueTest) : Failed
01:11:05.666 [main] INFO  JaguarDF - Test testCanonicalFullCollectionExists(org.apache.commons.collections4.queue.CircularFifoQueueTest) : Failed
01:11:06.752 [main] INFO  JaguarDF - Test testCanonicalEmptyCollectionExists(org.apache.commons.collections4.queue.CircularFifoQueueTest) : Failed
01:11:10.602 [main] INFO  JaguarDF - Test testFullQueueCompatibility(org.apache.commons.collections4.queue.PredicatedQueueTest) : Failed
01:11:13.332 [main] INFO  JaguarDF - Test testEmptyQueueCompatibility(org.apache.commons.collections4.queue.PredicatedQueueTest) : Failed
01:11:25.835 [main] INFO  JaguarDF - Test testCanonicalFullCollectionExists(org.apache.commons.collections4.queue.PredicatedQueueTest) : Failed
01:11:26.918 [main] INFO  JaguarDF - Test testCanonicalEmptyCollectionExists(org.apache.commons.collections4.queue.PredicatedQueueTest) : Failed
01:11:30.710 [main] INFO  JaguarDF - Test testFullQueueCompatibility(org.apache.commons.collections4.queue.TransformedQueueTest) : Failed
01:11:33.461 [main] INFO  JaguarDF - Test testEmptyQueueCompatibility(org.apache.commons.collections4.queue.TransformedQueueTest) : Failed
01:11:45.982 [main] INFO  JaguarDF - Test testCanonicalFullCollectionExists(org.apache.commons.collections4.queue.TransformedQueueTest) : Failed
01:11:47.101 [main] INFO  JaguarDF - Test testCanonicalEmptyCollectionExists(org.apache.commons.collections4.queue.TransformedQueueTest) : Failed
01:11:50.961 [main] INFO  JaguarDF - Test testFullQueueCompatibility(org.apache.commons.collections4.queue.UnmodifiableQueueTest) : Failed
01:11:53.690 [main] INFO  JaguarDF - Test testEmptyQueueCompatibility(org.apache.commons.collections4.queue.UnmodifiableQueueTest) : Failed
01:12:06.295 [main] INFO  JaguarDF - Test testCanonicalFullCollectionExists(org.apache.commons.collections4.queue.UnmodifiableQueueTest) : Failed
01:12:07.376 [main] INFO  JaguarDF - Test testCanonicalEmptyCollectionExists(org.apache.commons.collections4.queue.UnmodifiableQueueTest) : Failed
01:12:27.129 [main] INFO  JaguarDF - Test testCanonicalFullCollectionExists(org.apache.commons.collections4.set.CompositeSetTest) : Failed
01:12:28.213 [main] INFO  JaguarDF - Test testCanonicalEmptyCollectionExists(org.apache.commons.collections4.set.CompositeSetTest) : Failed
01:12:44.118 [main] INFO  JaguarDF - Test testCanonicalFullCollectionExists(org.apache.commons.collections4.set.ListOrderedSet2Test) : Failed
01:12:45.244 [main] INFO  JaguarDF - Test testCanonicalEmptyCollectionExists(org.apache.commons.collections4.set.ListOrderedSet2Test) : Failed
01:13:03.536 [main] INFO  JaguarDF - Test testCanonicalFullCollectionExists(org.apache.commons.collections4.set.ListOrderedSetTest) : Failed
01:13:04.655 [main] INFO  JaguarDF - Test testCanonicalEmptyCollectionExists(org.apache.commons.collections4.set.ListOrderedSetTest) : Failed
01:13:34.884 [main] INFO  JaguarDF - Test testCanonicalFullCollectionExists(org.apache.commons.collections4.set.MapBackedSetTest) : Failed
01:13:35.976 [main] INFO  JaguarDF - Test testCanonicalEmptyCollectionExists(org.apache.commons.collections4.set.MapBackedSetTest) : Failed
01:15:27.494 [main] INFO  JaguarDF - Test testCanonicalEmptyCollectionExists(org.apache.commons.collections4.set.PredicatedNavigableSetTest) : Failed
01:15:28.038 [main] INFO  JaguarDF - Test testCanonicalFullCollectionExists(org.apache.commons.collections4.set.PredicatedNavigableSetTest) : Failed
01:15:42.426 [main] INFO  JaguarDF - Test testCanonicalFullCollectionExists(org.apache.commons.collections4.set.PredicatedSetTest) : Failed
01:15:43.524 [main] INFO  JaguarDF - Test testCanonicalEmptyCollectionExists(org.apache.commons.collections4.set.PredicatedSetTest) : Failed
01:16:49.384 [main] INFO  JaguarDF - Test testCanonicalEmptyCollectionExists(org.apache.commons.collections4.set.PredicatedSortedSetTest) : Failed
01:16:49.937 [main] INFO  JaguarDF - Test testCanonicalFullCollectionExists(org.apache.commons.collections4.set.PredicatedSortedSetTest) : Failed
01:18:39.968 [main] INFO  JaguarDF - Test testCanonicalEmptyCollectionExists(org.apache.commons.collections4.set.TransformedNavigableSetTest) : Failed
01:18:40.601 [main] INFO  JaguarDF - Test testCanonicalFullCollectionExists(org.apache.commons.collections4.set.TransformedNavigableSetTest) : Failed
01:18:54.661 [main] INFO  JaguarDF - Test testCanonicalFullCollectionExists(org.apache.commons.collections4.set.TransformedSetTest) : Failed
01:18:55.762 [main] INFO  JaguarDF - Test testCanonicalEmptyCollectionExists(org.apache.commons.collections4.set.TransformedSetTest) : Failed
01:20:00.528 [main] INFO  JaguarDF - Test testCanonicalEmptyCollectionExists(org.apache.commons.collections4.set.TransformedSortedSetTest) : Failed
01:20:01.113 [main] INFO  JaguarDF - Test testCanonicalFullCollectionExists(org.apache.commons.collections4.set.TransformedSortedSetTest) : Failed
01:21:51.130 [main] INFO  JaguarDF - Test testCanonicalEmptyCollectionExists(org.apache.commons.collections4.set.UnmodifiableNavigableSetTest) : Failed
01:21:51.690 [main] INFO  JaguarDF - Test testCanonicalFullCollectionExists(org.apache.commons.collections4.set.UnmodifiableNavigableSetTest) : Failed
01:22:07.828 [main] INFO  JaguarDF - Test testCanonicalEmptyCollectionExists(org.apache.commons.collections4.set.UnmodifiableSetTest) : Failed
01:22:08.374 [main] INFO  JaguarDF - Test testCanonicalFullCollectionExists(org.apache.commons.collections4.set.UnmodifiableSetTest) : Failed
01:23:11.931 [main] INFO  JaguarDF - Test testCanonicalEmptyCollectionExists(org.apache.commons.collections4.set.UnmodifiableSortedSetTest) : Failed
01:23:12.482 [main] INFO  JaguarDF - Test testCanonicalFullCollectionExists(org.apache.commons.collections4.set.UnmodifiableSortedSetTest) : Failed
01:23:13.031 [main] INFO  JaguarDF - Test testFullMap(org.apache.commons.collections4.splitmap.TransformedSplitMapTest) : Failed
01:23:14.724 [main] INFO  JaguarDF - Test testEmptyMap(org.apache.commons.collections4.splitmap.TransformedSplitMapTest) : Failed
01:23:44.906 [main] INFO  JaguarDF - Test testEmptyMapCompatibility(org.apache.commons.collections4.trie.PatriciaTrie2Test) : Failed
01:23:45.461 [main] INFO  JaguarDF - Test testFullMapCompatibility(org.apache.commons.collections4.trie.PatriciaTrie2Test) : Failed
01:24:51.904 [main] INFO  JaguarDF - Test testCanonicalEmptyCollectionExists(org.apache.commons.collections4.trie.PatriciaTrie2Test) : Failed
01:24:52.465 [main] INFO  JaguarDF - Test testCanonicalFullCollectionExists(org.apache.commons.collections4.trie.PatriciaTrie2Test) : Failed
01:24:55.289 [main] INFO  JaguarDF - Test testPrefixMapClear(org.apache.commons.collections4.trie.PatriciaTrieTest) : Failed
01:28:56.979 [main] INFO  JaguarDF - Test testEmptyMapCompatibility(org.apache.commons.collections4.trie.PatriciaTrieTest) : Failed
01:28:57.567 [main] INFO  JaguarDF - Test testFullMapCompatibility(org.apache.commons.collections4.trie.PatriciaTrieTest) : Failed
01:30:04.856 [main] INFO  JaguarDF - Test testCanonicalEmptyCollectionExists(org.apache.commons.collections4.trie.PatriciaTrieTest) : Failed
01:30:05.419 [main] INFO  JaguarDF - Test testCanonicalFullCollectionExists(org.apache.commons.collections4.trie.PatriciaTrieTest) : Failed
01:34:07.908 [main] INFO  JaguarDF - Test testEmptyMapCompatibility(org.apache.commons.collections4.trie.UnmodifiableTrieTest) : Failed
01:34:08.499 [main] INFO  JaguarDF - Test testFullMapCompatibility(org.apache.commons.collections4.trie.UnmodifiableTrieTest) : Failed
01:35:15.799 [main] INFO  JaguarDF - Test testCanonicalEmptyCollectionExists(org.apache.commons.collections4.trie.UnmodifiableTrieTest) : Failed
01:35:16.363 [main] INFO  JaguarDF - Test testCanonicalFullCollectionExists(org.apache.commons.collections4.trie.UnmodifiableTrieTest) : Failed
01:35:16.936 [main] INFO  JaguarDF - Jaguar-DF has finished!

real	113m34.448s
user	104m7.710s
sys	12m33.866s
