20:02:09.005 [main] INFO  JaguarDF - Welcome to Jaguar-DF CLI!
20:02:09.070 [main] DEBUG JaguarDF - CLI Arguments: [--projectDir, d4jprojects/commons-compress, --classesDir, target/classes, --testsDir, target/test-classes, --tests, tests.out, --logLevel, INFO]
20:02:10.492 [main] INFO  JaguarDF - Test testTarGzip(org.apache.commons.compress.ChainingTestCase) : Failed
20:02:10.522 [main] INFO  JaguarDF - Test testTarBzip2(org.apache.commons.compress.ChainingTestCase) : Failed
20:02:12.831 [main] INFO  JaguarDF - Test testReadAr(org.apache.commons.compress.IOMethodsTest) : Failed
20:02:13.082 [main] INFO  JaguarDF - Test testReadCpio(org.apache.commons.compress.IOMethodsTest) : Failed
20:02:13.319 [main] INFO  JaguarDF - Test testReadJar(org.apache.commons.compress.IOMethodsTest) : Failed
20:02:13.551 [main] INFO  JaguarDF - Test testReadTar(org.apache.commons.compress.IOMethodsTest) : Failed
20:02:13.784 [main] INFO  JaguarDF - Test testReadZip(org.apache.commons.compress.IOMethodsTest) : Failed
20:02:14.277 [main] INFO  JaguarDF - Test testArArchiveCreation(org.apache.commons.compress.archivers.ArTestCase) : Failed
20:02:14.543 [main] INFO  JaguarDF - Test testArUnarchive(org.apache.commons.compress.archivers.ArTestCase) : Failed
20:02:14.831 [main] INFO  JaguarDF - Test testArDelete(org.apache.commons.compress.archivers.ArTestCase) : Failed
20:02:15.916 [main] INFO  JaguarDF - Test testCallSequenceAr(org.apache.commons.compress.archivers.ArchiveOutputStreamTest) : Failed
20:02:16.431 [main] INFO  JaguarDF - Test testCallSequenceCpio(org.apache.commons.compress.archivers.ArchiveOutputStreamTest) : Failed
20:02:16.694 [main] INFO  JaguarDF - Test testCallSequenceJar(org.apache.commons.compress.archivers.ArchiveOutputStreamTest) : Failed
20:02:16.928 [main] INFO  JaguarDF - Test testCallSequenceTar(org.apache.commons.compress.archivers.ArchiveOutputStreamTest) : Failed
20:02:17.147 [main] INFO  JaguarDF - Test testCallSequenceZip(org.apache.commons.compress.archivers.ArchiveOutputStreamTest) : Failed
20:02:18.055 [main] INFO  JaguarDF - Test testCpioArchiveCreation(org.apache.commons.compress.archivers.CpioTestCase) : Failed
20:02:18.714 [main] INFO  JaguarDF - Test testCpioUnarchive(org.apache.commons.compress.archivers.CpioTestCase) : Failed
20:02:19.004 [main] INFO  JaguarDF - Test testDumpUnarchiveAll(org.apache.commons.compress.archivers.DumpTestCase) : Failed
20:02:19.337 [main] INFO  JaguarDF - Test testArchiveDetection(org.apache.commons.compress.archivers.DumpTestCase) : Failed
20:02:19.567 [main] INFO  JaguarDF - Test testCheckCompressedArchive(org.apache.commons.compress.archivers.DumpTestCase) : Failed
20:02:19.803 [main] INFO  JaguarDF - Test testCompressedDumpUnarchiveAll(org.apache.commons.compress.archivers.DumpTestCase) : Failed
20:02:20.035 [main] INFO  JaguarDF - Test testCompressedArchiveDetection(org.apache.commons.compress.archivers.DumpTestCase) : Failed
20:02:20.244 [main] INFO  JaguarDF - Test testCheckArchive(org.apache.commons.compress.archivers.DumpTestCase) : Failed
20:02:21.341 [main] INFO  JaguarDF - Test testJarArchiveCreation(org.apache.commons.compress.archivers.JarTestCase) : Failed
20:02:21.549 [main] INFO  JaguarDF - Test testJarUnarchive(org.apache.commons.compress.archivers.JarTestCase) : Failed
20:02:21.746 [main] INFO  JaguarDF - Test testJarUnarchiveAll(org.apache.commons.compress.archivers.JarTestCase) : Failed
20:02:27.916 [main] INFO  JaguarDF - Test testTarArchiveLongNameCreation(org.apache.commons.compress.archivers.TarTestCase) : Failed
20:02:28.125 [main] INFO  JaguarDF - Test testTarArchiveCreation(org.apache.commons.compress.archivers.TarTestCase) : Failed
20:02:28.330 [main] INFO  JaguarDF - Test testTarUnarchive(org.apache.commons.compress.archivers.TarTestCase) : Failed
20:02:28.541 [main] INFO  JaguarDF - Test testCOMPRESS114(org.apache.commons.compress.archivers.TarTestCase) : Failed
20:02:28.791 [main] INFO  JaguarDF - Test testCOMPRESS178(org.apache.commons.compress.archivers.TarTestCase) : Failed
20:02:29.898 [main] INFO  JaguarDF - Test testZipArchiveCreation(org.apache.commons.compress.archivers.ZipTestCase) : Failed
20:02:30.121 [main] INFO  JaguarDF - Test testZipUnarchive(org.apache.commons.compress.archivers.ZipTestCase) : Failed
20:02:30.337 [main] INFO  JaguarDF - Test testSupportedCompressionMethod(org.apache.commons.compress.archivers.ZipTestCase) : Failed
20:02:30.551 [main] INFO  JaguarDF - Test testSkipEntryWithUnsupportedCompressionMethod(org.apache.commons.compress.archivers.ZipTestCase) : Failed
Cleaning up unclosed ZipFile for archive /Users/mario.concilio/workspace/ppgsi_docker/src/test/resources/bla.zip
20:02:30.768 [main] INFO  JaguarDF - Test testListAllFilesWithNestedArchive(org.apache.commons.compress.archivers.ZipTestCase) : Failed
20:02:30.984 [main] INFO  JaguarDF - Test testReadLongNamesBSD(org.apache.commons.compress.archivers.ar.ArArchiveInputStreamTest) : Failed
20:02:31.200 [main] INFO  JaguarDF - Test testReadLongNamesGNU(org.apache.commons.compress.archivers.ar.ArArchiveInputStreamTest) : Failed
20:02:31.927 [main] INFO  JaguarDF - Test testCpioUnarchive(org.apache.commons.compress.archivers.cpio.CpioArchiveInputStreamTest) : Failed
20:02:32.164 [main] INFO  JaguarDF - Test testWriteOldBinary(org.apache.commons.compress.archivers.cpio.CpioArchiveOutputStreamTest) : Failed
20:02:33.825 [main] INFO  JaguarDF - Test testNotADumpArchiveButBigEnough(org.apache.commons.compress.archivers.dump.DumpArchiveInputStreamTest) : Failed
20:02:34.068 [main] INFO  JaguarDF - Test testNotADumpArchive(org.apache.commons.compress.archivers.dump.DumpArchiveInputStreamTest) : Failed
20:02:39.434 [main] INFO  JaguarDF - Test testCount(org.apache.commons.compress.archivers.tar.TarArchiveOutputStreamTest) : Failed
20:02:52.676 [main] INFO  JaguarDF - Test testUtf8Interoperability(org.apache.commons.compress.archivers.zip.UTF8ZipFilesTest) : Failed
Cleaning up unclosed ZipFile for archive /Users/mario.concilio/workspace/ppgsi_docker/src/test/resources/utf8-7zip-test.zip
20:03:04.821 [main] INFO  JaguarDF - Test testAddChangeTwice(org.apache.commons.compress.changes.ChangeSetTestCase) : Failed
20:03:05.089 [main] INFO  JaguarDF - Test testAddChangeTwiceWithoutReplace(org.apache.commons.compress.changes.ChangeSetTestCase) : Failed
20:03:05.387 [main] INFO  JaguarDF - Test testDeleteDir(org.apache.commons.compress.changes.ChangeSetTestCase) : Failed
20:03:05.686 [main] INFO  JaguarDF - Test testDeleteDir2(org.apache.commons.compress.changes.ChangeSetTestCase) : Failed
20:03:06.003 [main] INFO  JaguarDF - Test testDeleteDir3(org.apache.commons.compress.changes.ChangeSetTestCase) : Failed
20:03:06.280 [main] INFO  JaguarDF - Test testDeleteFile(org.apache.commons.compress.changes.ChangeSetTestCase) : Failed
20:03:06.553 [main] INFO  JaguarDF - Test testDeleteFile2(org.apache.commons.compress.changes.ChangeSetTestCase) : Failed
20:03:06.846 [main] INFO  JaguarDF - Test testDeletePlusAddSame(org.apache.commons.compress.changes.ChangeSetTestCase) : Failed
20:03:07.094 [main] INFO  JaguarDF - Test testChangeSetResults(org.apache.commons.compress.changes.ChangeSetTestCase) : Failed
20:03:07.336 [main] INFO  JaguarDF - Test testDeletePlusAdd(org.apache.commons.compress.changes.ChangeSetTestCase) : Failed
20:03:07.615 [main] INFO  JaguarDF - Test testDeleteFromAndAddToZip(org.apache.commons.compress.changes.ChangeSetTestCase) : Failed
20:03:07.861 [main] INFO  JaguarDF - Test testAddDeleteAdd(org.apache.commons.compress.changes.ChangeSetTestCase) : Failed
20:03:08.129 [main] INFO  JaguarDF - Test testDeleteAddDelete(org.apache.commons.compress.changes.ChangeSetTestCase) : Failed
20:03:08.378 [main] INFO  JaguarDF - Test testDeleteFromZip(org.apache.commons.compress.changes.ChangeSetTestCase) : Failed
20:03:08.647 [main] INFO  JaguarDF - Test testDeleteFromTar(org.apache.commons.compress.changes.ChangeSetTestCase) : Failed
20:03:08.935 [main] INFO  JaguarDF - Test testDeleteFromJar(org.apache.commons.compress.changes.ChangeSetTestCase) : Failed
20:03:09.198 [main] INFO  JaguarDF - Test testDeleteFromAndAddToTar(org.apache.commons.compress.changes.ChangeSetTestCase) : Failed
20:03:09.470 [main] INFO  JaguarDF - Test testDeleteFromAndAddToJar(org.apache.commons.compress.changes.ChangeSetTestCase) : Failed
20:03:09.768 [main] INFO  JaguarDF - Test testDeleteFromAr(org.apache.commons.compress.changes.ChangeSetTestCase) : Failed
20:03:10.020 [main] INFO  JaguarDF - Test testDeleteFromAndAddToAr(org.apache.commons.compress.changes.ChangeSetTestCase) : Failed
20:03:10.830 [main] INFO  JaguarDF - Test testAddToEmptyArchive(org.apache.commons.compress.changes.ChangeSetTestCase) : Failed
20:03:11.104 [main] INFO  JaguarDF - Test testDeleteAddToOneFileArchive(org.apache.commons.compress.changes.ChangeSetTestCase) : Failed
20:03:11.348 [main] INFO  JaguarDF - Test testAddDeleteToOneFileArchive(org.apache.commons.compress.changes.ChangeSetTestCase) : Failed
20:03:11.584 [main] INFO  JaguarDF - Test testAddAllreadyExistingWithReplaceTrue(org.apache.commons.compress.changes.ChangeSetTestCase) : Failed
20:03:11.821 [main] INFO  JaguarDF - Test testAddAllreadyExistingWithReplaceFalse(org.apache.commons.compress.changes.ChangeSetTestCase) : Failed
20:03:12.063 [main] INFO  JaguarDF - Test testBzip2Unarchive(org.apache.commons.compress.compressors.BZip2TestCase) : Failed
20:03:12.310 [main] INFO  JaguarDF - Test testConcatenatedStreamsReadFirstOnly(org.apache.commons.compress.compressors.BZip2TestCase) : Failed
20:03:12.558 [main] INFO  JaguarDF - Test testConcatenatedStreamsReadFully(org.apache.commons.compress.compressors.BZip2TestCase) : Failed
20:03:12.819 [main] INFO  JaguarDF - Test testBzipCreation(org.apache.commons.compress.compressors.BZip2TestCase) : Failed
20:03:14.140 [main] INFO  JaguarDF - Test testGzipUnarchive(org.apache.commons.compress.compressors.GZipTestCase) : Failed
20:03:14.465 [main] INFO  JaguarDF - Test testCorruptedInput(org.apache.commons.compress.compressors.GZipTestCase) : Failed
20:03:14.791 [main] INFO  JaguarDF - Test testGzipCreation(org.apache.commons.compress.compressors.GZipTestCase) : Failed
20:03:15.115 [main] INFO  JaguarDF - Test testConcatenatedStreamsReadFirstOnly(org.apache.commons.compress.compressors.GZipTestCase) : Failed
20:03:15.462 [main] INFO  JaguarDF - Test testConcatenatedStreamsReadFully(org.apache.commons.compress.compressors.GZipTestCase) : Failed
20:03:16.773 [main] INFO  JaguarDF - Test testJarUnarchiveAllInMemory(org.apache.commons.compress.compressors.Pack200TestCase) : Failed
20:03:17.105 [main] INFO  JaguarDF - Test testJarUnarchiveAllFileArgInMemory(org.apache.commons.compress.compressors.Pack200TestCase) : Failed
20:03:17.431 [main] INFO  JaguarDF - Test testJarUnarchiveAllTempFile(org.apache.commons.compress.compressors.Pack200TestCase) : Failed
20:03:17.760 [main] INFO  JaguarDF - Test testJarUnarchiveAllFileTempFile(org.apache.commons.compress.compressors.Pack200TestCase) : Failed
20:03:18.111 [main] INFO  JaguarDF - Test testJarArchiveCreationInMemory(org.apache.commons.compress.compressors.Pack200TestCase) : Failed
20:03:18.441 [main] INFO  JaguarDF - Test testJarArchiveCreationTempFile(org.apache.commons.compress.compressors.Pack200TestCase) : Failed
20:03:18.766 [main] INFO  JaguarDF - Test testGoodSignature(org.apache.commons.compress.compressors.Pack200TestCase) : Failed
20:03:19.086 [main] INFO  JaguarDF - Test testBadSignature(org.apache.commons.compress.compressors.Pack200TestCase) : Failed
20:03:19.411 [main] INFO  JaguarDF - Test testShortSignature(org.apache.commons.compress.compressors.Pack200TestCase) : Failed
20:03:19.734 [main] INFO  JaguarDF - Test testInputStreamMethods(org.apache.commons.compress.compressors.Pack200TestCase) : Failed
20:03:20.424 [main] INFO  JaguarDF - Test testConcatenatedStreamsReadFirstOnly(org.apache.commons.compress.compressors.XZTestCase) : Failed
20:03:20.748 [main] INFO  JaguarDF - Test testConcatenatedStreamsReadFully(org.apache.commons.compress.compressors.XZTestCase) : Failed
20:03:21.113 [main] INFO  JaguarDF - Test testXZCreation(org.apache.commons.compress.compressors.XZTestCase) : Failed
20:03:21.483 [main] INFO  JaguarDF - Test testXZUnarchive(org.apache.commons.compress.compressors.XZTestCase) : Failed
20:03:22.825 [main] INFO  JaguarDF - Test testNormalizeInPlace(org.apache.commons.compress.compressors.pack200.Pack200UtilsTest) : Failed
20:03:23.162 [main] INFO  JaguarDF - Test testNormalize(org.apache.commons.compress.compressors.pack200.Pack200UtilsTest) : Failed
20:03:24.131 [main] INFO  JaguarDF - Jaguar-DF has finished!

real	1m15.681s
user	1m30.238s
sys	0m7.209s
