16:24:32.426 [main] INFO  JaguarDF - Welcome to Jaguar-DF CLI!
16:24:33.018 [main] DEBUG JaguarDF - CLI Arguments: [--projectDir, d4jprojects/joda-time, --classesDir, target/classes, --testsDir, target/test-classes, --tests, tests.out, --logLevel, INFO]
17:09:55.895 [main] INFO  JaguarDF - Test testWith_baseAndArgHaveNoRange(org.joda.time.TestPartial_Basics) : Failed
17:16:30.959 [main] INFO  JaguarDF - Test testSerializedGregorianChronology(org.joda.time.TestSerialization) : Failed
17:16:32.286 [main] INFO  JaguarDF - Test testSerializedJulianChronology(org.joda.time.TestSerialization) : Failed
17:16:33.679 [main] INFO  JaguarDF - Test testSerializedGJChronology(org.joda.time.TestSerialization) : Failed
17:16:35.007 [main] INFO  JaguarDF - Test testSerializedGJChronologyChangedInternals(org.joda.time.TestSerialization) : Failed
17:16:36.333 [main] INFO  JaguarDF - Test testSerializedYearMonthDay(org.joda.time.TestSerialization) : Failed
17:16:37.699 [main] INFO  JaguarDF - Test testSerializedTimeOfDay(org.joda.time.TestSerialization) : Failed
17:16:39.026 [main] INFO  JaguarDF - Test testSerializedDateTimeZoneUTC(org.joda.time.TestSerialization) : Failed
17:16:40.417 [main] INFO  JaguarDF - Test testSerializedDateTimeZone(org.joda.time.TestSerialization) : Failed
17:16:41.747 [main] INFO  JaguarDF - Test testSerializedCopticChronology(org.joda.time.TestSerialization) : Failed
17:16:43.075 [main] INFO  JaguarDF - Test testSerializedISOChronology(org.joda.time.TestSerialization) : Failed
17:16:44.478 [main] INFO  JaguarDF - Test testSerializedInstant(org.joda.time.TestSerialization) : Failed
17:16:45.805 [main] INFO  JaguarDF - Test testSerializedUnsupportedDateTimeField(org.joda.time.TestSerialization) : Failed
17:16:47.132 [main] INFO  JaguarDF - Test testSerializedLocalTime(org.joda.time.TestSerialization) : Failed
17:16:48.458 [main] INFO  JaguarDF - Test testSerializedLocalDateTime(org.joda.time.TestSerialization) : Failed
17:16:49.824 [main] INFO  JaguarDF - Test testSerializedLocalDate(org.joda.time.TestSerialization) : Failed
17:16:51.152 [main] INFO  JaguarDF - Test testSerializedLocalDateBuddhist(org.joda.time.TestSerialization) : Failed
17:16:52.479 [main] INFO  JaguarDF - Test testSerializedMutableDateTime(org.joda.time.TestSerialization) : Failed
17:16:53.807 [main] INFO  JaguarDF - Test testSerializedDateMidnight(org.joda.time.TestSerialization) : Failed
17:16:55.194 [main] INFO  JaguarDF - Test testSerializedMutableDateTimeProperty(org.joda.time.TestSerialization) : Failed
17:16:56.528 [main] INFO  JaguarDF - Test testSerializedDateTime(org.joda.time.TestSerialization) : Failed
17:16:57.855 [main] INFO  JaguarDF - Test testSerializedDateTimeProperty(org.joda.time.TestSerialization) : Failed
17:16:59.181 [main] INFO  JaguarDF - Test testSerializedBuddhistChronology(org.joda.time.TestSerialization) : Failed
17:17:00.509 [main] INFO  JaguarDF - Test testSerializedPeriodType(org.joda.time.TestSerialization) : Failed
17:17:01.835 [main] INFO  JaguarDF - Test testSerializedDateTimeFieldType(org.joda.time.TestSerialization) : Failed
17:17:03.191 [main] INFO  JaguarDF - Test testSerializedDateMidnightProperty(org.joda.time.TestSerialization) : Failed
17:17:04.527 [main] INFO  JaguarDF - Test testDuration(org.joda.time.TestSerialization) : Failed

TestBuddhistChronology.testCalendar

TestCopticChronology.testCalendar

TestEthiopicChronology.testCalendar

TestIslamicChronology.testCalendar
Writing zoneinfo files
Writing ZoneInfoMap
17:51:35.281 [main] INFO  JaguarDF - Jaguar-DF has finished!

real	87m6.214s
user	87m8.997s
sys	0m51.932s
