20:20:37.597 [main] INFO  JaguarDF - Welcome to Jaguar-DF CLI!
20:20:37.660 [main] DEBUG JaguarDF - CLI Arguments: [--projectDir, d4jprojects/commons-compress, --classesDir, target/classes, --testsDir, target/test-classes, --tests, tests.out, --logLevel, INFO]
20:20:39.059 [main] INFO  JaguarDF - Test testTarBzip2(org.apache.commons.compress.ChainingTestCase) : Failed
20:20:39.091 [main] INFO  JaguarDF - Test testTarGzip(org.apache.commons.compress.ChainingTestCase) : Failed
20:20:40.564 [main] INFO  JaguarDF - Test testReadTar(org.apache.commons.compress.IOMethodsTest) : Failed
20:20:40.826 [main] INFO  JaguarDF - Test testReadZip(org.apache.commons.compress.IOMethodsTest) : Failed
20:20:42.386 [main] INFO  JaguarDF - Test testReadAr(org.apache.commons.compress.IOMethodsTest) : Failed
20:20:42.654 [main] INFO  JaguarDF - Test testReadCpio(org.apache.commons.compress.IOMethodsTest) : Failed
20:20:42.910 [main] INFO  JaguarDF - Test testReadJar(org.apache.commons.compress.IOMethodsTest) : Failed
20:20:43.173 [main] INFO  JaguarDF - Test testArUnarchive(org.apache.commons.compress.archivers.ArTestCase) : Failed
20:20:43.428 [main] INFO  JaguarDF - Test testArArchiveCreation(org.apache.commons.compress.archivers.ArTestCase) : Failed
20:20:43.643 [main] INFO  JaguarDF - Test testArDelete(org.apache.commons.compress.archivers.ArTestCase) : Failed
20:20:44.408 [main] INFO  JaguarDF - Test testCallSequenceCpio(org.apache.commons.compress.archivers.ArchiveOutputStreamTest) : Failed
20:20:44.628 [main] INFO  JaguarDF - Test testCallSequenceJar(org.apache.commons.compress.archivers.ArchiveOutputStreamTest) : Failed
20:20:44.843 [main] INFO  JaguarDF - Test testCallSequenceTar(org.apache.commons.compress.archivers.ArchiveOutputStreamTest) : Failed
20:20:45.277 [main] INFO  JaguarDF - Test testCallSequenceAr(org.apache.commons.compress.archivers.ArchiveOutputStreamTest) : Failed
20:20:45.490 [main] INFO  JaguarDF - Test testCallSequenceZip(org.apache.commons.compress.archivers.ArchiveOutputStreamTest) : Failed
20:20:46.141 [main] INFO  JaguarDF - Test aiffFilesAreNoTARs(org.apache.commons.compress.archivers.ArchiveStreamFactoryTest) : Failed
20:20:46.341 [main] INFO  JaguarDF - Test testCOMPRESS209(org.apache.commons.compress.archivers.ArchiveStreamFactoryTest) : Failed
20:20:46.544 [main] INFO  JaguarDF - Test testCpioArchiveCreation(org.apache.commons.compress.archivers.CpioTestCase) : Failed
20:20:46.750 [main] INFO  JaguarDF - Test testCpioUnarchive(org.apache.commons.compress.archivers.CpioTestCase) : Failed
20:20:47.780 [main] INFO  JaguarDF - Test testDumpUnarchiveAll(org.apache.commons.compress.archivers.DumpTestCase) : Failed
20:20:47.992 [main] INFO  JaguarDF - Test testArchiveDetection(org.apache.commons.compress.archivers.DumpTestCase) : Failed
20:20:48.198 [main] INFO  JaguarDF - Test testCompressedArchiveDetection(org.apache.commons.compress.archivers.DumpTestCase) : Failed
20:20:48.402 [main] INFO  JaguarDF - Test testCheckArchive(org.apache.commons.compress.archivers.DumpTestCase) : Failed
20:20:48.621 [main] INFO  JaguarDF - Test testCheckCompressedArchive(org.apache.commons.compress.archivers.DumpTestCase) : Failed
20:20:48.832 [main] INFO  JaguarDF - Test testCompressedDumpUnarchiveAll(org.apache.commons.compress.archivers.DumpTestCase) : Failed
20:20:49.861 [main] INFO  JaguarDF - Test testJarUnarchive(org.apache.commons.compress.archivers.JarTestCase) : Failed
20:20:50.071 [main] INFO  JaguarDF - Test testJarUnarchiveAll(org.apache.commons.compress.archivers.JarTestCase) : Failed
20:20:50.278 [main] INFO  JaguarDF - Test testJarArchiveCreation(org.apache.commons.compress.archivers.JarTestCase) : Failed
20:20:55.508 [main] INFO  JaguarDF - Test testCOMPRESS114(org.apache.commons.compress.archivers.TarTestCase) : Failed
20:20:55.712 [main] INFO  JaguarDF - Test testCOMPRESS178(org.apache.commons.compress.archivers.TarTestCase) : Failed
20:20:55.921 [main] INFO  JaguarDF - Test testTarArchiveLongNameCreation(org.apache.commons.compress.archivers.TarTestCase) : Failed
20:20:56.127 [main] INFO  JaguarDF - Test testTarUnarchive(org.apache.commons.compress.archivers.TarTestCase) : Failed
20:20:56.331 [main] INFO  JaguarDF - Test testTarArchiveCreation(org.apache.commons.compress.archivers.TarTestCase) : Failed
20:20:57.367 [main] INFO  JaguarDF - Test testSupportedCompressionMethod(org.apache.commons.compress.archivers.ZipTestCase) : Failed
Cleaning up unclosed ZipFile for archive /Users/mario.concilio/workspace/ppgsi_docker/src/test/resources/bla.zip
20:20:57.576 [main] INFO  JaguarDF - Test testSkipEntryWithUnsupportedCompressionMethod(org.apache.commons.compress.archivers.ZipTestCase) : Failed
20:20:57.791 [main] INFO  JaguarDF - Test testListAllFilesWithNestedArchive(org.apache.commons.compress.archivers.ZipTestCase) : Failed
20:20:58.018 [main] INFO  JaguarDF - Test testZipArchiveCreation(org.apache.commons.compress.archivers.ZipTestCase) : Failed
20:20:58.236 [main] INFO  JaguarDF - Test testZipUnarchive(org.apache.commons.compress.archivers.ZipTestCase) : Failed
20:20:59.362 [main] INFO  JaguarDF - Test testReadLongNamesGNU(org.apache.commons.compress.archivers.ar.ArArchiveInputStreamTest) : Failed
20:20:59.585 [main] INFO  JaguarDF - Test testReadLongNamesBSD(org.apache.commons.compress.archivers.ar.ArArchiveInputStreamTest) : Failed
20:21:00.263 [main] INFO  JaguarDF - Test testCpioUnarchive(org.apache.commons.compress.archivers.cpio.CpioArchiveInputStreamTest) : Failed
20:21:00.493 [main] INFO  JaguarDF - Test testWriteOldBinary(org.apache.commons.compress.archivers.cpio.CpioArchiveOutputStreamTest) : Failed
20:21:02.083 [main] INFO  JaguarDF - Test testNotADumpArchiveButBigEnough(org.apache.commons.compress.archivers.dump.DumpArchiveInputStreamTest) : Failed
20:21:02.314 [main] INFO  JaguarDF - Test testNotADumpArchive(org.apache.commons.compress.archivers.dump.DumpArchiveInputStreamTest) : Failed
20:21:06.239 [main] INFO  JaguarDF - Test testCount(org.apache.commons.compress.archivers.tar.TarArchiveOutputStreamTest) : Failed
20:21:10.220 [main] INFO  JaguarDF - Test testWriteNonAsciiDirectoryNamePosixMode(org.apache.commons.compress.archivers.tar.TarArchiveOutputStreamTest) : Failed
20:21:20.446 [main] INFO  JaguarDF - Test testUtf8Interoperability(org.apache.commons.compress.archivers.zip.UTF8ZipFilesTest) : Failed
Cleaning up unclosed ZipFile for archive /Users/mario.concilio/workspace/ppgsi_docker/src/test/resources/utf8-7zip-test.zip
20:21:34.771 [main] INFO  JaguarDF - Test testAddChangeTwice(org.apache.commons.compress.changes.ChangeSetTestCase) : Failed
20:21:35.024 [main] INFO  JaguarDF - Test testAddChangeTwiceWithoutReplace(org.apache.commons.compress.changes.ChangeSetTestCase) : Failed
20:21:35.285 [main] INFO  JaguarDF - Test testDeleteDir(org.apache.commons.compress.changes.ChangeSetTestCase) : Failed
20:21:35.536 [main] INFO  JaguarDF - Test testDeleteDir2(org.apache.commons.compress.changes.ChangeSetTestCase) : Failed
20:21:35.791 [main] INFO  JaguarDF - Test testDeleteDir3(org.apache.commons.compress.changes.ChangeSetTestCase) : Failed
20:21:36.037 [main] INFO  JaguarDF - Test testDeleteFile(org.apache.commons.compress.changes.ChangeSetTestCase) : Failed
20:21:36.283 [main] INFO  JaguarDF - Test testDeleteFile2(org.apache.commons.compress.changes.ChangeSetTestCase) : Failed
20:21:36.527 [main] INFO  JaguarDF - Test testDeletePlusAddSame(org.apache.commons.compress.changes.ChangeSetTestCase) : Failed
20:21:36.773 [main] INFO  JaguarDF - Test testChangeSetResults(org.apache.commons.compress.changes.ChangeSetTestCase) : Failed
20:21:37.021 [main] INFO  JaguarDF - Test testDeletePlusAdd(org.apache.commons.compress.changes.ChangeSetTestCase) : Failed
20:21:37.270 [main] INFO  JaguarDF - Test testDeleteFromAndAddToZip(org.apache.commons.compress.changes.ChangeSetTestCase) : Failed
20:21:37.519 [main] INFO  JaguarDF - Test testAddDeleteAdd(org.apache.commons.compress.changes.ChangeSetTestCase) : Failed
20:21:37.772 [main] INFO  JaguarDF - Test testDeleteAddDelete(org.apache.commons.compress.changes.ChangeSetTestCase) : Failed
20:21:38.020 [main] INFO  JaguarDF - Test testDeleteFromZip(org.apache.commons.compress.changes.ChangeSetTestCase) : Failed
20:21:38.268 [main] INFO  JaguarDF - Test testDeleteFromTar(org.apache.commons.compress.changes.ChangeSetTestCase) : Failed
20:21:38.516 [main] INFO  JaguarDF - Test testDeleteFromJar(org.apache.commons.compress.changes.ChangeSetTestCase) : Failed
20:21:38.765 [main] INFO  JaguarDF - Test testDeleteFromAndAddToTar(org.apache.commons.compress.changes.ChangeSetTestCase) : Failed
20:21:39.011 [main] INFO  JaguarDF - Test testDeleteFromAndAddToJar(org.apache.commons.compress.changes.ChangeSetTestCase) : Failed
20:21:39.258 [main] INFO  JaguarDF - Test testDeleteFromAr(org.apache.commons.compress.changes.ChangeSetTestCase) : Failed
20:21:39.505 [main] INFO  JaguarDF - Test testDeleteFromAndAddToAr(org.apache.commons.compress.changes.ChangeSetTestCase) : Failed
20:21:40.281 [main] INFO  JaguarDF - Test testAddToEmptyArchive(org.apache.commons.compress.changes.ChangeSetTestCase) : Failed
20:21:40.538 [main] INFO  JaguarDF - Test testDeleteAddToOneFileArchive(org.apache.commons.compress.changes.ChangeSetTestCase) : Failed
20:21:40.787 [main] INFO  JaguarDF - Test testAddDeleteToOneFileArchive(org.apache.commons.compress.changes.ChangeSetTestCase) : Failed
20:21:41.033 [main] INFO  JaguarDF - Test testAddAllreadyExistingWithReplaceTrue(org.apache.commons.compress.changes.ChangeSetTestCase) : Failed
20:21:41.287 [main] INFO  JaguarDF - Test testAddAllreadyExistingWithReplaceFalse(org.apache.commons.compress.changes.ChangeSetTestCase) : Failed
20:21:41.606 [main] INFO  JaguarDF - Test testBzipCreation(org.apache.commons.compress.compressors.BZip2TestCase) : Failed
20:21:41.937 [main] INFO  JaguarDF - Test testBzip2Unarchive(org.apache.commons.compress.compressors.BZip2TestCase) : Failed
20:21:42.247 [main] INFO  JaguarDF - Test testConcatenatedStreamsReadFirstOnly(org.apache.commons.compress.compressors.BZip2TestCase) : Failed
20:21:42.560 [main] INFO  JaguarDF - Test testConcatenatedStreamsReadFully(org.apache.commons.compress.compressors.BZip2TestCase) : Failed
20:21:42.862 [main] INFO  JaguarDF - Test testCOMPRESS131(org.apache.commons.compress.compressors.BZip2TestCase) : Failed
20:21:44.031 [main] INFO  JaguarDF - Test testConcatenatedStreamsReadFirstOnly(org.apache.commons.compress.compressors.GZipTestCase) : Failed
20:21:44.319 [main] INFO  JaguarDF - Test testConcatenatedStreamsReadFully(org.apache.commons.compress.compressors.GZipTestCase) : Failed
20:21:44.622 [main] INFO  JaguarDF - Test testGzipUnarchive(org.apache.commons.compress.compressors.GZipTestCase) : Failed
20:21:44.913 [main] INFO  JaguarDF - Test testCorruptedInput(org.apache.commons.compress.compressors.GZipTestCase) : Failed
20:21:45.209 [main] INFO  JaguarDF - Test testGzipCreation(org.apache.commons.compress.compressors.GZipTestCase) : Failed
20:21:46.367 [main] INFO  JaguarDF - Test testJarUnarchiveAllFileArgInMemory(org.apache.commons.compress.compressors.Pack200TestCase) : Failed
20:21:46.655 [main] INFO  JaguarDF - Test testJarUnarchiveAllTempFile(org.apache.commons.compress.compressors.Pack200TestCase) : Failed
20:21:46.941 [main] INFO  JaguarDF - Test testJarUnarchiveAllFileTempFile(org.apache.commons.compress.compressors.Pack200TestCase) : Failed
20:21:47.241 [main] INFO  JaguarDF - Test testJarArchiveCreationInMemory(org.apache.commons.compress.compressors.Pack200TestCase) : Failed
20:21:47.536 [main] INFO  JaguarDF - Test testJarArchiveCreationTempFile(org.apache.commons.compress.compressors.Pack200TestCase) : Failed
20:21:47.826 [main] INFO  JaguarDF - Test testGoodSignature(org.apache.commons.compress.compressors.Pack200TestCase) : Failed
20:21:48.118 [main] INFO  JaguarDF - Test testBadSignature(org.apache.commons.compress.compressors.Pack200TestCase) : Failed
20:21:48.409 [main] INFO  JaguarDF - Test testJarUnarchiveAllInMemory(org.apache.commons.compress.compressors.Pack200TestCase) : Failed
20:21:48.700 [main] INFO  JaguarDF - Test testInputStreamMethods(org.apache.commons.compress.compressors.Pack200TestCase) : Failed
20:21:49.305 [main] INFO  JaguarDF - Test testShortSignature(org.apache.commons.compress.compressors.Pack200TestCase) : Failed
20:21:49.654 [main] INFO  JaguarDF - Test testXZCreation(org.apache.commons.compress.compressors.XZTestCase) : Failed
20:21:49.991 [main] INFO  JaguarDF - Test testXZUnarchive(org.apache.commons.compress.compressors.XZTestCase) : Failed
20:21:50.287 [main] INFO  JaguarDF - Test testConcatenatedStreamsReadFirstOnly(org.apache.commons.compress.compressors.XZTestCase) : Failed
20:21:50.579 [main] INFO  JaguarDF - Test testConcatenatedStreamsReadFully(org.apache.commons.compress.compressors.XZTestCase) : Failed
20:21:54.209 [main] INFO  JaguarDF - Test testNormalize(org.apache.commons.compress.compressors.pack200.Pack200UtilsTest) : Failed
20:21:54.557 [main] INFO  JaguarDF - Test testNormalizeInPlace(org.apache.commons.compress.compressors.pack200.Pack200UtilsTest) : Failed
20:21:57.988 [main] INFO  JaguarDF - Jaguar-DF has finished!

real	1m20.965s
user	1m39.259s
sys	0m7.329s
