21:52:18.082 [main] INFO  JaguarDF - Welcome to Jaguar-DF CLI!
21:52:18.149 [main] DEBUG JaguarDF - CLI Arguments: [--projectDir, d4jprojects/commons-collections, --classesDir, target/classes, --testsDir, target/tests, --tests, tests.out, --logLevel, INFO]
21:52:23.707 [main] INFO  JaguarDF - Test testEmptyListCompatibility(org.apache.commons.collections4.ArrayStackTest) : Failed
21:52:23.809 [main] INFO  JaguarDF - Test testFullListCompatibility(org.apache.commons.collections4.ArrayStackTest) : Failed
21:52:34.020 [main] INFO  JaguarDF - Test testCanonicalEmptyCollectionExists(org.apache.commons.collections4.ArrayStackTest) : Failed
21:52:34.108 [main] INFO  JaguarDF - Test testCanonicalFullCollectionExists(org.apache.commons.collections4.ArrayStackTest) : Failed
21:53:48.098 [main] INFO  JaguarDF - Test testEmptyBagCompatibility(org.apache.commons.collections4.bag.CollectionBagTest) : Failed
21:53:48.372 [main] INFO  JaguarDF - Test testFullBagCompatibility(org.apache.commons.collections4.bag.CollectionBagTest) : Failed
21:53:54.164 [main] INFO  JaguarDF - Test testCanonicalFullCollectionExists(org.apache.commons.collections4.bag.CollectionBagTest) : Failed
21:53:54.703 [main] INFO  JaguarDF - Test testCanonicalEmptyCollectionExists(org.apache.commons.collections4.bag.CollectionBagTest) : Failed
21:53:55.800 [main] INFO  JaguarDF - Test testEmptyBagCompatibility(org.apache.commons.collections4.bag.CollectionSortedBagTest) : Failed
21:53:56.076 [main] INFO  JaguarDF - Test testFullBagCompatibility(org.apache.commons.collections4.bag.CollectionSortedBagTest) : Failed
21:54:01.910 [main] INFO  JaguarDF - Test testCanonicalFullCollectionExists(org.apache.commons.collections4.bag.CollectionSortedBagTest) : Failed
21:54:02.465 [main] INFO  JaguarDF - Test testCanonicalEmptyCollectionExists(org.apache.commons.collections4.bag.CollectionSortedBagTest) : Failed
21:54:03.551 [main] INFO  JaguarDF - Test testFullBagCompatibility(org.apache.commons.collections4.bag.HashBagTest) : Failed
21:54:03.820 [main] INFO  JaguarDF - Test testEmptyBagCompatibility(org.apache.commons.collections4.bag.HashBagTest) : Failed
21:54:23.511 [main] INFO  JaguarDF - Test testCanonicalEmptyCollectionExists(org.apache.commons.collections4.bag.HashBagTest) : Failed
21:54:23.783 [main] INFO  JaguarDF - Test testCanonicalFullCollectionExists(org.apache.commons.collections4.bag.HashBagTest) : Failed
21:54:24.880 [main] INFO  JaguarDF - Test testFullBagCompatibility(org.apache.commons.collections4.bag.PredicatedBagTest) : Failed
21:54:25.169 [main] INFO  JaguarDF - Test testEmptyBagCompatibility(org.apache.commons.collections4.bag.PredicatedBagTest) : Failed
21:54:44.750 [main] INFO  JaguarDF - Test testCanonicalEmptyCollectionExists(org.apache.commons.collections4.bag.PredicatedBagTest) : Failed
21:54:45.027 [main] INFO  JaguarDF - Test testCanonicalFullCollectionExists(org.apache.commons.collections4.bag.PredicatedBagTest) : Failed
21:54:45.851 [main] INFO  JaguarDF - Test testFullBagCompatibility(org.apache.commons.collections4.bag.PredicatedSortedBagTest) : Failed
21:54:46.130 [main] INFO  JaguarDF - Test testEmptyBagCompatibility(org.apache.commons.collections4.bag.PredicatedSortedBagTest) : Failed
21:55:05.973 [main] INFO  JaguarDF - Test testCanonicalEmptyCollectionExists(org.apache.commons.collections4.bag.PredicatedSortedBagTest) : Failed
21:55:06.258 [main] INFO  JaguarDF - Test testCanonicalFullCollectionExists(org.apache.commons.collections4.bag.PredicatedSortedBagTest) : Failed
21:55:06.536 [main] INFO  JaguarDF - Test testFullBagCompatibility(org.apache.commons.collections4.bag.SynchronizedBagTest) : Failed
21:55:06.812 [main] INFO  JaguarDF - Test testEmptyBagCompatibility(org.apache.commons.collections4.bag.SynchronizedBagTest) : Failed
21:55:26.572 [main] INFO  JaguarDF - Test testCanonicalEmptyCollectionExists(org.apache.commons.collections4.bag.SynchronizedBagTest) : Failed
21:55:26.848 [main] INFO  JaguarDF - Test testCanonicalFullCollectionExists(org.apache.commons.collections4.bag.SynchronizedBagTest) : Failed
21:55:27.680 [main] INFO  JaguarDF - Test testFullBagCompatibility(org.apache.commons.collections4.bag.TransformedBagTest) : Failed
21:55:27.956 [main] INFO  JaguarDF - Test testEmptyBagCompatibility(org.apache.commons.collections4.bag.TransformedBagTest) : Failed
21:55:47.849 [main] INFO  JaguarDF - Test testCanonicalEmptyCollectionExists(org.apache.commons.collections4.bag.TransformedBagTest) : Failed
21:55:48.136 [main] INFO  JaguarDF - Test testCanonicalFullCollectionExists(org.apache.commons.collections4.bag.TransformedBagTest) : Failed
21:55:49.001 [main] INFO  JaguarDF - Test testFullBagCompatibility(org.apache.commons.collections4.bag.TransformedSortedBagTest) : Failed
21:55:49.284 [main] INFO  JaguarDF - Test testEmptyBagCompatibility(org.apache.commons.collections4.bag.TransformedSortedBagTest) : Failed
21:56:09.320 [main] INFO  JaguarDF - Test testCanonicalEmptyCollectionExists(org.apache.commons.collections4.bag.TransformedSortedBagTest) : Failed
21:56:09.605 [main] INFO  JaguarDF - Test testCanonicalFullCollectionExists(org.apache.commons.collections4.bag.TransformedSortedBagTest) : Failed
21:56:10.734 [main] INFO  JaguarDF - Test testFullBagCompatibility(org.apache.commons.collections4.bag.TreeBagTest) : Failed
21:56:11.014 [main] INFO  JaguarDF - Test testEmptyBagCompatibility(org.apache.commons.collections4.bag.TreeBagTest) : Failed
21:56:30.892 [main] INFO  JaguarDF - Test testCanonicalEmptyCollectionExists(org.apache.commons.collections4.bag.TreeBagTest) : Failed
21:56:31.176 [main] INFO  JaguarDF - Test testCanonicalFullCollectionExists(org.apache.commons.collections4.bag.TreeBagTest) : Failed
21:56:32.019 [main] INFO  JaguarDF - Test testFullBagCompatibility(org.apache.commons.collections4.bag.UnmodifiableBagTest) : Failed
21:56:32.306 [main] INFO  JaguarDF - Test testEmptyBagCompatibility(org.apache.commons.collections4.bag.UnmodifiableBagTest) : Failed
21:56:52.337 [main] INFO  JaguarDF - Test testCanonicalEmptyCollectionExists(org.apache.commons.collections4.bag.UnmodifiableBagTest) : Failed
21:56:52.615 [main] INFO  JaguarDF - Test testCanonicalFullCollectionExists(org.apache.commons.collections4.bag.UnmodifiableBagTest) : Failed
21:56:53.452 [main] INFO  JaguarDF - Test testFullBagCompatibility(org.apache.commons.collections4.bag.UnmodifiableSortedBagTest) : Failed
21:56:53.731 [main] INFO  JaguarDF - Test testEmptyBagCompatibility(org.apache.commons.collections4.bag.UnmodifiableSortedBagTest) : Failed
21:57:13.958 [main] INFO  JaguarDF - Test testCanonicalEmptyCollectionExists(org.apache.commons.collections4.bag.UnmodifiableSortedBagTest) : Failed
21:57:14.238 [main] INFO  JaguarDF - Test testCanonicalFullCollectionExists(org.apache.commons.collections4.bag.UnmodifiableSortedBagTest) : Failed
21:57:52.575 [main] INFO  JaguarDF - Test testEmptyMapCompatibility(org.apache.commons.collections4.bidimap.AbstractBidiMapTest$TestInverseBidiMap) : Failed
21:57:52.856 [main] INFO  JaguarDF - Test testFullMapCompatibility(org.apache.commons.collections4.bidimap.AbstractBidiMapTest$TestInverseBidiMap) : Failed
21:58:17.897 [main] INFO  JaguarDF - Test testCanonicalEmptyCollectionExists(org.apache.commons.collections4.bidimap.AbstractBidiMapTest$TestInverseBidiMap) : Failed
21:58:18.184 [main] INFO  JaguarDF - Test testCanonicalFullCollectionExists(org.apache.commons.collections4.bidimap.AbstractBidiMapTest$TestInverseBidiMap) : Failed
21:58:32.571 [main] INFO  JaguarDF - Test testEmptyMapCompatibility(org.apache.commons.collections4.bidimap.DualHashBidiMapTest) : Failed
21:58:32.862 [main] INFO  JaguarDF - Test testFullMapCompatibility(org.apache.commons.collections4.bidimap.DualHashBidiMapTest) : Failed
21:58:57.987 [main] INFO  JaguarDF - Test testCanonicalEmptyCollectionExists(org.apache.commons.collections4.bidimap.DualHashBidiMapTest) : Failed
21:58:58.276 [main] INFO  JaguarDF - Test testCanonicalFullCollectionExists(org.apache.commons.collections4.bidimap.DualHashBidiMapTest) : Failed
21:59:36.888 [main] INFO  JaguarDF - Test testEmptyMapCompatibility(org.apache.commons.collections4.bidimap.AbstractBidiMapTest$TestInverseBidiMap) : Failed
21:59:37.177 [main] INFO  JaguarDF - Test testFullMapCompatibility(org.apache.commons.collections4.bidimap.AbstractBidiMapTest$TestInverseBidiMap) : Failed
22:00:02.409 [main] INFO  JaguarDF - Test testCanonicalEmptyCollectionExists(org.apache.commons.collections4.bidimap.AbstractBidiMapTest$TestInverseBidiMap) : Failed
22:00:02.704 [main] INFO  JaguarDF - Test testCanonicalFullCollectionExists(org.apache.commons.collections4.bidimap.AbstractBidiMapTest$TestInverseBidiMap) : Failed
22:00:17.194 [main] INFO  JaguarDF - Test testEmptyMapCompatibility(org.apache.commons.collections4.bidimap.DualLinkedHashBidiMapTest) : Failed
22:00:17.486 [main] INFO  JaguarDF - Test testFullMapCompatibility(org.apache.commons.collections4.bidimap.DualLinkedHashBidiMapTest) : Failed
22:00:42.557 [main] INFO  JaguarDF - Test testCanonicalEmptyCollectionExists(org.apache.commons.collections4.bidimap.DualLinkedHashBidiMapTest) : Failed
22:00:42.855 [main] INFO  JaguarDF - Test testCanonicalFullCollectionExists(org.apache.commons.collections4.bidimap.DualLinkedHashBidiMapTest) : Failed
22:03:32.042 [main] INFO  JaguarDF - Test testEmptyMapCompatibility(org.apache.commons.collections4.bidimap.AbstractBidiMapTest$TestInverseBidiMap) : Failed
22:03:32.331 [main] INFO  JaguarDF - Test testFullMapCompatibility(org.apache.commons.collections4.bidimap.AbstractBidiMapTest$TestInverseBidiMap) : Failed
22:03:58.045 [main] INFO  JaguarDF - Test testCanonicalEmptyCollectionExists(org.apache.commons.collections4.bidimap.AbstractBidiMapTest$TestInverseBidiMap) : Failed
22:03:58.336 [main] INFO  JaguarDF - Test testCanonicalFullCollectionExists(org.apache.commons.collections4.bidimap.AbstractBidiMapTest$TestInverseBidiMap) : Failed
22:04:13.092 [main] INFO  JaguarDF - Test testEmptyMapCompatibility(org.apache.commons.collections4.bidimap.DualTreeBidiMap2Test) : Failed
22:04:13.381 [main] INFO  JaguarDF - Test testFullMapCompatibility(org.apache.commons.collections4.bidimap.DualTreeBidiMap2Test) : Failed
22:04:38.933 [main] INFO  JaguarDF - Test testCanonicalEmptyCollectionExists(org.apache.commons.collections4.bidimap.DualTreeBidiMap2Test) : Failed
22:04:39.232 [main] INFO  JaguarDF - Test testCanonicalFullCollectionExists(org.apache.commons.collections4.bidimap.DualTreeBidiMap2Test) : Failed
22:07:28.880 [main] INFO  JaguarDF - Test testEmptyMapCompatibility(org.apache.commons.collections4.bidimap.AbstractBidiMapTest$TestInverseBidiMap) : Failed
22:07:29.179 [main] INFO  JaguarDF - Test testFullMapCompatibility(org.apache.commons.collections4.bidimap.AbstractBidiMapTest$TestInverseBidiMap) : Failed
22:07:54.983 [main] INFO  JaguarDF - Test testCanonicalEmptyCollectionExists(org.apache.commons.collections4.bidimap.AbstractBidiMapTest$TestInverseBidiMap) : Failed
22:07:55.275 [main] INFO  JaguarDF - Test testCanonicalFullCollectionExists(org.apache.commons.collections4.bidimap.AbstractBidiMapTest$TestInverseBidiMap) : Failed
22:08:10.039 [main] INFO  JaguarDF - Test testEmptyMapCompatibility(org.apache.commons.collections4.bidimap.DualTreeBidiMapTest) : Failed
22:08:10.329 [main] INFO  JaguarDF - Test testFullMapCompatibility(org.apache.commons.collections4.bidimap.DualTreeBidiMapTest) : Failed
22:08:35.923 [main] INFO  JaguarDF - Test testCanonicalEmptyCollectionExists(org.apache.commons.collections4.bidimap.DualTreeBidiMapTest) : Failed
22:08:36.213 [main] INFO  JaguarDF - Test testCanonicalFullCollectionExists(org.apache.commons.collections4.bidimap.DualTreeBidiMapTest) : Failed
22:10:13.999 [main] INFO  JaguarDF - Test testEmptyMapCompatibility(org.apache.commons.collections4.bidimap.TreeBidiMapTest) : Failed
22:10:14.329 [main] INFO  JaguarDF - Test testFullMapCompatibility(org.apache.commons.collections4.bidimap.TreeBidiMapTest) : Failed
22:10:43.143 [main] INFO  JaguarDF - Test testCanonicalEmptyCollectionExists(org.apache.commons.collections4.bidimap.TreeBidiMapTest) : Failed
22:10:43.531 [main] INFO  JaguarDF - Test testCanonicalFullCollectionExists(org.apache.commons.collections4.bidimap.TreeBidiMapTest) : Failed
22:19:37.169 [main] INFO  JaguarDF - Test testCanonicalFullCollectionExists(org.apache.commons.collections4.collection.CompositeCollectionTest) : Failed
22:19:37.843 [main] INFO  JaguarDF - Test testCanonicalEmptyCollectionExists(org.apache.commons.collections4.collection.CompositeCollectionTest) : Failed
22:19:58.791 [main] INFO  JaguarDF - Test testCanonicalFullCollectionExists(org.apache.commons.collections4.collection.PredicatedCollectionTest) : Failed
22:19:59.467 [main] INFO  JaguarDF - Test testCanonicalEmptyCollectionExists(org.apache.commons.collections4.collection.PredicatedCollectionTest) : Failed
22:20:07.754 [main] INFO  JaguarDF - Test testCanonicalFullCollectionExists(org.apache.commons.collections4.collection.SynchronizedCollectionTest) : Failed
22:20:08.439 [main] INFO  JaguarDF - Test testCanonicalEmptyCollectionExists(org.apache.commons.collections4.collection.SynchronizedCollectionTest) : Failed
22:20:17.319 [main] INFO  JaguarDF - Test testCanonicalFullCollectionExists(org.apache.commons.collections4.collection.TransformedCollectionTest) : Failed
22:20:18.010 [main] INFO  JaguarDF - Test testCanonicalEmptyCollectionExists(org.apache.commons.collections4.collection.TransformedCollectionTest) : Failed
22:20:36.569 [main] INFO  JaguarDF - Test testCanonicalFullCollectionExists(org.apache.commons.collections4.collection.UnmodifiableCollectionTest) : Failed
22:20:37.251 [main] INFO  JaguarDF - Test testCanonicalEmptyCollectionExists(org.apache.commons.collections4.collection.UnmodifiableCollectionTest) : Failed
22:20:40.672 [main] INFO  JaguarDF - Test testComparatorCompatibility(org.apache.commons.collections4.comparators.BooleanComparatorTest) : Failed
22:20:45.153 [main] INFO  JaguarDF - Test testComparatorCompatibility(org.apache.commons.collections4.comparators.ComparableComparatorTest) : Failed
22:20:51.386 [main] INFO  JaguarDF - Test testComparatorCompatibility(org.apache.commons.collections4.comparators.ComparatorChainTest) : Failed
22:20:57.971 [main] INFO  JaguarDF - Test testComparatorCompatibility(org.apache.commons.collections4.comparators.FixedOrderComparatorTest) : Failed
22:21:02.855 [main] INFO  JaguarDF - Test testComparatorCompatibility(org.apache.commons.collections4.comparators.ReverseComparatorTest) : Failed
22:21:07.371 [main] INFO  JaguarDF - Test testComparatorCompatibility(org.apache.commons.collections4.comparators.TransformingComparatorTest) : Failed
22:25:16.336 [main] INFO  JaguarDF - Test testEmptyListCompatibility(org.apache.commons.collections4.list.CursorableLinkedListTest) : Failed
22:25:16.727 [main] INFO  JaguarDF - Test testFullListCompatibility(org.apache.commons.collections4.list.CursorableLinkedListTest) : Failed
22:26:00.278 [main] INFO  JaguarDF - Test testCanonicalEmptyCollectionExists(org.apache.commons.collections4.list.CursorableLinkedListTest) : Failed
22:26:00.679 [main] INFO  JaguarDF - Test testCanonicalFullCollectionExists(org.apache.commons.collections4.list.CursorableLinkedListTest) : Failed
22:26:02.652 [main] INFO  JaguarDF - Test testEmptyListCompatibility(org.apache.commons.collections4.list.FixedSizeListTest) : Failed
22:26:12.026 [main] INFO  JaguarDF - Test testFullListCompatibility(org.apache.commons.collections4.list.FixedSizeListTest) : Failed
22:26:20.993 [main] INFO  JaguarDF - Test testCanonicalFullCollectionExists(org.apache.commons.collections4.list.FixedSizeListTest) : Failed
22:26:21.767 [main] INFO  JaguarDF - Test testCanonicalEmptyCollectionExists(org.apache.commons.collections4.list.FixedSizeListTest) : Failed
22:26:27.610 [main] INFO  JaguarDF - Test testEmptyListCompatibility(org.apache.commons.collections4.list.GrowthListTest) : Failed
22:26:35.807 [main] INFO  JaguarDF - Test testFullListCompatibility(org.apache.commons.collections4.list.GrowthListTest) : Failed
22:26:44.781 [main] INFO  JaguarDF - Test testCanonicalFullCollectionExists(org.apache.commons.collections4.list.GrowthListTest) : Failed
22:26:45.563 [main] INFO  JaguarDF - Test testCanonicalEmptyCollectionExists(org.apache.commons.collections4.list.GrowthListTest) : Failed
22:27:00.261 [main] INFO  JaguarDF - Test testEmptyListCompatibility(org.apache.commons.collections4.list.NodeCachingLinkedListTest) : Failed
22:27:00.657 [main] INFO  JaguarDF - Test testFullListCompatibility(org.apache.commons.collections4.list.NodeCachingLinkedListTest) : Failed
22:27:47.781 [main] INFO  JaguarDF - Test testCanonicalEmptyCollectionExists(org.apache.commons.collections4.list.NodeCachingLinkedListTest) : Failed
22:27:48.179 [main] INFO  JaguarDF - Test testCanonicalFullCollectionExists(org.apache.commons.collections4.list.NodeCachingLinkedListTest) : Failed
22:27:51.766 [main] INFO  JaguarDF - Test testEmptyListCompatibility(org.apache.commons.collections4.list.PredicatedListTest) : Failed
22:28:01.334 [main] INFO  JaguarDF - Test testFullListCompatibility(org.apache.commons.collections4.list.PredicatedListTest) : Failed
22:28:10.442 [main] INFO  JaguarDF - Test testCanonicalFullCollectionExists(org.apache.commons.collections4.list.PredicatedListTest) : Failed
22:28:11.236 [main] INFO  JaguarDF - Test testCanonicalEmptyCollectionExists(org.apache.commons.collections4.list.PredicatedListTest) : Failed
22:28:23.190 [main] INFO  JaguarDF - Test testEmptyListCompatibility(org.apache.commons.collections4.list.SetUniqueListTest) : Failed
22:28:31.589 [main] INFO  JaguarDF - Test testFullListCompatibility(org.apache.commons.collections4.list.SetUniqueListTest) : Failed
22:28:39.950 [main] INFO  JaguarDF - Test testCanonicalFullCollectionExists(org.apache.commons.collections4.list.SetUniqueListTest) : Failed
22:28:40.745 [main] INFO  JaguarDF - Test testCanonicalEmptyCollectionExists(org.apache.commons.collections4.list.SetUniqueListTest) : Failed
22:28:44.752 [main] INFO  JaguarDF - Test testEmptyListCompatibility(org.apache.commons.collections4.list.TransformedListTest) : Failed
22:28:54.464 [main] INFO  JaguarDF - Test testFullListCompatibility(org.apache.commons.collections4.list.TransformedListTest) : Failed
22:29:03.753 [main] INFO  JaguarDF - Test testCanonicalFullCollectionExists(org.apache.commons.collections4.list.TransformedListTest) : Failed
22:29:04.583 [main] INFO  JaguarDF - Test testCanonicalEmptyCollectionExists(org.apache.commons.collections4.list.TransformedListTest) : Failed
22:30:15.323 [main] INFO  JaguarDF - Test testEmptyListCompatibility(org.apache.commons.collections4.list.UnmodifiableListTest) : Failed
22:30:25.347 [main] INFO  JaguarDF - Test testFullListCompatibility(org.apache.commons.collections4.list.UnmodifiableListTest) : Failed
22:30:34.948 [main] INFO  JaguarDF - Test testCanonicalFullCollectionExists(org.apache.commons.collections4.list.UnmodifiableListTest) : Failed
22:30:35.793 [main] INFO  JaguarDF - Test testCanonicalEmptyCollectionExists(org.apache.commons.collections4.list.UnmodifiableListTest) : Failed
22:30:53.081 [main] INFO  JaguarDF - Test testEmptyMapCompatibility(org.apache.commons.collections4.map.CaseInsensitiveMapTest) : Failed
22:30:53.510 [main] INFO  JaguarDF - Test testFullMapCompatibility(org.apache.commons.collections4.map.CaseInsensitiveMapTest) : Failed
22:31:43.086 [main] INFO  JaguarDF - Test testCanonicalEmptyCollectionExists(org.apache.commons.collections4.map.CaseInsensitiveMapTest) : Failed
22:31:43.542 [main] INFO  JaguarDF - Test testCanonicalFullCollectionExists(org.apache.commons.collections4.map.CaseInsensitiveMapTest) : Failed
22:31:58.693 [main] INFO  JaguarDF - Test testEmptyMapCompatibility(org.apache.commons.collections4.map.CompositeMapTest) : Failed
22:31:59.558 [main] INFO  JaguarDF - Test testFullMapCompatibility(org.apache.commons.collections4.map.CompositeMapTest) : Failed
22:32:06.051 [main] INFO  JaguarDF - Test testCanonicalFullCollectionExists(org.apache.commons.collections4.map.CompositeMapTest) : Failed
22:32:06.898 [main] INFO  JaguarDF - Test testCanonicalEmptyCollectionExists(org.apache.commons.collections4.map.CompositeMapTest) : Failed
22:32:21.980 [main] INFO  JaguarDF - Test testEmptyMapCompatibility(org.apache.commons.collections4.map.DefaultedMapTest) : Failed
22:32:22.826 [main] INFO  JaguarDF - Test testFullMapCompatibility(org.apache.commons.collections4.map.DefaultedMapTest) : Failed
22:32:28.842 [main] INFO  JaguarDF - Test testCanonicalFullCollectionExists(org.apache.commons.collections4.map.DefaultedMapTest) : Failed
22:32:29.712 [main] INFO  JaguarDF - Test testCanonicalEmptyCollectionExists(org.apache.commons.collections4.map.DefaultedMapTest) : Failed
22:32:43.052 [main] INFO  JaguarDF - Test testEmptyMapCompatibility(org.apache.commons.collections4.map.FixedSizeMapTest) : Failed
22:32:43.987 [main] INFO  JaguarDF - Test testFullMapCompatibility(org.apache.commons.collections4.map.FixedSizeMapTest) : Failed
22:32:50.539 [main] INFO  JaguarDF - Test testCanonicalFullCollectionExists(org.apache.commons.collections4.map.FixedSizeMapTest) : Failed
22:32:51.413 [main] INFO  JaguarDF - Test testCanonicalEmptyCollectionExists(org.apache.commons.collections4.map.FixedSizeMapTest) : Failed
22:35:56.524 [main] INFO  JaguarDF - Test testEmptyMapCompatibility(org.apache.commons.collections4.map.FixedSizeSortedMapTest) : Failed
22:35:56.969 [main] INFO  JaguarDF - Test testFullMapCompatibility(org.apache.commons.collections4.map.FixedSizeSortedMapTest) : Failed
22:36:48.216 [main] INFO  JaguarDF - Test testCanonicalEmptyCollectionExists(org.apache.commons.collections4.map.FixedSizeSortedMapTest) : Failed
22:36:48.647 [main] INFO  JaguarDF - Test testCanonicalFullCollectionExists(org.apache.commons.collections4.map.FixedSizeSortedMapTest) : Failed
22:37:09.947 [main] INFO  JaguarDF - Test testEmptyMapCompatibility(org.apache.commons.collections4.map.Flat3MapTest) : Failed
22:37:10.401 [main] INFO  JaguarDF - Test testFullMapCompatibility(org.apache.commons.collections4.map.Flat3MapTest) : Failed
22:38:03.919 [main] INFO  JaguarDF - Test testCanonicalEmptyCollectionExists(org.apache.commons.collections4.map.Flat3MapTest) : Failed
22:38:04.405 [main] INFO  JaguarDF - Test testCanonicalFullCollectionExists(org.apache.commons.collections4.map.Flat3MapTest) : Failed
22:38:20.248 [main] INFO  JaguarDF - Test testEmptyMapCompatibility(org.apache.commons.collections4.map.HashedMapTest) : Failed
22:38:20.698 [main] INFO  JaguarDF - Test testFullMapCompatibility(org.apache.commons.collections4.map.HashedMapTest) : Failed
22:39:14.317 [main] INFO  JaguarDF - Test testCanonicalEmptyCollectionExists(org.apache.commons.collections4.map.HashedMapTest) : Failed
22:39:14.765 [main] INFO  JaguarDF - Test testCanonicalFullCollectionExists(org.apache.commons.collections4.map.HashedMapTest) : Failed
22:39:51.162 [main] INFO  JaguarDF - Test testEmptyMapCompatibility(org.apache.commons.collections4.map.LRUMapTest) : Failed
22:39:51.625 [main] INFO  JaguarDF - Test testFullMapCompatibility(org.apache.commons.collections4.map.LRUMapTest) : Failed
22:40:45.860 [main] INFO  JaguarDF - Test testCanonicalEmptyCollectionExists(org.apache.commons.collections4.map.LRUMapTest) : Failed
22:40:46.320 [main] INFO  JaguarDF - Test testCanonicalFullCollectionExists(org.apache.commons.collections4.map.LRUMapTest) : Failed
22:40:59.320 [main] INFO  JaguarDF - Test testEmptyMapCompatibility(org.apache.commons.collections4.map.LazyMapTest) : Failed
22:41:00.243 [main] INFO  JaguarDF - Test testFullMapCompatibility(org.apache.commons.collections4.map.LazyMapTest) : Failed
22:41:06.711 [main] INFO  JaguarDF - Test testCanonicalFullCollectionExists(org.apache.commons.collections4.map.LazyMapTest) : Failed
22:41:07.617 [main] INFO  JaguarDF - Test testCanonicalEmptyCollectionExists(org.apache.commons.collections4.map.LazyMapTest) : Failed
22:41:23.212 [main] INFO  JaguarDF - Test testEmptyMapCompatibility(org.apache.commons.collections4.map.LazySortedMapTest) : Failed
22:41:24.123 [main] INFO  JaguarDF - Test testFullMapCompatibility(org.apache.commons.collections4.map.LazySortedMapTest) : Failed
22:41:30.533 [main] INFO  JaguarDF - Test testCanonicalFullCollectionExists(org.apache.commons.collections4.map.LazySortedMapTest) : Failed
22:41:31.453 [main] INFO  JaguarDF - Test testCanonicalEmptyCollectionExists(org.apache.commons.collections4.map.LazySortedMapTest) : Failed
22:43:11.441 [main] INFO  JaguarDF - Test testEmptyMapCompatibility(org.apache.commons.collections4.map.LinkedMapTest) : Failed
22:43:11.897 [main] INFO  JaguarDF - Test testFullMapCompatibility(org.apache.commons.collections4.map.LinkedMapTest) : Failed
22:44:06.413 [main] INFO  JaguarDF - Test testCanonicalEmptyCollectionExists(org.apache.commons.collections4.map.LinkedMapTest) : Failed
22:44:06.873 [main] INFO  JaguarDF - Test testCanonicalFullCollectionExists(org.apache.commons.collections4.map.LinkedMapTest) : Failed
22:45:42.613 [main] INFO  JaguarDF - Test testEmptyMapCompatibility(org.apache.commons.collections4.map.ListOrderedMap2Test) : Failed
22:45:43.071 [main] INFO  JaguarDF - Test testFullMapCompatibility(org.apache.commons.collections4.map.ListOrderedMap2Test) : Failed
22:46:37.459 [main] INFO  JaguarDF - Test testCanonicalEmptyCollectionExists(org.apache.commons.collections4.map.ListOrderedMap2Test) : Failed
22:46:37.936 [main] INFO  JaguarDF - Test testCanonicalFullCollectionExists(org.apache.commons.collections4.map.ListOrderedMap2Test) : Failed
22:49:27.597 [main] INFO  JaguarDF - Test testEmptyMapCompatibility(org.apache.commons.collections4.map.ListOrderedMapTest) : Failed
22:49:28.062 [main] INFO  JaguarDF - Test testFullMapCompatibility(org.apache.commons.collections4.map.ListOrderedMapTest) : Failed
22:50:22.541 [main] INFO  JaguarDF - Test testCanonicalEmptyCollectionExists(org.apache.commons.collections4.map.ListOrderedMapTest) : Failed
22:50:23.023 [main] INFO  JaguarDF - Test testCanonicalFullCollectionExists(org.apache.commons.collections4.map.ListOrderedMapTest) : Failed
22:50:43.913 [main] INFO  JaguarDF - Test testEmptyMapCompatibility(org.apache.commons.collections4.map.MultiKeyMapTest) : Failed
22:50:44.392 [main] INFO  JaguarDF - Test testFullMapCompatibility(org.apache.commons.collections4.map.MultiKeyMapTest) : Failed
22:51:40.655 [main] INFO  JaguarDF - Test testCanonicalEmptyCollectionExists(org.apache.commons.collections4.map.MultiKeyMapTest) : Failed
22:51:41.128 [main] INFO  JaguarDF - Test testCanonicalFullCollectionExists(org.apache.commons.collections4.map.MultiKeyMapTest) : Failed
22:51:48.875 [main] INFO  JaguarDF - Test testEmptyMapCompatibility(org.apache.commons.collections4.map.MultiValueMapTest) : Failed
22:51:50.815 [main] INFO  JaguarDF - Test testFullMapCompatibility(org.apache.commons.collections4.map.MultiValueMapTest) : Failed
22:51:55.579 [main] INFO  JaguarDF - Test testCanonicalFullCollectionExists(org.apache.commons.collections4.map.MultiValueMapTest) : Failed
22:51:56.547 [main] INFO  JaguarDF - Test testCanonicalEmptyCollectionExists(org.apache.commons.collections4.map.MultiValueMapTest) : Failed
22:52:16.086 [main] INFO  JaguarDF - Test testEmptyMapCompatibility(org.apache.commons.collections4.map.PassiveExpiringMapTest) : Failed
22:52:16.562 [main] INFO  JaguarDF - Test testFullMapCompatibility(org.apache.commons.collections4.map.PassiveExpiringMapTest) : Failed
22:53:13.164 [main] INFO  JaguarDF - Test testCanonicalEmptyCollectionExists(org.apache.commons.collections4.map.PassiveExpiringMapTest) : Failed
22:53:13.661 [main] INFO  JaguarDF - Test testCanonicalFullCollectionExists(org.apache.commons.collections4.map.PassiveExpiringMapTest) : Failed
22:53:27.532 [main] INFO  JaguarDF - Test testEmptyMapCompatibility(org.apache.commons.collections4.map.PredicatedMapTest) : Failed
22:53:28.479 [main] INFO  JaguarDF - Test testFullMapCompatibility(org.apache.commons.collections4.map.PredicatedMapTest) : Failed
22:53:35.700 [main] INFO  JaguarDF - Test testCanonicalFullCollectionExists(org.apache.commons.collections4.map.PredicatedMapTest) : Failed
22:53:36.652 [main] INFO  JaguarDF - Test testCanonicalEmptyCollectionExists(org.apache.commons.collections4.map.PredicatedMapTest) : Failed
22:53:53.653 [main] INFO  JaguarDF - Test testEmptyMapCompatibility(org.apache.commons.collections4.map.PredicatedSortedMapTest) : Failed
22:53:54.608 [main] INFO  JaguarDF - Test testFullMapCompatibility(org.apache.commons.collections4.map.PredicatedSortedMapTest) : Failed
22:54:01.867 [main] INFO  JaguarDF - Test testCanonicalFullCollectionExists(org.apache.commons.collections4.map.PredicatedSortedMapTest) : Failed
22:54:02.832 [main] INFO  JaguarDF - Test testCanonicalEmptyCollectionExists(org.apache.commons.collections4.map.PredicatedSortedMapTest) : Failed
22:54:22.549 [main] INFO  JaguarDF - Test testEmptyMapCompatibility(org.apache.commons.collections4.map.ReferenceIdentityMapTest) : Failed
22:54:23.041 [main] INFO  JaguarDF - Test testFullMapCompatibility(org.apache.commons.collections4.map.ReferenceIdentityMapTest) : Failed
22:55:21.166 [main] INFO  JaguarDF - Test testCanonicalEmptyCollectionExists(org.apache.commons.collections4.map.ReferenceIdentityMapTest) : Failed
22:55:21.660 [main] INFO  JaguarDF - Test testCanonicalFullCollectionExists(org.apache.commons.collections4.map.ReferenceIdentityMapTest) : Failed
22:55:38.402 [main] INFO  JaguarDF - Test testEmptyMapCompatibility(org.apache.commons.collections4.map.ReferenceMapTest) : Failed
22:55:38.891 [main] INFO  JaguarDF - Test testFullMapCompatibility(org.apache.commons.collections4.map.ReferenceMapTest) : Failed
22:56:37.026 [main] INFO  JaguarDF - Test testCanonicalEmptyCollectionExists(org.apache.commons.collections4.map.ReferenceMapTest) : Failed
22:56:37.520 [main] INFO  JaguarDF - Test testCanonicalFullCollectionExists(org.apache.commons.collections4.map.ReferenceMapTest) : Failed
22:57:05.003 [main] INFO  JaguarDF - Test testEmptyMapCompatibility(org.apache.commons.collections4.map.SingletonMapTest) : Failed
22:57:05.502 [main] INFO  JaguarDF - Test testFullMapCompatibility(org.apache.commons.collections4.map.SingletonMapTest) : Failed
22:58:04.297 [main] INFO  JaguarDF - Test testCanonicalEmptyCollectionExists(org.apache.commons.collections4.map.SingletonMapTest) : Failed
22:58:04.797 [main] INFO  JaguarDF - Test testCanonicalFullCollectionExists(org.apache.commons.collections4.map.SingletonMapTest) : Failed
22:59:37.385 [main] INFO  JaguarDF - Test testEmptyMapCompatibility(org.apache.commons.collections4.map.TransformedMapTest) : Failed
22:59:38.408 [main] INFO  JaguarDF - Test testFullMapCompatibility(org.apache.commons.collections4.map.TransformedMapTest) : Failed
22:59:46.087 [main] INFO  JaguarDF - Test testCanonicalFullCollectionExists(org.apache.commons.collections4.map.TransformedMapTest) : Failed
22:59:47.114 [main] INFO  JaguarDF - Test testCanonicalEmptyCollectionExists(org.apache.commons.collections4.map.TransformedMapTest) : Failed
23:03:27.537 [main] INFO  JaguarDF - Test testEmptyMapCompatibility(org.apache.commons.collections4.map.TransformedSortedMapTest) : Failed
23:03:28.042 [main] INFO  JaguarDF - Test testFullMapCompatibility(org.apache.commons.collections4.map.TransformedSortedMapTest) : Failed
23:04:28.785 [main] INFO  JaguarDF - Test testCanonicalEmptyCollectionExists(org.apache.commons.collections4.map.TransformedSortedMapTest) : Failed
23:04:29.295 [main] INFO  JaguarDF - Test testCanonicalFullCollectionExists(org.apache.commons.collections4.map.TransformedSortedMapTest) : Failed
23:04:44.181 [main] INFO  JaguarDF - Test testEmptyMapCompatibility(org.apache.commons.collections4.map.UnmodifiableMapTest) : Failed
23:04:45.201 [main] INFO  JaguarDF - Test testFullMapCompatibility(org.apache.commons.collections4.map.UnmodifiableMapTest) : Failed
23:04:53.009 [main] INFO  JaguarDF - Test testCanonicalFullCollectionExists(org.apache.commons.collections4.map.UnmodifiableMapTest) : Failed
23:04:54.065 [main] INFO  JaguarDF - Test testCanonicalEmptyCollectionExists(org.apache.commons.collections4.map.UnmodifiableMapTest) : Failed
23:05:13.125 [main] INFO  JaguarDF - Test testEmptyMapCompatibility(org.apache.commons.collections4.map.UnmodifiableOrderedMapTest) : Failed
23:05:14.199 [main] INFO  JaguarDF - Test testFullMapCompatibility(org.apache.commons.collections4.map.UnmodifiableOrderedMapTest) : Failed
23:05:21.889 [main] INFO  JaguarDF - Test testCanonicalFullCollectionExists(org.apache.commons.collections4.map.UnmodifiableOrderedMapTest) : Failed
23:05:22.914 [main] INFO  JaguarDF - Test testCanonicalEmptyCollectionExists(org.apache.commons.collections4.map.UnmodifiableOrderedMapTest) : Failed
23:05:39.778 [main] INFO  JaguarDF - Test testEmptyMapCompatibility(org.apache.commons.collections4.map.UnmodifiableSortedMapTest) : Failed
23:05:40.793 [main] INFO  JaguarDF - Test testFullMapCompatibility(org.apache.commons.collections4.map.UnmodifiableSortedMapTest) : Failed
23:05:48.556 [main] INFO  JaguarDF - Test testCanonicalFullCollectionExists(org.apache.commons.collections4.map.UnmodifiableSortedMapTest) : Failed
23:05:49.612 [main] INFO  JaguarDF - Test testCanonicalEmptyCollectionExists(org.apache.commons.collections4.map.UnmodifiableSortedMapTest) : Failed
23:14:47.682 [main] INFO  JaguarDF - Test testFullQueueCompatibility(org.apache.commons.collections4.queue.CircularFifoQueueTest) : Failed
23:14:50.357 [main] INFO  JaguarDF - Test testEmptyQueueCompatibility(org.apache.commons.collections4.queue.CircularFifoQueueTest) : Failed
23:15:02.582 [main] INFO  JaguarDF - Test testCanonicalFullCollectionExists(org.apache.commons.collections4.queue.CircularFifoQueueTest) : Failed
23:15:03.640 [main] INFO  JaguarDF - Test testCanonicalEmptyCollectionExists(org.apache.commons.collections4.queue.CircularFifoQueueTest) : Failed
23:15:07.324 [main] INFO  JaguarDF - Test testFullQueueCompatibility(org.apache.commons.collections4.queue.PredicatedQueueTest) : Failed
23:15:09.949 [main] INFO  JaguarDF - Test testEmptyQueueCompatibility(org.apache.commons.collections4.queue.PredicatedQueueTest) : Failed
23:15:22.096 [main] INFO  JaguarDF - Test testCanonicalFullCollectionExists(org.apache.commons.collections4.queue.PredicatedQueueTest) : Failed
23:15:23.145 [main] INFO  JaguarDF - Test testCanonicalEmptyCollectionExists(org.apache.commons.collections4.queue.PredicatedQueueTest) : Failed
23:15:26.855 [main] INFO  JaguarDF - Test testFullQueueCompatibility(org.apache.commons.collections4.queue.TransformedQueueTest) : Failed
23:15:29.499 [main] INFO  JaguarDF - Test testEmptyQueueCompatibility(org.apache.commons.collections4.queue.TransformedQueueTest) : Failed
23:15:41.975 [main] INFO  JaguarDF - Test testCanonicalFullCollectionExists(org.apache.commons.collections4.queue.TransformedQueueTest) : Failed
23:15:43.018 [main] INFO  JaguarDF - Test testCanonicalEmptyCollectionExists(org.apache.commons.collections4.queue.TransformedQueueTest) : Failed
23:15:46.799 [main] INFO  JaguarDF - Test testFullQueueCompatibility(org.apache.commons.collections4.queue.UnmodifiableQueueTest) : Failed
23:15:49.462 [main] INFO  JaguarDF - Test testEmptyQueueCompatibility(org.apache.commons.collections4.queue.UnmodifiableQueueTest) : Failed
23:16:01.695 [main] INFO  JaguarDF - Test testCanonicalFullCollectionExists(org.apache.commons.collections4.queue.UnmodifiableQueueTest) : Failed
23:16:02.745 [main] INFO  JaguarDF - Test testCanonicalEmptyCollectionExists(org.apache.commons.collections4.queue.UnmodifiableQueueTest) : Failed
23:16:22.120 [main] INFO  JaguarDF - Test testCanonicalFullCollectionExists(org.apache.commons.collections4.set.CompositeSetTest) : Failed
23:16:23.179 [main] INFO  JaguarDF - Test testCanonicalEmptyCollectionExists(org.apache.commons.collections4.set.CompositeSetTest) : Failed
23:16:38.614 [main] INFO  JaguarDF - Test testCanonicalFullCollectionExists(org.apache.commons.collections4.set.ListOrderedSet2Test) : Failed
23:16:39.682 [main] INFO  JaguarDF - Test testCanonicalEmptyCollectionExists(org.apache.commons.collections4.set.ListOrderedSet2Test) : Failed
23:16:57.305 [main] INFO  JaguarDF - Test testCanonicalFullCollectionExists(org.apache.commons.collections4.set.ListOrderedSetTest) : Failed
23:16:58.424 [main] INFO  JaguarDF - Test testCanonicalEmptyCollectionExists(org.apache.commons.collections4.set.ListOrderedSetTest) : Failed
23:17:27.874 [main] INFO  JaguarDF - Test testCanonicalFullCollectionExists(org.apache.commons.collections4.set.MapBackedSetTest) : Failed
23:17:28.935 [main] INFO  JaguarDF - Test testCanonicalEmptyCollectionExists(org.apache.commons.collections4.set.MapBackedSetTest) : Failed
23:19:17.416 [main] INFO  JaguarDF - Test testCanonicalEmptyCollectionExists(org.apache.commons.collections4.set.PredicatedNavigableSetTest) : Failed
23:19:17.953 [main] INFO  JaguarDF - Test testCanonicalFullCollectionExists(org.apache.commons.collections4.set.PredicatedNavigableSetTest) : Failed
23:19:31.774 [main] INFO  JaguarDF - Test testCanonicalFullCollectionExists(org.apache.commons.collections4.set.PredicatedSetTest) : Failed
23:19:32.846 [main] INFO  JaguarDF - Test testCanonicalEmptyCollectionExists(org.apache.commons.collections4.set.PredicatedSetTest) : Failed
23:20:36.285 [main] INFO  JaguarDF - Test testCanonicalEmptyCollectionExists(org.apache.commons.collections4.set.PredicatedSortedSetTest) : Failed
23:20:36.842 [main] INFO  JaguarDF - Test testCanonicalFullCollectionExists(org.apache.commons.collections4.set.PredicatedSortedSetTest) : Failed
23:22:21.936 [main] INFO  JaguarDF - Test testCanonicalEmptyCollectionExists(org.apache.commons.collections4.set.TransformedNavigableSetTest) : Failed
23:22:22.468 [main] INFO  JaguarDF - Test testCanonicalFullCollectionExists(org.apache.commons.collections4.set.TransformedNavigableSetTest) : Failed
23:22:35.774 [main] INFO  JaguarDF - Test testCanonicalFullCollectionExists(org.apache.commons.collections4.set.TransformedSetTest) : Failed
23:22:36.842 [main] INFO  JaguarDF - Test testCanonicalEmptyCollectionExists(org.apache.commons.collections4.set.TransformedSetTest) : Failed
23:23:38.706 [main] INFO  JaguarDF - Test testCanonicalEmptyCollectionExists(org.apache.commons.collections4.set.TransformedSortedSetTest) : Failed
23:23:39.238 [main] INFO  JaguarDF - Test testCanonicalFullCollectionExists(org.apache.commons.collections4.set.TransformedSortedSetTest) : Failed
23:25:25.674 [main] INFO  JaguarDF - Test testCanonicalEmptyCollectionExists(org.apache.commons.collections4.set.UnmodifiableNavigableSetTest) : Failed
23:25:26.206 [main] INFO  JaguarDF - Test testCanonicalFullCollectionExists(org.apache.commons.collections4.set.UnmodifiableNavigableSetTest) : Failed
23:25:41.647 [main] INFO  JaguarDF - Test testCanonicalEmptyCollectionExists(org.apache.commons.collections4.set.UnmodifiableSetTest) : Failed
23:25:42.183 [main] INFO  JaguarDF - Test testCanonicalFullCollectionExists(org.apache.commons.collections4.set.UnmodifiableSetTest) : Failed
23:26:43.098 [main] INFO  JaguarDF - Test testCanonicalEmptyCollectionExists(org.apache.commons.collections4.set.UnmodifiableSortedSetTest) : Failed
23:26:43.648 [main] INFO  JaguarDF - Test testCanonicalFullCollectionExists(org.apache.commons.collections4.set.UnmodifiableSortedSetTest) : Failed
23:26:44.179 [main] INFO  JaguarDF - Test testFullMap(org.apache.commons.collections4.splitmap.TransformedSplitMapTest) : Failed
23:26:45.780 [main] INFO  JaguarDF - Test testEmptyMap(org.apache.commons.collections4.splitmap.TransformedSplitMapTest) : Failed
23:27:14.981 [main] INFO  JaguarDF - Test testEmptyMapCompatibility(org.apache.commons.collections4.trie.PatriciaTrie2Test) : Failed
23:27:15.521 [main] INFO  JaguarDF - Test testFullMapCompatibility(org.apache.commons.collections4.trie.PatriciaTrie2Test) : Failed
23:28:19.186 [main] INFO  JaguarDF - Test testCanonicalEmptyCollectionExists(org.apache.commons.collections4.trie.PatriciaTrie2Test) : Failed
23:28:19.725 [main] INFO  JaguarDF - Test testCanonicalFullCollectionExists(org.apache.commons.collections4.trie.PatriciaTrie2Test) : Failed
23:32:16.384 [main] INFO  JaguarDF - Test testEmptyMapCompatibility(org.apache.commons.collections4.trie.PatriciaTrieTest) : Failed
23:32:16.929 [main] INFO  JaguarDF - Test testFullMapCompatibility(org.apache.commons.collections4.trie.PatriciaTrieTest) : Failed
23:33:22.409 [main] INFO  JaguarDF - Test testCanonicalEmptyCollectionExists(org.apache.commons.collections4.trie.PatriciaTrieTest) : Failed
23:33:22.965 [main] INFO  JaguarDF - Test testCanonicalFullCollectionExists(org.apache.commons.collections4.trie.PatriciaTrieTest) : Failed
23:37:18.281 [main] INFO  JaguarDF - Test testEmptyMapCompatibility(org.apache.commons.collections4.trie.UnmodifiableTrieTest) : Failed
23:37:18.832 [main] INFO  JaguarDF - Test testFullMapCompatibility(org.apache.commons.collections4.trie.UnmodifiableTrieTest) : Failed
23:38:24.235 [main] INFO  JaguarDF - Test testCanonicalEmptyCollectionExists(org.apache.commons.collections4.trie.UnmodifiableTrieTest) : Failed
23:38:24.795 [main] INFO  JaguarDF - Test testCanonicalFullCollectionExists(org.apache.commons.collections4.trie.UnmodifiableTrieTest) : Failed
23:38:25.340 [main] INFO  JaguarDF - Jaguar-DF has finished!

real	106m7.754s
user	97m28.124s
sys	11m45.568s
