04:52:02.962 [main] INFO  JaguarDF - Welcome to Jaguar-DF CLI!
04:52:03.062 [main] DEBUG JaguarDF - CLI Arguments: [--projectDir, d4jprojects/commons-compress, --classesDir, target/classes, --testsDir, target/test-classes, --tests, tests.out, --logLevel, INFO]
04:52:29.819 [main] INFO  JaguarDF - Test skipsPK00Prefix(org.apache.commons.compress.archivers.ArchiveStreamFactoryTest) : Failed
04:52:31.671 [main] INFO  JaguarDF - Test aiffFilesAreNoTARs(org.apache.commons.compress.archivers.ArchiveStreamFactoryTest) : Failed
04:52:33.043 [main] INFO  JaguarDF - Test detectsAndThrowsFor7z(org.apache.commons.compress.archivers.ArchiveStreamFactoryTest) : Failed
04:52:33.463 [main] INFO  JaguarDF - Test testCOMPRESS209(org.apache.commons.compress.archivers.ArchiveStreamFactoryTest) : Failed
04:55:02.044 [main] INFO  JaguarDF - Test testArchiveWithImplodeCompression4K2Trees(org.apache.commons.compress.archivers.zip.ExplodeSupportTest) : Failed
04:55:02.711 [main] INFO  JaguarDF - Test testZipStreamWithImplodeCompression8K3Trees(org.apache.commons.compress.archivers.zip.ExplodeSupportTest) : Failed
04:55:03.292 [main] INFO  JaguarDF - Test testTikaTestArchive(org.apache.commons.compress.archivers.zip.ExplodeSupportTest) : Failed
04:55:03.870 [main] INFO  JaguarDF - Test testArchiveWithImplodeCompression8K3Trees(org.apache.commons.compress.archivers.zip.ExplodeSupportTest) : Failed
04:55:04.454 [main] INFO  JaguarDF - Test testZipStreamWithImplodeCompression4K2Trees(org.apache.commons.compress.archivers.zip.ExplodeSupportTest) : Failed
04:55:05.033 [main] INFO  JaguarDF - Test testTikaTestStream(org.apache.commons.compress.archivers.zip.ExplodeSupportTest) : Failed
04:55:12.924 [main] INFO  JaguarDF - Test testJUZTimes(org.apache.commons.compress.archivers.zip.Java9ZipEntryTimeTest) : Failed
04:55:30.833 [main] INFO  JaguarDF - Test testGettersSetters(org.apache.commons.compress.archivers.zip.X5455_ExtendedTimestampTest) : Failed
test.txt written, uncompressed bytes: 369, compressed bytes: 53 after 8ms
bla.tar written, uncompressed bytes: 10240, compressed bytes: 971 after 5ms
COMPRESS-256.7z written, uncompressed bytes: 4069842, compressed bytes: 4068310 after 295ms
bigChunkTest written, uncompressed bytes: 131072, compressed bytes: 131130 after 8ms
XZTestCase: HeapMax=3817865216 bytes 3641.0 MB
Attempt to read the whole thing in, should throw ...
Configuration: default
COMPRESS-256.7z written, uncompressed bytes: 4069842, compressed bytes: 4082684 after 534ms
COMPRESS-256.7z.block.lz4 read after 26ms
Configuration: default
lorem-ipsum.txt.gz written, uncompressed bytes: 38080, compressed bytes: 38231 after 2ms
lorem-ipsum.txt.gz.block.lz4 read after 1ms
Configuration: default
bla.tar written, uncompressed bytes: 10240, compressed bytes: 594 after 4ms
bla.tar.block.lz4 read after 1ms
Configuration: tuned for speed
COMPRESS-256.7z written, uncompressed bytes: 4069842, compressed bytes: 4082689 after 384ms
COMPRESS-256.7z.block.lz4 read after 23ms
Configuration: tuned for speed
lorem-ipsum.txt.gz written, uncompressed bytes: 38080, compressed bytes: 38231 after 3ms
lorem-ipsum.txt.gz.block.lz4 read after 0ms
Configuration: tuned for speed
bla.tar written, uncompressed bytes: 10240, compressed bytes: 600 after 3ms
bla.tar.block.lz4 read after 0ms
Configuration: tuned for compression ratio
COMPRESS-256.7z written, uncompressed bytes: 4069842, compressed bytes: 4082684 after 472ms
COMPRESS-256.7z.block.lz4 read after 23ms
Configuration: tuned for compression ratio
lorem-ipsum.txt.gz written, uncompressed bytes: 38080, compressed bytes: 38231 after 3ms
lorem-ipsum.txt.gz.block.lz4 read after 0ms
Configuration: tuned for compression ratio
bla.tar written, uncompressed bytes: 10240, compressed bytes: 594 after 3ms
bla.tar.block.lz4 read after 0ms
bla.tar written, uncompressed bytes: 10240, compressed bytes: 594 after 2ms
bla.tar.lz4-block.lz4 read after 0ms
bla.tar written, uncompressed bytes: 10240, compressed bytes: 610 after 4ms
bla.tar.lz4-framed.lz4 read after 1ms
COMPRESS-256.7z written, uncompressed bytes: 4069842, compressed bytes: 4068227 after 260ms
COMPRESS-256.7z.framed.lz4 read after 10ms
lorem-ipsum.txt.gz written, uncompressed bytes: 38080, compressed bytes: 38099 after 2ms
lorem-ipsum.txt.gz.framed.lz4 read after 1ms
bla.tar written, uncompressed bytes: 10240, compressed bytes: 610 after 1ms
bla.tar.framed.lz4 read after 1ms
COMPRESS-256.7z written, uncompressed bytes: 4069842, compressed bytes: 4068760 after 369ms
COMPRESS-256.7z.framed.lz4 read after 9ms
lorem-ipsum.txt.gz written, uncompressed bytes: 38080, compressed bytes: 38099 after 3ms
lorem-ipsum.txt.gz.framed.lz4 read after 0ms
bla.tar written, uncompressed bytes: 10240, compressed bytes: 610 after 0ms
bla.tar.framed.lz4 read after 1ms
COMPRESS-256.7z written, uncompressed bytes: 4069842, compressed bytes: 4069873 after 445ms
COMPRESS-256.7z.framed.lz4 read after 10ms
lorem-ipsum.txt.gz written, uncompressed bytes: 38080, compressed bytes: 38099 after 2ms
lorem-ipsum.txt.gz.framed.lz4 read after 0ms
bla.tar written, uncompressed bytes: 10240, compressed bytes: 610 after 1ms
bla.tar.framed.lz4 read after 1ms
COMPRESS-256.7z written, uncompressed bytes: 4069842, compressed bytes: 4069861 after 435ms
COMPRESS-256.7z.framed.lz4 read after 12ms
lorem-ipsum.txt.gz written, uncompressed bytes: 38080, compressed bytes: 38099 after 3ms
lorem-ipsum.txt.gz.framed.lz4 read after 0ms
bla.tar written, uncompressed bytes: 10240, compressed bytes: 610 after 1ms
bla.tar.framed.lz4 read after 1ms
COMPRESS-256.7z written, uncompressed bytes: 4069842, compressed bytes: 4069857 after 434ms
COMPRESS-256.7z.framed.lz4 read after 6ms
lorem-ipsum.txt.gz written, uncompressed bytes: 38080, compressed bytes: 38095 after 4ms
lorem-ipsum.txt.gz.framed.lz4 read after 0ms
bla.tar written, uncompressed bytes: 10240, compressed bytes: 606 after 1ms
bla.tar.framed.lz4 read after 0ms
COMPRESS-256.7z written, uncompressed bytes: 4069842, compressed bytes: 4069865 after 459ms
COMPRESS-256.7z.framed.lz4 read after 12ms
lorem-ipsum.txt.gz written, uncompressed bytes: 38080, compressed bytes: 38103 after 3ms
lorem-ipsum.txt.gz.framed.lz4 read after 0ms
bla.tar written, uncompressed bytes: 10240, compressed bytes: 614 after 1ms
bla.tar.framed.lz4 read after 1ms
COMPRESS-256.7z written, uncompressed bytes: 4069842, compressed bytes: 4068221 after 443ms
COMPRESS-256.7z.framed.lz4 read after 15ms
lorem-ipsum.txt.gz written, uncompressed bytes: 38080, compressed bytes: 38099 after 2ms
lorem-ipsum.txt.gz.framed.lz4 read after 1ms
bla.tar written, uncompressed bytes: 10240, compressed bytes: 610 after 1ms
bla.tar.framed.lz4 read after 0ms
COMPRESS-256.7z written, uncompressed bytes: 4069842, compressed bytes: 4069861 after 281ms
COMPRESS-256.7z.framed.lz4 read after 9ms
lorem-ipsum.txt.gz written, uncompressed bytes: 38080, compressed bytes: 38099 after 3ms
lorem-ipsum.txt.gz.framed.lz4 read after 0ms
bla.tar written, uncompressed bytes: 10240, compressed bytes: 616 after 1ms
bla.tar.framed.lz4 read after 1ms
COMPRESS-256.7z written, uncompressed bytes: 4069842, compressed bytes: 4067498 after 344ms
COMPRESS-256.7z.raw.sz read after 11ms
Configuration: tuned for compression ratio
bla.tar written, uncompressed bytes: 10240, compressed bytes: 949 after 5ms
bla.tar.raw.sz read after 1ms
reallyBigLiteralTest written, uncompressed bytes: 524288, compressed bytes: 524314 after 44ms
reallyBigLiteralTest.raw.sz read after 1ms
reallyBigOffsetTest written, uncompressed bytes: 2097160, compressed bytes: 2097323 after 212ms
reallyBigOffsetTest.raw.sz read after 4ms
lorem-ipsum.txt.gz written, uncompressed bytes: 38080, compressed bytes: 38089 after 2ms
lorem-ipsum.txt.gz.raw.sz read after 0ms
Configuration: default
bla.tar written, uncompressed bytes: 10240, compressed bytes: 955 after 5ms
bla.tar.raw.sz read after 0ms
Configuration: tuned for speed
bla.tar written, uncompressed bytes: 10240, compressed bytes: 960 after 5ms
bla.tar.raw.sz read after 0ms
05:01:15.745 [main] INFO  JaguarDF - Jaguar-DF has finished!

real	9m13.600s
user	8m57.299s
sys	0m48.540s
