20:03:10.138 [main] INFO  JaguarDF - Welcome to Jaguar-DF CLI!
20:03:10.204 [main] DEBUG JaguarDF - CLI Arguments: [--projectDir, d4jprojects/commons-collections, --classesDir, target/classes, --testsDir, target/tests, --tests, tests.out, --logLevel, INFO]
20:03:15.406 [main] INFO  JaguarDF - Test testEmptyListCompatibility(org.apache.commons.collections4.ArrayStackTest) : Failed
20:03:15.493 [main] INFO  JaguarDF - Test testFullListCompatibility(org.apache.commons.collections4.ArrayStackTest) : Failed
20:03:26.276 [main] INFO  JaguarDF - Test testCanonicalEmptyCollectionExists(org.apache.commons.collections4.ArrayStackTest) : Failed
20:03:26.365 [main] INFO  JaguarDF - Test testCanonicalFullCollectionExists(org.apache.commons.collections4.ArrayStackTest) : Failed
20:04:40.263 [main] INFO  JaguarDF - Test testEmptyBagCompatibility(org.apache.commons.collections4.bag.CollectionBagTest) : Failed
20:04:40.537 [main] INFO  JaguarDF - Test testFullBagCompatibility(org.apache.commons.collections4.bag.CollectionBagTest) : Failed
20:04:46.271 [main] INFO  JaguarDF - Test testCanonicalFullCollectionExists(org.apache.commons.collections4.bag.CollectionBagTest) : Failed
20:04:46.835 [main] INFO  JaguarDF - Test testCanonicalEmptyCollectionExists(org.apache.commons.collections4.bag.CollectionBagTest) : Failed
20:04:47.978 [main] INFO  JaguarDF - Test testEmptyBagCompatibility(org.apache.commons.collections4.bag.CollectionSortedBagTest) : Failed
20:04:48.251 [main] INFO  JaguarDF - Test testFullBagCompatibility(org.apache.commons.collections4.bag.CollectionSortedBagTest) : Failed
20:04:54.119 [main] INFO  JaguarDF - Test testCanonicalFullCollectionExists(org.apache.commons.collections4.bag.CollectionSortedBagTest) : Failed
20:04:54.662 [main] INFO  JaguarDF - Test testCanonicalEmptyCollectionExists(org.apache.commons.collections4.bag.CollectionSortedBagTest) : Failed
20:04:55.756 [main] INFO  JaguarDF - Test testFullBagCompatibility(org.apache.commons.collections4.bag.HashBagTest) : Failed
20:04:56.028 [main] INFO  JaguarDF - Test testEmptyBagCompatibility(org.apache.commons.collections4.bag.HashBagTest) : Failed
20:05:15.637 [main] INFO  JaguarDF - Test testCanonicalEmptyCollectionExists(org.apache.commons.collections4.bag.HashBagTest) : Failed
20:05:15.919 [main] INFO  JaguarDF - Test testCanonicalFullCollectionExists(org.apache.commons.collections4.bag.HashBagTest) : Failed
20:05:17.026 [main] INFO  JaguarDF - Test testFullBagCompatibility(org.apache.commons.collections4.bag.PredicatedBagTest) : Failed
20:05:17.298 [main] INFO  JaguarDF - Test testEmptyBagCompatibility(org.apache.commons.collections4.bag.PredicatedBagTest) : Failed
20:05:36.952 [main] INFO  JaguarDF - Test testCanonicalEmptyCollectionExists(org.apache.commons.collections4.bag.PredicatedBagTest) : Failed
20:05:37.235 [main] INFO  JaguarDF - Test testCanonicalFullCollectionExists(org.apache.commons.collections4.bag.PredicatedBagTest) : Failed
20:05:38.100 [main] INFO  JaguarDF - Test testFullBagCompatibility(org.apache.commons.collections4.bag.PredicatedSortedBagTest) : Failed
20:05:38.376 [main] INFO  JaguarDF - Test testEmptyBagCompatibility(org.apache.commons.collections4.bag.PredicatedSortedBagTest) : Failed
20:05:58.187 [main] INFO  JaguarDF - Test testCanonicalEmptyCollectionExists(org.apache.commons.collections4.bag.PredicatedSortedBagTest) : Failed
20:05:58.461 [main] INFO  JaguarDF - Test testCanonicalFullCollectionExists(org.apache.commons.collections4.bag.PredicatedSortedBagTest) : Failed
20:05:58.743 [main] INFO  JaguarDF - Test testFullBagCompatibility(org.apache.commons.collections4.bag.SynchronizedBagTest) : Failed
20:05:59.029 [main] INFO  JaguarDF - Test testEmptyBagCompatibility(org.apache.commons.collections4.bag.SynchronizedBagTest) : Failed
20:06:18.855 [main] INFO  JaguarDF - Test testCanonicalEmptyCollectionExists(org.apache.commons.collections4.bag.SynchronizedBagTest) : Failed
20:06:19.132 [main] INFO  JaguarDF - Test testCanonicalFullCollectionExists(org.apache.commons.collections4.bag.SynchronizedBagTest) : Failed
20:06:19.960 [main] INFO  JaguarDF - Test testFullBagCompatibility(org.apache.commons.collections4.bag.TransformedBagTest) : Failed
20:06:20.239 [main] INFO  JaguarDF - Test testEmptyBagCompatibility(org.apache.commons.collections4.bag.TransformedBagTest) : Failed
20:06:40.067 [main] INFO  JaguarDF - Test testCanonicalEmptyCollectionExists(org.apache.commons.collections4.bag.TransformedBagTest) : Failed
20:06:40.345 [main] INFO  JaguarDF - Test testCanonicalFullCollectionExists(org.apache.commons.collections4.bag.TransformedBagTest) : Failed
20:06:41.172 [main] INFO  JaguarDF - Test testFullBagCompatibility(org.apache.commons.collections4.bag.TransformedSortedBagTest) : Failed
20:06:41.448 [main] INFO  JaguarDF - Test testEmptyBagCompatibility(org.apache.commons.collections4.bag.TransformedSortedBagTest) : Failed
20:07:01.453 [main] INFO  JaguarDF - Test testCanonicalEmptyCollectionExists(org.apache.commons.collections4.bag.TransformedSortedBagTest) : Failed
20:07:01.738 [main] INFO  JaguarDF - Test testCanonicalFullCollectionExists(org.apache.commons.collections4.bag.TransformedSortedBagTest) : Failed
20:07:02.853 [main] INFO  JaguarDF - Test testFullBagCompatibility(org.apache.commons.collections4.bag.TreeBagTest) : Failed
20:07:03.134 [main] INFO  JaguarDF - Test testEmptyBagCompatibility(org.apache.commons.collections4.bag.TreeBagTest) : Failed
20:07:23.032 [main] INFO  JaguarDF - Test testCanonicalEmptyCollectionExists(org.apache.commons.collections4.bag.TreeBagTest) : Failed
20:07:23.315 [main] INFO  JaguarDF - Test testCanonicalFullCollectionExists(org.apache.commons.collections4.bag.TreeBagTest) : Failed
20:07:24.155 [main] INFO  JaguarDF - Test testFullBagCompatibility(org.apache.commons.collections4.bag.UnmodifiableBagTest) : Failed
20:07:24.434 [main] INFO  JaguarDF - Test testEmptyBagCompatibility(org.apache.commons.collections4.bag.UnmodifiableBagTest) : Failed
20:07:44.349 [main] INFO  JaguarDF - Test testCanonicalEmptyCollectionExists(org.apache.commons.collections4.bag.UnmodifiableBagTest) : Failed
20:07:44.625 [main] INFO  JaguarDF - Test testCanonicalFullCollectionExists(org.apache.commons.collections4.bag.UnmodifiableBagTest) : Failed
20:07:45.455 [main] INFO  JaguarDF - Test testFullBagCompatibility(org.apache.commons.collections4.bag.UnmodifiableSortedBagTest) : Failed
20:07:45.733 [main] INFO  JaguarDF - Test testEmptyBagCompatibility(org.apache.commons.collections4.bag.UnmodifiableSortedBagTest) : Failed
20:08:05.913 [main] INFO  JaguarDF - Test testCanonicalEmptyCollectionExists(org.apache.commons.collections4.bag.UnmodifiableSortedBagTest) : Failed
20:08:06.190 [main] INFO  JaguarDF - Test testCanonicalFullCollectionExists(org.apache.commons.collections4.bag.UnmodifiableSortedBagTest) : Failed
20:08:44.453 [main] INFO  JaguarDF - Test testEmptyMapCompatibility(org.apache.commons.collections4.bidimap.AbstractBidiMapTest$TestInverseBidiMap) : Failed
20:08:44.735 [main] INFO  JaguarDF - Test testFullMapCompatibility(org.apache.commons.collections4.bidimap.AbstractBidiMapTest$TestInverseBidiMap) : Failed
20:09:10.226 [main] INFO  JaguarDF - Test testCanonicalEmptyCollectionExists(org.apache.commons.collections4.bidimap.AbstractBidiMapTest$TestInverseBidiMap) : Failed
20:09:10.512 [main] INFO  JaguarDF - Test testCanonicalFullCollectionExists(org.apache.commons.collections4.bidimap.AbstractBidiMapTest$TestInverseBidiMap) : Failed
20:09:24.885 [main] INFO  JaguarDF - Test testEmptyMapCompatibility(org.apache.commons.collections4.bidimap.DualHashBidiMapTest) : Failed
20:09:25.165 [main] INFO  JaguarDF - Test testFullMapCompatibility(org.apache.commons.collections4.bidimap.DualHashBidiMapTest) : Failed
20:09:50.613 [main] INFO  JaguarDF - Test testCanonicalEmptyCollectionExists(org.apache.commons.collections4.bidimap.DualHashBidiMapTest) : Failed
20:09:50.896 [main] INFO  JaguarDF - Test testCanonicalFullCollectionExists(org.apache.commons.collections4.bidimap.DualHashBidiMapTest) : Failed
20:10:29.700 [main] INFO  JaguarDF - Test testEmptyMapCompatibility(org.apache.commons.collections4.bidimap.AbstractBidiMapTest$TestInverseBidiMap) : Failed
20:10:30.025 [main] INFO  JaguarDF - Test testFullMapCompatibility(org.apache.commons.collections4.bidimap.AbstractBidiMapTest$TestInverseBidiMap) : Failed
20:10:55.100 [main] INFO  JaguarDF - Test testCanonicalEmptyCollectionExists(org.apache.commons.collections4.bidimap.AbstractBidiMapTest$TestInverseBidiMap) : Failed
20:10:55.383 [main] INFO  JaguarDF - Test testCanonicalFullCollectionExists(org.apache.commons.collections4.bidimap.AbstractBidiMapTest$TestInverseBidiMap) : Failed
20:11:09.780 [main] INFO  JaguarDF - Test testEmptyMapCompatibility(org.apache.commons.collections4.bidimap.DualLinkedHashBidiMapTest) : Failed
20:11:10.067 [main] INFO  JaguarDF - Test testFullMapCompatibility(org.apache.commons.collections4.bidimap.DualLinkedHashBidiMapTest) : Failed
20:11:35.018 [main] INFO  JaguarDF - Test testCanonicalEmptyCollectionExists(org.apache.commons.collections4.bidimap.DualLinkedHashBidiMapTest) : Failed
20:11:35.301 [main] INFO  JaguarDF - Test testCanonicalFullCollectionExists(org.apache.commons.collections4.bidimap.DualLinkedHashBidiMapTest) : Failed
20:14:23.749 [main] INFO  JaguarDF - Test testEmptyMapCompatibility(org.apache.commons.collections4.bidimap.AbstractBidiMapTest$TestInverseBidiMap) : Failed
20:14:24.041 [main] INFO  JaguarDF - Test testFullMapCompatibility(org.apache.commons.collections4.bidimap.AbstractBidiMapTest$TestInverseBidiMap) : Failed
20:14:49.567 [main] INFO  JaguarDF - Test testCanonicalEmptyCollectionExists(org.apache.commons.collections4.bidimap.AbstractBidiMapTest$TestInverseBidiMap) : Failed
20:14:49.898 [main] INFO  JaguarDF - Test testCanonicalFullCollectionExists(org.apache.commons.collections4.bidimap.AbstractBidiMapTest$TestInverseBidiMap) : Failed
20:15:04.567 [main] INFO  JaguarDF - Test testEmptyMapCompatibility(org.apache.commons.collections4.bidimap.DualTreeBidiMap2Test) : Failed
20:15:04.859 [main] INFO  JaguarDF - Test testFullMapCompatibility(org.apache.commons.collections4.bidimap.DualTreeBidiMap2Test) : Failed
20:15:30.401 [main] INFO  JaguarDF - Test testCanonicalEmptyCollectionExists(org.apache.commons.collections4.bidimap.DualTreeBidiMap2Test) : Failed
20:15:30.696 [main] INFO  JaguarDF - Test testCanonicalFullCollectionExists(org.apache.commons.collections4.bidimap.DualTreeBidiMap2Test) : Failed
20:18:19.762 [main] INFO  JaguarDF - Test testEmptyMapCompatibility(org.apache.commons.collections4.bidimap.AbstractBidiMapTest$TestInverseBidiMap) : Failed
20:18:20.054 [main] INFO  JaguarDF - Test testFullMapCompatibility(org.apache.commons.collections4.bidimap.AbstractBidiMapTest$TestInverseBidiMap) : Failed
20:18:46.044 [main] INFO  JaguarDF - Test testCanonicalEmptyCollectionExists(org.apache.commons.collections4.bidimap.AbstractBidiMapTest$TestInverseBidiMap) : Failed
20:18:46.335 [main] INFO  JaguarDF - Test testCanonicalFullCollectionExists(org.apache.commons.collections4.bidimap.AbstractBidiMapTest$TestInverseBidiMap) : Failed
20:19:01.195 [main] INFO  JaguarDF - Test testEmptyMapCompatibility(org.apache.commons.collections4.bidimap.DualTreeBidiMapTest) : Failed
20:19:01.492 [main] INFO  JaguarDF - Test testFullMapCompatibility(org.apache.commons.collections4.bidimap.DualTreeBidiMapTest) : Failed
20:19:27.058 [main] INFO  JaguarDF - Test testCanonicalEmptyCollectionExists(org.apache.commons.collections4.bidimap.DualTreeBidiMapTest) : Failed
20:19:27.348 [main] INFO  JaguarDF - Test testCanonicalFullCollectionExists(org.apache.commons.collections4.bidimap.DualTreeBidiMapTest) : Failed
20:21:04.932 [main] INFO  JaguarDF - Test testEmptyMapCompatibility(org.apache.commons.collections4.bidimap.TreeBidiMapTest) : Failed
20:21:05.270 [main] INFO  JaguarDF - Test testFullMapCompatibility(org.apache.commons.collections4.bidimap.TreeBidiMapTest) : Failed
20:21:34.119 [main] INFO  JaguarDF - Test testCanonicalEmptyCollectionExists(org.apache.commons.collections4.bidimap.TreeBidiMapTest) : Failed
20:21:34.449 [main] INFO  JaguarDF - Test testCanonicalFullCollectionExists(org.apache.commons.collections4.bidimap.TreeBidiMapTest) : Failed
20:30:27.484 [main] INFO  JaguarDF - Test testCanonicalFullCollectionExists(org.apache.commons.collections4.collection.CompositeCollectionTest) : Failed
20:30:28.166 [main] INFO  JaguarDF - Test testCanonicalEmptyCollectionExists(org.apache.commons.collections4.collection.CompositeCollectionTest) : Failed
20:30:49.111 [main] INFO  JaguarDF - Test testCanonicalFullCollectionExists(org.apache.commons.collections4.collection.PredicatedCollectionTest) : Failed
20:30:49.836 [main] INFO  JaguarDF - Test testCanonicalEmptyCollectionExists(org.apache.commons.collections4.collection.PredicatedCollectionTest) : Failed
20:30:58.080 [main] INFO  JaguarDF - Test testCanonicalFullCollectionExists(org.apache.commons.collections4.collection.SynchronizedCollectionTest) : Failed
20:30:58.766 [main] INFO  JaguarDF - Test testCanonicalEmptyCollectionExists(org.apache.commons.collections4.collection.SynchronizedCollectionTest) : Failed
20:31:07.722 [main] INFO  JaguarDF - Test testCanonicalFullCollectionExists(org.apache.commons.collections4.collection.TransformedCollectionTest) : Failed
20:31:08.405 [main] INFO  JaguarDF - Test testCanonicalEmptyCollectionExists(org.apache.commons.collections4.collection.TransformedCollectionTest) : Failed
20:31:26.859 [main] INFO  JaguarDF - Test testCanonicalFullCollectionExists(org.apache.commons.collections4.collection.UnmodifiableCollectionTest) : Failed
20:31:27.538 [main] INFO  JaguarDF - Test testCanonicalEmptyCollectionExists(org.apache.commons.collections4.collection.UnmodifiableCollectionTest) : Failed
20:31:30.976 [main] INFO  JaguarDF - Test testComparatorCompatibility(org.apache.commons.collections4.comparators.BooleanComparatorTest) : Failed
20:31:35.407 [main] INFO  JaguarDF - Test testComparatorCompatibility(org.apache.commons.collections4.comparators.ComparableComparatorTest) : Failed
20:31:41.521 [main] INFO  JaguarDF - Test testComparatorCompatibility(org.apache.commons.collections4.comparators.ComparatorChainTest) : Failed
20:31:48.100 [main] INFO  JaguarDF - Test testComparatorCompatibility(org.apache.commons.collections4.comparators.FixedOrderComparatorTest) : Failed
20:31:52.981 [main] INFO  JaguarDF - Test testComparatorCompatibility(org.apache.commons.collections4.comparators.ReverseComparatorTest) : Failed
20:31:57.508 [main] INFO  JaguarDF - Test testComparatorCompatibility(org.apache.commons.collections4.comparators.TransformingComparatorTest) : Failed
20:36:06.230 [main] INFO  JaguarDF - Test testEmptyListCompatibility(org.apache.commons.collections4.list.CursorableLinkedListTest) : Failed
20:36:06.613 [main] INFO  JaguarDF - Test testFullListCompatibility(org.apache.commons.collections4.list.CursorableLinkedListTest) : Failed
20:36:50.130 [main] INFO  JaguarDF - Test testCanonicalEmptyCollectionExists(org.apache.commons.collections4.list.CursorableLinkedListTest) : Failed
20:36:50.535 [main] INFO  JaguarDF - Test testCanonicalFullCollectionExists(org.apache.commons.collections4.list.CursorableLinkedListTest) : Failed
20:36:52.576 [main] INFO  JaguarDF - Test testEmptyListCompatibility(org.apache.commons.collections4.list.FixedSizeListTest) : Failed
20:37:02.043 [main] INFO  JaguarDF - Test testFullListCompatibility(org.apache.commons.collections4.list.FixedSizeListTest) : Failed
20:37:11.035 [main] INFO  JaguarDF - Test testCanonicalFullCollectionExists(org.apache.commons.collections4.list.FixedSizeListTest) : Failed
20:37:11.808 [main] INFO  JaguarDF - Test testCanonicalEmptyCollectionExists(org.apache.commons.collections4.list.FixedSizeListTest) : Failed
20:37:17.617 [main] INFO  JaguarDF - Test testEmptyListCompatibility(org.apache.commons.collections4.list.GrowthListTest) : Failed
20:37:25.765 [main] INFO  JaguarDF - Test testFullListCompatibility(org.apache.commons.collections4.list.GrowthListTest) : Failed
20:37:34.734 [main] INFO  JaguarDF - Test testCanonicalFullCollectionExists(org.apache.commons.collections4.list.GrowthListTest) : Failed
20:37:35.508 [main] INFO  JaguarDF - Test testCanonicalEmptyCollectionExists(org.apache.commons.collections4.list.GrowthListTest) : Failed
20:37:50.077 [main] INFO  JaguarDF - Test testEmptyListCompatibility(org.apache.commons.collections4.list.NodeCachingLinkedListTest) : Failed
20:37:50.467 [main] INFO  JaguarDF - Test testFullListCompatibility(org.apache.commons.collections4.list.NodeCachingLinkedListTest) : Failed
20:38:37.448 [main] INFO  JaguarDF - Test testCanonicalEmptyCollectionExists(org.apache.commons.collections4.list.NodeCachingLinkedListTest) : Failed
20:38:37.843 [main] INFO  JaguarDF - Test testCanonicalFullCollectionExists(org.apache.commons.collections4.list.NodeCachingLinkedListTest) : Failed
20:38:41.386 [main] INFO  JaguarDF - Test testEmptyListCompatibility(org.apache.commons.collections4.list.PredicatedListTest) : Failed
20:38:50.910 [main] INFO  JaguarDF - Test testFullListCompatibility(org.apache.commons.collections4.list.PredicatedListTest) : Failed
20:38:59.936 [main] INFO  JaguarDF - Test testCanonicalFullCollectionExists(org.apache.commons.collections4.list.PredicatedListTest) : Failed
20:39:00.731 [main] INFO  JaguarDF - Test testCanonicalEmptyCollectionExists(org.apache.commons.collections4.list.PredicatedListTest) : Failed
20:39:12.650 [main] INFO  JaguarDF - Test testEmptyListCompatibility(org.apache.commons.collections4.list.SetUniqueListTest) : Failed
20:39:21.018 [main] INFO  JaguarDF - Test testFullListCompatibility(org.apache.commons.collections4.list.SetUniqueListTest) : Failed
20:39:29.349 [main] INFO  JaguarDF - Test testCanonicalFullCollectionExists(org.apache.commons.collections4.list.SetUniqueListTest) : Failed
20:39:30.151 [main] INFO  JaguarDF - Test testCanonicalEmptyCollectionExists(org.apache.commons.collections4.list.SetUniqueListTest) : Failed
20:39:34.100 [main] INFO  JaguarDF - Test testEmptyListCompatibility(org.apache.commons.collections4.list.TransformedListTest) : Failed
20:39:43.757 [main] INFO  JaguarDF - Test testFullListCompatibility(org.apache.commons.collections4.list.TransformedListTest) : Failed
20:39:53.000 [main] INFO  JaguarDF - Test testCanonicalFullCollectionExists(org.apache.commons.collections4.list.TransformedListTest) : Failed
20:39:53.793 [main] INFO  JaguarDF - Test testCanonicalEmptyCollectionExists(org.apache.commons.collections4.list.TransformedListTest) : Failed
20:41:04.205 [main] INFO  JaguarDF - Test testEmptyListCompatibility(org.apache.commons.collections4.list.UnmodifiableListTest) : Failed
20:41:14.142 [main] INFO  JaguarDF - Test testFullListCompatibility(org.apache.commons.collections4.list.UnmodifiableListTest) : Failed
20:41:23.690 [main] INFO  JaguarDF - Test testCanonicalFullCollectionExists(org.apache.commons.collections4.list.UnmodifiableListTest) : Failed
20:41:24.539 [main] INFO  JaguarDF - Test testCanonicalEmptyCollectionExists(org.apache.commons.collections4.list.UnmodifiableListTest) : Failed
20:41:54.794 [main] INFO  JaguarDF - Test testEmptyMapCompatibility(org.apache.commons.collections4.map.CaseInsensitiveMapTest) : Failed
20:41:55.209 [main] INFO  JaguarDF - Test testFullMapCompatibility(org.apache.commons.collections4.map.CaseInsensitiveMapTest) : Failed
20:42:31.856 [main] INFO  JaguarDF - Test testCanonicalEmptyCollectionExists(org.apache.commons.collections4.map.CaseInsensitiveMapTest) : Failed
20:42:32.267 [main] INFO  JaguarDF - Test testCanonicalFullCollectionExists(org.apache.commons.collections4.map.CaseInsensitiveMapTest) : Failed
20:42:47.199 [main] INFO  JaguarDF - Test testEmptyMapCompatibility(org.apache.commons.collections4.map.CompositeMapTest) : Failed
20:42:48.066 [main] INFO  JaguarDF - Test testFullMapCompatibility(org.apache.commons.collections4.map.CompositeMapTest) : Failed
20:42:54.565 [main] INFO  JaguarDF - Test testCanonicalFullCollectionExists(org.apache.commons.collections4.map.CompositeMapTest) : Failed
20:42:55.417 [main] INFO  JaguarDF - Test testCanonicalEmptyCollectionExists(org.apache.commons.collections4.map.CompositeMapTest) : Failed
20:43:10.466 [main] INFO  JaguarDF - Test testEmptyMapCompatibility(org.apache.commons.collections4.map.DefaultedMapTest) : Failed
20:43:11.327 [main] INFO  JaguarDF - Test testFullMapCompatibility(org.apache.commons.collections4.map.DefaultedMapTest) : Failed
20:43:17.340 [main] INFO  JaguarDF - Test testCanonicalFullCollectionExists(org.apache.commons.collections4.map.DefaultedMapTest) : Failed
20:43:18.194 [main] INFO  JaguarDF - Test testCanonicalEmptyCollectionExists(org.apache.commons.collections4.map.DefaultedMapTest) : Failed
20:43:31.436 [main] INFO  JaguarDF - Test testEmptyMapCompatibility(org.apache.commons.collections4.map.FixedSizeMapTest) : Failed
20:43:32.312 [main] INFO  JaguarDF - Test testFullMapCompatibility(org.apache.commons.collections4.map.FixedSizeMapTest) : Failed
20:43:38.716 [main] INFO  JaguarDF - Test testCanonicalFullCollectionExists(org.apache.commons.collections4.map.FixedSizeMapTest) : Failed
20:43:39.571 [main] INFO  JaguarDF - Test testCanonicalEmptyCollectionExists(org.apache.commons.collections4.map.FixedSizeMapTest) : Failed
20:46:57.549 [main] INFO  JaguarDF - Test testEmptyMapCompatibility(org.apache.commons.collections4.map.FixedSizeSortedMapTest) : Failed
20:46:57.979 [main] INFO  JaguarDF - Test testFullMapCompatibility(org.apache.commons.collections4.map.FixedSizeSortedMapTest) : Failed
20:47:35.481 [main] INFO  JaguarDF - Test testCanonicalEmptyCollectionExists(org.apache.commons.collections4.map.FixedSizeSortedMapTest) : Failed
20:47:35.913 [main] INFO  JaguarDF - Test testCanonicalFullCollectionExists(org.apache.commons.collections4.map.FixedSizeSortedMapTest) : Failed
20:48:11.271 [main] INFO  JaguarDF - Test testEmptyMapCompatibility(org.apache.commons.collections4.map.Flat3MapTest) : Failed
20:48:11.718 [main] INFO  JaguarDF - Test testFullMapCompatibility(org.apache.commons.collections4.map.Flat3MapTest) : Failed
20:48:51.119 [main] INFO  JaguarDF - Test testCanonicalEmptyCollectionExists(org.apache.commons.collections4.map.Flat3MapTest) : Failed
20:48:51.568 [main] INFO  JaguarDF - Test testCanonicalFullCollectionExists(org.apache.commons.collections4.map.Flat3MapTest) : Failed
20:49:21.338 [main] INFO  JaguarDF - Test testEmptyMapCompatibility(org.apache.commons.collections4.map.HashedMapTest) : Failed
20:49:21.783 [main] INFO  JaguarDF - Test testFullMapCompatibility(org.apache.commons.collections4.map.HashedMapTest) : Failed
20:50:01.255 [main] INFO  JaguarDF - Test testCanonicalEmptyCollectionExists(org.apache.commons.collections4.map.HashedMapTest) : Failed
20:50:01.697 [main] INFO  JaguarDF - Test testCanonicalFullCollectionExists(org.apache.commons.collections4.map.HashedMapTest) : Failed
20:50:52.131 [main] INFO  JaguarDF - Test testEmptyMapCompatibility(org.apache.commons.collections4.map.LRUMapTest) : Failed
20:50:52.587 [main] INFO  JaguarDF - Test testFullMapCompatibility(org.apache.commons.collections4.map.LRUMapTest) : Failed
20:51:32.422 [main] INFO  JaguarDF - Test testCanonicalEmptyCollectionExists(org.apache.commons.collections4.map.LRUMapTest) : Failed
20:51:32.881 [main] INFO  JaguarDF - Test testCanonicalFullCollectionExists(org.apache.commons.collections4.map.LRUMapTest) : Failed
20:51:45.661 [main] INFO  JaguarDF - Test testEmptyMapCompatibility(org.apache.commons.collections4.map.LazyMapTest) : Failed
20:51:46.590 [main] INFO  JaguarDF - Test testFullMapCompatibility(org.apache.commons.collections4.map.LazyMapTest) : Failed
20:51:53.096 [main] INFO  JaguarDF - Test testCanonicalFullCollectionExists(org.apache.commons.collections4.map.LazyMapTest) : Failed
20:51:54.014 [main] INFO  JaguarDF - Test testCanonicalEmptyCollectionExists(org.apache.commons.collections4.map.LazyMapTest) : Failed
20:52:09.568 [main] INFO  JaguarDF - Test testEmptyMapCompatibility(org.apache.commons.collections4.map.LazySortedMapTest) : Failed
20:52:10.476 [main] INFO  JaguarDF - Test testFullMapCompatibility(org.apache.commons.collections4.map.LazySortedMapTest) : Failed
20:52:16.879 [main] INFO  JaguarDF - Test testCanonicalFullCollectionExists(org.apache.commons.collections4.map.LazySortedMapTest) : Failed
20:52:17.788 [main] INFO  JaguarDF - Test testCanonicalEmptyCollectionExists(org.apache.commons.collections4.map.LazySortedMapTest) : Failed
20:54:11.182 [main] INFO  JaguarDF - Test testEmptyMapCompatibility(org.apache.commons.collections4.map.LinkedMapTest) : Failed
20:54:11.639 [main] INFO  JaguarDF - Test testFullMapCompatibility(org.apache.commons.collections4.map.LinkedMapTest) : Failed
20:54:51.563 [main] INFO  JaguarDF - Test testCanonicalEmptyCollectionExists(org.apache.commons.collections4.map.LinkedMapTest) : Failed
20:54:52.027 [main] INFO  JaguarDF - Test testCanonicalFullCollectionExists(org.apache.commons.collections4.map.LinkedMapTest) : Failed
20:56:41.569 [main] INFO  JaguarDF - Test testEmptyMapCompatibility(org.apache.commons.collections4.map.ListOrderedMap2Test) : Failed
20:56:42.029 [main] INFO  JaguarDF - Test testFullMapCompatibility(org.apache.commons.collections4.map.ListOrderedMap2Test) : Failed
20:57:22.048 [main] INFO  JaguarDF - Test testCanonicalEmptyCollectionExists(org.apache.commons.collections4.map.ListOrderedMap2Test) : Failed
20:57:22.512 [main] INFO  JaguarDF - Test testCanonicalFullCollectionExists(org.apache.commons.collections4.map.ListOrderedMap2Test) : Failed
21:00:27.065 [main] INFO  JaguarDF - Test testEmptyMapCompatibility(org.apache.commons.collections4.map.ListOrderedMapTest) : Failed
21:00:27.519 [main] INFO  JaguarDF - Test testFullMapCompatibility(org.apache.commons.collections4.map.ListOrderedMapTest) : Failed
21:01:07.943 [main] INFO  JaguarDF - Test testCanonicalEmptyCollectionExists(org.apache.commons.collections4.map.ListOrderedMapTest) : Failed
21:01:08.405 [main] INFO  JaguarDF - Test testCanonicalFullCollectionExists(org.apache.commons.collections4.map.ListOrderedMapTest) : Failed
21:01:44.134 [main] INFO  JaguarDF - Test testEmptyMapCompatibility(org.apache.commons.collections4.map.MultiKeyMapTest) : Failed
21:01:44.602 [main] INFO  JaguarDF - Test testFullMapCompatibility(org.apache.commons.collections4.map.MultiKeyMapTest) : Failed
21:02:26.273 [main] INFO  JaguarDF - Test testCanonicalEmptyCollectionExists(org.apache.commons.collections4.map.MultiKeyMapTest) : Failed
21:02:26.741 [main] INFO  JaguarDF - Test testCanonicalFullCollectionExists(org.apache.commons.collections4.map.MultiKeyMapTest) : Failed
21:02:28.151 [main] INFO  JaguarDF - Test testUnsafeDeSerialization(org.apache.commons.collections4.map.MultiValueMapTest) : Failed
21:02:34.409 [main] INFO  JaguarDF - Test testEmptyMapCompatibility(org.apache.commons.collections4.map.MultiValueMapTest) : Failed
21:02:36.314 [main] INFO  JaguarDF - Test testFullMapCompatibility(org.apache.commons.collections4.map.MultiValueMapTest) : Failed
21:02:41.055 [main] INFO  JaguarDF - Test testCanonicalFullCollectionExists(org.apache.commons.collections4.map.MultiValueMapTest) : Failed
21:02:41.996 [main] INFO  JaguarDF - Test testCanonicalEmptyCollectionExists(org.apache.commons.collections4.map.MultiValueMapTest) : Failed
21:03:16.558 [main] INFO  JaguarDF - Test testEmptyMapCompatibility(org.apache.commons.collections4.map.PassiveExpiringMapTest) : Failed
21:03:17.035 [main] INFO  JaguarDF - Test testFullMapCompatibility(org.apache.commons.collections4.map.PassiveExpiringMapTest) : Failed
21:03:58.959 [main] INFO  JaguarDF - Test testCanonicalEmptyCollectionExists(org.apache.commons.collections4.map.PassiveExpiringMapTest) : Failed
21:03:59.433 [main] INFO  JaguarDF - Test testCanonicalFullCollectionExists(org.apache.commons.collections4.map.PassiveExpiringMapTest) : Failed
21:04:13.459 [main] INFO  JaguarDF - Test testEmptyMapCompatibility(org.apache.commons.collections4.map.PredicatedMapTest) : Failed
21:04:14.416 [main] INFO  JaguarDF - Test testFullMapCompatibility(org.apache.commons.collections4.map.PredicatedMapTest) : Failed
21:04:21.599 [main] INFO  JaguarDF - Test testCanonicalFullCollectionExists(org.apache.commons.collections4.map.PredicatedMapTest) : Failed
21:04:22.553 [main] INFO  JaguarDF - Test testCanonicalEmptyCollectionExists(org.apache.commons.collections4.map.PredicatedMapTest) : Failed
21:04:38.875 [main] INFO  JaguarDF - Test testEmptyMapCompatibility(org.apache.commons.collections4.map.PredicatedSortedMapTest) : Failed
21:04:39.829 [main] INFO  JaguarDF - Test testFullMapCompatibility(org.apache.commons.collections4.map.PredicatedSortedMapTest) : Failed
21:04:47.048 [main] INFO  JaguarDF - Test testCanonicalFullCollectionExists(org.apache.commons.collections4.map.PredicatedSortedMapTest) : Failed
21:04:48.028 [main] INFO  JaguarDF - Test testCanonicalEmptyCollectionExists(org.apache.commons.collections4.map.PredicatedSortedMapTest) : Failed
21:05:22.896 [main] INFO  JaguarDF - Test testEmptyMapCompatibility(org.apache.commons.collections4.map.ReferenceIdentityMapTest) : Failed
21:05:23.398 [main] INFO  JaguarDF - Test testFullMapCompatibility(org.apache.commons.collections4.map.ReferenceIdentityMapTest) : Failed
21:06:06.452 [main] INFO  JaguarDF - Test testCanonicalEmptyCollectionExists(org.apache.commons.collections4.map.ReferenceIdentityMapTest) : Failed
21:06:06.937 [main] INFO  JaguarDF - Test testCanonicalFullCollectionExists(org.apache.commons.collections4.map.ReferenceIdentityMapTest) : Failed
21:06:39.042 [main] INFO  JaguarDF - Test testEmptyMapCompatibility(org.apache.commons.collections4.map.ReferenceMapTest) : Failed
21:06:39.532 [main] INFO  JaguarDF - Test testFullMapCompatibility(org.apache.commons.collections4.map.ReferenceMapTest) : Failed
21:07:22.648 [main] INFO  JaguarDF - Test testCanonicalEmptyCollectionExists(org.apache.commons.collections4.map.ReferenceMapTest) : Failed
21:07:23.146 [main] INFO  JaguarDF - Test testCanonicalFullCollectionExists(org.apache.commons.collections4.map.ReferenceMapTest) : Failed
21:08:06.076 [main] INFO  JaguarDF - Test testEmptyMapCompatibility(org.apache.commons.collections4.map.SingletonMapTest) : Failed
21:08:06.577 [main] INFO  JaguarDF - Test testFullMapCompatibility(org.apache.commons.collections4.map.SingletonMapTest) : Failed
21:08:49.709 [main] INFO  JaguarDF - Test testCanonicalEmptyCollectionExists(org.apache.commons.collections4.map.SingletonMapTest) : Failed
21:08:50.212 [main] INFO  JaguarDF - Test testCanonicalFullCollectionExists(org.apache.commons.collections4.map.SingletonMapTest) : Failed
21:10:22.771 [main] INFO  JaguarDF - Test testEmptyMapCompatibility(org.apache.commons.collections4.map.TransformedMapTest) : Failed
21:10:23.799 [main] INFO  JaguarDF - Test testFullMapCompatibility(org.apache.commons.collections4.map.TransformedMapTest) : Failed
21:10:31.490 [main] INFO  JaguarDF - Test testCanonicalFullCollectionExists(org.apache.commons.collections4.map.TransformedMapTest) : Failed
21:10:32.499 [main] INFO  JaguarDF - Test testCanonicalEmptyCollectionExists(org.apache.commons.collections4.map.TransformedMapTest) : Failed
21:14:27.829 [main] INFO  JaguarDF - Test testEmptyMapCompatibility(org.apache.commons.collections4.map.TransformedSortedMapTest) : Failed
21:14:28.344 [main] INFO  JaguarDF - Test testFullMapCompatibility(org.apache.commons.collections4.map.TransformedSortedMapTest) : Failed
21:15:13.202 [main] INFO  JaguarDF - Test testCanonicalEmptyCollectionExists(org.apache.commons.collections4.map.TransformedSortedMapTest) : Failed
21:15:13.730 [main] INFO  JaguarDF - Test testCanonicalFullCollectionExists(org.apache.commons.collections4.map.TransformedSortedMapTest) : Failed
21:15:28.493 [main] INFO  JaguarDF - Test testEmptyMapCompatibility(org.apache.commons.collections4.map.UnmodifiableMapTest) : Failed
21:15:29.508 [main] INFO  JaguarDF - Test testFullMapCompatibility(org.apache.commons.collections4.map.UnmodifiableMapTest) : Failed
21:15:37.352 [main] INFO  JaguarDF - Test testCanonicalFullCollectionExists(org.apache.commons.collections4.map.UnmodifiableMapTest) : Failed
21:15:38.369 [main] INFO  JaguarDF - Test testCanonicalEmptyCollectionExists(org.apache.commons.collections4.map.UnmodifiableMapTest) : Failed
21:15:57.559 [main] INFO  JaguarDF - Test testEmptyMapCompatibility(org.apache.commons.collections4.map.UnmodifiableOrderedMapTest) : Failed
21:15:58.578 [main] INFO  JaguarDF - Test testFullMapCompatibility(org.apache.commons.collections4.map.UnmodifiableOrderedMapTest) : Failed
21:16:06.279 [main] INFO  JaguarDF - Test testCanonicalFullCollectionExists(org.apache.commons.collections4.map.UnmodifiableOrderedMapTest) : Failed
21:16:07.288 [main] INFO  JaguarDF - Test testCanonicalEmptyCollectionExists(org.apache.commons.collections4.map.UnmodifiableOrderedMapTest) : Failed
21:16:24.183 [main] INFO  JaguarDF - Test testEmptyMapCompatibility(org.apache.commons.collections4.map.UnmodifiableSortedMapTest) : Failed
21:16:25.202 [main] INFO  JaguarDF - Test testFullMapCompatibility(org.apache.commons.collections4.map.UnmodifiableSortedMapTest) : Failed
21:16:32.828 [main] INFO  JaguarDF - Test testCanonicalFullCollectionExists(org.apache.commons.collections4.map.UnmodifiableSortedMapTest) : Failed
21:16:33.853 [main] INFO  JaguarDF - Test testCanonicalEmptyCollectionExists(org.apache.commons.collections4.map.UnmodifiableSortedMapTest) : Failed
21:25:31.411 [main] INFO  JaguarDF - Test testFullQueueCompatibility(org.apache.commons.collections4.queue.CircularFifoQueueTest) : Failed
21:25:34.023 [main] INFO  JaguarDF - Test testEmptyQueueCompatibility(org.apache.commons.collections4.queue.CircularFifoQueueTest) : Failed
21:25:46.113 [main] INFO  JaguarDF - Test testCanonicalFullCollectionExists(org.apache.commons.collections4.queue.CircularFifoQueueTest) : Failed
21:25:47.182 [main] INFO  JaguarDF - Test testCanonicalEmptyCollectionExists(org.apache.commons.collections4.queue.CircularFifoQueueTest) : Failed
21:25:50.951 [main] INFO  JaguarDF - Test testFullQueueCompatibility(org.apache.commons.collections4.queue.PredicatedQueueTest) : Failed
21:25:53.605 [main] INFO  JaguarDF - Test testEmptyQueueCompatibility(org.apache.commons.collections4.queue.PredicatedQueueTest) : Failed
21:26:05.866 [main] INFO  JaguarDF - Test testCanonicalFullCollectionExists(org.apache.commons.collections4.queue.PredicatedQueueTest) : Failed
21:26:06.902 [main] INFO  JaguarDF - Test testCanonicalEmptyCollectionExists(org.apache.commons.collections4.queue.PredicatedQueueTest) : Failed
21:26:10.573 [main] INFO  JaguarDF - Test testFullQueueCompatibility(org.apache.commons.collections4.queue.TransformedQueueTest) : Failed
21:26:13.196 [main] INFO  JaguarDF - Test testEmptyQueueCompatibility(org.apache.commons.collections4.queue.TransformedQueueTest) : Failed
21:26:25.368 [main] INFO  JaguarDF - Test testCanonicalFullCollectionExists(org.apache.commons.collections4.queue.TransformedQueueTest) : Failed
21:26:26.420 [main] INFO  JaguarDF - Test testCanonicalEmptyCollectionExists(org.apache.commons.collections4.queue.TransformedQueueTest) : Failed
21:26:30.078 [main] INFO  JaguarDF - Test testFullQueueCompatibility(org.apache.commons.collections4.queue.UnmodifiableQueueTest) : Failed
21:26:32.734 [main] INFO  JaguarDF - Test testEmptyQueueCompatibility(org.apache.commons.collections4.queue.UnmodifiableQueueTest) : Failed
21:26:44.894 [main] INFO  JaguarDF - Test testCanonicalFullCollectionExists(org.apache.commons.collections4.queue.UnmodifiableQueueTest) : Failed
21:26:45.942 [main] INFO  JaguarDF - Test testCanonicalEmptyCollectionExists(org.apache.commons.collections4.queue.UnmodifiableQueueTest) : Failed
21:27:05.440 [main] INFO  JaguarDF - Test testCanonicalFullCollectionExists(org.apache.commons.collections4.set.CompositeSetTest) : Failed
21:27:06.484 [main] INFO  JaguarDF - Test testCanonicalEmptyCollectionExists(org.apache.commons.collections4.set.CompositeSetTest) : Failed
21:27:21.819 [main] INFO  JaguarDF - Test testCanonicalFullCollectionExists(org.apache.commons.collections4.set.ListOrderedSet2Test) : Failed
21:27:22.926 [main] INFO  JaguarDF - Test testCanonicalEmptyCollectionExists(org.apache.commons.collections4.set.ListOrderedSet2Test) : Failed
21:27:40.681 [main] INFO  JaguarDF - Test testCanonicalFullCollectionExists(org.apache.commons.collections4.set.ListOrderedSetTest) : Failed
21:27:41.741 [main] INFO  JaguarDF - Test testCanonicalEmptyCollectionExists(org.apache.commons.collections4.set.ListOrderedSetTest) : Failed
21:28:11.395 [main] INFO  JaguarDF - Test testCanonicalFullCollectionExists(org.apache.commons.collections4.set.MapBackedSetTest) : Failed
21:28:12.451 [main] INFO  JaguarDF - Test testCanonicalEmptyCollectionExists(org.apache.commons.collections4.set.MapBackedSetTest) : Failed
21:30:00.335 [main] INFO  JaguarDF - Test testCanonicalEmptyCollectionExists(org.apache.commons.collections4.set.PredicatedNavigableSetTest) : Failed
21:30:00.859 [main] INFO  JaguarDF - Test testCanonicalFullCollectionExists(org.apache.commons.collections4.set.PredicatedNavigableSetTest) : Failed
21:30:14.787 [main] INFO  JaguarDF - Test testCanonicalFullCollectionExists(org.apache.commons.collections4.set.PredicatedSetTest) : Failed
21:30:15.853 [main] INFO  JaguarDF - Test testCanonicalEmptyCollectionExists(org.apache.commons.collections4.set.PredicatedSetTest) : Failed
21:31:18.939 [main] INFO  JaguarDF - Test testCanonicalEmptyCollectionExists(org.apache.commons.collections4.set.PredicatedSortedSetTest) : Failed
21:31:19.469 [main] INFO  JaguarDF - Test testCanonicalFullCollectionExists(org.apache.commons.collections4.set.PredicatedSortedSetTest) : Failed
21:33:04.848 [main] INFO  JaguarDF - Test testCanonicalEmptyCollectionExists(org.apache.commons.collections4.set.TransformedNavigableSetTest) : Failed
21:33:05.370 [main] INFO  JaguarDF - Test testCanonicalFullCollectionExists(org.apache.commons.collections4.set.TransformedNavigableSetTest) : Failed
21:33:18.610 [main] INFO  JaguarDF - Test testCanonicalFullCollectionExists(org.apache.commons.collections4.set.TransformedSetTest) : Failed
21:33:19.677 [main] INFO  JaguarDF - Test testCanonicalEmptyCollectionExists(org.apache.commons.collections4.set.TransformedSetTest) : Failed
21:34:21.459 [main] INFO  JaguarDF - Test testCanonicalEmptyCollectionExists(org.apache.commons.collections4.set.TransformedSortedSetTest) : Failed
21:34:22.070 [main] INFO  JaguarDF - Test testCanonicalFullCollectionExists(org.apache.commons.collections4.set.TransformedSortedSetTest) : Failed
21:36:08.180 [main] INFO  JaguarDF - Test testCanonicalEmptyCollectionExists(org.apache.commons.collections4.set.UnmodifiableNavigableSetTest) : Failed
21:36:08.707 [main] INFO  JaguarDF - Test testCanonicalFullCollectionExists(org.apache.commons.collections4.set.UnmodifiableNavigableSetTest) : Failed
21:36:24.087 [main] INFO  JaguarDF - Test testCanonicalEmptyCollectionExists(org.apache.commons.collections4.set.UnmodifiableSetTest) : Failed
21:36:24.616 [main] INFO  JaguarDF - Test testCanonicalFullCollectionExists(org.apache.commons.collections4.set.UnmodifiableSetTest) : Failed
21:37:26.005 [main] INFO  JaguarDF - Test testCanonicalEmptyCollectionExists(org.apache.commons.collections4.set.UnmodifiableSortedSetTest) : Failed
21:37:26.535 [main] INFO  JaguarDF - Test testCanonicalFullCollectionExists(org.apache.commons.collections4.set.UnmodifiableSortedSetTest) : Failed
21:37:27.063 [main] INFO  JaguarDF - Test testFullMap(org.apache.commons.collections4.splitmap.TransformedSplitMapTest) : Failed
21:37:28.647 [main] INFO  JaguarDF - Test testEmptyMap(org.apache.commons.collections4.splitmap.TransformedSplitMapTest) : Failed
21:38:14.494 [main] INFO  JaguarDF - Test testEmptyMapCompatibility(org.apache.commons.collections4.trie.PatriciaTrie2Test) : Failed
21:38:15.031 [main] INFO  JaguarDF - Test testFullMapCompatibility(org.apache.commons.collections4.trie.PatriciaTrie2Test) : Failed
21:39:01.902 [main] INFO  JaguarDF - Test testCanonicalEmptyCollectionExists(org.apache.commons.collections4.trie.PatriciaTrie2Test) : Failed
21:39:02.439 [main] INFO  JaguarDF - Test testCanonicalFullCollectionExists(org.apache.commons.collections4.trie.PatriciaTrie2Test) : Failed
21:43:15.683 [main] INFO  JaguarDF - Test testEmptyMapCompatibility(org.apache.commons.collections4.trie.PatriciaTrieTest) : Failed
21:43:16.223 [main] INFO  JaguarDF - Test testFullMapCompatibility(org.apache.commons.collections4.trie.PatriciaTrieTest) : Failed
21:44:04.152 [main] INFO  JaguarDF - Test testCanonicalEmptyCollectionExists(org.apache.commons.collections4.trie.PatriciaTrieTest) : Failed
21:44:04.725 [main] INFO  JaguarDF - Test testCanonicalFullCollectionExists(org.apache.commons.collections4.trie.PatriciaTrieTest) : Failed
21:48:16.356 [main] INFO  JaguarDF - Test testEmptyMapCompatibility(org.apache.commons.collections4.trie.UnmodifiableTrieTest) : Failed
21:48:16.908 [main] INFO  JaguarDF - Test testFullMapCompatibility(org.apache.commons.collections4.trie.UnmodifiableTrieTest) : Failed
21:49:04.976 [main] INFO  JaguarDF - Test testCanonicalEmptyCollectionExists(org.apache.commons.collections4.trie.UnmodifiableTrieTest) : Failed
21:49:05.518 [main] INFO  JaguarDF - Test testCanonicalFullCollectionExists(org.apache.commons.collections4.trie.UnmodifiableTrieTest) : Failed
21:49:06.069 [main] INFO  JaguarDF - Jaguar-DF has finished!

real	105m56.444s
user	97m13.422s
sys	11m43.710s
