20:44:58.900 [main] INFO  JaguarDF - Welcome to Jaguar-DF CLI!
20:44:58.994 [main] DEBUG JaguarDF - CLI Arguments: [--projectDir, d4jprojects/commons-compress, --classesDir, target/classes, --testsDir, target/test-classes, --tests, tests.out, --logLevel, INFO]
20:45:11.753 [main] INFO  JaguarDF - Test skipsPK00Prefix(org.apache.commons.compress.archivers.ArchiveStreamFactoryTest) : Failed
20:45:12.039 [main] INFO  JaguarDF - Test aiffFilesAreNoTARs(org.apache.commons.compress.archivers.ArchiveStreamFactoryTest) : Failed
20:45:12.625 [main] INFO  JaguarDF - Test testCOMPRESS209(org.apache.commons.compress.archivers.ArchiveStreamFactoryTest) : Failed
20:46:42.078 [main] INFO  JaguarDF - Test testArchiveWithImplodeCompression4K2Trees(org.apache.commons.compress.archivers.zip.ExplodeSupportTest) : Failed
20:46:42.590 [main] INFO  JaguarDF - Test testZipStreamWithImplodeCompression8K3Trees(org.apache.commons.compress.archivers.zip.ExplodeSupportTest) : Failed
20:46:43.089 [main] INFO  JaguarDF - Test testTikaTestArchive(org.apache.commons.compress.archivers.zip.ExplodeSupportTest) : Failed
20:46:43.591 [main] INFO  JaguarDF - Test testArchiveWithImplodeCompression8K3Trees(org.apache.commons.compress.archivers.zip.ExplodeSupportTest) : Failed
Cleaning up unclosed ZipFile for archive /Users/mario.concilio/workspace/ppgsi_docker/target/test-classes/archives/imploding-4Kdict-2trees.zip
Cleaning up unclosed ZipFile for archive /Users/mario.concilio/workspace/ppgsi_docker/target/test-classes/archives/imploding-8Kdict-3trees.zip
Cleaning up unclosed ZipFile for archive /Users/mario.concilio/workspace/ppgsi_docker/target/test-classes/moby-imploded.zip
20:46:44.109 [main] INFO  JaguarDF - Test testZipStreamWithImplodeCompression4K2Trees(org.apache.commons.compress.archivers.zip.ExplodeSupportTest) : Failed
20:46:44.645 [main] INFO  JaguarDF - Test testTikaTestStream(org.apache.commons.compress.archivers.zip.ExplodeSupportTest) : Failed
XZTestCase: HeapMax=3817865216 bytes 3641.0 MB
20:48:26.670 [main] INFO  JaguarDF - Test testPartialReadTruncatedData(org.apache.commons.compress.compressors.bzip2.PythonTruncatedBzip2Test) : Failed
Attempt to read the whole thing in, should throw ...
20:48:38.255 [main] INFO  JaguarDF - Jaguar-DF has finished!

real	3m40.231s
user	3m43.569s
sys	0m16.051s
