19:44:42.010 [main] INFO  JaguarDF - Welcome to Jaguar-DF CLI!
19:44:42.078 [main] DEBUG JaguarDF - CLI Arguments: [--projectDir, d4jprojects/commons-compress, --classesDir, target/classes, --testsDir, target/test-classes, --tests, tests.out, --logLevel, INFO]
19:44:44.681 [main] INFO  JaguarDF - Test testReadAr(org.apache.commons.compress.IOMethodsTest) : Failed
19:44:44.831 [main] INFO  JaguarDF - Test testReadCpio(org.apache.commons.compress.IOMethodsTest) : Failed
19:44:44.996 [main] INFO  JaguarDF - Test testReadJar(org.apache.commons.compress.IOMethodsTest) : Failed
19:44:45.127 [main] INFO  JaguarDF - Test testReadTar(org.apache.commons.compress.IOMethodsTest) : Failed
19:44:45.265 [main] INFO  JaguarDF - Test testReadZip(org.apache.commons.compress.IOMethodsTest) : Failed
19:44:45.400 [main] INFO  JaguarDF - Test testArUnarchive(org.apache.commons.compress.archivers.ArTestCase) : Failed
19:44:45.544 [main] INFO  JaguarDF - Test testArDelete(org.apache.commons.compress.archivers.ArTestCase) : Failed
19:44:45.680 [main] INFO  JaguarDF - Test testArArchiveCreation(org.apache.commons.compress.archivers.ArTestCase) : Failed
19:44:45.810 [main] INFO  JaguarDF - Test testFinish(org.apache.commons.compress.archivers.ArchiveOutputStreamTest) : Failed
19:44:45.943 [main] INFO  JaguarDF - Test testCpioArchiveCreation(org.apache.commons.compress.archivers.CpioTestCase) : Failed
19:44:46.061 [main] INFO  JaguarDF - Test testCpioUnarchive(org.apache.commons.compress.archivers.CpioTestCase) : Failed
19:44:46.175 [main] INFO  JaguarDF - Test testJarArchiveCreation(org.apache.commons.compress.archivers.JarTestCase) : Failed
19:44:46.296 [main] INFO  JaguarDF - Test testJarUnarchive(org.apache.commons.compress.archivers.JarTestCase) : Failed
19:44:46.402 [main] INFO  JaguarDF - Test testJarUnarchiveAll(org.apache.commons.compress.archivers.JarTestCase) : Failed
19:44:46.508 [main] INFO  JaguarDF - Test testTarArchiveCreation(org.apache.commons.compress.archivers.TarTestCase) : Failed
19:44:46.610 [main] INFO  JaguarDF - Test testTarArchiveLongNameCreation(org.apache.commons.compress.archivers.TarTestCase) : Failed
19:44:46.715 [main] INFO  JaguarDF - Test testTarUnarchive(org.apache.commons.compress.archivers.TarTestCase) : Failed
19:44:46.816 [main] INFO  JaguarDF - Test testZipArchiveCreation(org.apache.commons.compress.archivers.ZipTestCase) : Failed
19:44:46.916 [main] INFO  JaguarDF - Test testZipUnarchive(org.apache.commons.compress.archivers.ZipTestCase) : Failed
19:44:47.013 [main] INFO  JaguarDF - Test testListAllFilesWithNestedArchive(org.apache.commons.compress.archivers.ZipTestCase) : Failed
19:44:47.110 [main] INFO  JaguarDF - Test testCpioUnarchive(org.apache.commons.compress.archivers.cpio.CpioArchiveInputStreamTest) : Failed
19:44:51.273 [main] INFO  JaguarDF - Test testUtf8Interoperability(org.apache.commons.compress.archivers.zip.UTF8ZipFilesTest) : Failed
19:44:53.392 [main] INFO  JaguarDF - Test testAddChangeTwiceWithoutReplace(org.apache.commons.compress.changes.ChangeSetTestCase) : Failed
19:44:53.536 [main] INFO  JaguarDF - Test testDeleteDir(org.apache.commons.compress.changes.ChangeSetTestCase) : Failed
19:44:53.655 [main] INFO  JaguarDF - Test testDeleteDir2(org.apache.commons.compress.changes.ChangeSetTestCase) : Failed
19:44:53.773 [main] INFO  JaguarDF - Test testDeleteDir3(org.apache.commons.compress.changes.ChangeSetTestCase) : Failed
19:44:53.891 [main] INFO  JaguarDF - Test testDeleteFile(org.apache.commons.compress.changes.ChangeSetTestCase) : Failed
19:44:54.008 [main] INFO  JaguarDF - Test testDeleteFile2(org.apache.commons.compress.changes.ChangeSetTestCase) : Failed
19:44:54.129 [main] INFO  JaguarDF - Test testDeletePlusAddSame(org.apache.commons.compress.changes.ChangeSetTestCase) : Failed
19:44:54.248 [main] INFO  JaguarDF - Test testChangeSetResults(org.apache.commons.compress.changes.ChangeSetTestCase) : Failed
19:44:54.367 [main] INFO  JaguarDF - Test testDeletePlusAdd(org.apache.commons.compress.changes.ChangeSetTestCase) : Failed
19:44:54.486 [main] INFO  JaguarDF - Test testDeleteFromAndAddToZip(org.apache.commons.compress.changes.ChangeSetTestCase) : Failed
19:44:54.606 [main] INFO  JaguarDF - Test testAddDeleteAdd(org.apache.commons.compress.changes.ChangeSetTestCase) : Failed
19:44:54.724 [main] INFO  JaguarDF - Test testDeleteAddDelete(org.apache.commons.compress.changes.ChangeSetTestCase) : Failed
19:44:54.846 [main] INFO  JaguarDF - Test testDeleteFromZip(org.apache.commons.compress.changes.ChangeSetTestCase) : Failed
19:44:54.968 [main] INFO  JaguarDF - Test testDeleteFromTar(org.apache.commons.compress.changes.ChangeSetTestCase) : Failed
19:44:55.088 [main] INFO  JaguarDF - Test testDeleteFromJar(org.apache.commons.compress.changes.ChangeSetTestCase) : Failed
19:44:55.207 [main] INFO  JaguarDF - Test testDeleteFromAndAddToTar(org.apache.commons.compress.changes.ChangeSetTestCase) : Failed
19:44:55.327 [main] INFO  JaguarDF - Test testDeleteFromAndAddToJar(org.apache.commons.compress.changes.ChangeSetTestCase) : Failed
19:44:55.452 [main] INFO  JaguarDF - Test testDeleteFromAr(org.apache.commons.compress.changes.ChangeSetTestCase) : Failed
19:44:55.571 [main] INFO  JaguarDF - Test testDeleteFromAndAddToAr(org.apache.commons.compress.changes.ChangeSetTestCase) : Failed
19:44:55.927 [main] INFO  JaguarDF - Test testAddToEmptyArchive(org.apache.commons.compress.changes.ChangeSetTestCase) : Failed
19:44:56.045 [main] INFO  JaguarDF - Test testDeleteAddToOneFileArchive(org.apache.commons.compress.changes.ChangeSetTestCase) : Failed
19:44:56.167 [main] INFO  JaguarDF - Test testAddDeleteToOneFileArchive(org.apache.commons.compress.changes.ChangeSetTestCase) : Failed
19:44:56.285 [main] INFO  JaguarDF - Test testAddAllreadyExistingWithReplaceTrue(org.apache.commons.compress.changes.ChangeSetTestCase) : Failed
19:44:56.403 [main] INFO  JaguarDF - Test testAddAllreadyExistingWithReplaceFalse(org.apache.commons.compress.changes.ChangeSetTestCase) : Failed
19:44:56.525 [main] INFO  JaguarDF - Test testAddChangeTwice(org.apache.commons.compress.changes.ChangeSetTestCase) : Failed
19:44:56.723 [main] INFO  JaguarDF - Test testBzipCreation(org.apache.commons.compress.compressors.BZip2TestCase) : Failed
19:44:56.943 [main] INFO  JaguarDF - Test testBzip2Unarchive(org.apache.commons.compress.compressors.BZip2TestCase) : Failed
19:44:57.157 [main] INFO  JaguarDF - Test testGzipUnarchive(org.apache.commons.compress.compressors.GZipTestCase) : Failed
19:44:57.359 [main] INFO  JaguarDF - Test testGzipCreation(org.apache.commons.compress.compressors.GZipTestCase) : Failed
19:44:58.155 [main] INFO  JaguarDF - Jaguar-DF has finished!

real	0m16.715s
user	0m32.666s
sys	0m2.334s
