05:13:09.002 [main] INFO  JaguarDF - Welcome to Jaguar-DF CLI!
05:13:09.088 [main] DEBUG JaguarDF - CLI Arguments: [--projectDir, d4jprojects/commons-compress, --classesDir, target/classes, --testsDir, target/test-classes, --tests, tests.out, --logLevel, INFO]
05:13:36.555 [main] INFO  JaguarDF - Test skipsPK00Prefix(org.apache.commons.compress.archivers.ArchiveStreamFactoryTest) : Failed
05:13:38.181 [main] INFO  JaguarDF - Test aiffFilesAreNoTARs(org.apache.commons.compress.archivers.ArchiveStreamFactoryTest) : Failed
05:13:39.395 [main] INFO  JaguarDF - Test detectsAndThrowsFor7z(org.apache.commons.compress.archivers.ArchiveStreamFactoryTest) : Failed
05:13:39.808 [main] INFO  JaguarDF - Test testCOMPRESS209(org.apache.commons.compress.archivers.ArchiveStreamFactoryTest) : Failed
Analysing /dev/null/not-there
/dev/null/not-there doesn't exist or is a directory
05:16:19.624 [main] INFO  JaguarDF - Test testArchiveWithImplodeCompression4K2Trees(org.apache.commons.compress.archivers.zip.ExplodeSupportTest) : Failed
05:16:20.895 [main] INFO  JaguarDF - Test testZipStreamWithImplodeCompression8K3Trees(org.apache.commons.compress.archivers.zip.ExplodeSupportTest) : Failed
05:16:21.507 [main] INFO  JaguarDF - Test testTikaTestArchive(org.apache.commons.compress.archivers.zip.ExplodeSupportTest) : Failed
05:16:22.139 [main] INFO  JaguarDF - Test testArchiveWithImplodeCompression8K3Trees(org.apache.commons.compress.archivers.zip.ExplodeSupportTest) : Failed
05:16:22.770 [main] INFO  JaguarDF - Test testZipStreamWithImplodeCompression4K2Trees(org.apache.commons.compress.archivers.zip.ExplodeSupportTest) : Failed
05:16:23.392 [main] INFO  JaguarDF - Test testTikaTestStream(org.apache.commons.compress.archivers.zip.ExplodeSupportTest) : Failed
05:17:22.532 [main] INFO  JaguarDF - Test properlyMarksEntriesAsUnreadableIfUncompressedSizeIsUnknown(org.apache.commons.compress.archivers.zip.ZipArchiveInputStreamTest) : Failed
test.txt written, uncompressed bytes: 369, compressed bytes: 53 after 10ms
bla.tar written, uncompressed bytes: 10240, compressed bytes: 971 after 5ms
COMPRESS-256.7z written, uncompressed bytes: 4069842, compressed bytes: 4068310 after 282ms
bigChunkTest written, uncompressed bytes: 131072, compressed bytes: 131127 after 12ms
XZTestCase: HeapMax=3817865216 bytes 3641.0 MB
Attempt to read the whole thing in, should throw ...
Configuration: default
COMPRESS-256.7z written, uncompressed bytes: 4069842, compressed bytes: 4082684 after 505ms
COMPRESS-256.7z.block.lz4 read after 24ms
Configuration: default
lorem-ipsum.txt.gz written, uncompressed bytes: 38080, compressed bytes: 38231 after 5ms
lorem-ipsum.txt.gz.block.lz4 read after 0ms
Configuration: default
bla.tar written, uncompressed bytes: 10240, compressed bytes: 594 after 3ms
bla.tar.block.lz4 read after 1ms
Configuration: tuned for speed
COMPRESS-256.7z written, uncompressed bytes: 4069842, compressed bytes: 4082689 after 395ms
COMPRESS-256.7z.block.lz4 read after 23ms
Configuration: tuned for speed
lorem-ipsum.txt.gz written, uncompressed bytes: 38080, compressed bytes: 38231 after 3ms
lorem-ipsum.txt.gz.block.lz4 read after 0ms
Configuration: tuned for speed
bla.tar written, uncompressed bytes: 10240, compressed bytes: 600 after 2ms
bla.tar.block.lz4 read after 0ms
Configuration: tuned for compression ratio
COMPRESS-256.7z written, uncompressed bytes: 4069842, compressed bytes: 4082684 after 487ms
COMPRESS-256.7z.block.lz4 read after 23ms
Configuration: tuned for compression ratio
lorem-ipsum.txt.gz written, uncompressed bytes: 38080, compressed bytes: 38231 after 3ms
lorem-ipsum.txt.gz.block.lz4 read after 0ms
Configuration: tuned for compression ratio
bla.tar written, uncompressed bytes: 10240, compressed bytes: 594 after 3ms
bla.tar.block.lz4 read after 0ms
bla.tar written, uncompressed bytes: 10240, compressed bytes: 594 after 2ms
bla.tar.lz4-block.lz4 read after 1ms
bla.tar written, uncompressed bytes: 10240, compressed bytes: 610 after 4ms
bla.tar.lz4-framed.lz4 read after 2ms
COMPRESS-256.7z written, uncompressed bytes: 4069842, compressed bytes: 0 after 268ms
COMPRESS-256.7z.framed.lz4 read after 7ms
lorem-ipsum.txt.gz written, uncompressed bytes: 38080, compressed bytes: 0 after 2ms
lorem-ipsum.txt.gz.framed.lz4 read after 1ms
bla.tar written, uncompressed bytes: 10240, compressed bytes: 0 after 0ms
bla.tar.framed.lz4 read after 0ms
COMPRESS-256.7z written, uncompressed bytes: 4069842, compressed bytes: 0 after 380ms
COMPRESS-256.7z.framed.lz4 read after 6ms
lorem-ipsum.txt.gz written, uncompressed bytes: 38080, compressed bytes: 0 after 2ms
lorem-ipsum.txt.gz.framed.lz4 read after 0ms
bla.tar written, uncompressed bytes: 10240, compressed bytes: 0 after 1ms
bla.tar.framed.lz4 read after 0ms
COMPRESS-256.7z written, uncompressed bytes: 4069842, compressed bytes: 0 after 432ms
COMPRESS-256.7z.framed.lz4 read after 7ms
lorem-ipsum.txt.gz written, uncompressed bytes: 38080, compressed bytes: 0 after 2ms
lorem-ipsum.txt.gz.framed.lz4 read after 0ms
bla.tar written, uncompressed bytes: 10240, compressed bytes: 0 after 1ms
bla.tar.framed.lz4 read after 0ms
COMPRESS-256.7z written, uncompressed bytes: 4069842, compressed bytes: 0 after 464ms
COMPRESS-256.7z.framed.lz4 read after 6ms
lorem-ipsum.txt.gz written, uncompressed bytes: 38080, compressed bytes: 0 after 2ms
lorem-ipsum.txt.gz.framed.lz4 read after 0ms
bla.tar written, uncompressed bytes: 10240, compressed bytes: 0 after 1ms
bla.tar.framed.lz4 read after 0ms
COMPRESS-256.7z written, uncompressed bytes: 4069842, compressed bytes: 0 after 450ms
COMPRESS-256.7z.framed.lz4 read after 4ms
lorem-ipsum.txt.gz written, uncompressed bytes: 38080, compressed bytes: 0 after 3ms
lorem-ipsum.txt.gz.framed.lz4 read after 0ms
bla.tar written, uncompressed bytes: 10240, compressed bytes: 0 after 1ms
bla.tar.framed.lz4 read after 0ms
COMPRESS-256.7z written, uncompressed bytes: 4069842, compressed bytes: 0 after 424ms
COMPRESS-256.7z.framed.lz4 read after 10ms
lorem-ipsum.txt.gz written, uncompressed bytes: 38080, compressed bytes: 0 after 2ms
lorem-ipsum.txt.gz.framed.lz4 read after 0ms
bla.tar written, uncompressed bytes: 10240, compressed bytes: 0 after 1ms
bla.tar.framed.lz4 read after 1ms
COMPRESS-256.7z written, uncompressed bytes: 4069842, compressed bytes: 0 after 469ms
COMPRESS-256.7z.framed.lz4 read after 10ms
lorem-ipsum.txt.gz written, uncompressed bytes: 38080, compressed bytes: 0 after 2ms
lorem-ipsum.txt.gz.framed.lz4 read after 0ms
bla.tar written, uncompressed bytes: 10240, compressed bytes: 0 after 0ms
bla.tar.framed.lz4 read after 1ms
COMPRESS-256.7z written, uncompressed bytes: 4069842, compressed bytes: 0 after 435ms
COMPRESS-256.7z.framed.lz4 read after 9ms
lorem-ipsum.txt.gz written, uncompressed bytes: 38080, compressed bytes: 0 after 2ms
lorem-ipsum.txt.gz.framed.lz4 read after 0ms
bla.tar written, uncompressed bytes: 10240, compressed bytes: 0 after 1ms
bla.tar.framed.lz4 read after 0ms
COMPRESS-256.7z written, uncompressed bytes: 4069842, compressed bytes: 4067498 after 320ms
COMPRESS-256.7z.raw.sz read after 11ms
Configuration: tuned for compression ratio
bla.tar written, uncompressed bytes: 10240, compressed bytes: 949 after 5ms
bla.tar.raw.sz read after 1ms
reallyBigLiteralTest written, uncompressed bytes: 524288, compressed bytes: 524314 after 38ms
reallyBigLiteralTest.raw.sz read after 1ms
byte array written, uncompressed bytes: 2097160, compressed bytes: 2097300 after 222ms
byte array read after 3ms
lorem-ipsum.txt.gz written, uncompressed bytes: 38080, compressed bytes: 38089 after 3ms
lorem-ipsum.txt.gz.raw.sz read after 0ms
Configuration: default
bla.tar written, uncompressed bytes: 10240, compressed bytes: 955 after 4ms
bla.tar.raw.sz read after 1ms
Configuration: tuned for speed
bla.tar written, uncompressed bytes: 10240, compressed bytes: 960 after 5ms
bla.tar.raw.sz read after 1ms
bla.tar written, uncompressed bytes: 10240, compressed bytes: 469 after 4ms
bla.tar.zstd read after 0ms
05:23:23.655 [main] INFO  JaguarDF - Jaguar-DF has finished!

real	10m15.587s
user	9m56.041s
sys	0m49.501s
