21:02:06.675 [main] INFO  JaguarDF - Welcome to Jaguar-DF CLI!
21:02:06.777 [main] DEBUG JaguarDF - CLI Arguments: [--projectDir, d4jprojects/commons-compress, --classesDir, target/classes, --testsDir, target/test-classes, --tests, tests.out, --logLevel, INFO]
21:02:19.984 [main] INFO  JaguarDF - Test skipsPK00Prefix(org.apache.commons.compress.archivers.ArchiveStreamFactoryTest) : Failed
21:02:20.284 [main] INFO  JaguarDF - Test aiffFilesAreNoTARs(org.apache.commons.compress.archivers.ArchiveStreamFactoryTest) : Failed
21:02:20.880 [main] INFO  JaguarDF - Test testCOMPRESS209(org.apache.commons.compress.archivers.ArchiveStreamFactoryTest) : Failed
21:03:39.493 [main] INFO  JaguarDF - Test testParseOctal(org.apache.commons.compress.archivers.tar.TarUtilsTest) : Failed
21:03:54.322 [main] INFO  JaguarDF - Test testArchiveWithImplodeCompression4K2Trees(org.apache.commons.compress.archivers.zip.ExplodeSupportTest) : Failed
21:03:54.863 [main] INFO  JaguarDF - Test testZipStreamWithImplodeCompression8K3Trees(org.apache.commons.compress.archivers.zip.ExplodeSupportTest) : Failed
21:03:55.446 [main] INFO  JaguarDF - Test testTikaTestArchive(org.apache.commons.compress.archivers.zip.ExplodeSupportTest) : Failed
21:03:55.941 [main] INFO  JaguarDF - Test testArchiveWithImplodeCompression8K3Trees(org.apache.commons.compress.archivers.zip.ExplodeSupportTest) : Failed
21:03:56.441 [main] INFO  JaguarDF - Test testZipStreamWithImplodeCompression4K2Trees(org.apache.commons.compress.archivers.zip.ExplodeSupportTest) : Failed
Cleaning up unclosed ZipFile for archive /Users/mario.concilio/workspace/ppgsi_docker/target/test-classes/archives/imploding-4Kdict-2trees.zip
Cleaning up unclosed ZipFile for archive /Users/mario.concilio/workspace/ppgsi_docker/target/test-classes/moby-imploded.zip
Cleaning up unclosed ZipFile for archive /Users/mario.concilio/workspace/ppgsi_docker/target/test-classes/archives/imploding-8Kdict-3trees.zip
21:03:57.088 [main] INFO  JaguarDF - Test testTikaTestStream(org.apache.commons.compress.archivers.zip.ExplodeSupportTest) : Failed
XZTestCase: HeapMax=3817865216 bytes 3641.0 MB
Attempt to read the whole thing in, should throw ...
21:05:51.270 [main] INFO  JaguarDF - Jaguar-DF has finished!

real	3m45.484s
user	3m53.296s
sys	0m16.591s
