Analyzing output/commons-compress/43f/jaguar
org.apache.commons.compress.archivers.sevenz.SevenZFile
- BA-DUA covered: 1113, Jaguar covered: 1109
org.apache.commons.compress.archivers.zip.ZipFile
- BA-DUA covered: 300, Jaguar covered: 298
org.apache.commons.compress.archivers.zip.ScatterZipOutputStream
- BA-DUA covered: 19, Jaguar covered: 16
org.apache.commons.compress.archivers.arj.ArjArchiveInputStream
- BA-DUA covered: 152, Jaguar covered: 149
org.apache.commons.compress.archivers.cpio.CpioArchiveInputStream
- BA-DUA covered: 298, Jaguar covered: 289
org.apache.commons.compress.compressors.lz4.FramedLZ4CompressorOutputStream
- BA-DUA covered: 172, Jaguar covered: 171
org.apache.commons.compress.compressors.snappy.FramedSnappyCompressorOutputStream
- BA-DUA covered: 44, Jaguar covered: 43
org.apache.commons.compress.compressors.pack200.Pack200Utils
- BA-DUA covered: 19, Jaguar covered: 16
org.apache.commons.compress.compressors.pack200.Pack200CompressorOutputStream
- BA-DUA covered: 20, Jaguar covered: 19
org.apache.commons.compress.compressors.pack200.StreamBridge
- BA-DUA covered: 17, Jaguar covered: 15
org.apache.commons.compress.compressors.pack200.Pack200CompressorInputStream
- BA-DUA covered: 40, Jaguar covered: 39
Total DUAs: 20684, Covered DUAs: 15880
