16:09:25.835 [main] INFO  JaguarDF - Welcome to Jaguar-DF CLI!
16:09:25.901 [main] DEBUG JaguarDF - CLI Arguments: [--projectDir, d4jprojects/commons-collections, --classesDir, target/classes, --testsDir, target/tests, --tests, tests.out, --logLevel, INFO]
16:09:31.229 [main] INFO  JaguarDF - Test testEmptyListCompatibility(org.apache.commons.collections4.ArrayStackTest) : Failed
16:09:31.329 [main] INFO  JaguarDF - Test testFullListCompatibility(org.apache.commons.collections4.ArrayStackTest) : Failed
16:09:42.139 [main] INFO  JaguarDF - Test testCanonicalEmptyCollectionExists(org.apache.commons.collections4.ArrayStackTest) : Failed
16:09:42.222 [main] INFO  JaguarDF - Test testCanonicalFullCollectionExists(org.apache.commons.collections4.ArrayStackTest) : Failed
16:10:56.349 [main] INFO  JaguarDF - Test testEmptyBagCompatibility(org.apache.commons.collections4.bag.CollectionBagTest) : Failed
16:10:56.619 [main] INFO  JaguarDF - Test testFullBagCompatibility(org.apache.commons.collections4.bag.CollectionBagTest) : Failed
16:11:02.420 [main] INFO  JaguarDF - Test testCanonicalFullCollectionExists(org.apache.commons.collections4.bag.CollectionBagTest) : Failed
16:11:02.980 [main] INFO  JaguarDF - Test testCanonicalEmptyCollectionExists(org.apache.commons.collections4.bag.CollectionBagTest) : Failed
16:11:04.063 [main] INFO  JaguarDF - Test testEmptyBagCompatibility(org.apache.commons.collections4.bag.CollectionSortedBagTest) : Failed
16:11:04.346 [main] INFO  JaguarDF - Test testFullBagCompatibility(org.apache.commons.collections4.bag.CollectionSortedBagTest) : Failed
16:11:10.112 [main] INFO  JaguarDF - Test testCanonicalFullCollectionExists(org.apache.commons.collections4.bag.CollectionSortedBagTest) : Failed
16:11:10.661 [main] INFO  JaguarDF - Test testCanonicalEmptyCollectionExists(org.apache.commons.collections4.bag.CollectionSortedBagTest) : Failed
16:11:11.753 [main] INFO  JaguarDF - Test testEmptyBagCompatibility(org.apache.commons.collections4.bag.HashBagTest) : Failed
16:11:12.026 [main] INFO  JaguarDF - Test testFullBagCompatibility(org.apache.commons.collections4.bag.HashBagTest) : Failed
16:11:31.522 [main] INFO  JaguarDF - Test testCanonicalEmptyCollectionExists(org.apache.commons.collections4.bag.HashBagTest) : Failed
16:11:31.794 [main] INFO  JaguarDF - Test testCanonicalFullCollectionExists(org.apache.commons.collections4.bag.HashBagTest) : Failed
16:11:32.888 [main] INFO  JaguarDF - Test testEmptyBagCompatibility(org.apache.commons.collections4.bag.PredicatedBagTest) : Failed
16:11:33.163 [main] INFO  JaguarDF - Test testFullBagCompatibility(org.apache.commons.collections4.bag.PredicatedBagTest) : Failed
16:11:52.832 [main] INFO  JaguarDF - Test testCanonicalEmptyCollectionExists(org.apache.commons.collections4.bag.PredicatedBagTest) : Failed
16:11:53.107 [main] INFO  JaguarDF - Test testCanonicalFullCollectionExists(org.apache.commons.collections4.bag.PredicatedBagTest) : Failed
16:11:53.931 [main] INFO  JaguarDF - Test testEmptyBagCompatibility(org.apache.commons.collections4.bag.PredicatedSortedBagTest) : Failed
16:11:54.207 [main] INFO  JaguarDF - Test testFullBagCompatibility(org.apache.commons.collections4.bag.PredicatedSortedBagTest) : Failed
16:12:13.921 [main] INFO  JaguarDF - Test testCanonicalEmptyCollectionExists(org.apache.commons.collections4.bag.PredicatedSortedBagTest) : Failed
16:12:14.195 [main] INFO  JaguarDF - Test testCanonicalFullCollectionExists(org.apache.commons.collections4.bag.PredicatedSortedBagTest) : Failed
16:12:14.470 [main] INFO  JaguarDF - Test testEmptyBagCompatibility(org.apache.commons.collections4.bag.SynchronizedBagTest) : Failed
16:12:14.741 [main] INFO  JaguarDF - Test testFullBagCompatibility(org.apache.commons.collections4.bag.SynchronizedBagTest) : Failed
16:12:34.806 [main] INFO  JaguarDF - Test testCanonicalEmptyCollectionExists(org.apache.commons.collections4.bag.SynchronizedBagTest) : Failed
16:12:35.090 [main] INFO  JaguarDF - Test testCanonicalFullCollectionExists(org.apache.commons.collections4.bag.SynchronizedBagTest) : Failed
16:12:35.936 [main] INFO  JaguarDF - Test testEmptyBagCompatibility(org.apache.commons.collections4.bag.TransformedBagTest) : Failed
16:12:36.217 [main] INFO  JaguarDF - Test testFullBagCompatibility(org.apache.commons.collections4.bag.TransformedBagTest) : Failed
16:12:56.171 [main] INFO  JaguarDF - Test testCanonicalEmptyCollectionExists(org.apache.commons.collections4.bag.TransformedBagTest) : Failed
16:12:56.450 [main] INFO  JaguarDF - Test testCanonicalFullCollectionExists(org.apache.commons.collections4.bag.TransformedBagTest) : Failed
16:12:57.288 [main] INFO  JaguarDF - Test testEmptyBagCompatibility(org.apache.commons.collections4.bag.TransformedSortedBagTest) : Failed
16:12:57.567 [main] INFO  JaguarDF - Test testFullBagCompatibility(org.apache.commons.collections4.bag.TransformedSortedBagTest) : Failed
16:13:17.394 [main] INFO  JaguarDF - Test testCanonicalEmptyCollectionExists(org.apache.commons.collections4.bag.TransformedSortedBagTest) : Failed
16:13:17.673 [main] INFO  JaguarDF - Test testCanonicalFullCollectionExists(org.apache.commons.collections4.bag.TransformedSortedBagTest) : Failed
16:13:18.782 [main] INFO  JaguarDF - Test testEmptyBagCompatibility(org.apache.commons.collections4.bag.TreeBagTest) : Failed
16:13:19.061 [main] INFO  JaguarDF - Test testFullBagCompatibility(org.apache.commons.collections4.bag.TreeBagTest) : Failed
16:13:38.864 [main] INFO  JaguarDF - Test testCanonicalEmptyCollectionExists(org.apache.commons.collections4.bag.TreeBagTest) : Failed
16:13:39.143 [main] INFO  JaguarDF - Test testCanonicalFullCollectionExists(org.apache.commons.collections4.bag.TreeBagTest) : Failed
16:13:39.976 [main] INFO  JaguarDF - Test testEmptyBagCompatibility(org.apache.commons.collections4.bag.UnmodifiableBagTest) : Failed
16:13:40.284 [main] INFO  JaguarDF - Test testFullBagCompatibility(org.apache.commons.collections4.bag.UnmodifiableBagTest) : Failed
16:14:00.281 [main] INFO  JaguarDF - Test testCanonicalEmptyCollectionExists(org.apache.commons.collections4.bag.UnmodifiableBagTest) : Failed
16:14:00.584 [main] INFO  JaguarDF - Test testCanonicalFullCollectionExists(org.apache.commons.collections4.bag.UnmodifiableBagTest) : Failed
16:14:01.425 [main] INFO  JaguarDF - Test testEmptyBagCompatibility(org.apache.commons.collections4.bag.UnmodifiableSortedBagTest) : Failed
16:14:01.707 [main] INFO  JaguarDF - Test testFullBagCompatibility(org.apache.commons.collections4.bag.UnmodifiableSortedBagTest) : Failed
16:14:21.536 [main] INFO  JaguarDF - Test testCanonicalEmptyCollectionExists(org.apache.commons.collections4.bag.UnmodifiableSortedBagTest) : Failed
16:14:21.814 [main] INFO  JaguarDF - Test testCanonicalFullCollectionExists(org.apache.commons.collections4.bag.UnmodifiableSortedBagTest) : Failed
16:14:59.780 [main] INFO  JaguarDF - Test testEmptyMapCompatibility(org.apache.commons.collections4.bidimap.AbstractBidiMapTest$TestInverseBidiMap) : Failed
16:15:00.059 [main] INFO  JaguarDF - Test testFullMapCompatibility(org.apache.commons.collections4.bidimap.AbstractBidiMapTest$TestInverseBidiMap) : Failed
16:15:24.611 [main] INFO  JaguarDF - Test testCanonicalEmptyCollectionExists(org.apache.commons.collections4.bidimap.AbstractBidiMapTest$TestInverseBidiMap) : Failed
16:15:24.893 [main] INFO  JaguarDF - Test testCanonicalFullCollectionExists(org.apache.commons.collections4.bidimap.AbstractBidiMapTest$TestInverseBidiMap) : Failed
16:15:39.437 [main] INFO  JaguarDF - Test testEmptyMapCompatibility(org.apache.commons.collections4.bidimap.DualHashBidiMapTest) : Failed
16:15:39.722 [main] INFO  JaguarDF - Test testFullMapCompatibility(org.apache.commons.collections4.bidimap.DualHashBidiMapTest) : Failed
16:16:04.445 [main] INFO  JaguarDF - Test testCanonicalEmptyCollectionExists(org.apache.commons.collections4.bidimap.DualHashBidiMapTest) : Failed
16:16:04.732 [main] INFO  JaguarDF - Test testCanonicalFullCollectionExists(org.apache.commons.collections4.bidimap.DualHashBidiMapTest) : Failed
16:16:43.233 [main] INFO  JaguarDF - Test testEmptyMapCompatibility(org.apache.commons.collections4.bidimap.AbstractBidiMapTest$TestInverseBidiMap) : Failed
16:16:43.530 [main] INFO  JaguarDF - Test testFullMapCompatibility(org.apache.commons.collections4.bidimap.AbstractBidiMapTest$TestInverseBidiMap) : Failed
16:17:08.206 [main] INFO  JaguarDF - Test testCanonicalEmptyCollectionExists(org.apache.commons.collections4.bidimap.AbstractBidiMapTest$TestInverseBidiMap) : Failed
16:17:08.488 [main] INFO  JaguarDF - Test testCanonicalFullCollectionExists(org.apache.commons.collections4.bidimap.AbstractBidiMapTest$TestInverseBidiMap) : Failed
16:17:23.007 [main] INFO  JaguarDF - Test testEmptyMapCompatibility(org.apache.commons.collections4.bidimap.DualLinkedHashBidiMapTest) : Failed
16:17:23.290 [main] INFO  JaguarDF - Test testFullMapCompatibility(org.apache.commons.collections4.bidimap.DualLinkedHashBidiMapTest) : Failed
16:17:47.867 [main] INFO  JaguarDF - Test testCanonicalEmptyCollectionExists(org.apache.commons.collections4.bidimap.DualLinkedHashBidiMapTest) : Failed
16:17:48.154 [main] INFO  JaguarDF - Test testCanonicalFullCollectionExists(org.apache.commons.collections4.bidimap.DualLinkedHashBidiMapTest) : Failed
16:20:36.510 [main] INFO  JaguarDF - Test testEmptyMapCompatibility(org.apache.commons.collections4.bidimap.AbstractBidiMapTest$TestInverseBidiMap) : Failed
16:20:36.797 [main] INFO  JaguarDF - Test testFullMapCompatibility(org.apache.commons.collections4.bidimap.AbstractBidiMapTest$TestInverseBidiMap) : Failed
16:21:02.036 [main] INFO  JaguarDF - Test testCanonicalEmptyCollectionExists(org.apache.commons.collections4.bidimap.AbstractBidiMapTest$TestInverseBidiMap) : Failed
16:21:02.331 [main] INFO  JaguarDF - Test testCanonicalFullCollectionExists(org.apache.commons.collections4.bidimap.AbstractBidiMapTest$TestInverseBidiMap) : Failed
16:21:17.339 [main] INFO  JaguarDF - Test testEmptyMapCompatibility(org.apache.commons.collections4.bidimap.DualTreeBidiMap2Test) : Failed
16:21:17.636 [main] INFO  JaguarDF - Test testFullMapCompatibility(org.apache.commons.collections4.bidimap.DualTreeBidiMap2Test) : Failed
16:21:42.738 [main] INFO  JaguarDF - Test testCanonicalEmptyCollectionExists(org.apache.commons.collections4.bidimap.DualTreeBidiMap2Test) : Failed
16:21:43.026 [main] INFO  JaguarDF - Test testCanonicalFullCollectionExists(org.apache.commons.collections4.bidimap.DualTreeBidiMap2Test) : Failed
16:24:31.807 [main] INFO  JaguarDF - Test testEmptyMapCompatibility(org.apache.commons.collections4.bidimap.AbstractBidiMapTest$TestInverseBidiMap) : Failed
16:24:32.098 [main] INFO  JaguarDF - Test testFullMapCompatibility(org.apache.commons.collections4.bidimap.AbstractBidiMapTest$TestInverseBidiMap) : Failed
16:24:57.428 [main] INFO  JaguarDF - Test testCanonicalEmptyCollectionExists(org.apache.commons.collections4.bidimap.AbstractBidiMapTest$TestInverseBidiMap) : Failed
16:24:57.724 [main] INFO  JaguarDF - Test testCanonicalFullCollectionExists(org.apache.commons.collections4.bidimap.AbstractBidiMapTest$TestInverseBidiMap) : Failed
16:25:12.901 [main] INFO  JaguarDF - Test testEmptyMapCompatibility(org.apache.commons.collections4.bidimap.DualTreeBidiMapTest) : Failed
16:25:13.190 [main] INFO  JaguarDF - Test testFullMapCompatibility(org.apache.commons.collections4.bidimap.DualTreeBidiMapTest) : Failed
16:25:38.311 [main] INFO  JaguarDF - Test testCanonicalEmptyCollectionExists(org.apache.commons.collections4.bidimap.DualTreeBidiMapTest) : Failed
16:25:38.605 [main] INFO  JaguarDF - Test testCanonicalFullCollectionExists(org.apache.commons.collections4.bidimap.DualTreeBidiMapTest) : Failed
16:27:15.961 [main] INFO  JaguarDF - Test testEmptyMapCompatibility(org.apache.commons.collections4.bidimap.TreeBidiMapTest) : Failed
16:27:16.288 [main] INFO  JaguarDF - Test testFullMapCompatibility(org.apache.commons.collections4.bidimap.TreeBidiMapTest) : Failed
16:27:44.593 [main] INFO  JaguarDF - Test testCanonicalEmptyCollectionExists(org.apache.commons.collections4.bidimap.TreeBidiMapTest) : Failed
16:27:44.924 [main] INFO  JaguarDF - Test testCanonicalFullCollectionExists(org.apache.commons.collections4.bidimap.TreeBidiMapTest) : Failed
16:36:38.162 [main] INFO  JaguarDF - Test testCanonicalFullCollectionExists(org.apache.commons.collections4.collection.CompositeCollectionTest) : Failed
16:36:38.836 [main] INFO  JaguarDF - Test testCanonicalEmptyCollectionExists(org.apache.commons.collections4.collection.CompositeCollectionTest) : Failed
16:36:59.719 [main] INFO  JaguarDF - Test testCanonicalFullCollectionExists(org.apache.commons.collections4.collection.PredicatedCollectionTest) : Failed
16:37:00.404 [main] INFO  JaguarDF - Test testCanonicalEmptyCollectionExists(org.apache.commons.collections4.collection.PredicatedCollectionTest) : Failed
16:37:08.653 [main] INFO  JaguarDF - Test testCanonicalFullCollectionExists(org.apache.commons.collections4.collection.SynchronizedCollectionTest) : Failed
16:37:09.330 [main] INFO  JaguarDF - Test testCanonicalEmptyCollectionExists(org.apache.commons.collections4.collection.SynchronizedCollectionTest) : Failed
16:37:18.231 [main] INFO  JaguarDF - Test testCanonicalFullCollectionExists(org.apache.commons.collections4.collection.TransformedCollectionTest) : Failed
16:37:18.908 [main] INFO  JaguarDF - Test testCanonicalEmptyCollectionExists(org.apache.commons.collections4.collection.TransformedCollectionTest) : Failed
16:37:37.317 [main] INFO  JaguarDF - Test testCanonicalFullCollectionExists(org.apache.commons.collections4.collection.UnmodifiableCollectionTest) : Failed
16:37:38.009 [main] INFO  JaguarDF - Test testCanonicalEmptyCollectionExists(org.apache.commons.collections4.collection.UnmodifiableCollectionTest) : Failed
16:37:41.475 [main] INFO  JaguarDF - Test testComparatorCompatibility(org.apache.commons.collections4.comparators.BooleanComparatorTest) : Failed
16:37:45.944 [main] INFO  JaguarDF - Test testComparatorCompatibility(org.apache.commons.collections4.comparators.ComparableComparatorTest) : Failed
16:37:52.202 [main] INFO  JaguarDF - Test testComparatorCompatibility(org.apache.commons.collections4.comparators.ComparatorChainTest) : Failed
16:37:58.788 [main] INFO  JaguarDF - Test testComparatorCompatibility(org.apache.commons.collections4.comparators.FixedOrderComparatorTest) : Failed
16:38:03.664 [main] INFO  JaguarDF - Test testComparatorCompatibility(org.apache.commons.collections4.comparators.ReverseComparatorTest) : Failed
16:38:08.185 [main] INFO  JaguarDF - Test testComparatorCompatibility(org.apache.commons.collections4.comparators.TransformingComparatorTest) : Failed
16:41:37.763 [main] INFO  JaguarDF - Test testEqualsAfterSerializationOfDerivedClass(org.apache.commons.collections4.keyvalue.MultiKeyTest) : Failed
16:42:15.743 [main] INFO  JaguarDF - Test testEmptyListCompatibility(org.apache.commons.collections4.list.CursorableLinkedListTest) : Failed
16:42:16.125 [main] INFO  JaguarDF - Test testFullListCompatibility(org.apache.commons.collections4.list.CursorableLinkedListTest) : Failed
16:42:59.597 [main] INFO  JaguarDF - Test testCanonicalEmptyCollectionExists(org.apache.commons.collections4.list.CursorableLinkedListTest) : Failed
16:42:59.980 [main] INFO  JaguarDF - Test testCanonicalFullCollectionExists(org.apache.commons.collections4.list.CursorableLinkedListTest) : Failed
16:43:01.950 [main] INFO  JaguarDF - Test testEmptyListCompatibility(org.apache.commons.collections4.list.FixedSizeListTest) : Failed
16:43:11.307 [main] INFO  JaguarDF - Test testFullListCompatibility(org.apache.commons.collections4.list.FixedSizeListTest) : Failed
16:43:20.320 [main] INFO  JaguarDF - Test testCanonicalFullCollectionExists(org.apache.commons.collections4.list.FixedSizeListTest) : Failed
16:43:21.099 [main] INFO  JaguarDF - Test testCanonicalEmptyCollectionExists(org.apache.commons.collections4.list.FixedSizeListTest) : Failed
16:43:26.950 [main] INFO  JaguarDF - Test testEmptyListCompatibility(org.apache.commons.collections4.list.GrowthListTest) : Failed
16:43:35.129 [main] INFO  JaguarDF - Test testFullListCompatibility(org.apache.commons.collections4.list.GrowthListTest) : Failed
16:43:44.140 [main] INFO  JaguarDF - Test testCanonicalFullCollectionExists(org.apache.commons.collections4.list.GrowthListTest) : Failed
16:43:44.924 [main] INFO  JaguarDF - Test testCanonicalEmptyCollectionExists(org.apache.commons.collections4.list.GrowthListTest) : Failed
16:43:59.480 [main] INFO  JaguarDF - Test testEmptyListCompatibility(org.apache.commons.collections4.list.NodeCachingLinkedListTest) : Failed
16:43:59.868 [main] INFO  JaguarDF - Test testFullListCompatibility(org.apache.commons.collections4.list.NodeCachingLinkedListTest) : Failed
16:44:46.941 [main] INFO  JaguarDF - Test testCanonicalEmptyCollectionExists(org.apache.commons.collections4.list.NodeCachingLinkedListTest) : Failed
16:44:47.338 [main] INFO  JaguarDF - Test testCanonicalFullCollectionExists(org.apache.commons.collections4.list.NodeCachingLinkedListTest) : Failed
16:44:50.968 [main] INFO  JaguarDF - Test testEmptyListCompatibility(org.apache.commons.collections4.list.PredicatedListTest) : Failed
16:45:00.447 [main] INFO  JaguarDF - Test testFullListCompatibility(org.apache.commons.collections4.list.PredicatedListTest) : Failed
16:45:09.509 [main] INFO  JaguarDF - Test testCanonicalFullCollectionExists(org.apache.commons.collections4.list.PredicatedListTest) : Failed
16:45:10.300 [main] INFO  JaguarDF - Test testCanonicalEmptyCollectionExists(org.apache.commons.collections4.list.PredicatedListTest) : Failed
16:45:22.224 [main] INFO  JaguarDF - Test testEmptyListCompatibility(org.apache.commons.collections4.list.SetUniqueListTest) : Failed
16:45:30.609 [main] INFO  JaguarDF - Test testFullListCompatibility(org.apache.commons.collections4.list.SetUniqueListTest) : Failed
16:45:38.976 [main] INFO  JaguarDF - Test testCanonicalFullCollectionExists(org.apache.commons.collections4.list.SetUniqueListTest) : Failed
16:45:39.776 [main] INFO  JaguarDF - Test testCanonicalEmptyCollectionExists(org.apache.commons.collections4.list.SetUniqueListTest) : Failed
16:45:43.801 [main] INFO  JaguarDF - Test testEmptyListCompatibility(org.apache.commons.collections4.list.TransformedListTest) : Failed
16:45:53.714 [main] INFO  JaguarDF - Test testFullListCompatibility(org.apache.commons.collections4.list.TransformedListTest) : Failed
16:46:02.958 [main] INFO  JaguarDF - Test testCanonicalFullCollectionExists(org.apache.commons.collections4.list.TransformedListTest) : Failed
16:46:03.773 [main] INFO  JaguarDF - Test testCanonicalEmptyCollectionExists(org.apache.commons.collections4.list.TransformedListTest) : Failed
16:47:14.208 [main] INFO  JaguarDF - Test testEmptyListCompatibility(org.apache.commons.collections4.list.UnmodifiableListTest) : Failed
16:47:24.172 [main] INFO  JaguarDF - Test testFullListCompatibility(org.apache.commons.collections4.list.UnmodifiableListTest) : Failed
16:47:33.745 [main] INFO  JaguarDF - Test testCanonicalFullCollectionExists(org.apache.commons.collections4.list.UnmodifiableListTest) : Failed
16:47:34.603 [main] INFO  JaguarDF - Test testCanonicalEmptyCollectionExists(org.apache.commons.collections4.list.UnmodifiableListTest) : Failed
16:48:04.964 [main] INFO  JaguarDF - Test testEmptyMapCompatibility(org.apache.commons.collections4.map.CaseInsensitiveMapTest) : Failed
16:48:05.383 [main] INFO  JaguarDF - Test testFullMapCompatibility(org.apache.commons.collections4.map.CaseInsensitiveMapTest) : Failed
16:48:41.473 [main] INFO  JaguarDF - Test testCanonicalEmptyCollectionExists(org.apache.commons.collections4.map.CaseInsensitiveMapTest) : Failed
16:48:41.901 [main] INFO  JaguarDF - Test testCanonicalFullCollectionExists(org.apache.commons.collections4.map.CaseInsensitiveMapTest) : Failed
16:48:57.467 [main] INFO  JaguarDF - Test testEmptyMapCompatibility(org.apache.commons.collections4.map.CompositeMapTest) : Failed
16:48:58.319 [main] INFO  JaguarDF - Test testFullMapCompatibility(org.apache.commons.collections4.map.CompositeMapTest) : Failed
16:49:04.851 [main] INFO  JaguarDF - Test testCanonicalFullCollectionExists(org.apache.commons.collections4.map.CompositeMapTest) : Failed
16:49:05.706 [main] INFO  JaguarDF - Test testCanonicalEmptyCollectionExists(org.apache.commons.collections4.map.CompositeMapTest) : Failed
16:49:20.745 [main] INFO  JaguarDF - Test testEmptyMapCompatibility(org.apache.commons.collections4.map.DefaultedMapTest) : Failed
16:49:21.611 [main] INFO  JaguarDF - Test testFullMapCompatibility(org.apache.commons.collections4.map.DefaultedMapTest) : Failed
16:49:27.649 [main] INFO  JaguarDF - Test testCanonicalFullCollectionExists(org.apache.commons.collections4.map.DefaultedMapTest) : Failed
16:49:28.509 [main] INFO  JaguarDF - Test testCanonicalEmptyCollectionExists(org.apache.commons.collections4.map.DefaultedMapTest) : Failed
16:49:41.860 [main] INFO  JaguarDF - Test testEmptyMapCompatibility(org.apache.commons.collections4.map.FixedSizeMapTest) : Failed
16:49:42.749 [main] INFO  JaguarDF - Test testFullMapCompatibility(org.apache.commons.collections4.map.FixedSizeMapTest) : Failed
16:49:49.231 [main] INFO  JaguarDF - Test testCanonicalFullCollectionExists(org.apache.commons.collections4.map.FixedSizeMapTest) : Failed
16:49:50.114 [main] INFO  JaguarDF - Test testCanonicalEmptyCollectionExists(org.apache.commons.collections4.map.FixedSizeMapTest) : Failed
16:53:10.074 [main] INFO  JaguarDF - Test testEmptyMapCompatibility(org.apache.commons.collections4.map.FixedSizeSortedMapTest) : Failed
16:53:10.530 [main] INFO  JaguarDF - Test testFullMapCompatibility(org.apache.commons.collections4.map.FixedSizeSortedMapTest) : Failed
16:53:53.741 [main] INFO  JaguarDF - Test testCanonicalEmptyCollectionExists(org.apache.commons.collections4.map.FixedSizeSortedMapTest) : Failed
16:53:54.274 [main] INFO  JaguarDF - Test testCanonicalFullCollectionExists(org.apache.commons.collections4.map.FixedSizeSortedMapTest) : Failed
16:54:32.665 [main] INFO  JaguarDF - Test testEmptyMapCompatibility(org.apache.commons.collections4.map.Flat3MapTest) : Failed
16:54:33.138 [main] INFO  JaguarDF - Test testFullMapCompatibility(org.apache.commons.collections4.map.Flat3MapTest) : Failed
16:55:19.634 [main] INFO  JaguarDF - Test testCanonicalEmptyCollectionExists(org.apache.commons.collections4.map.Flat3MapTest) : Failed
16:55:20.111 [main] INFO  JaguarDF - Test testCanonicalFullCollectionExists(org.apache.commons.collections4.map.Flat3MapTest) : Failed
16:55:53.772 [main] INFO  JaguarDF - Test testEmptyMapCompatibility(org.apache.commons.collections4.map.HashedMapTest) : Failed
16:55:54.244 [main] INFO  JaguarDF - Test testFullMapCompatibility(org.apache.commons.collections4.map.HashedMapTest) : Failed
16:56:36.890 [main] INFO  JaguarDF - Test testCanonicalEmptyCollectionExists(org.apache.commons.collections4.map.HashedMapTest) : Failed
16:56:37.397 [main] INFO  JaguarDF - Test testCanonicalFullCollectionExists(org.apache.commons.collections4.map.HashedMapTest) : Failed
16:57:35.731 [main] INFO  JaguarDF - Test testEmptyMapCompatibility(org.apache.commons.collections4.map.LRUMapTest) : Failed
16:57:36.466 [main] INFO  JaguarDF - Test testFullMapCompatibility(org.apache.commons.collections4.map.LRUMapTest) : Failed
16:58:23.095 [main] INFO  JaguarDF - Test testCanonicalEmptyCollectionExists(org.apache.commons.collections4.map.LRUMapTest) : Failed
16:58:23.637 [main] INFO  JaguarDF - Test testCanonicalFullCollectionExists(org.apache.commons.collections4.map.LRUMapTest) : Failed
16:58:38.606 [main] INFO  JaguarDF - Test testEmptyMapCompatibility(org.apache.commons.collections4.map.LazyMapTest) : Failed
16:58:39.667 [main] INFO  JaguarDF - Test testFullMapCompatibility(org.apache.commons.collections4.map.LazyMapTest) : Failed
16:58:47.067 [main] INFO  JaguarDF - Test testCanonicalFullCollectionExists(org.apache.commons.collections4.map.LazyMapTest) : Failed
16:58:48.096 [main] INFO  JaguarDF - Test testCanonicalEmptyCollectionExists(org.apache.commons.collections4.map.LazyMapTest) : Failed
16:59:07.144 [main] INFO  JaguarDF - Test testEmptyMapCompatibility(org.apache.commons.collections4.map.LazySortedMapTest) : Failed
16:59:08.289 [main] INFO  JaguarDF - Test testFullMapCompatibility(org.apache.commons.collections4.map.LazySortedMapTest) : Failed
16:59:15.851 [main] INFO  JaguarDF - Test testCanonicalFullCollectionExists(org.apache.commons.collections4.map.LazySortedMapTest) : Failed
16:59:16.802 [main] INFO  JaguarDF - Test testCanonicalEmptyCollectionExists(org.apache.commons.collections4.map.LazySortedMapTest) : Failed
17:01:18.749 [main] INFO  JaguarDF - Test testEmptyMapCompatibility(org.apache.commons.collections4.map.LinkedMapTest) : Failed
17:01:19.227 [main] INFO  JaguarDF - Test testFullMapCompatibility(org.apache.commons.collections4.map.LinkedMapTest) : Failed
17:02:10.345 [main] INFO  JaguarDF - Test testCanonicalEmptyCollectionExists(org.apache.commons.collections4.map.LinkedMapTest) : Failed
17:02:11.014 [main] INFO  JaguarDF - Test testCanonicalFullCollectionExists(org.apache.commons.collections4.map.LinkedMapTest) : Failed
17:04:13.317 [main] INFO  JaguarDF - Test testEmptyMapCompatibility(org.apache.commons.collections4.map.ListOrderedMap2Test) : Failed
17:04:13.809 [main] INFO  JaguarDF - Test testFullMapCompatibility(org.apache.commons.collections4.map.ListOrderedMap2Test) : Failed
17:04:55.184 [main] INFO  JaguarDF - Test testCanonicalEmptyCollectionExists(org.apache.commons.collections4.map.ListOrderedMap2Test) : Failed
17:04:55.661 [main] INFO  JaguarDF - Test testCanonicalFullCollectionExists(org.apache.commons.collections4.map.ListOrderedMap2Test) : Failed
17:08:29.050 [main] INFO  JaguarDF - Test testEmptyMapCompatibility(org.apache.commons.collections4.map.ListOrderedMapTest) : Failed
17:08:29.529 [main] INFO  JaguarDF - Test testFullMapCompatibility(org.apache.commons.collections4.map.ListOrderedMapTest) : Failed
17:09:13.440 [main] INFO  JaguarDF - Test testCanonicalEmptyCollectionExists(org.apache.commons.collections4.map.ListOrderedMapTest) : Failed
17:09:13.916 [main] INFO  JaguarDF - Test testCanonicalFullCollectionExists(org.apache.commons.collections4.map.ListOrderedMapTest) : Failed
17:09:53.245 [main] INFO  JaguarDF - Test testEmptyMapCompatibility(org.apache.commons.collections4.map.MultiKeyMapTest) : Failed
17:09:53.898 [main] INFO  JaguarDF - Test testFullMapCompatibility(org.apache.commons.collections4.map.MultiKeyMapTest) : Failed
17:10:42.773 [main] INFO  JaguarDF - Test testCanonicalEmptyCollectionExists(org.apache.commons.collections4.map.MultiKeyMapTest) : Failed
17:10:43.443 [main] INFO  JaguarDF - Test testCanonicalFullCollectionExists(org.apache.commons.collections4.map.MultiKeyMapTest) : Failed
17:10:52.294 [main] INFO  JaguarDF - Test testEmptyMapCompatibility(org.apache.commons.collections4.map.MultiValueMapTest) : Failed
17:10:54.445 [main] INFO  JaguarDF - Test testFullMapCompatibility(org.apache.commons.collections4.map.MultiValueMapTest) : Failed
17:10:59.934 [main] INFO  JaguarDF - Test testCanonicalFullCollectionExists(org.apache.commons.collections4.map.MultiValueMapTest) : Failed
17:11:01.208 [main] INFO  JaguarDF - Test testCanonicalEmptyCollectionExists(org.apache.commons.collections4.map.MultiValueMapTest) : Failed
17:11:37.445 [main] INFO  JaguarDF - Test testEmptyMapCompatibility(org.apache.commons.collections4.map.PassiveExpiringMapTest) : Failed
17:11:38.137 [main] INFO  JaguarDF - Test testFullMapCompatibility(org.apache.commons.collections4.map.PassiveExpiringMapTest) : Failed
17:12:24.732 [main] INFO  JaguarDF - Test testCanonicalEmptyCollectionExists(org.apache.commons.collections4.map.PassiveExpiringMapTest) : Failed
17:12:25.218 [main] INFO  JaguarDF - Test testCanonicalFullCollectionExists(org.apache.commons.collections4.map.PassiveExpiringMapTest) : Failed
17:12:41.097 [main] INFO  JaguarDF - Test testEmptyMapCompatibility(org.apache.commons.collections4.map.PredicatedMapTest) : Failed
17:12:42.181 [main] INFO  JaguarDF - Test testFullMapCompatibility(org.apache.commons.collections4.map.PredicatedMapTest) : Failed
17:12:51.050 [main] INFO  JaguarDF - Test testCanonicalFullCollectionExists(org.apache.commons.collections4.map.PredicatedMapTest) : Failed
17:12:52.288 [main] INFO  JaguarDF - Test testCanonicalEmptyCollectionExists(org.apache.commons.collections4.map.PredicatedMapTest) : Failed
17:13:12.666 [main] INFO  JaguarDF - Test testEmptyMapCompatibility(org.apache.commons.collections4.map.PredicatedSortedMapTest) : Failed
17:13:13.761 [main] INFO  JaguarDF - Test testFullMapCompatibility(org.apache.commons.collections4.map.PredicatedSortedMapTest) : Failed
17:13:21.424 [main] INFO  JaguarDF - Test testCanonicalFullCollectionExists(org.apache.commons.collections4.map.PredicatedSortedMapTest) : Failed
17:13:22.438 [main] INFO  JaguarDF - Test testCanonicalEmptyCollectionExists(org.apache.commons.collections4.map.PredicatedSortedMapTest) : Failed
17:14:03.078 [main] INFO  JaguarDF - Test testEmptyMapCompatibility(org.apache.commons.collections4.map.ReferenceIdentityMapTest) : Failed
17:14:03.671 [main] INFO  JaguarDF - Test testFullMapCompatibility(org.apache.commons.collections4.map.ReferenceIdentityMapTest) : Failed
17:14:50.252 [main] INFO  JaguarDF - Test testCanonicalEmptyCollectionExists(org.apache.commons.collections4.map.ReferenceIdentityMapTest) : Failed
17:14:50.799 [main] INFO  JaguarDF - Test testCanonicalFullCollectionExists(org.apache.commons.collections4.map.ReferenceIdentityMapTest) : Failed
17:15:28.441 [main] INFO  JaguarDF - Test testEmptyMapCompatibility(org.apache.commons.collections4.map.ReferenceMapTest) : Failed
17:15:29.086 [main] INFO  JaguarDF - Test testFullMapCompatibility(org.apache.commons.collections4.map.ReferenceMapTest) : Failed
17:16:14.958 [main] INFO  JaguarDF - Test testCanonicalEmptyCollectionExists(org.apache.commons.collections4.map.ReferenceMapTest) : Failed
17:16:15.505 [main] INFO  JaguarDF - Test testCanonicalFullCollectionExists(org.apache.commons.collections4.map.ReferenceMapTest) : Failed
17:17:00.903 [main] INFO  JaguarDF - Test testEmptyMapCompatibility(org.apache.commons.collections4.map.SingletonMapTest) : Failed
17:17:01.433 [main] INFO  JaguarDF - Test testFullMapCompatibility(org.apache.commons.collections4.map.SingletonMapTest) : Failed
17:17:46.544 [main] INFO  JaguarDF - Test testCanonicalEmptyCollectionExists(org.apache.commons.collections4.map.SingletonMapTest) : Failed
17:17:47.107 [main] INFO  JaguarDF - Test testCanonicalFullCollectionExists(org.apache.commons.collections4.map.SingletonMapTest) : Failed
17:19:26.776 [main] INFO  JaguarDF - Test testEmptyMapCompatibility(org.apache.commons.collections4.map.TransformedMapTest) : Failed
17:19:27.819 [main] INFO  JaguarDF - Test testFullMapCompatibility(org.apache.commons.collections4.map.TransformedMapTest) : Failed
17:19:36.088 [main] INFO  JaguarDF - Test testCanonicalFullCollectionExists(org.apache.commons.collections4.map.TransformedMapTest) : Failed
17:19:37.388 [main] INFO  JaguarDF - Test testCanonicalEmptyCollectionExists(org.apache.commons.collections4.map.TransformedMapTest) : Failed
17:23:55.374 [main] INFO  JaguarDF - Test testEmptyMapCompatibility(org.apache.commons.collections4.map.TransformedSortedMapTest) : Failed
17:23:55.938 [main] INFO  JaguarDF - Test testFullMapCompatibility(org.apache.commons.collections4.map.TransformedSortedMapTest) : Failed
17:24:44.807 [main] INFO  JaguarDF - Test testCanonicalEmptyCollectionExists(org.apache.commons.collections4.map.TransformedSortedMapTest) : Failed
17:24:45.358 [main] INFO  JaguarDF - Test testCanonicalFullCollectionExists(org.apache.commons.collections4.map.TransformedSortedMapTest) : Failed
17:25:04.269 [main] INFO  JaguarDF - Test testEmptyMapCompatibility(org.apache.commons.collections4.map.UnmodifiableMapTest) : Failed
17:25:05.425 [main] INFO  JaguarDF - Test testFullMapCompatibility(org.apache.commons.collections4.map.UnmodifiableMapTest) : Failed
17:25:13.925 [main] INFO  JaguarDF - Test testCanonicalFullCollectionExists(org.apache.commons.collections4.map.UnmodifiableMapTest) : Failed
17:25:15.093 [main] INFO  JaguarDF - Test testCanonicalEmptyCollectionExists(org.apache.commons.collections4.map.UnmodifiableMapTest) : Failed
17:25:36.430 [main] INFO  JaguarDF - Test testEmptyMapCompatibility(org.apache.commons.collections4.map.UnmodifiableOrderedMapTest) : Failed
17:25:37.603 [main] INFO  JaguarDF - Test testFullMapCompatibility(org.apache.commons.collections4.map.UnmodifiableOrderedMapTest) : Failed
17:25:46.329 [main] INFO  JaguarDF - Test testCanonicalFullCollectionExists(org.apache.commons.collections4.map.UnmodifiableOrderedMapTest) : Failed
17:25:47.574 [main] INFO  JaguarDF - Test testCanonicalEmptyCollectionExists(org.apache.commons.collections4.map.UnmodifiableOrderedMapTest) : Failed
17:26:08.031 [main] INFO  JaguarDF - Test testEmptyMapCompatibility(org.apache.commons.collections4.map.UnmodifiableSortedMapTest) : Failed
17:26:09.249 [main] INFO  JaguarDF - Test testFullMapCompatibility(org.apache.commons.collections4.map.UnmodifiableSortedMapTest) : Failed
17:26:17.811 [main] INFO  JaguarDF - Test testCanonicalFullCollectionExists(org.apache.commons.collections4.map.UnmodifiableSortedMapTest) : Failed
17:26:18.955 [main] INFO  JaguarDF - Test testCanonicalEmptyCollectionExists(org.apache.commons.collections4.map.UnmodifiableSortedMapTest) : Failed
17:26:34.743 [main] INFO  JaguarDF - Test testEmptyMapCompatibility(org.apache.commons.collections4.multimap.MultiValuedHashMapTest) : Failed
17:26:35.343 [main] INFO  JaguarDF - Test testFullMapCompatibility(org.apache.commons.collections4.multimap.MultiValuedHashMapTest) : Failed
17:29:44.620 [main] INFO  JaguarDF - Test testCanonicalEmptyCollectionExists(org.apache.commons.collections4.multimap.MultiValuedHashMapTest) : Failed
17:29:45.281 [main] INFO  JaguarDF - Test testCanonicalFullCollectionExists(org.apache.commons.collections4.multimap.MultiValuedHashMapTest) : Failed
17:29:56.689 [main] INFO  JaguarDF - Test testEmptyMapCompatibility(org.apache.commons.collections4.multimap.TransformedMultiValuedMapTest) : Failed
17:29:57.395 [main] INFO  JaguarDF - Test testFullMapCompatibility(org.apache.commons.collections4.multimap.TransformedMultiValuedMapTest) : Failed
17:32:54.966 [main] INFO  JaguarDF - Test testCanonicalEmptyCollectionExists(org.apache.commons.collections4.multimap.TransformedMultiValuedMapTest) : Failed
17:32:55.540 [main] INFO  JaguarDF - Test testCanonicalFullCollectionExists(org.apache.commons.collections4.multimap.TransformedMultiValuedMapTest) : Failed
17:33:10.091 [main] INFO  JaguarDF - Test testEmptyMapCompatibility(org.apache.commons.collections4.multimap.UnmodifiableMultiValuedMapTest) : Failed
17:33:10.665 [main] INFO  JaguarDF - Test testFullMapCompatibility(org.apache.commons.collections4.multimap.UnmodifiableMultiValuedMapTest) : Failed
17:36:44.958 [main] INFO  JaguarDF - Test testCanonicalEmptyCollectionExists(org.apache.commons.collections4.multimap.UnmodifiableMultiValuedMapTest) : Failed
17:36:45.619 [main] INFO  JaguarDF - Test testCanonicalFullCollectionExists(org.apache.commons.collections4.multimap.UnmodifiableMultiValuedMapTest) : Failed
17:36:58.278 [main] INFO  JaguarDF - Test testFullQueueCompatibility(org.apache.commons.collections4.queue.CircularFifoQueueTest) : Failed
17:37:01.543 [main] INFO  JaguarDF - Test testEmptyQueueCompatibility(org.apache.commons.collections4.queue.CircularFifoQueueTest) : Failed
17:37:15.405 [main] INFO  JaguarDF - Test testCanonicalFullCollectionExists(org.apache.commons.collections4.queue.CircularFifoQueueTest) : Failed
17:37:16.533 [main] INFO  JaguarDF - Test testCanonicalEmptyCollectionExists(org.apache.commons.collections4.queue.CircularFifoQueueTest) : Failed
17:37:20.578 [main] INFO  JaguarDF - Test testFullQueueCompatibility(org.apache.commons.collections4.queue.PredicatedQueueTest) : Failed
17:37:23.877 [main] INFO  JaguarDF - Test testEmptyQueueCompatibility(org.apache.commons.collections4.queue.PredicatedQueueTest) : Failed
17:37:38.099 [main] INFO  JaguarDF - Test testCanonicalFullCollectionExists(org.apache.commons.collections4.queue.PredicatedQueueTest) : Failed
17:37:39.335 [main] INFO  JaguarDF - Test testCanonicalEmptyCollectionExists(org.apache.commons.collections4.queue.PredicatedQueueTest) : Failed
17:37:43.734 [main] INFO  JaguarDF - Test testFullQueueCompatibility(org.apache.commons.collections4.queue.TransformedQueueTest) : Failed
17:37:46.627 [main] INFO  JaguarDF - Test testEmptyQueueCompatibility(org.apache.commons.collections4.queue.TransformedQueueTest) : Failed
17:38:00.494 [main] INFO  JaguarDF - Test testCanonicalFullCollectionExists(org.apache.commons.collections4.queue.TransformedQueueTest) : Failed
17:38:01.730 [main] INFO  JaguarDF - Test testCanonicalEmptyCollectionExists(org.apache.commons.collections4.queue.TransformedQueueTest) : Failed
17:38:06.327 [main] INFO  JaguarDF - Test testFullQueueCompatibility(org.apache.commons.collections4.queue.UnmodifiableQueueTest) : Failed
17:38:09.457 [main] INFO  JaguarDF - Test testEmptyQueueCompatibility(org.apache.commons.collections4.queue.UnmodifiableQueueTest) : Failed
17:38:23.247 [main] INFO  JaguarDF - Test testCanonicalFullCollectionExists(org.apache.commons.collections4.queue.UnmodifiableQueueTest) : Failed
17:38:24.572 [main] INFO  JaguarDF - Test testCanonicalEmptyCollectionExists(org.apache.commons.collections4.queue.UnmodifiableQueueTest) : Failed
17:38:49.884 [main] INFO  JaguarDF - Test testCanonicalFullCollectionExists(org.apache.commons.collections4.set.CompositeSetTest) : Failed
17:38:51.580 [main] INFO  JaguarDF - Test testCanonicalEmptyCollectionExists(org.apache.commons.collections4.set.CompositeSetTest) : Failed
17:39:12.193 [main] INFO  JaguarDF - Test testCanonicalFullCollectionExists(org.apache.commons.collections4.set.ListOrderedSet2Test) : Failed
17:39:13.392 [main] INFO  JaguarDF - Test testCanonicalEmptyCollectionExists(org.apache.commons.collections4.set.ListOrderedSet2Test) : Failed
17:39:32.663 [main] INFO  JaguarDF - Test testCanonicalFullCollectionExists(org.apache.commons.collections4.set.ListOrderedSetTest) : Failed
17:39:33.803 [main] INFO  JaguarDF - Test testCanonicalEmptyCollectionExists(org.apache.commons.collections4.set.ListOrderedSetTest) : Failed
17:40:10.141 [main] INFO  JaguarDF - Test testCanonicalFullCollectionExists(org.apache.commons.collections4.set.MapBackedSetTest) : Failed
17:40:11.580 [main] INFO  JaguarDF - Test testCanonicalEmptyCollectionExists(org.apache.commons.collections4.set.MapBackedSetTest) : Failed
17:42:19.376 [main] INFO  JaguarDF - Test testCanonicalEmptyCollectionExists(org.apache.commons.collections4.set.PredicatedNavigableSetTest) : Failed
17:42:19.963 [main] INFO  JaguarDF - Test testCanonicalFullCollectionExists(org.apache.commons.collections4.set.PredicatedNavigableSetTest) : Failed
17:42:35.178 [main] INFO  JaguarDF - Test testCanonicalFullCollectionExists(org.apache.commons.collections4.set.PredicatedSetTest) : Failed
17:42:36.330 [main] INFO  JaguarDF - Test testCanonicalEmptyCollectionExists(org.apache.commons.collections4.set.PredicatedSetTest) : Failed
17:43:51.123 [main] INFO  JaguarDF - Test testCanonicalEmptyCollectionExists(org.apache.commons.collections4.set.PredicatedSortedSetTest) : Failed
17:43:51.854 [main] INFO  JaguarDF - Test testCanonicalFullCollectionExists(org.apache.commons.collections4.set.PredicatedSortedSetTest) : Failed
17:45:54.195 [main] INFO  JaguarDF - Test testCanonicalEmptyCollectionExists(org.apache.commons.collections4.set.TransformedNavigableSetTest) : Failed
17:45:54.854 [main] INFO  JaguarDF - Test testCanonicalFullCollectionExists(org.apache.commons.collections4.set.TransformedNavigableSetTest) : Failed
17:46:09.940 [main] INFO  JaguarDF - Test testCanonicalFullCollectionExists(org.apache.commons.collections4.set.TransformedSetTest) : Failed
17:46:11.106 [main] INFO  JaguarDF - Test testCanonicalEmptyCollectionExists(org.apache.commons.collections4.set.TransformedSetTest) : Failed
17:47:22.785 [main] INFO  JaguarDF - Test testCanonicalEmptyCollectionExists(org.apache.commons.collections4.set.TransformedSortedSetTest) : Failed
17:47:23.397 [main] INFO  JaguarDF - Test testCanonicalFullCollectionExists(org.apache.commons.collections4.set.TransformedSortedSetTest) : Failed
17:49:19.827 [main] INFO  JaguarDF - Test testCanonicalEmptyCollectionExists(org.apache.commons.collections4.set.UnmodifiableNavigableSetTest) : Failed
17:49:20.375 [main] INFO  JaguarDF - Test testCanonicalFullCollectionExists(org.apache.commons.collections4.set.UnmodifiableNavigableSetTest) : Failed
17:49:37.625 [main] INFO  JaguarDF - Test testCanonicalEmptyCollectionExists(org.apache.commons.collections4.set.UnmodifiableSetTest) : Failed
17:49:38.174 [main] INFO  JaguarDF - Test testCanonicalFullCollectionExists(org.apache.commons.collections4.set.UnmodifiableSetTest) : Failed
17:50:45.094 [main] INFO  JaguarDF - Test testCanonicalEmptyCollectionExists(org.apache.commons.collections4.set.UnmodifiableSortedSetTest) : Failed
17:50:45.671 [main] INFO  JaguarDF - Test testCanonicalFullCollectionExists(org.apache.commons.collections4.set.UnmodifiableSortedSetTest) : Failed
17:50:46.216 [main] INFO  JaguarDF - Test testFullMap(org.apache.commons.collections4.splitmap.TransformedSplitMapTest) : Failed
17:50:47.861 [main] INFO  JaguarDF - Test testEmptyMap(org.apache.commons.collections4.splitmap.TransformedSplitMapTest) : Failed
17:51:35.279 [main] INFO  JaguarDF - Test testEmptyMapCompatibility(org.apache.commons.collections4.trie.PatriciaTrie2Test) : Failed
17:51:35.820 [main] INFO  JaguarDF - Test testFullMapCompatibility(org.apache.commons.collections4.trie.PatriciaTrie2Test) : Failed
17:52:23.201 [main] INFO  JaguarDF - Test testCanonicalEmptyCollectionExists(org.apache.commons.collections4.trie.PatriciaTrie2Test) : Failed
17:52:23.737 [main] INFO  JaguarDF - Test testCanonicalFullCollectionExists(org.apache.commons.collections4.trie.PatriciaTrie2Test) : Failed
17:56:37.007 [main] INFO  JaguarDF - Test testEmptyMapCompatibility(org.apache.commons.collections4.trie.PatriciaTrieTest) : Failed
17:56:37.553 [main] INFO  JaguarDF - Test testFullMapCompatibility(org.apache.commons.collections4.trie.PatriciaTrieTest) : Failed
17:57:24.966 [main] INFO  JaguarDF - Test testCanonicalEmptyCollectionExists(org.apache.commons.collections4.trie.PatriciaTrieTest) : Failed
17:57:25.520 [main] INFO  JaguarDF - Test testCanonicalFullCollectionExists(org.apache.commons.collections4.trie.PatriciaTrieTest) : Failed
18:01:48.875 [main] INFO  JaguarDF - Test testEmptyMapCompatibility(org.apache.commons.collections4.trie.UnmodifiableTrieTest) : Failed
18:01:49.455 [main] INFO  JaguarDF - Test testFullMapCompatibility(org.apache.commons.collections4.trie.UnmodifiableTrieTest) : Failed
18:02:38.268 [main] INFO  JaguarDF - Test testCanonicalEmptyCollectionExists(org.apache.commons.collections4.trie.UnmodifiableTrieTest) : Failed
18:02:38.841 [main] INFO  JaguarDF - Test testCanonicalFullCollectionExists(org.apache.commons.collections4.trie.UnmodifiableTrieTest) : Failed
18:02:39.982 [main] INFO  JaguarDF - Jaguar-DF has finished!

real	113m14.648s
user	102m40.312s
sys	12m39.640s
