Analyzing output/joda-time/4f/jaguar
org.joda.time.DateTimeZone
- BA-DUA covered: 372, Jaguar covered: 371
org.joda.time.chrono.IslamicChronology
- BA-DUA covered: 125, Jaguar covered: 124
org.joda.time.chrono.ISOChronology
- BA-DUA covered: 67, Jaguar covered: 66
org.joda.time.chrono.GJLocaleSymbols
- BA-DUA covered: 164, Jaguar covered: 163
org.joda.time.chrono.GregorianChronology
- BA-DUA covered: 69, Jaguar covered: 68
org.joda.time.chrono.JulianChronology
- BA-DUA covered: 77, Jaguar covered: 76
org.joda.time.chrono.GJChronology
- BA-DUA covered: 327, Jaguar covered: 325
org.joda.time.chrono.EthiopicChronology
- BA-DUA covered: 74, Jaguar covered: 73
org.joda.time.chrono.CopticChronology
- BA-DUA covered: 81, Jaguar covered: 80
org.joda.time.chrono.BuddhistChronology
- BA-DUA covered: 59, Jaguar covered: 58
org.joda.time.format.DateTimeFormatterBuilder$TextField
- BA-DUA covered: 125, Jaguar covered: 123
org.joda.time.format.DateTimeFormat
- BA-DUA covered: 268, Jaguar covered: 266
org.joda.time.format.DateTimeFormat$StyleFormatter
- BA-DUA covered: 41, Jaguar covered: 40
org.joda.time.tz.ZoneInfoProvider
- BA-DUA covered: 82, Jaguar covered: 81
Total DUAs: 19267, Covered DUAs: 15371
