01:18:15.532 [main] INFO  JaguarDF - Welcome to Jaguar-DF CLI!
01:18:15.628 [main] DEBUG JaguarDF - CLI Arguments: [--projectDir, d4jprojects/commons-compress, --classesDir, target/classes, --testsDir, target/test-classes, --tests, tests.out, --logLevel, INFO]
01:18:36.484 [main] INFO  JaguarDF - Test skipsPK00Prefix(org.apache.commons.compress.archivers.ArchiveStreamFactoryTest) : Failed
01:18:37.924 [main] INFO  JaguarDF - Test aiffFilesAreNoTARs(org.apache.commons.compress.archivers.ArchiveStreamFactoryTest) : Failed
01:18:39.082 [main] INFO  JaguarDF - Test detectsAndThrowsFor7z(org.apache.commons.compress.archivers.ArchiveStreamFactoryTest) : Failed
01:18:39.471 [main] INFO  JaguarDF - Test testCOMPRESS209(org.apache.commons.compress.archivers.ArchiveStreamFactoryTest) : Failed
01:19:02.354 [main] INFO  JaguarDF - Test testCOMPRESS178(org.apache.commons.compress.archivers.TarTestCase) : Failed
01:20:24.665 [main] INFO  JaguarDF - Test testParseOctalInvalid(org.apache.commons.compress.archivers.tar.TarUtilsTest) : Failed
01:20:34.731 [main] INFO  JaguarDF - Test testArchiveWithImplodeCompression4K2Trees(org.apache.commons.compress.archivers.zip.ExplodeSupportTest) : Failed
01:20:35.265 [main] INFO  JaguarDF - Test testZipStreamWithImplodeCompression8K3Trees(org.apache.commons.compress.archivers.zip.ExplodeSupportTest) : Failed
01:20:35.870 [main] INFO  JaguarDF - Test testTikaTestArchive(org.apache.commons.compress.archivers.zip.ExplodeSupportTest) : Failed
01:20:36.382 [main] INFO  JaguarDF - Test testArchiveWithImplodeCompression8K3Trees(org.apache.commons.compress.archivers.zip.ExplodeSupportTest) : Failed
01:20:36.905 [main] INFO  JaguarDF - Test testZipStreamWithImplodeCompression4K2Trees(org.apache.commons.compress.archivers.zip.ExplodeSupportTest) : Failed
01:20:37.432 [main] INFO  JaguarDF - Test testTikaTestStream(org.apache.commons.compress.archivers.zip.ExplodeSupportTest) : Failed
XZTestCase: HeapMax=3817865216 bytes 3641.0 MB
Attempt to read the whole thing in, should throw ...
01:23:08.165 [main] INFO  JaguarDF - Jaguar-DF has finished!

real	4m53.423s
user	5m3.266s
sys	0m21.696s
