17:45:10.866 [main] INFO  JaguarDF - Welcome to Jaguar-DF CLI!
17:45:11.255 [main] DEBUG JaguarDF - CLI Arguments: [--projectDir, d4jprojects/joda-time, --classesDir, build/classes, --testsDir, build/tests, --tests, tests.out, --logLevel, INFO]
18:32:12.196 [main] INFO  JaguarDF - Test testSerializedMutableDateTime(org.joda.time.TestSerialization) : Failed
18:32:13.476 [main] INFO  JaguarDF - Test testSerializedGJChronologyChangedInternals(org.joda.time.TestSerialization) : Failed
18:32:14.742 [main] INFO  JaguarDF - Test testSerializedISOChronology(org.joda.time.TestSerialization) : Failed
18:32:17.299 [main] INFO  JaguarDF - Test testSerializedBuddhistChronology(org.joda.time.TestSerialization) : Failed
18:32:18.564 [main] INFO  JaguarDF - Test testSerializedDateTimeProperty(org.joda.time.TestSerialization) : Failed
18:32:19.840 [main] INFO  JaguarDF - Test testSerializedPeriodType(org.joda.time.TestSerialization) : Failed
18:32:21.134 [main] INFO  JaguarDF - Test testSerializedJulianChronology(org.joda.time.TestSerialization) : Failed
18:32:22.401 [main] INFO  JaguarDF - Test testSerializedDateTimeFieldType(org.joda.time.TestSerialization) : Failed
18:32:23.678 [main] INFO  JaguarDF - Test testSerializedYearMonthDay(org.joda.time.TestSerialization) : Failed
18:32:24.965 [main] INFO  JaguarDF - Test testSerializedMutableDateTimeProperty(org.joda.time.TestSerialization) : Failed
18:32:26.273 [main] INFO  JaguarDF - Test testSerializedGregorianChronology(org.joda.time.TestSerialization) : Failed
18:32:27.545 [main] INFO  JaguarDF - Test testSerializedDateTime(org.joda.time.TestSerialization) : Failed
18:32:28.818 [main] INFO  JaguarDF - Test testSerializedLocalDate(org.joda.time.TestSerialization) : Failed
18:32:30.084 [main] INFO  JaguarDF - Test testSerializedLocalTime(org.joda.time.TestSerialization) : Failed
18:32:31.371 [main] INFO  JaguarDF - Test testSerializedUnsupportedDateTimeField(org.joda.time.TestSerialization) : Failed
18:32:32.659 [main] INFO  JaguarDF - Test testSerializedDateTimeZone(org.joda.time.TestSerialization) : Failed
18:32:33.924 [main] INFO  JaguarDF - Test testSerializedCopticChronology(org.joda.time.TestSerialization) : Failed
18:32:35.241 [main] INFO  JaguarDF - Test testSerializedLocalDateBuddhist(org.joda.time.TestSerialization) : Failed
18:32:36.537 [main] INFO  JaguarDF - Test testSerializedDateMidnight(org.joda.time.TestSerialization) : Failed
18:32:37.801 [main] INFO  JaguarDF - Test testSerializedGJChronology(org.joda.time.TestSerialization) : Failed
18:32:39.076 [main] INFO  JaguarDF - Test testSerializedDateTimeZoneUTC(org.joda.time.TestSerialization) : Failed
18:32:40.340 [main] INFO  JaguarDF - Test testSerializedInstant(org.joda.time.TestSerialization) : Failed
18:32:41.604 [main] INFO  JaguarDF - Test testSerializedLocalDateTime(org.joda.time.TestSerialization) : Failed
18:32:42.897 [main] INFO  JaguarDF - Test testSerializedTimeOfDay(org.joda.time.TestSerialization) : Failed
18:32:44.160 [main] INFO  JaguarDF - Test testSerializedDateMidnightProperty(org.joda.time.TestSerialization) : Failed

TestBuddhistChronology.testCalendar

TestCopticChronology.testCalendar

TestEthiopicChronology.testCalendar

TestIslamicChronology.testCalendar
18:47:09.501 [main] INFO  JaguarDF - Test testSetInto_Object(org.joda.time.convert.TestReadableDurationConverter) : Failed
Writing zoneinfo files
Writing ZoneInfoMap
19:04:13.663 [main] INFO  JaguarDF - Jaguar-DF has finished!

real	79m4.401s
user	79m15.301s
sys	0m48.633s
