Analyzing output/commons-compress/42b/jaguar
org.apache.commons.compress.archivers.sevenz.SevenZFile
- BA-DUA covered: 1112, Jaguar covered: 1108
org.apache.commons.compress.archivers.zip.ZipFile
- BA-DUA covered: 291, Jaguar covered: 289
org.apache.commons.compress.archivers.zip.ZipFile$BoundedInputStream
- BA-DUA covered: 69, Jaguar covered: 67
org.apache.commons.compress.archivers.zip.ScatterZipOutputStream
- BA-DUA covered: 19, Jaguar covered: 16
org.apache.commons.compress.archivers.arj.ArjArchiveInputStream
- BA-DUA covered: 151, Jaguar covered: 148
org.apache.commons.compress.archivers.cpio.CpioArchiveInputStream
- BA-DUA covered: 296, Jaguar covered: 287
org.apache.commons.compress.compressors.snappy.FramedSnappyCompressorOutputStream
- BA-DUA covered: 44, Jaguar covered: 43
org.apache.commons.compress.compressors.pack200.Pack200Utils
- BA-DUA covered: 19, Jaguar covered: 16
org.apache.commons.compress.compressors.pack200.StreamBridge
- BA-DUA covered: 17, Jaguar covered: 15
org.apache.commons.compress.compressors.pack200.Pack200CompressorInputStream
- BA-DUA covered: 40, Jaguar covered: 39
Total DUAs: 19470, Covered DUAs: 14688
