18:02:42.866 [main] INFO  JaguarDF - Welcome to Jaguar-DF CLI!
18:02:42.946 [main] DEBUG JaguarDF - CLI Arguments: [--projectDir, d4jprojects/commons-cli, --classesDir, target/classes, --testsDir, target/test-classes, --tests, tests.out, --logLevel, INFO]
18:02:48.226 [main] INFO  JaguarDF - Test testMultipleChildOptions(org.apache.commons.cli2.bug.BugCLI123Test) : Failed
18:02:48.304 [main] INFO  JaguarDF - Test testParentOptionAndChildOption(org.apache.commons.cli2.bug.BugCLI123Test) : Failed
18:02:48.386 [main] INFO  JaguarDF - Test testSingleChildOption(org.apache.commons.cli2.bug.BugCLI123Test) : Failed
Unexpected value "src/test/org/apache/commons/cli2/bug/BugCLI144Test.java"      
found while processing  -f                                                      
Usage:                                                                          
 [-f <file-name1> [<file-name2> ...]]                                           
-f (--file-name) file-name [file-name ...]    name of an existing file          
18:02:48.635 [main] INFO  JaguarDF - Test testFileValidator(org.apache.commons.cli2.bug.BugCLI144Test) : Failed
18:02:55.079 [main] INFO  JaguarDF - Test testGetOptions_Order(org.apache.commons.cli2.commandline.DefaultingCommandLineTest) : Failed
18:02:59.194 [main] INFO  JaguarDF - Test testGetOptions_Order(org.apache.commons.cli2.commandline.PreferencesCommandLineTest) : Failed
18:03:02.332 [main] INFO  JaguarDF - Test testGetOptions_Order(org.apache.commons.cli2.commandline.PropertiesCommandLineTest) : Failed
18:03:05.965 [main] INFO  JaguarDF - Test testGetOptions_Order(org.apache.commons.cli2.commandline.WriteableCommandLineImplTest) : Failed
18:03:06.500 [main] INFO  JaguarDF - Test testNoCyclesPresent(org.apache.commons.cli2.jdepend.JDependTest) : Failed
18:03:06.587 [main] INFO  JaguarDF - Test testApiIndependance(org.apache.commons.cli2.jdepend.JDependTest) : Failed
18:03:06.671 [main] INFO  JaguarDF - Test testJUnitNotPresent(org.apache.commons.cli2.jdepend.JDependTest) : Failed
18:03:06.754 [main] INFO  JaguarDF - Test testAcceptableDistance(org.apache.commons.cli2.jdepend.JDependTest) : Failed
18:03:27.737 [main] INFO  JaguarDF - Test testValidate_Directory(org.apache.commons.cli2.validation.FileValidatorTest) : Failed
18:03:27.931 [main] INFO  JaguarDF - Test testValidate_HiddenFile(org.apache.commons.cli2.validation.FileValidatorTest) : Failed
18:03:28.022 [main] INFO  JaguarDF - Test testValidate_WritableFile(org.apache.commons.cli2.validation.FileValidatorTest) : Failed
18:03:28.121 [main] INFO  JaguarDF - Test testValidate_Existing(org.apache.commons.cli2.validation.FileValidatorTest) : Failed
18:03:28.212 [main] INFO  JaguarDF - Test testValidate_File(org.apache.commons.cli2.validation.FileValidatorTest) : Failed
18:03:28.303 [main] INFO  JaguarDF - Test testValidate_ReadableFile(org.apache.commons.cli2.validation.FileValidatorTest) : Failed
18:03:29.458 [main] INFO  JaguarDF - Jaguar-DF has finished!

real	0m47.218s
user	0m57.746s
sys	0m5.912s
