02:28:15.042 [main] INFO  JaguarDF - Welcome to Jaguar-DF CLI!
02:28:15.137 [main] DEBUG JaguarDF - CLI Arguments: [--projectDir, d4jprojects/commons-compress, --classesDir, target/classes, --testsDir, target/test-classes, --tests, tests.out, --logLevel, INFO]
02:28:37.480 [main] INFO  JaguarDF - Test skipsPK00Prefix(org.apache.commons.compress.archivers.ArchiveStreamFactoryTest) : Failed
02:28:38.978 [main] INFO  JaguarDF - Test aiffFilesAreNoTARs(org.apache.commons.compress.archivers.ArchiveStreamFactoryTest) : Failed
02:28:40.190 [main] INFO  JaguarDF - Test detectsAndThrowsFor7z(org.apache.commons.compress.archivers.ArchiveStreamFactoryTest) : Failed
02:28:40.612 [main] INFO  JaguarDF - Test testCOMPRESS209(org.apache.commons.compress.archivers.ArchiveStreamFactoryTest) : Failed
02:29:41.600 [main] INFO  JaguarDF - Test initializationError(org.apache.commons.compress.archivers.sevenz.SevenZNativeHeapTest) : Failed
02:30:09.364 [main] INFO  JaguarDF - Test survivesBlankLinesInPaxHeader(org.apache.commons.compress.archivers.tar.TarArchiveInputStreamTest) : Failed
02:30:50.826 [main] INFO  JaguarDF - Test testArchiveWithImplodeCompression4K2Trees(org.apache.commons.compress.archivers.zip.ExplodeSupportTest) : Failed
02:30:51.413 [main] INFO  JaguarDF - Test testZipStreamWithImplodeCompression8K3Trees(org.apache.commons.compress.archivers.zip.ExplodeSupportTest) : Failed
02:30:52.002 [main] INFO  JaguarDF - Test testTikaTestArchive(org.apache.commons.compress.archivers.zip.ExplodeSupportTest) : Failed
02:30:52.632 [main] INFO  JaguarDF - Test testArchiveWithImplodeCompression8K3Trees(org.apache.commons.compress.archivers.zip.ExplodeSupportTest) : Failed
02:30:53.212 [main] INFO  JaguarDF - Test testZipStreamWithImplodeCompression4K2Trees(org.apache.commons.compress.archivers.zip.ExplodeSupportTest) : Failed
02:30:53.792 [main] INFO  JaguarDF - Test testTikaTestStream(org.apache.commons.compress.archivers.zip.ExplodeSupportTest) : Failed
XZTestCase: HeapMax=3817865216 bytes 3641.0 MB
Attempt to read the whole thing in, should throw ...
02:33:49.115 [main] INFO  JaguarDF - Jaguar-DF has finished!

real	5m34.873s
user	5m42.060s
sys	0m24.804s
