18:03:43.821 [main] INFO  JaguarDF - Welcome to Jaguar-DF CLI!
18:03:43.898 [main] DEBUG JaguarDF - CLI Arguments: [--projectDir, d4jprojects/commons-cli, --classesDir, target/classes, --testsDir, target/test-classes, --tests, tests.out, --logLevel, INFO]
Unexpected value "src/test/org/apache/commons/cli2/bug/BugCLI144Test.java"      
found while processing  -f                                                      
Usage:                                                                          
 [-f <file-name1> [<file-name2> ...]]                                           
-f (--file-name) file-name [file-name ...]    name of an existing file          
18:03:50.501 [main] INFO  JaguarDF - Test testFileValidator(org.apache.commons.cli2.bug.BugCLI144Test) : Failed
18:04:07.405 [main] INFO  JaguarDF - Test testNoCyclesPresent(org.apache.commons.cli2.jdepend.JDependTest) : Failed
18:04:07.500 [main] INFO  JaguarDF - Test testApiIndependance(org.apache.commons.cli2.jdepend.JDependTest) : Failed
18:04:07.590 [main] INFO  JaguarDF - Test testJUnitNotPresent(org.apache.commons.cli2.jdepend.JDependTest) : Failed
18:04:07.679 [main] INFO  JaguarDF - Test testAcceptableDistance(org.apache.commons.cli2.jdepend.JDependTest) : Failed
18:04:28.323 [main] INFO  JaguarDF - Test testValidate_Directory(org.apache.commons.cli2.validation.FileValidatorTest) : Failed
18:04:28.525 [main] INFO  JaguarDF - Test testValidate_HiddenFile(org.apache.commons.cli2.validation.FileValidatorTest) : Failed
18:04:28.619 [main] INFO  JaguarDF - Test testValidate_WritableFile(org.apache.commons.cli2.validation.FileValidatorTest) : Failed
18:04:28.716 [main] INFO  JaguarDF - Test testValidate_Existing(org.apache.commons.cli2.validation.FileValidatorTest) : Failed
18:04:28.816 [main] INFO  JaguarDF - Test testValidate_File(org.apache.commons.cli2.validation.FileValidatorTest) : Failed
18:04:28.904 [main] INFO  JaguarDF - Test testValidate_ReadableFile(org.apache.commons.cli2.validation.FileValidatorTest) : Failed
18:04:30.010 [main] INFO  JaguarDF - Jaguar-DF has finished!

real	0m46.815s
user	1m2.426s
sys	0m5.920s
