14:16:36.533 [main] INFO  JaguarDF - Welcome to Jaguar-DF CLI!
14:16:36.603 [main] DEBUG JaguarDF - CLI Arguments: [--projectDir, d4jprojects/commons-collections, --classesDir, target/classes, --testsDir, target/tests, --tests, tests.out, --logLevel, INFO]
14:16:42.580 [main] INFO  JaguarDF - Test testEmptyListCompatibility(org.apache.commons.collections4.ArrayStackTest) : Failed
14:16:42.689 [main] INFO  JaguarDF - Test testFullListCompatibility(org.apache.commons.collections4.ArrayStackTest) : Failed
14:16:55.189 [main] INFO  JaguarDF - Test testCanonicalEmptyCollectionExists(org.apache.commons.collections4.ArrayStackTest) : Failed
14:16:55.288 [main] INFO  JaguarDF - Test testCanonicalFullCollectionExists(org.apache.commons.collections4.ArrayStackTest) : Failed
14:18:03.837 [main] INFO  JaguarDF - Test testEmptyBagCompatibility(org.apache.commons.collections4.bag.CollectionBagTest) : Failed
14:18:04.118 [main] INFO  JaguarDF - Test testFullBagCompatibility(org.apache.commons.collections4.bag.CollectionBagTest) : Failed
14:18:09.850 [main] INFO  JaguarDF - Test testCanonicalFullCollectionExists(org.apache.commons.collections4.bag.CollectionBagTest) : Failed
14:18:10.391 [main] INFO  JaguarDF - Test testCanonicalEmptyCollectionExists(org.apache.commons.collections4.bag.CollectionBagTest) : Failed
14:18:11.475 [main] INFO  JaguarDF - Test testEmptyBagCompatibility(org.apache.commons.collections4.bag.CollectionSortedBagTest) : Failed
14:18:11.756 [main] INFO  JaguarDF - Test testFullBagCompatibility(org.apache.commons.collections4.bag.CollectionSortedBagTest) : Failed
14:18:17.523 [main] INFO  JaguarDF - Test testCanonicalFullCollectionExists(org.apache.commons.collections4.bag.CollectionSortedBagTest) : Failed
14:18:18.075 [main] INFO  JaguarDF - Test testCanonicalEmptyCollectionExists(org.apache.commons.collections4.bag.CollectionSortedBagTest) : Failed
14:18:32.293 [main] INFO  JaguarDF - Test testEmptyBagCompatibility(org.apache.commons.collections4.bag.HashBagTest) : Failed
14:18:32.567 [main] INFO  JaguarDF - Test testFullBagCompatibility(org.apache.commons.collections4.bag.HashBagTest) : Failed
14:18:39.442 [main] INFO  JaguarDF - Test testCanonicalEmptyCollectionExists(org.apache.commons.collections4.bag.HashBagTest) : Failed
14:18:39.720 [main] INFO  JaguarDF - Test testCanonicalFullCollectionExists(org.apache.commons.collections4.bag.HashBagTest) : Failed
14:18:54.268 [main] INFO  JaguarDF - Test testEmptyBagCompatibility(org.apache.commons.collections4.bag.PredicatedBagTest) : Failed
14:18:54.546 [main] INFO  JaguarDF - Test testFullBagCompatibility(org.apache.commons.collections4.bag.PredicatedBagTest) : Failed
14:19:01.553 [main] INFO  JaguarDF - Test testCanonicalEmptyCollectionExists(org.apache.commons.collections4.bag.PredicatedBagTest) : Failed
14:19:01.834 [main] INFO  JaguarDF - Test testCanonicalFullCollectionExists(org.apache.commons.collections4.bag.PredicatedBagTest) : Failed
14:19:15.600 [main] INFO  JaguarDF - Test testEmptyBagCompatibility(org.apache.commons.collections4.bag.PredicatedSortedBagTest) : Failed
14:19:15.872 [main] INFO  JaguarDF - Test testFullBagCompatibility(org.apache.commons.collections4.bag.PredicatedSortedBagTest) : Failed
14:19:22.997 [main] INFO  JaguarDF - Test testCanonicalEmptyCollectionExists(org.apache.commons.collections4.bag.PredicatedSortedBagTest) : Failed
14:19:23.283 [main] INFO  JaguarDF - Test testCanonicalFullCollectionExists(org.apache.commons.collections4.bag.PredicatedSortedBagTest) : Failed
14:19:36.444 [main] INFO  JaguarDF - Test testEmptyBagCompatibility(org.apache.commons.collections4.bag.SynchronizedBagTest) : Failed
14:19:36.728 [main] INFO  JaguarDF - Test testFullBagCompatibility(org.apache.commons.collections4.bag.SynchronizedBagTest) : Failed
14:19:43.721 [main] INFO  JaguarDF - Test testCanonicalEmptyCollectionExists(org.apache.commons.collections4.bag.SynchronizedBagTest) : Failed
14:19:43.996 [main] INFO  JaguarDF - Test testCanonicalFullCollectionExists(org.apache.commons.collections4.bag.SynchronizedBagTest) : Failed
14:19:57.943 [main] INFO  JaguarDF - Test testEmptyBagCompatibility(org.apache.commons.collections4.bag.TransformedBagTest) : Failed
14:19:58.230 [main] INFO  JaguarDF - Test testFullBagCompatibility(org.apache.commons.collections4.bag.TransformedBagTest) : Failed
14:20:05.513 [main] INFO  JaguarDF - Test testCanonicalEmptyCollectionExists(org.apache.commons.collections4.bag.TransformedBagTest) : Failed
14:20:05.787 [main] INFO  JaguarDF - Test testCanonicalFullCollectionExists(org.apache.commons.collections4.bag.TransformedBagTest) : Failed
14:20:19.721 [main] INFO  JaguarDF - Test testEmptyBagCompatibility(org.apache.commons.collections4.bag.TransformedSortedBagTest) : Failed
14:20:20.001 [main] INFO  JaguarDF - Test testFullBagCompatibility(org.apache.commons.collections4.bag.TransformedSortedBagTest) : Failed
14:20:27.039 [main] INFO  JaguarDF - Test testCanonicalEmptyCollectionExists(org.apache.commons.collections4.bag.TransformedSortedBagTest) : Failed
14:20:27.322 [main] INFO  JaguarDF - Test testCanonicalFullCollectionExists(org.apache.commons.collections4.bag.TransformedSortedBagTest) : Failed
14:20:41.446 [main] INFO  JaguarDF - Test testEmptyBagCompatibility(org.apache.commons.collections4.bag.TreeBagTest) : Failed
14:20:41.730 [main] INFO  JaguarDF - Test testFullBagCompatibility(org.apache.commons.collections4.bag.TreeBagTest) : Failed
14:20:48.805 [main] INFO  JaguarDF - Test testCanonicalEmptyCollectionExists(org.apache.commons.collections4.bag.TreeBagTest) : Failed
14:20:49.088 [main] INFO  JaguarDF - Test testCanonicalFullCollectionExists(org.apache.commons.collections4.bag.TreeBagTest) : Failed
14:21:03.178 [main] INFO  JaguarDF - Test testEmptyBagCompatibility(org.apache.commons.collections4.bag.UnmodifiableBagTest) : Failed
14:21:03.468 [main] INFO  JaguarDF - Test testFullBagCompatibility(org.apache.commons.collections4.bag.UnmodifiableBagTest) : Failed
14:21:10.551 [main] INFO  JaguarDF - Test testCanonicalEmptyCollectionExists(org.apache.commons.collections4.bag.UnmodifiableBagTest) : Failed
14:21:10.833 [main] INFO  JaguarDF - Test testCanonicalFullCollectionExists(org.apache.commons.collections4.bag.UnmodifiableBagTest) : Failed
14:21:24.658 [main] INFO  JaguarDF - Test testEmptyBagCompatibility(org.apache.commons.collections4.bag.UnmodifiableSortedBagTest) : Failed
14:21:24.938 [main] INFO  JaguarDF - Test testFullBagCompatibility(org.apache.commons.collections4.bag.UnmodifiableSortedBagTest) : Failed
14:21:32.038 [main] INFO  JaguarDF - Test testCanonicalEmptyCollectionExists(org.apache.commons.collections4.bag.UnmodifiableSortedBagTest) : Failed
14:21:32.316 [main] INFO  JaguarDF - Test testCanonicalFullCollectionExists(org.apache.commons.collections4.bag.UnmodifiableSortedBagTest) : Failed
14:22:10.958 [main] INFO  JaguarDF - Test testEmptyMapCompatibility(org.apache.commons.collections4.bidimap.AbstractBidiMapTest$TestInverseBidiMap) : Failed
14:22:11.232 [main] INFO  JaguarDF - Test testFullMapCompatibility(org.apache.commons.collections4.bidimap.AbstractBidiMapTest$TestInverseBidiMap) : Failed
14:22:36.026 [main] INFO  JaguarDF - Test testCanonicalEmptyCollectionExists(org.apache.commons.collections4.bidimap.AbstractBidiMapTest$TestInverseBidiMap) : Failed
14:22:36.314 [main] INFO  JaguarDF - Test testCanonicalFullCollectionExists(org.apache.commons.collections4.bidimap.AbstractBidiMapTest$TestInverseBidiMap) : Failed
14:22:50.891 [main] INFO  JaguarDF - Test testEmptyMapCompatibility(org.apache.commons.collections4.bidimap.DualHashBidiMapTest) : Failed
14:22:51.187 [main] INFO  JaguarDF - Test testFullMapCompatibility(org.apache.commons.collections4.bidimap.DualHashBidiMapTest) : Failed
14:23:16.504 [main] INFO  JaguarDF - Test testCanonicalEmptyCollectionExists(org.apache.commons.collections4.bidimap.DualHashBidiMapTest) : Failed
14:23:16.792 [main] INFO  JaguarDF - Test testCanonicalFullCollectionExists(org.apache.commons.collections4.bidimap.DualHashBidiMapTest) : Failed
14:23:55.488 [main] INFO  JaguarDF - Test testEmptyMapCompatibility(org.apache.commons.collections4.bidimap.AbstractBidiMapTest$TestInverseBidiMap) : Failed
14:23:55.771 [main] INFO  JaguarDF - Test testFullMapCompatibility(org.apache.commons.collections4.bidimap.AbstractBidiMapTest$TestInverseBidiMap) : Failed
14:24:20.792 [main] INFO  JaguarDF - Test testCanonicalEmptyCollectionExists(org.apache.commons.collections4.bidimap.AbstractBidiMapTest$TestInverseBidiMap) : Failed
14:24:21.076 [main] INFO  JaguarDF - Test testCanonicalFullCollectionExists(org.apache.commons.collections4.bidimap.AbstractBidiMapTest$TestInverseBidiMap) : Failed
14:24:35.483 [main] INFO  JaguarDF - Test testEmptyMapCompatibility(org.apache.commons.collections4.bidimap.DualLinkedHashBidiMapTest) : Failed
14:24:35.768 [main] INFO  JaguarDF - Test testFullMapCompatibility(org.apache.commons.collections4.bidimap.DualLinkedHashBidiMapTest) : Failed
14:25:15.956 [main] INFO  JaguarDF - Test testCanonicalEmptyCollectionExists(org.apache.commons.collections4.bidimap.DualLinkedHashBidiMapTest) : Failed
14:25:16.267 [main] INFO  JaguarDF - Test testCanonicalFullCollectionExists(org.apache.commons.collections4.bidimap.DualLinkedHashBidiMapTest) : Failed
14:28:07.065 [main] INFO  JaguarDF - Test testEmptyMapCompatibility(org.apache.commons.collections4.bidimap.AbstractBidiMapTest$TestInverseBidiMap) : Failed
14:28:07.384 [main] INFO  JaguarDF - Test testFullMapCompatibility(org.apache.commons.collections4.bidimap.AbstractBidiMapTest$TestInverseBidiMap) : Failed
14:28:32.405 [main] INFO  JaguarDF - Test testCanonicalEmptyCollectionExists(org.apache.commons.collections4.bidimap.AbstractBidiMapTest$TestInverseBidiMap) : Failed
14:28:32.695 [main] INFO  JaguarDF - Test testCanonicalFullCollectionExists(org.apache.commons.collections4.bidimap.AbstractBidiMapTest$TestInverseBidiMap) : Failed
14:28:47.382 [main] INFO  JaguarDF - Test testEmptyMapCompatibility(org.apache.commons.collections4.bidimap.DualTreeBidiMap2Test) : Failed
14:28:47.682 [main] INFO  JaguarDF - Test testFullMapCompatibility(org.apache.commons.collections4.bidimap.DualTreeBidiMap2Test) : Failed
14:29:13.496 [main] INFO  JaguarDF - Test testCanonicalEmptyCollectionExists(org.apache.commons.collections4.bidimap.DualTreeBidiMap2Test) : Failed
14:29:13.792 [main] INFO  JaguarDF - Test testCanonicalFullCollectionExists(org.apache.commons.collections4.bidimap.DualTreeBidiMap2Test) : Failed
14:32:04.369 [main] INFO  JaguarDF - Test testEmptyMapCompatibility(org.apache.commons.collections4.bidimap.AbstractBidiMapTest$TestInverseBidiMap) : Failed
14:32:04.691 [main] INFO  JaguarDF - Test testFullMapCompatibility(org.apache.commons.collections4.bidimap.AbstractBidiMapTest$TestInverseBidiMap) : Failed
14:32:30.307 [main] INFO  JaguarDF - Test testCanonicalEmptyCollectionExists(org.apache.commons.collections4.bidimap.AbstractBidiMapTest$TestInverseBidiMap) : Failed
14:32:30.609 [main] INFO  JaguarDF - Test testCanonicalFullCollectionExists(org.apache.commons.collections4.bidimap.AbstractBidiMapTest$TestInverseBidiMap) : Failed
14:32:45.367 [main] INFO  JaguarDF - Test testEmptyMapCompatibility(org.apache.commons.collections4.bidimap.DualTreeBidiMapTest) : Failed
14:32:45.658 [main] INFO  JaguarDF - Test testFullMapCompatibility(org.apache.commons.collections4.bidimap.DualTreeBidiMapTest) : Failed
14:33:11.688 [main] INFO  JaguarDF - Test testCanonicalEmptyCollectionExists(org.apache.commons.collections4.bidimap.DualTreeBidiMapTest) : Failed
14:33:11.983 [main] INFO  JaguarDF - Test testCanonicalFullCollectionExists(org.apache.commons.collections4.bidimap.DualTreeBidiMapTest) : Failed
14:34:50.950 [main] INFO  JaguarDF - Test testEmptyMapCompatibility(org.apache.commons.collections4.bidimap.TreeBidiMapTest) : Failed
14:34:51.306 [main] INFO  JaguarDF - Test testFullMapCompatibility(org.apache.commons.collections4.bidimap.TreeBidiMapTest) : Failed
14:35:20.736 [main] INFO  JaguarDF - Test testCanonicalEmptyCollectionExists(org.apache.commons.collections4.bidimap.TreeBidiMapTest) : Failed
14:35:21.070 [main] INFO  JaguarDF - Test testCanonicalFullCollectionExists(org.apache.commons.collections4.bidimap.TreeBidiMapTest) : Failed
14:44:23.539 [main] INFO  JaguarDF - Test testCanonicalFullCollectionExists(org.apache.commons.collections4.collection.CompositeCollectionTest) : Failed
14:44:24.235 [main] INFO  JaguarDF - Test testCanonicalEmptyCollectionExists(org.apache.commons.collections4.collection.CompositeCollectionTest) : Failed
14:44:45.515 [main] INFO  JaguarDF - Test testCanonicalFullCollectionExists(org.apache.commons.collections4.collection.PredicatedCollectionTest) : Failed
14:44:46.218 [main] INFO  JaguarDF - Test testCanonicalEmptyCollectionExists(org.apache.commons.collections4.collection.PredicatedCollectionTest) : Failed
14:44:54.728 [main] INFO  JaguarDF - Test testCanonicalFullCollectionExists(org.apache.commons.collections4.collection.SynchronizedCollectionTest) : Failed
14:44:55.416 [main] INFO  JaguarDF - Test testCanonicalEmptyCollectionExists(org.apache.commons.collections4.collection.SynchronizedCollectionTest) : Failed
14:45:04.715 [main] INFO  JaguarDF - Test testCanonicalFullCollectionExists(org.apache.commons.collections4.collection.TransformedCollectionTest) : Failed
14:45:05.406 [main] INFO  JaguarDF - Test testCanonicalEmptyCollectionExists(org.apache.commons.collections4.collection.TransformedCollectionTest) : Failed
14:45:24.352 [main] INFO  JaguarDF - Test testCanonicalFullCollectionExists(org.apache.commons.collections4.collection.UnmodifiableCollectionTest) : Failed
14:45:25.051 [main] INFO  JaguarDF - Test testCanonicalEmptyCollectionExists(org.apache.commons.collections4.collection.UnmodifiableCollectionTest) : Failed
14:45:28.542 [main] INFO  JaguarDF - Test testComparatorCompatibility(org.apache.commons.collections4.comparators.BooleanComparatorTest) : Failed
14:45:33.101 [main] INFO  JaguarDF - Test testComparatorCompatibility(org.apache.commons.collections4.comparators.ComparableComparatorTest) : Failed
14:45:39.470 [main] INFO  JaguarDF - Test testComparatorCompatibility(org.apache.commons.collections4.comparators.ComparatorChainTest) : Failed
14:45:46.242 [main] INFO  JaguarDF - Test testComparatorCompatibility(org.apache.commons.collections4.comparators.FixedOrderComparatorTest) : Failed
14:45:51.402 [main] INFO  JaguarDF - Test testComparatorCompatibility(org.apache.commons.collections4.comparators.ReverseComparatorTest) : Failed
14:45:56.080 [main] INFO  JaguarDF - Test testComparatorCompatibility(org.apache.commons.collections4.comparators.TransformingComparatorTest) : Failed
14:50:22.440 [main] INFO  JaguarDF - Test testEmptyListCompatibility(org.apache.commons.collections4.list.CursorableLinkedListTest) : Failed
14:50:22.843 [main] INFO  JaguarDF - Test testFullListCompatibility(org.apache.commons.collections4.list.CursorableLinkedListTest) : Failed
14:51:11.911 [main] INFO  JaguarDF - Test testCanonicalEmptyCollectionExists(org.apache.commons.collections4.list.CursorableLinkedListTest) : Failed
14:51:12.317 [main] INFO  JaguarDF - Test testCanonicalFullCollectionExists(org.apache.commons.collections4.list.CursorableLinkedListTest) : Failed
14:51:14.476 [main] INFO  JaguarDF - Test testEmptyListCompatibility(org.apache.commons.collections4.list.FixedSizeListTest) : Failed
14:51:26.235 [main] INFO  JaguarDF - Test testFullListCompatibility(org.apache.commons.collections4.list.FixedSizeListTest) : Failed
14:51:36.233 [main] INFO  JaguarDF - Test testCanonicalFullCollectionExists(org.apache.commons.collections4.list.FixedSizeListTest) : Failed
14:51:37.110 [main] INFO  JaguarDF - Test testCanonicalEmptyCollectionExists(org.apache.commons.collections4.list.FixedSizeListTest) : Failed
14:51:43.760 [main] INFO  JaguarDF - Test testEmptyListCompatibility(org.apache.commons.collections4.list.GrowthListTest) : Failed
14:51:53.833 [main] INFO  JaguarDF - Test testFullListCompatibility(org.apache.commons.collections4.list.GrowthListTest) : Failed
14:52:03.897 [main] INFO  JaguarDF - Test testCanonicalFullCollectionExists(org.apache.commons.collections4.list.GrowthListTest) : Failed
14:52:04.773 [main] INFO  JaguarDF - Test testCanonicalEmptyCollectionExists(org.apache.commons.collections4.list.GrowthListTest) : Failed
14:52:20.990 [main] INFO  JaguarDF - Test testEmptyListCompatibility(org.apache.commons.collections4.list.NodeCachingLinkedListTest) : Failed
14:52:21.426 [main] INFO  JaguarDF - Test testFullListCompatibility(org.apache.commons.collections4.list.NodeCachingLinkedListTest) : Failed
14:53:15.314 [main] INFO  JaguarDF - Test testCanonicalEmptyCollectionExists(org.apache.commons.collections4.list.NodeCachingLinkedListTest) : Failed
14:53:15.696 [main] INFO  JaguarDF - Test testCanonicalFullCollectionExists(org.apache.commons.collections4.list.NodeCachingLinkedListTest) : Failed
14:53:19.263 [main] INFO  JaguarDF - Test testEmptyListCompatibility(org.apache.commons.collections4.list.PredicatedListTest) : Failed
14:53:28.620 [main] INFO  JaguarDF - Test testFullListCompatibility(org.apache.commons.collections4.list.PredicatedListTest) : Failed
14:53:39.641 [main] INFO  JaguarDF - Test testCanonicalFullCollectionExists(org.apache.commons.collections4.list.PredicatedListTest) : Failed
14:53:40.546 [main] INFO  JaguarDF - Test testCanonicalEmptyCollectionExists(org.apache.commons.collections4.list.PredicatedListTest) : Failed
14:53:53.754 [main] INFO  JaguarDF - Test testEmptyListCompatibility(org.apache.commons.collections4.list.SetUniqueListTest) : Failed
14:54:03.622 [main] INFO  JaguarDF - Test testFullListCompatibility(org.apache.commons.collections4.list.SetUniqueListTest) : Failed
14:54:12.817 [main] INFO  JaguarDF - Test testCanonicalFullCollectionExists(org.apache.commons.collections4.list.SetUniqueListTest) : Failed
14:54:13.728 [main] INFO  JaguarDF - Test testCanonicalEmptyCollectionExists(org.apache.commons.collections4.list.SetUniqueListTest) : Failed
14:54:18.112 [main] INFO  JaguarDF - Test testEmptyListCompatibility(org.apache.commons.collections4.list.TransformedListTest) : Failed
14:54:29.103 [main] INFO  JaguarDF - Test testFullListCompatibility(org.apache.commons.collections4.list.TransformedListTest) : Failed
14:54:39.949 [main] INFO  JaguarDF - Test testCanonicalFullCollectionExists(org.apache.commons.collections4.list.TransformedListTest) : Failed
14:54:40.863 [main] INFO  JaguarDF - Test testCanonicalEmptyCollectionExists(org.apache.commons.collections4.list.TransformedListTest) : Failed
14:56:07.266 [main] INFO  JaguarDF - Test testEmptyListCompatibility(org.apache.commons.collections4.list.UnmodifiableListTest) : Failed
14:56:19.554 [main] INFO  JaguarDF - Test testFullListCompatibility(org.apache.commons.collections4.list.UnmodifiableListTest) : Failed
14:56:29.879 [main] INFO  JaguarDF - Test testCanonicalFullCollectionExists(org.apache.commons.collections4.list.UnmodifiableListTest) : Failed
14:56:30.772 [main] INFO  JaguarDF - Test testCanonicalEmptyCollectionExists(org.apache.commons.collections4.list.UnmodifiableListTest) : Failed
14:57:03.651 [main] INFO  JaguarDF - Test testEmptyMapCompatibility(org.apache.commons.collections4.map.CaseInsensitiveMapTest) : Failed
14:57:04.231 [main] INFO  JaguarDF - Test testFullMapCompatibility(org.apache.commons.collections4.map.CaseInsensitiveMapTest) : Failed
14:57:43.562 [main] INFO  JaguarDF - Test testCanonicalEmptyCollectionExists(org.apache.commons.collections4.map.CaseInsensitiveMapTest) : Failed
14:57:44.008 [main] INFO  JaguarDF - Test testCanonicalFullCollectionExists(org.apache.commons.collections4.map.CaseInsensitiveMapTest) : Failed
14:58:00.379 [main] INFO  JaguarDF - Test testEmptyMapCompatibility(org.apache.commons.collections4.map.CompositeMapTest) : Failed
14:58:01.326 [main] INFO  JaguarDF - Test testFullMapCompatibility(org.apache.commons.collections4.map.CompositeMapTest) : Failed
14:58:08.326 [main] INFO  JaguarDF - Test testCanonicalFullCollectionExists(org.apache.commons.collections4.map.CompositeMapTest) : Failed
14:58:09.244 [main] INFO  JaguarDF - Test testCanonicalEmptyCollectionExists(org.apache.commons.collections4.map.CompositeMapTest) : Failed
14:58:25.427 [main] INFO  JaguarDF - Test testEmptyMapCompatibility(org.apache.commons.collections4.map.DefaultedMapTest) : Failed
14:58:26.343 [main] INFO  JaguarDF - Test testFullMapCompatibility(org.apache.commons.collections4.map.DefaultedMapTest) : Failed
14:58:32.863 [main] INFO  JaguarDF - Test testCanonicalFullCollectionExists(org.apache.commons.collections4.map.DefaultedMapTest) : Failed
14:58:33.779 [main] INFO  JaguarDF - Test testCanonicalEmptyCollectionExists(org.apache.commons.collections4.map.DefaultedMapTest) : Failed
14:58:48.102 [main] INFO  JaguarDF - Test testEmptyMapCompatibility(org.apache.commons.collections4.map.FixedSizeMapTest) : Failed
14:58:49.054 [main] INFO  JaguarDF - Test testFullMapCompatibility(org.apache.commons.collections4.map.FixedSizeMapTest) : Failed
14:58:56.066 [main] INFO  JaguarDF - Test testCanonicalFullCollectionExists(org.apache.commons.collections4.map.FixedSizeMapTest) : Failed
14:58:57.014 [main] INFO  JaguarDF - Test testCanonicalEmptyCollectionExists(org.apache.commons.collections4.map.FixedSizeMapTest) : Failed
15:02:32.727 [main] INFO  JaguarDF - Test testEmptyMapCompatibility(org.apache.commons.collections4.map.FixedSizeSortedMapTest) : Failed
15:02:33.190 [main] INFO  JaguarDF - Test testFullMapCompatibility(org.apache.commons.collections4.map.FixedSizeSortedMapTest) : Failed
15:03:13.958 [main] INFO  JaguarDF - Test testCanonicalEmptyCollectionExists(org.apache.commons.collections4.map.FixedSizeSortedMapTest) : Failed
15:03:14.445 [main] INFO  JaguarDF - Test testCanonicalFullCollectionExists(org.apache.commons.collections4.map.FixedSizeSortedMapTest) : Failed
15:03:52.419 [main] INFO  JaguarDF - Test testEmptyMapCompatibility(org.apache.commons.collections4.map.Flat3MapTest) : Failed
15:03:52.906 [main] INFO  JaguarDF - Test testFullMapCompatibility(org.apache.commons.collections4.map.Flat3MapTest) : Failed
15:04:35.467 [main] INFO  JaguarDF - Test testCanonicalEmptyCollectionExists(org.apache.commons.collections4.map.Flat3MapTest) : Failed
15:04:35.951 [main] INFO  JaguarDF - Test testCanonicalFullCollectionExists(org.apache.commons.collections4.map.Flat3MapTest) : Failed
15:05:08.387 [main] INFO  JaguarDF - Test testEmptyMapCompatibility(org.apache.commons.collections4.map.HashedMapTest) : Failed
15:05:08.867 [main] INFO  JaguarDF - Test testFullMapCompatibility(org.apache.commons.collections4.map.HashedMapTest) : Failed
15:05:51.453 [main] INFO  JaguarDF - Test testCanonicalEmptyCollectionExists(org.apache.commons.collections4.map.HashedMapTest) : Failed
15:05:51.950 [main] INFO  JaguarDF - Test testCanonicalFullCollectionExists(org.apache.commons.collections4.map.HashedMapTest) : Failed
15:06:46.028 [main] INFO  JaguarDF - Test testEmptyMapCompatibility(org.apache.commons.collections4.map.LRUMapTest) : Failed
15:06:46.517 [main] INFO  JaguarDF - Test testFullMapCompatibility(org.apache.commons.collections4.map.LRUMapTest) : Failed
15:07:29.862 [main] INFO  JaguarDF - Test testCanonicalEmptyCollectionExists(org.apache.commons.collections4.map.LRUMapTest) : Failed
15:07:30.352 [main] INFO  JaguarDF - Test testCanonicalFullCollectionExists(org.apache.commons.collections4.map.LRUMapTest) : Failed
15:07:44.279 [main] INFO  JaguarDF - Test testEmptyMapCompatibility(org.apache.commons.collections4.map.LazyMapTest) : Failed
15:07:45.256 [main] INFO  JaguarDF - Test testFullMapCompatibility(org.apache.commons.collections4.map.LazyMapTest) : Failed
15:07:52.283 [main] INFO  JaguarDF - Test testCanonicalFullCollectionExists(org.apache.commons.collections4.map.LazyMapTest) : Failed
15:07:53.278 [main] INFO  JaguarDF - Test testCanonicalEmptyCollectionExists(org.apache.commons.collections4.map.LazyMapTest) : Failed
15:08:10.214 [main] INFO  JaguarDF - Test testEmptyMapCompatibility(org.apache.commons.collections4.map.LazySortedMapTest) : Failed
15:08:11.207 [main] INFO  JaguarDF - Test testFullMapCompatibility(org.apache.commons.collections4.map.LazySortedMapTest) : Failed
15:08:18.115 [main] INFO  JaguarDF - Test testCanonicalFullCollectionExists(org.apache.commons.collections4.map.LazySortedMapTest) : Failed
15:08:19.097 [main] INFO  JaguarDF - Test testCanonicalEmptyCollectionExists(org.apache.commons.collections4.map.LazySortedMapTest) : Failed
15:10:22.037 [main] INFO  JaguarDF - Test testEmptyMapCompatibility(org.apache.commons.collections4.map.LinkedMapTest) : Failed
15:10:22.539 [main] INFO  JaguarDF - Test testFullMapCompatibility(org.apache.commons.collections4.map.LinkedMapTest) : Failed
15:11:05.972 [main] INFO  JaguarDF - Test testCanonicalEmptyCollectionExists(org.apache.commons.collections4.map.LinkedMapTest) : Failed
15:11:06.468 [main] INFO  JaguarDF - Test testCanonicalFullCollectionExists(org.apache.commons.collections4.map.LinkedMapTest) : Failed
15:13:05.563 [main] INFO  JaguarDF - Test testEmptyMapCompatibility(org.apache.commons.collections4.map.ListOrderedMap2Test) : Failed
15:13:06.060 [main] INFO  JaguarDF - Test testFullMapCompatibility(org.apache.commons.collections4.map.ListOrderedMap2Test) : Failed
15:13:49.321 [main] INFO  JaguarDF - Test testCanonicalEmptyCollectionExists(org.apache.commons.collections4.map.ListOrderedMap2Test) : Failed
15:13:49.821 [main] INFO  JaguarDF - Test testCanonicalFullCollectionExists(org.apache.commons.collections4.map.ListOrderedMap2Test) : Failed
15:17:08.403 [main] INFO  JaguarDF - Test testEmptyMapCompatibility(org.apache.commons.collections4.map.ListOrderedMapTest) : Failed
15:17:08.899 [main] INFO  JaguarDF - Test testFullMapCompatibility(org.apache.commons.collections4.map.ListOrderedMapTest) : Failed
15:17:52.262 [main] INFO  JaguarDF - Test testCanonicalEmptyCollectionExists(org.apache.commons.collections4.map.ListOrderedMapTest) : Failed
15:17:52.760 [main] INFO  JaguarDF - Test testCanonicalFullCollectionExists(org.apache.commons.collections4.map.ListOrderedMapTest) : Failed
15:18:31.434 [main] INFO  JaguarDF - Test testEmptyMapCompatibility(org.apache.commons.collections4.map.MultiKeyMapTest) : Failed
15:18:31.947 [main] INFO  JaguarDF - Test testFullMapCompatibility(org.apache.commons.collections4.map.MultiKeyMapTest) : Failed
15:19:16.789 [main] INFO  JaguarDF - Test testCanonicalEmptyCollectionExists(org.apache.commons.collections4.map.MultiKeyMapTest) : Failed
15:19:17.296 [main] INFO  JaguarDF - Test testCanonicalFullCollectionExists(org.apache.commons.collections4.map.MultiKeyMapTest) : Failed
15:19:25.021 [main] INFO  JaguarDF - Test testEmptyMapCompatibility(org.apache.commons.collections4.map.MultiValueMapTest) : Failed
15:19:27.061 [main] INFO  JaguarDF - Test testFullMapCompatibility(org.apache.commons.collections4.map.MultiValueMapTest) : Failed
15:19:32.308 [main] INFO  JaguarDF - Test testCanonicalFullCollectionExists(org.apache.commons.collections4.map.MultiValueMapTest) : Failed
15:19:33.340 [main] INFO  JaguarDF - Test testCanonicalEmptyCollectionExists(org.apache.commons.collections4.map.MultiValueMapTest) : Failed
15:20:10.115 [main] INFO  JaguarDF - Test testEmptyMapCompatibility(org.apache.commons.collections4.map.PassiveExpiringMapTest) : Failed
15:20:10.629 [main] INFO  JaguarDF - Test testFullMapCompatibility(org.apache.commons.collections4.map.PassiveExpiringMapTest) : Failed
15:20:55.913 [main] INFO  JaguarDF - Test testCanonicalEmptyCollectionExists(org.apache.commons.collections4.map.PassiveExpiringMapTest) : Failed
15:20:56.436 [main] INFO  JaguarDF - Test testCanonicalFullCollectionExists(org.apache.commons.collections4.map.PassiveExpiringMapTest) : Failed
15:21:11.690 [main] INFO  JaguarDF - Test testEmptyMapCompatibility(org.apache.commons.collections4.map.PredicatedMapTest) : Failed
15:21:12.724 [main] INFO  JaguarDF - Test testFullMapCompatibility(org.apache.commons.collections4.map.PredicatedMapTest) : Failed
15:21:20.492 [main] INFO  JaguarDF - Test testCanonicalFullCollectionExists(org.apache.commons.collections4.map.PredicatedMapTest) : Failed
15:21:21.522 [main] INFO  JaguarDF - Test testCanonicalEmptyCollectionExists(org.apache.commons.collections4.map.PredicatedMapTest) : Failed
15:21:39.134 [main] INFO  JaguarDF - Test testEmptyMapCompatibility(org.apache.commons.collections4.map.PredicatedSortedMapTest) : Failed
15:21:40.161 [main] INFO  JaguarDF - Test testFullMapCompatibility(org.apache.commons.collections4.map.PredicatedSortedMapTest) : Failed
15:21:47.941 [main] INFO  JaguarDF - Test testCanonicalFullCollectionExists(org.apache.commons.collections4.map.PredicatedSortedMapTest) : Failed
15:21:49.013 [main] INFO  JaguarDF - Test testCanonicalEmptyCollectionExists(org.apache.commons.collections4.map.PredicatedSortedMapTest) : Failed
15:22:27.728 [main] INFO  JaguarDF - Test testEmptyMapCompatibility(org.apache.commons.collections4.map.ReferenceIdentityMapTest) : Failed
15:22:28.324 [main] INFO  JaguarDF - Test testFullMapCompatibility(org.apache.commons.collections4.map.ReferenceIdentityMapTest) : Failed
15:23:28.668 [main] INFO  JaguarDF - Test testCanonicalEmptyCollectionExists(org.apache.commons.collections4.map.ReferenceIdentityMapTest) : Failed
15:23:29.311 [main] INFO  JaguarDF - Test testCanonicalFullCollectionExists(org.apache.commons.collections4.map.ReferenceIdentityMapTest) : Failed
15:24:13.671 [main] INFO  JaguarDF - Test testEmptyMapCompatibility(org.apache.commons.collections4.map.ReferenceMapTest) : Failed
15:24:14.245 [main] INFO  JaguarDF - Test testFullMapCompatibility(org.apache.commons.collections4.map.ReferenceMapTest) : Failed
15:25:03.124 [main] INFO  JaguarDF - Test testCanonicalEmptyCollectionExists(org.apache.commons.collections4.map.ReferenceMapTest) : Failed
15:25:03.743 [main] INFO  JaguarDF - Test testCanonicalFullCollectionExists(org.apache.commons.collections4.map.ReferenceMapTest) : Failed
15:25:48.545 [main] INFO  JaguarDF - Test testEmptyMapCompatibility(org.apache.commons.collections4.map.SingletonMapTest) : Failed
15:25:49.097 [main] INFO  JaguarDF - Test testFullMapCompatibility(org.apache.commons.collections4.map.SingletonMapTest) : Failed
15:26:33.297 [main] INFO  JaguarDF - Test testCanonicalEmptyCollectionExists(org.apache.commons.collections4.map.SingletonMapTest) : Failed
15:26:33.784 [main] INFO  JaguarDF - Test testCanonicalFullCollectionExists(org.apache.commons.collections4.map.SingletonMapTest) : Failed
15:28:05.446 [main] INFO  JaguarDF - Test testEmptyMapCompatibility(org.apache.commons.collections4.map.TransformedMapTest) : Failed
15:28:06.448 [main] INFO  JaguarDF - Test testFullMapCompatibility(org.apache.commons.collections4.map.TransformedMapTest) : Failed
15:28:14.018 [main] INFO  JaguarDF - Test testCanonicalFullCollectionExists(org.apache.commons.collections4.map.TransformedMapTest) : Failed
15:28:15.016 [main] INFO  JaguarDF - Test testCanonicalEmptyCollectionExists(org.apache.commons.collections4.map.TransformedMapTest) : Failed
15:32:08.703 [main] INFO  JaguarDF - Test testEmptyMapCompatibility(org.apache.commons.collections4.map.TransformedSortedMapTest) : Failed
15:32:09.209 [main] INFO  JaguarDF - Test testFullMapCompatibility(org.apache.commons.collections4.map.TransformedSortedMapTest) : Failed
15:32:54.078 [main] INFO  JaguarDF - Test testCanonicalEmptyCollectionExists(org.apache.commons.collections4.map.TransformedSortedMapTest) : Failed
15:32:54.581 [main] INFO  JaguarDF - Test testCanonicalFullCollectionExists(org.apache.commons.collections4.map.TransformedSortedMapTest) : Failed
15:33:09.287 [main] INFO  JaguarDF - Test testEmptyMapCompatibility(org.apache.commons.collections4.map.UnmodifiableMapTest) : Failed
15:33:10.308 [main] INFO  JaguarDF - Test testFullMapCompatibility(org.apache.commons.collections4.map.UnmodifiableMapTest) : Failed
15:33:17.851 [main] INFO  JaguarDF - Test testCanonicalFullCollectionExists(org.apache.commons.collections4.map.UnmodifiableMapTest) : Failed
15:33:18.857 [main] INFO  JaguarDF - Test testCanonicalEmptyCollectionExists(org.apache.commons.collections4.map.UnmodifiableMapTest) : Failed
15:33:37.479 [main] INFO  JaguarDF - Test testEmptyMapCompatibility(org.apache.commons.collections4.map.UnmodifiableOrderedMapTest) : Failed
15:33:38.473 [main] INFO  JaguarDF - Test testFullMapCompatibility(org.apache.commons.collections4.map.UnmodifiableOrderedMapTest) : Failed
15:33:46.016 [main] INFO  JaguarDF - Test testCanonicalFullCollectionExists(org.apache.commons.collections4.map.UnmodifiableOrderedMapTest) : Failed
15:33:47.045 [main] INFO  JaguarDF - Test testCanonicalEmptyCollectionExists(org.apache.commons.collections4.map.UnmodifiableOrderedMapTest) : Failed
15:34:03.856 [main] INFO  JaguarDF - Test testEmptyMapCompatibility(org.apache.commons.collections4.map.UnmodifiableSortedMapTest) : Failed
15:34:04.922 [main] INFO  JaguarDF - Test testFullMapCompatibility(org.apache.commons.collections4.map.UnmodifiableSortedMapTest) : Failed
15:34:12.448 [main] INFO  JaguarDF - Test testCanonicalFullCollectionExists(org.apache.commons.collections4.map.UnmodifiableSortedMapTest) : Failed
15:34:13.459 [main] INFO  JaguarDF - Test testCanonicalEmptyCollectionExists(org.apache.commons.collections4.map.UnmodifiableSortedMapTest) : Failed
15:34:21.565 [main] INFO  JaguarDF - Test testEmptyMapCompatibility(org.apache.commons.collections4.multimap.MultiValuedHashMapTest) : Failed
15:34:22.077 [main] INFO  JaguarDF - Test testFullMapCompatibility(org.apache.commons.collections4.multimap.MultiValuedHashMapTest) : Failed
15:37:08.932 [main] INFO  JaguarDF - Test testCanonicalEmptyCollectionExists(org.apache.commons.collections4.multimap.MultiValuedHashMapTest) : Failed
15:37:09.454 [main] INFO  JaguarDF - Test testCanonicalFullCollectionExists(org.apache.commons.collections4.multimap.MultiValuedHashMapTest) : Failed
15:37:12.545 [main] INFO  JaguarDF - Test testEmptyMapCompatibility(org.apache.commons.collections4.multimap.TransformedMultiValuedMapTest) : Failed
15:37:13.055 [main] INFO  JaguarDF - Test testFullMapCompatibility(org.apache.commons.collections4.multimap.TransformedMultiValuedMapTest) : Failed
15:40:01.273 [main] INFO  JaguarDF - Test testCanonicalEmptyCollectionExists(org.apache.commons.collections4.multimap.TransformedMultiValuedMapTest) : Failed
15:40:01.813 [main] INFO  JaguarDF - Test testCanonicalFullCollectionExists(org.apache.commons.collections4.multimap.TransformedMultiValuedMapTest) : Failed
15:40:08.044 [main] INFO  JaguarDF - Test testEmptyMapCompatibility(org.apache.commons.collections4.multimap.UnmodifiableMultiValuedMapTest) : Failed
15:40:08.561 [main] INFO  JaguarDF - Test testFullMapCompatibility(org.apache.commons.collections4.multimap.UnmodifiableMultiValuedMapTest) : Failed
15:42:57.496 [main] INFO  JaguarDF - Test testCanonicalEmptyCollectionExists(org.apache.commons.collections4.multimap.UnmodifiableMultiValuedMapTest) : Failed
15:42:58.017 [main] INFO  JaguarDF - Test testCanonicalFullCollectionExists(org.apache.commons.collections4.multimap.UnmodifiableMultiValuedMapTest) : Failed
15:43:07.519 [main] INFO  JaguarDF - Test testFullQueueCompatibility(org.apache.commons.collections4.queue.CircularFifoQueueTest) : Failed
15:43:10.128 [main] INFO  JaguarDF - Test testEmptyQueueCompatibility(org.apache.commons.collections4.queue.CircularFifoQueueTest) : Failed
15:43:22.274 [main] INFO  JaguarDF - Test testCanonicalFullCollectionExists(org.apache.commons.collections4.queue.CircularFifoQueueTest) : Failed
15:43:23.304 [main] INFO  JaguarDF - Test testCanonicalEmptyCollectionExists(org.apache.commons.collections4.queue.CircularFifoQueueTest) : Failed
15:43:26.958 [main] INFO  JaguarDF - Test testFullQueueCompatibility(org.apache.commons.collections4.queue.PredicatedQueueTest) : Failed
15:43:29.532 [main] INFO  JaguarDF - Test testEmptyQueueCompatibility(org.apache.commons.collections4.queue.PredicatedQueueTest) : Failed
15:43:41.645 [main] INFO  JaguarDF - Test testCanonicalFullCollectionExists(org.apache.commons.collections4.queue.PredicatedQueueTest) : Failed
15:43:42.695 [main] INFO  JaguarDF - Test testCanonicalEmptyCollectionExists(org.apache.commons.collections4.queue.PredicatedQueueTest) : Failed
15:43:46.521 [main] INFO  JaguarDF - Test testFullQueueCompatibility(org.apache.commons.collections4.queue.TransformedQueueTest) : Failed
15:43:49.149 [main] INFO  JaguarDF - Test testEmptyQueueCompatibility(org.apache.commons.collections4.queue.TransformedQueueTest) : Failed
15:44:01.217 [main] INFO  JaguarDF - Test testCanonicalFullCollectionExists(org.apache.commons.collections4.queue.TransformedQueueTest) : Failed
15:44:02.289 [main] INFO  JaguarDF - Test testCanonicalEmptyCollectionExists(org.apache.commons.collections4.queue.TransformedQueueTest) : Failed
15:44:06.018 [main] INFO  JaguarDF - Test testFullQueueCompatibility(org.apache.commons.collections4.queue.UnmodifiableQueueTest) : Failed
15:44:08.593 [main] INFO  JaguarDF - Test testEmptyQueueCompatibility(org.apache.commons.collections4.queue.UnmodifiableQueueTest) : Failed
15:44:20.543 [main] INFO  JaguarDF - Test testCanonicalFullCollectionExists(org.apache.commons.collections4.queue.UnmodifiableQueueTest) : Failed
15:44:21.636 [main] INFO  JaguarDF - Test testCanonicalEmptyCollectionExists(org.apache.commons.collections4.queue.UnmodifiableQueueTest) : Failed
15:44:40.478 [main] INFO  JaguarDF - Test testCanonicalFullCollectionExists(org.apache.commons.collections4.set.CompositeSetTest) : Failed
15:44:41.512 [main] INFO  JaguarDF - Test testCanonicalEmptyCollectionExists(org.apache.commons.collections4.set.CompositeSetTest) : Failed
15:44:56.747 [main] INFO  JaguarDF - Test testCanonicalFullCollectionExists(org.apache.commons.collections4.set.ListOrderedSet2Test) : Failed
15:44:57.808 [main] INFO  JaguarDF - Test testCanonicalEmptyCollectionExists(org.apache.commons.collections4.set.ListOrderedSet2Test) : Failed
15:45:15.160 [main] INFO  JaguarDF - Test testCanonicalFullCollectionExists(org.apache.commons.collections4.set.ListOrderedSetTest) : Failed
15:45:16.191 [main] INFO  JaguarDF - Test testCanonicalEmptyCollectionExists(org.apache.commons.collections4.set.ListOrderedSetTest) : Failed
15:45:44.911 [main] INFO  JaguarDF - Test testCanonicalFullCollectionExists(org.apache.commons.collections4.set.MapBackedSetTest) : Failed
15:45:45.968 [main] INFO  JaguarDF - Test testCanonicalEmptyCollectionExists(org.apache.commons.collections4.set.MapBackedSetTest) : Failed
15:47:32.374 [main] INFO  JaguarDF - Test testCanonicalEmptyCollectionExists(org.apache.commons.collections4.set.PredicatedNavigableSetTest) : Failed
15:47:32.895 [main] INFO  JaguarDF - Test testCanonicalFullCollectionExists(org.apache.commons.collections4.set.PredicatedNavigableSetTest) : Failed
15:47:46.434 [main] INFO  JaguarDF - Test testCanonicalFullCollectionExists(org.apache.commons.collections4.set.PredicatedSetTest) : Failed
15:47:47.509 [main] INFO  JaguarDF - Test testCanonicalEmptyCollectionExists(org.apache.commons.collections4.set.PredicatedSetTest) : Failed
15:48:49.709 [main] INFO  JaguarDF - Test testCanonicalEmptyCollectionExists(org.apache.commons.collections4.set.PredicatedSortedSetTest) : Failed
15:48:50.244 [main] INFO  JaguarDF - Test testCanonicalFullCollectionExists(org.apache.commons.collections4.set.PredicatedSortedSetTest) : Failed
15:50:33.954 [main] INFO  JaguarDF - Test testCanonicalEmptyCollectionExists(org.apache.commons.collections4.set.TransformedNavigableSetTest) : Failed
15:50:34.472 [main] INFO  JaguarDF - Test testCanonicalFullCollectionExists(org.apache.commons.collections4.set.TransformedNavigableSetTest) : Failed
15:50:47.587 [main] INFO  JaguarDF - Test testCanonicalFullCollectionExists(org.apache.commons.collections4.set.TransformedSetTest) : Failed
15:50:48.647 [main] INFO  JaguarDF - Test testCanonicalEmptyCollectionExists(org.apache.commons.collections4.set.TransformedSetTest) : Failed
15:51:49.663 [main] INFO  JaguarDF - Test testCanonicalEmptyCollectionExists(org.apache.commons.collections4.set.TransformedSortedSetTest) : Failed
15:51:50.199 [main] INFO  JaguarDF - Test testCanonicalFullCollectionExists(org.apache.commons.collections4.set.TransformedSortedSetTest) : Failed
15:53:34.526 [main] INFO  JaguarDF - Test testCanonicalEmptyCollectionExists(org.apache.commons.collections4.set.UnmodifiableNavigableSetTest) : Failed
15:53:35.052 [main] INFO  JaguarDF - Test testCanonicalFullCollectionExists(org.apache.commons.collections4.set.UnmodifiableNavigableSetTest) : Failed
15:53:50.297 [main] INFO  JaguarDF - Test testCanonicalEmptyCollectionExists(org.apache.commons.collections4.set.UnmodifiableSetTest) : Failed
15:53:50.820 [main] INFO  JaguarDF - Test testCanonicalFullCollectionExists(org.apache.commons.collections4.set.UnmodifiableSetTest) : Failed
15:54:50.904 [main] INFO  JaguarDF - Test testCanonicalEmptyCollectionExists(org.apache.commons.collections4.set.UnmodifiableSortedSetTest) : Failed
15:54:51.435 [main] INFO  JaguarDF - Test testCanonicalFullCollectionExists(org.apache.commons.collections4.set.UnmodifiableSortedSetTest) : Failed
15:54:52.025 [main] INFO  JaguarDF - Test testFullMap(org.apache.commons.collections4.splitmap.TransformedSplitMapTest) : Failed
15:54:53.596 [main] INFO  JaguarDF - Test testEmptyMap(org.apache.commons.collections4.splitmap.TransformedSplitMapTest) : Failed
15:55:38.621 [main] INFO  JaguarDF - Test testEmptyMapCompatibility(org.apache.commons.collections4.trie.PatriciaTrie2Test) : Failed
15:55:39.144 [main] INFO  JaguarDF - Test testFullMapCompatibility(org.apache.commons.collections4.trie.PatriciaTrie2Test) : Failed
15:56:25.362 [main] INFO  JaguarDF - Test testCanonicalEmptyCollectionExists(org.apache.commons.collections4.trie.PatriciaTrie2Test) : Failed
15:56:25.917 [main] INFO  JaguarDF - Test testCanonicalFullCollectionExists(org.apache.commons.collections4.trie.PatriciaTrie2Test) : Failed
16:00:34.422 [main] INFO  JaguarDF - Test testEmptyMapCompatibility(org.apache.commons.collections4.trie.PatriciaTrieTest) : Failed
16:00:34.967 [main] INFO  JaguarDF - Test testFullMapCompatibility(org.apache.commons.collections4.trie.PatriciaTrieTest) : Failed
16:01:22.258 [main] INFO  JaguarDF - Test testCanonicalEmptyCollectionExists(org.apache.commons.collections4.trie.PatriciaTrieTest) : Failed
16:01:22.798 [main] INFO  JaguarDF - Test testCanonicalFullCollectionExists(org.apache.commons.collections4.trie.PatriciaTrieTest) : Failed
16:05:30.648 [main] INFO  JaguarDF - Test testEmptyMapCompatibility(org.apache.commons.collections4.trie.UnmodifiableTrieTest) : Failed
16:05:31.194 [main] INFO  JaguarDF - Test testFullMapCompatibility(org.apache.commons.collections4.trie.UnmodifiableTrieTest) : Failed
16:06:18.542 [main] INFO  JaguarDF - Test testCanonicalEmptyCollectionExists(org.apache.commons.collections4.trie.UnmodifiableTrieTest) : Failed
16:06:19.081 [main] INFO  JaguarDF - Test testCanonicalFullCollectionExists(org.apache.commons.collections4.trie.UnmodifiableTrieTest) : Failed
16:06:19.619 [main] INFO  JaguarDF - Jaguar-DF has finished!

real	109m43.592s
user	99m56.616s
sys	11m58.948s
