20:03:39.880 [main] INFO  JaguarDF - Welcome to Jaguar-DF CLI!
20:03:39.956 [main] DEBUG JaguarDF - CLI Arguments: [--projectDir, d4jprojects/commons-compress, --classesDir, target/classes, --testsDir, target/test-classes, --tests, tests.out, --logLevel, INFO]
20:03:41.542 [main] INFO  JaguarDF - Test testTarGzip(org.apache.commons.compress.ChainingTestCase) : Failed
20:03:41.575 [main] INFO  JaguarDF - Test testTarBzip2(org.apache.commons.compress.ChainingTestCase) : Failed
20:03:44.448 [main] INFO  JaguarDF - Test testReadAr(org.apache.commons.compress.IOMethodsTest) : Failed
20:03:44.666 [main] INFO  JaguarDF - Test testReadCpio(org.apache.commons.compress.IOMethodsTest) : Failed
20:03:44.926 [main] INFO  JaguarDF - Test testReadJar(org.apache.commons.compress.IOMethodsTest) : Failed
20:03:45.430 [main] INFO  JaguarDF - Test testReadTar(org.apache.commons.compress.IOMethodsTest) : Failed
20:03:45.730 [main] INFO  JaguarDF - Test testReadZip(org.apache.commons.compress.IOMethodsTest) : Failed
20:03:46.026 [main] INFO  JaguarDF - Test testArUnarchive(org.apache.commons.compress.archivers.ArTestCase) : Failed
20:03:46.275 [main] INFO  JaguarDF - Test testArArchiveCreation(org.apache.commons.compress.archivers.ArTestCase) : Failed
20:03:47.013 [main] INFO  JaguarDF - Test testArDelete(org.apache.commons.compress.archivers.ArTestCase) : Failed
20:03:47.724 [main] INFO  JaguarDF - Test testCallSequenceAr(org.apache.commons.compress.archivers.ArchiveOutputStreamTest) : Failed
20:03:47.937 [main] INFO  JaguarDF - Test testCallSequenceCpio(org.apache.commons.compress.archivers.ArchiveOutputStreamTest) : Failed
20:03:48.179 [main] INFO  JaguarDF - Test testCallSequenceJar(org.apache.commons.compress.archivers.ArchiveOutputStreamTest) : Failed
20:03:48.407 [main] INFO  JaguarDF - Test testCallSequenceTar(org.apache.commons.compress.archivers.ArchiveOutputStreamTest) : Failed
20:03:48.673 [main] INFO  JaguarDF - Test testCallSequenceZip(org.apache.commons.compress.archivers.ArchiveOutputStreamTest) : Failed
20:03:49.167 [main] INFO  JaguarDF - Test testCpioArchiveCreation(org.apache.commons.compress.archivers.CpioTestCase) : Failed
20:03:49.804 [main] INFO  JaguarDF - Test testCpioUnarchive(org.apache.commons.compress.archivers.CpioTestCase) : Failed
20:03:50.449 [main] INFO  JaguarDF - Test testArchiveDetection(org.apache.commons.compress.archivers.DumpTestCase) : Failed
20:03:50.647 [main] INFO  JaguarDF - Test testCompressedArchiveDetection(org.apache.commons.compress.archivers.DumpTestCase) : Failed
20:03:50.862 [main] INFO  JaguarDF - Test testCheckArchive(org.apache.commons.compress.archivers.DumpTestCase) : Failed
20:03:51.058 [main] INFO  JaguarDF - Test testCheckCompressedArchive(org.apache.commons.compress.archivers.DumpTestCase) : Failed
20:03:51.260 [main] INFO  JaguarDF - Test testCompressedDumpUnarchiveAll(org.apache.commons.compress.archivers.DumpTestCase) : Failed
20:03:51.460 [main] INFO  JaguarDF - Test testDumpUnarchiveAll(org.apache.commons.compress.archivers.DumpTestCase) : Failed
20:03:52.439 [main] INFO  JaguarDF - Test testJarUnarchive(org.apache.commons.compress.archivers.JarTestCase) : Failed
20:03:52.634 [main] INFO  JaguarDF - Test testJarUnarchiveAll(org.apache.commons.compress.archivers.JarTestCase) : Failed
20:03:52.834 [main] INFO  JaguarDF - Test testJarArchiveCreation(org.apache.commons.compress.archivers.JarTestCase) : Failed
20:03:57.835 [main] INFO  JaguarDF - Test testTarArchiveLongNameCreation(org.apache.commons.compress.archivers.TarTestCase) : Failed
20:03:58.030 [main] INFO  JaguarDF - Test testTarArchiveCreation(org.apache.commons.compress.archivers.TarTestCase) : Failed
20:03:58.229 [main] INFO  JaguarDF - Test testTarUnarchive(org.apache.commons.compress.archivers.TarTestCase) : Failed
20:03:58.427 [main] INFO  JaguarDF - Test testCOMPRESS114(org.apache.commons.compress.archivers.TarTestCase) : Failed
20:03:58.623 [main] INFO  JaguarDF - Test testCOMPRESS178(org.apache.commons.compress.archivers.TarTestCase) : Failed
20:04:00.488 [main] INFO  JaguarDF - Test testZipArchiveCreation(org.apache.commons.compress.archivers.ZipTestCase) : Failed
20:04:00.702 [main] INFO  JaguarDF - Test testZipUnarchive(org.apache.commons.compress.archivers.ZipTestCase) : Failed
20:04:00.920 [main] INFO  JaguarDF - Test testSupportedCompressionMethod(org.apache.commons.compress.archivers.ZipTestCase) : Failed
20:04:01.131 [main] INFO  JaguarDF - Test testSkipEntryWithUnsupportedCompressionMethod(org.apache.commons.compress.archivers.ZipTestCase) : Failed
Cleaning up unclosed ZipFile for archive /Users/mario.concilio/workspace/ppgsi_docker/src/test/resources/bla.zip
20:04:01.358 [main] INFO  JaguarDF - Test testListAllFilesWithNestedArchive(org.apache.commons.compress.archivers.ZipTestCase) : Failed
20:04:01.568 [main] INFO  JaguarDF - Test testReadLongNamesBSD(org.apache.commons.compress.archivers.ar.ArArchiveInputStreamTest) : Failed
20:04:01.798 [main] INFO  JaguarDF - Test testReadLongNamesGNU(org.apache.commons.compress.archivers.ar.ArArchiveInputStreamTest) : Failed
20:04:02.507 [main] INFO  JaguarDF - Test testCpioUnarchive(org.apache.commons.compress.archivers.cpio.CpioArchiveInputStreamTest) : Failed
20:04:02.795 [main] INFO  JaguarDF - Test testWriteOldBinary(org.apache.commons.compress.archivers.cpio.CpioArchiveOutputStreamTest) : Failed
20:04:04.892 [main] INFO  JaguarDF - Test testNotADumpArchiveButBigEnough(org.apache.commons.compress.archivers.dump.DumpArchiveInputStreamTest) : Failed
20:04:05.153 [main] INFO  JaguarDF - Test testNotADumpArchive(org.apache.commons.compress.archivers.dump.DumpArchiveInputStreamTest) : Failed
20:04:10.756 [main] INFO  JaguarDF - Test testCount(org.apache.commons.compress.archivers.tar.TarArchiveOutputStreamTest) : Failed
20:04:23.297 [main] INFO  JaguarDF - Test testUtf8Interoperability(org.apache.commons.compress.archivers.zip.UTF8ZipFilesTest) : Failed
Cleaning up unclosed ZipFile for archive /Users/mario.concilio/workspace/ppgsi_docker/src/test/resources/utf8-7zip-test.zip
20:04:35.815 [main] INFO  JaguarDF - Test testAddChangeTwice(org.apache.commons.compress.changes.ChangeSetTestCase) : Failed
20:04:36.064 [main] INFO  JaguarDF - Test testAddChangeTwiceWithoutReplace(org.apache.commons.compress.changes.ChangeSetTestCase) : Failed
20:04:36.314 [main] INFO  JaguarDF - Test testDeleteDir(org.apache.commons.compress.changes.ChangeSetTestCase) : Failed
20:04:36.566 [main] INFO  JaguarDF - Test testDeleteDir2(org.apache.commons.compress.changes.ChangeSetTestCase) : Failed
20:04:36.815 [main] INFO  JaguarDF - Test testDeleteDir3(org.apache.commons.compress.changes.ChangeSetTestCase) : Failed
20:04:37.062 [main] INFO  JaguarDF - Test testDeleteFile(org.apache.commons.compress.changes.ChangeSetTestCase) : Failed
20:04:37.301 [main] INFO  JaguarDF - Test testDeleteFile2(org.apache.commons.compress.changes.ChangeSetTestCase) : Failed
20:04:37.540 [main] INFO  JaguarDF - Test testDeletePlusAddSame(org.apache.commons.compress.changes.ChangeSetTestCase) : Failed
20:04:37.780 [main] INFO  JaguarDF - Test testChangeSetResults(org.apache.commons.compress.changes.ChangeSetTestCase) : Failed
20:04:38.015 [main] INFO  JaguarDF - Test testDeletePlusAdd(org.apache.commons.compress.changes.ChangeSetTestCase) : Failed
20:04:38.261 [main] INFO  JaguarDF - Test testDeleteFromAndAddToZip(org.apache.commons.compress.changes.ChangeSetTestCase) : Failed
20:04:38.499 [main] INFO  JaguarDF - Test testAddDeleteAdd(org.apache.commons.compress.changes.ChangeSetTestCase) : Failed
20:04:38.735 [main] INFO  JaguarDF - Test testDeleteAddDelete(org.apache.commons.compress.changes.ChangeSetTestCase) : Failed
20:04:38.972 [main] INFO  JaguarDF - Test testDeleteFromZip(org.apache.commons.compress.changes.ChangeSetTestCase) : Failed
20:04:39.212 [main] INFO  JaguarDF - Test testDeleteFromTar(org.apache.commons.compress.changes.ChangeSetTestCase) : Failed
20:04:39.455 [main] INFO  JaguarDF - Test testDeleteFromJar(org.apache.commons.compress.changes.ChangeSetTestCase) : Failed
20:04:39.690 [main] INFO  JaguarDF - Test testDeleteFromAndAddToTar(org.apache.commons.compress.changes.ChangeSetTestCase) : Failed
20:04:39.925 [main] INFO  JaguarDF - Test testDeleteFromAndAddToJar(org.apache.commons.compress.changes.ChangeSetTestCase) : Failed
20:04:40.169 [main] INFO  JaguarDF - Test testDeleteFromAr(org.apache.commons.compress.changes.ChangeSetTestCase) : Failed
20:04:40.433 [main] INFO  JaguarDF - Test testDeleteFromAndAddToAr(org.apache.commons.compress.changes.ChangeSetTestCase) : Failed
20:04:41.180 [main] INFO  JaguarDF - Test testAddToEmptyArchive(org.apache.commons.compress.changes.ChangeSetTestCase) : Failed
20:04:41.416 [main] INFO  JaguarDF - Test testDeleteAddToOneFileArchive(org.apache.commons.compress.changes.ChangeSetTestCase) : Failed
20:04:41.656 [main] INFO  JaguarDF - Test testAddDeleteToOneFileArchive(org.apache.commons.compress.changes.ChangeSetTestCase) : Failed
20:04:41.898 [main] INFO  JaguarDF - Test testAddAllreadyExistingWithReplaceTrue(org.apache.commons.compress.changes.ChangeSetTestCase) : Failed
20:04:42.139 [main] INFO  JaguarDF - Test testAddAllreadyExistingWithReplaceFalse(org.apache.commons.compress.changes.ChangeSetTestCase) : Failed
20:04:42.387 [main] INFO  JaguarDF - Test testBzipCreation(org.apache.commons.compress.compressors.BZip2TestCase) : Failed
20:04:42.707 [main] INFO  JaguarDF - Test testBzip2Unarchive(org.apache.commons.compress.compressors.BZip2TestCase) : Failed
20:04:43.024 [main] INFO  JaguarDF - Test testConcatenatedStreamsReadFirstOnly(org.apache.commons.compress.compressors.BZip2TestCase) : Failed
20:04:43.336 [main] INFO  JaguarDF - Test testConcatenatedStreamsReadFully(org.apache.commons.compress.compressors.BZip2TestCase) : Failed
20:04:44.597 [main] INFO  JaguarDF - Test testConcatenatedStreamsReadFirstOnly(org.apache.commons.compress.compressors.GZipTestCase) : Failed
20:04:44.911 [main] INFO  JaguarDF - Test testConcatenatedStreamsReadFully(org.apache.commons.compress.compressors.GZipTestCase) : Failed
20:04:45.256 [main] INFO  JaguarDF - Test testGzipCreation(org.apache.commons.compress.compressors.GZipTestCase) : Failed
20:04:45.585 [main] INFO  JaguarDF - Test testCorruptedInput(org.apache.commons.compress.compressors.GZipTestCase) : Failed
20:04:45.913 [main] INFO  JaguarDF - Test testGzipUnarchive(org.apache.commons.compress.compressors.GZipTestCase) : Failed
20:04:47.180 [main] INFO  JaguarDF - Test testJarUnarchiveAllInMemory(org.apache.commons.compress.compressors.Pack200TestCase) : Failed
20:04:47.504 [main] INFO  JaguarDF - Test testJarUnarchiveAllFileArgInMemory(org.apache.commons.compress.compressors.Pack200TestCase) : Failed
20:04:47.820 [main] INFO  JaguarDF - Test testJarUnarchiveAllTempFile(org.apache.commons.compress.compressors.Pack200TestCase) : Failed
20:04:48.138 [main] INFO  JaguarDF - Test testJarUnarchiveAllFileTempFile(org.apache.commons.compress.compressors.Pack200TestCase) : Failed
20:04:48.466 [main] INFO  JaguarDF - Test testJarArchiveCreationInMemory(org.apache.commons.compress.compressors.Pack200TestCase) : Failed
20:04:48.789 [main] INFO  JaguarDF - Test testJarArchiveCreationTempFile(org.apache.commons.compress.compressors.Pack200TestCase) : Failed
20:04:49.107 [main] INFO  JaguarDF - Test testGoodSignature(org.apache.commons.compress.compressors.Pack200TestCase) : Failed
20:04:49.426 [main] INFO  JaguarDF - Test testBadSignature(org.apache.commons.compress.compressors.Pack200TestCase) : Failed
20:04:49.762 [main] INFO  JaguarDF - Test testShortSignature(org.apache.commons.compress.compressors.Pack200TestCase) : Failed
20:04:50.090 [main] INFO  JaguarDF - Test testInputStreamMethods(org.apache.commons.compress.compressors.Pack200TestCase) : Failed
20:04:50.756 [main] INFO  JaguarDF - Test testConcatenatedStreamsReadFirstOnly(org.apache.commons.compress.compressors.XZTestCase) : Failed
20:04:51.073 [main] INFO  JaguarDF - Test testConcatenatedStreamsReadFully(org.apache.commons.compress.compressors.XZTestCase) : Failed
20:04:51.430 [main] INFO  JaguarDF - Test testXZCreation(org.apache.commons.compress.compressors.XZTestCase) : Failed
20:04:51.791 [main] INFO  JaguarDF - Test testXZUnarchive(org.apache.commons.compress.compressors.XZTestCase) : Failed
20:04:53.076 [main] INFO  JaguarDF - Test testNormalizeInPlace(org.apache.commons.compress.compressors.pack200.Pack200UtilsTest) : Failed
20:04:53.400 [main] INFO  JaguarDF - Test testNormalize(org.apache.commons.compress.compressors.pack200.Pack200UtilsTest) : Failed
20:04:54.371 [main] INFO  JaguarDF - Jaguar-DF has finished!

real	1m15.295s
user	1m29.458s
sys	0m7.003s
