19:06:19.054 [main] INFO  JaguarDF - Welcome to Jaguar-DF CLI!
19:06:19.347 [main] DEBUG JaguarDF - CLI Arguments: [--projectDir, d4jprojects/joda-time, --classesDir, build/classes, --testsDir, build/tests, --tests, tests.out, --logLevel, INFO]
19:34:06.314 [main] INFO  JaguarDF - Test testPlusMonths_int_negativeFromLeap(org.joda.time.TestMonthDay_Basics) : Failed
19:34:27.993 [main] INFO  JaguarDF - Test testMinusDays_int_negativeFromLeap(org.joda.time.TestMonthDay_Basics) : Failed
19:34:43.601 [main] INFO  JaguarDF - Test testPlusMonths_int_fromLeap(org.joda.time.TestMonthDay_Basics) : Failed
19:34:48.404 [main] INFO  JaguarDF - Test testPlusMonths_int_negativeEndOfMonthAdjust(org.joda.time.TestMonthDay_Basics) : Failed
19:34:58.039 [main] INFO  JaguarDF - Test testMinusMonths_int_endOfMonthAdjust(org.joda.time.TestMonthDay_Basics) : Failed
19:35:04.038 [main] INFO  JaguarDF - Test testMinusMonths_int_negativeFromLeap(org.joda.time.TestMonthDay_Basics) : Failed
19:35:05.237 [main] INFO  JaguarDF - Test testMinusMonths_int_fromLeap(org.joda.time.TestMonthDay_Basics) : Failed
19:35:17.241 [main] INFO  JaguarDF - Test testPlusDays_int_fromLeap(org.joda.time.TestMonthDay_Basics) : Failed
19:53:09.267 [main] INFO  JaguarDF - Test testSerializedMutableDateTime(org.joda.time.TestSerialization) : Failed
19:53:10.503 [main] INFO  JaguarDF - Test testSerializedGJChronologyChangedInternals(org.joda.time.TestSerialization) : Failed
19:53:11.735 [main] INFO  JaguarDF - Test testDuration(org.joda.time.TestSerialization) : Failed
19:53:12.963 [main] INFO  JaguarDF - Test testSerializedISOChronology(org.joda.time.TestSerialization) : Failed
19:53:15.426 [main] INFO  JaguarDF - Test testSerializedBuddhistChronology(org.joda.time.TestSerialization) : Failed
19:53:16.661 [main] INFO  JaguarDF - Test testSerializedDateTimeProperty(org.joda.time.TestSerialization) : Failed
19:53:17.892 [main] INFO  JaguarDF - Test testSerializedPeriodType(org.joda.time.TestSerialization) : Failed
19:53:19.120 [main] INFO  JaguarDF - Test testSerializedJulianChronology(org.joda.time.TestSerialization) : Failed
19:53:20.358 [main] INFO  JaguarDF - Test testSerializedDateTimeFieldType(org.joda.time.TestSerialization) : Failed
19:53:21.587 [main] INFO  JaguarDF - Test testSerializedYearMonthDay(org.joda.time.TestSerialization) : Failed
19:53:22.830 [main] INFO  JaguarDF - Test testSerializedMutableDateTimeProperty(org.joda.time.TestSerialization) : Failed
19:53:24.063 [main] INFO  JaguarDF - Test testSerializedGregorianChronology(org.joda.time.TestSerialization) : Failed
19:53:25.293 [main] INFO  JaguarDF - Test testSerializedDateTime(org.joda.time.TestSerialization) : Failed
19:53:26.529 [main] INFO  JaguarDF - Test testSerializedLocalDate(org.joda.time.TestSerialization) : Failed
19:53:27.758 [main] INFO  JaguarDF - Test testSerializedLocalTime(org.joda.time.TestSerialization) : Failed
19:53:29.020 [main] INFO  JaguarDF - Test testSerializedUnsupportedDateTimeField(org.joda.time.TestSerialization) : Failed
19:53:30.245 [main] INFO  JaguarDF - Test testSerializedDateTimeZone(org.joda.time.TestSerialization) : Failed
19:53:31.474 [main] INFO  JaguarDF - Test testSerializedCopticChronology(org.joda.time.TestSerialization) : Failed
19:53:32.711 [main] INFO  JaguarDF - Test testSerializedLocalDateBuddhist(org.joda.time.TestSerialization) : Failed
19:53:33.937 [main] INFO  JaguarDF - Test testSerializedDateMidnight(org.joda.time.TestSerialization) : Failed
19:53:35.168 [main] INFO  JaguarDF - Test testSerializedGJChronology(org.joda.time.TestSerialization) : Failed
19:53:36.403 [main] INFO  JaguarDF - Test testSerializedDateTimeZoneUTC(org.joda.time.TestSerialization) : Failed
19:53:37.627 [main] INFO  JaguarDF - Test testSerializedInstant(org.joda.time.TestSerialization) : Failed
19:53:38.850 [main] INFO  JaguarDF - Test testSerializedLocalDateTime(org.joda.time.TestSerialization) : Failed
19:53:40.073 [main] INFO  JaguarDF - Test testSerializedTimeOfDay(org.joda.time.TestSerialization) : Failed
19:53:41.296 [main] INFO  JaguarDF - Test testSerializedDateMidnightProperty(org.joda.time.TestSerialization) : Failed

TestBuddhistChronology.testCalendar

TestCopticChronology.testCalendar

TestEthiopicChronology.testCalendar

TestIslamicChronology.testCalendar
Writing zoneinfo files
Writing ZoneInfoMap
20:24:59.191 [main] INFO  JaguarDF - Jaguar-DF has finished!

real	78m41.419s
user	80m38.264s
sys	0m57.601s
