19:45:09.510 [main] INFO  JaguarDF - Welcome to Jaguar-DF CLI!
19:45:09.578 [main] DEBUG JaguarDF - CLI Arguments: [--projectDir, d4jprojects/commons-compress, --classesDir, target/classes, --testsDir, target/test-classes, --tests, tests.out, --logLevel, INFO]
19:45:11.644 [main] INFO  JaguarDF - Test testReadAr(org.apache.commons.compress.IOMethodsTest) : Failed
19:45:11.792 [main] INFO  JaguarDF - Test testReadCpio(org.apache.commons.compress.IOMethodsTest) : Failed
19:45:11.925 [main] INFO  JaguarDF - Test testReadJar(org.apache.commons.compress.IOMethodsTest) : Failed
19:45:12.087 [main] INFO  JaguarDF - Test testReadTar(org.apache.commons.compress.IOMethodsTest) : Failed
19:45:12.265 [main] INFO  JaguarDF - Test testReadZip(org.apache.commons.compress.IOMethodsTest) : Failed
19:45:12.955 [main] INFO  JaguarDF - Test testArArchiveCreation(org.apache.commons.compress.archivers.ArTestCase) : Failed
19:45:13.078 [main] INFO  JaguarDF - Test testArDelete(org.apache.commons.compress.archivers.ArTestCase) : Failed
19:45:13.191 [main] INFO  JaguarDF - Test testArUnarchive(org.apache.commons.compress.archivers.ArTestCase) : Failed
19:45:13.412 [main] INFO  JaguarDF - Test testCpioArchiveCreation(org.apache.commons.compress.archivers.CpioTestCase) : Failed
19:45:13.523 [main] INFO  JaguarDF - Test testCpioUnarchive(org.apache.commons.compress.archivers.CpioTestCase) : Failed
19:45:13.628 [main] INFO  JaguarDF - Test testJarArchiveCreation(org.apache.commons.compress.archivers.JarTestCase) : Failed
19:45:13.737 [main] INFO  JaguarDF - Test testJarUnarchive(org.apache.commons.compress.archivers.JarTestCase) : Failed
19:45:13.835 [main] INFO  JaguarDF - Test testJarUnarchiveAll(org.apache.commons.compress.archivers.JarTestCase) : Failed
19:45:13.932 [main] INFO  JaguarDF - Test testTarArchiveCreation(org.apache.commons.compress.archivers.TarTestCase) : Failed
19:45:14.025 [main] INFO  JaguarDF - Test testTarArchiveLongNameCreation(org.apache.commons.compress.archivers.TarTestCase) : Failed
19:45:14.119 [main] INFO  JaguarDF - Test testTarUnarchive(org.apache.commons.compress.archivers.TarTestCase) : Failed
19:45:14.217 [main] INFO  JaguarDF - Test testZipArchiveCreation(org.apache.commons.compress.archivers.ZipTestCase) : Failed
19:45:14.314 [main] INFO  JaguarDF - Test testZipUnarchive(org.apache.commons.compress.archivers.ZipTestCase) : Failed
19:45:14.411 [main] INFO  JaguarDF - Test testListAllFilesWithNestedArchive(org.apache.commons.compress.archivers.ZipTestCase) : Failed
19:45:14.511 [main] INFO  JaguarDF - Test testCpioUnarchive(org.apache.commons.compress.archivers.cpio.CpioArchiveInputStreamTest) : Failed
19:45:19.128 [main] INFO  JaguarDF - Test testUtf8Interoperability(org.apache.commons.compress.archivers.zip.UTF8ZipFilesTest) : Failed
19:45:21.318 [main] INFO  JaguarDF - Test testAddChangeTwice(org.apache.commons.compress.changes.ChangeSetTestCase) : Failed
19:45:21.438 [main] INFO  JaguarDF - Test testAddChangeTwiceWithoutReplace(org.apache.commons.compress.changes.ChangeSetTestCase) : Failed
19:45:21.560 [main] INFO  JaguarDF - Test testDeleteDir(org.apache.commons.compress.changes.ChangeSetTestCase) : Failed
19:45:21.697 [main] INFO  JaguarDF - Test testDeleteDir2(org.apache.commons.compress.changes.ChangeSetTestCase) : Failed
19:45:21.823 [main] INFO  JaguarDF - Test testDeleteDir3(org.apache.commons.compress.changes.ChangeSetTestCase) : Failed
19:45:21.957 [main] INFO  JaguarDF - Test testDeleteFile(org.apache.commons.compress.changes.ChangeSetTestCase) : Failed
19:45:22.083 [main] INFO  JaguarDF - Test testDeleteFile2(org.apache.commons.compress.changes.ChangeSetTestCase) : Failed
19:45:22.204 [main] INFO  JaguarDF - Test testDeletePlusAddSame(org.apache.commons.compress.changes.ChangeSetTestCase) : Failed
19:45:22.324 [main] INFO  JaguarDF - Test testChangeSetResults(org.apache.commons.compress.changes.ChangeSetTestCase) : Failed
19:45:22.455 [main] INFO  JaguarDF - Test testDeletePlusAdd(org.apache.commons.compress.changes.ChangeSetTestCase) : Failed
19:45:22.571 [main] INFO  JaguarDF - Test testDeleteFromAndAddToZip(org.apache.commons.compress.changes.ChangeSetTestCase) : Failed
19:45:22.693 [main] INFO  JaguarDF - Test testAddDeleteAdd(org.apache.commons.compress.changes.ChangeSetTestCase) : Failed
19:45:22.817 [main] INFO  JaguarDF - Test testDeleteAddDelete(org.apache.commons.compress.changes.ChangeSetTestCase) : Failed
19:45:22.945 [main] INFO  JaguarDF - Test testDeleteFromZip(org.apache.commons.compress.changes.ChangeSetTestCase) : Failed
19:45:23.065 [main] INFO  JaguarDF - Test testDeleteFromTar(org.apache.commons.compress.changes.ChangeSetTestCase) : Failed
19:45:23.182 [main] INFO  JaguarDF - Test testDeleteFromJar(org.apache.commons.compress.changes.ChangeSetTestCase) : Failed
19:45:23.303 [main] INFO  JaguarDF - Test testDeleteFromAndAddToTar(org.apache.commons.compress.changes.ChangeSetTestCase) : Failed
19:45:23.423 [main] INFO  JaguarDF - Test testDeleteFromAndAddToJar(org.apache.commons.compress.changes.ChangeSetTestCase) : Failed
19:45:23.542 [main] INFO  JaguarDF - Test testDeleteFromAr(org.apache.commons.compress.changes.ChangeSetTestCase) : Failed
19:45:23.662 [main] INFO  JaguarDF - Test testDeleteFromAndAddToAr(org.apache.commons.compress.changes.ChangeSetTestCase) : Failed
19:45:24.019 [main] INFO  JaguarDF - Test testAddToEmptyArchive(org.apache.commons.compress.changes.ChangeSetTestCase) : Failed
19:45:24.138 [main] INFO  JaguarDF - Test testDeleteAddToOneFileArchive(org.apache.commons.compress.changes.ChangeSetTestCase) : Failed
19:45:24.255 [main] INFO  JaguarDF - Test testAddDeleteToOneFileArchive(org.apache.commons.compress.changes.ChangeSetTestCase) : Failed
19:45:24.375 [main] INFO  JaguarDF - Test testAddAllreadyExistingWithReplaceTrue(org.apache.commons.compress.changes.ChangeSetTestCase) : Failed
19:45:24.496 [main] INFO  JaguarDF - Test testAddAllreadyExistingWithReplaceFalse(org.apache.commons.compress.changes.ChangeSetTestCase) : Failed
19:45:24.693 [main] INFO  JaguarDF - Test testBzipCreation(org.apache.commons.compress.compressors.BZip2TestCase) : Failed
19:45:24.936 [main] INFO  JaguarDF - Test testBzip2Unarchive(org.apache.commons.compress.compressors.BZip2TestCase) : Failed
19:45:25.178 [main] INFO  JaguarDF - Test testGzipCreation(org.apache.commons.compress.compressors.GZipTestCase) : Failed
19:45:25.386 [main] INFO  JaguarDF - Test testGzipUnarchive(org.apache.commons.compress.compressors.GZipTestCase) : Failed
19:45:26.176 [main] INFO  JaguarDF - Jaguar-DF has finished!

real	0m17.259s
user	0m31.293s
sys	0m2.468s
