20:08:05.788 [main] INFO  JaguarDF - Welcome to Jaguar-DF CLI!
20:08:05.855 [main] DEBUG JaguarDF - CLI Arguments: [--projectDir, d4jprojects/commons-compress, --classesDir, target/classes, --testsDir, target/test-classes, --tests, tests.out, --logLevel, INFO]
20:08:07.462 [main] INFO  JaguarDF - Test testTarGzip(org.apache.commons.compress.ChainingTestCase) : Failed
20:08:07.494 [main] INFO  JaguarDF - Test testTarBzip2(org.apache.commons.compress.ChainingTestCase) : Failed
20:08:09.205 [main] INFO  JaguarDF - Test testReadAr(org.apache.commons.compress.IOMethodsTest) : Failed
20:08:09.430 [main] INFO  JaguarDF - Test testReadCpio(org.apache.commons.compress.IOMethodsTest) : Failed
20:08:09.704 [main] INFO  JaguarDF - Test testReadJar(org.apache.commons.compress.IOMethodsTest) : Failed
20:08:09.958 [main] INFO  JaguarDF - Test testReadTar(org.apache.commons.compress.IOMethodsTest) : Failed
20:08:10.276 [main] INFO  JaguarDF - Test testReadZip(org.apache.commons.compress.IOMethodsTest) : Failed
20:08:11.998 [main] INFO  JaguarDF - Test testArUnarchive(org.apache.commons.compress.archivers.ArTestCase) : Failed
20:08:12.245 [main] INFO  JaguarDF - Test testArArchiveCreation(org.apache.commons.compress.archivers.ArTestCase) : Failed
20:08:12.679 [main] INFO  JaguarDF - Test testArDelete(org.apache.commons.compress.archivers.ArTestCase) : Failed
20:08:13.286 [main] INFO  JaguarDF - Test testCallSequenceAr(org.apache.commons.compress.archivers.ArchiveOutputStreamTest) : Failed
20:08:13.476 [main] INFO  JaguarDF - Test testCallSequenceCpio(org.apache.commons.compress.archivers.ArchiveOutputStreamTest) : Failed
20:08:13.671 [main] INFO  JaguarDF - Test testCallSequenceJar(org.apache.commons.compress.archivers.ArchiveOutputStreamTest) : Failed
20:08:13.867 [main] INFO  JaguarDF - Test testCallSequenceTar(org.apache.commons.compress.archivers.ArchiveOutputStreamTest) : Failed
20:08:14.066 [main] INFO  JaguarDF - Test testCallSequenceZip(org.apache.commons.compress.archivers.ArchiveOutputStreamTest) : Failed
20:08:14.454 [main] INFO  JaguarDF - Test testCpioArchiveCreation(org.apache.commons.compress.archivers.CpioTestCase) : Failed
20:08:14.651 [main] INFO  JaguarDF - Test testCpioUnarchive(org.apache.commons.compress.archivers.CpioTestCase) : Failed
20:08:15.687 [main] INFO  JaguarDF - Test testDumpUnarchiveAll(org.apache.commons.compress.archivers.DumpTestCase) : Failed
20:08:15.908 [main] INFO  JaguarDF - Test testCompressedDumpUnarchiveAll(org.apache.commons.compress.archivers.DumpTestCase) : Failed
20:08:16.111 [main] INFO  JaguarDF - Test testArchiveDetection(org.apache.commons.compress.archivers.DumpTestCase) : Failed
20:08:16.308 [main] INFO  JaguarDF - Test testCompressedArchiveDetection(org.apache.commons.compress.archivers.DumpTestCase) : Failed
20:08:16.527 [main] INFO  JaguarDF - Test testCheckArchive(org.apache.commons.compress.archivers.DumpTestCase) : Failed
20:08:16.733 [main] INFO  JaguarDF - Test testCheckCompressedArchive(org.apache.commons.compress.archivers.DumpTestCase) : Failed
20:08:17.735 [main] INFO  JaguarDF - Test testJarArchiveCreation(org.apache.commons.compress.archivers.JarTestCase) : Failed
20:08:17.933 [main] INFO  JaguarDF - Test testJarUnarchive(org.apache.commons.compress.archivers.JarTestCase) : Failed
20:08:18.132 [main] INFO  JaguarDF - Test testJarUnarchiveAll(org.apache.commons.compress.archivers.JarTestCase) : Failed
20:08:23.887 [main] INFO  JaguarDF - Test testTarArchiveCreation(org.apache.commons.compress.archivers.TarTestCase) : Failed
20:08:24.094 [main] INFO  JaguarDF - Test testTarArchiveLongNameCreation(org.apache.commons.compress.archivers.TarTestCase) : Failed
20:08:24.290 [main] INFO  JaguarDF - Test testTarUnarchive(org.apache.commons.compress.archivers.TarTestCase) : Failed
20:08:24.528 [main] INFO  JaguarDF - Test testCOMPRESS114(org.apache.commons.compress.archivers.TarTestCase) : Failed
20:08:24.726 [main] INFO  JaguarDF - Test testCOMPRESS178(org.apache.commons.compress.archivers.TarTestCase) : Failed
20:08:24.921 [main] INFO  JaguarDF - Test testZipUnarchive(org.apache.commons.compress.archivers.ZipTestCase) : Failed
20:08:25.115 [main] INFO  JaguarDF - Test testZipArchiveCreation(org.apache.commons.compress.archivers.ZipTestCase) : Failed
20:08:25.309 [main] INFO  JaguarDF - Test testSkipEntryWithUnsupportedCompressionMethod(org.apache.commons.compress.archivers.ZipTestCase) : Failed
20:08:25.513 [main] INFO  JaguarDF - Test testListAllFilesWithNestedArchive(org.apache.commons.compress.archivers.ZipTestCase) : Failed
20:08:25.716 [main] INFO  JaguarDF - Test testSupportedCompressionMethod(org.apache.commons.compress.archivers.ZipTestCase) : Failed
Cleaning up unclosed ZipFile for archive /Users/mario.concilio/workspace/ppgsi_docker/src/test/resources/bla.zip
20:08:26.775 [main] INFO  JaguarDF - Test testReadLongNamesGNU(org.apache.commons.compress.archivers.ar.ArArchiveInputStreamTest) : Failed
20:08:26.997 [main] INFO  JaguarDF - Test testReadLongNamesBSD(org.apache.commons.compress.archivers.ar.ArArchiveInputStreamTest) : Failed
20:08:27.632 [main] INFO  JaguarDF - Test testCpioUnarchive(org.apache.commons.compress.archivers.cpio.CpioArchiveInputStreamTest) : Failed
20:08:27.850 [main] INFO  JaguarDF - Test testWriteOldBinary(org.apache.commons.compress.archivers.cpio.CpioArchiveOutputStreamTest) : Failed
20:08:29.406 [main] INFO  JaguarDF - Test testNotADumpArchiveButBigEnough(org.apache.commons.compress.archivers.dump.DumpArchiveInputStreamTest) : Failed
20:08:29.622 [main] INFO  JaguarDF - Test testNotADumpArchive(org.apache.commons.compress.archivers.dump.DumpArchiveInputStreamTest) : Failed
20:08:32.401 [main] INFO  JaguarDF - Test workaroundForBrokenTimeHeader(org.apache.commons.compress.archivers.tar.TarArchiveInputStreamTest) : Failed
20:08:32.631 [main] INFO  JaguarDF - Test testCount(org.apache.commons.compress.archivers.tar.TarArchiveOutputStreamTest) : Failed
20:08:45.433 [main] INFO  JaguarDF - Test testUtf8Interoperability(org.apache.commons.compress.archivers.zip.UTF8ZipFilesTest) : Failed
Cleaning up unclosed ZipFile for archive /Users/mario.concilio/workspace/ppgsi_docker/src/test/resources/utf8-7zip-test.zip
20:08:55.984 [main] INFO  JaguarDF - Test testAddChangeTwice(org.apache.commons.compress.changes.ChangeSetTestCase) : Failed
20:08:56.218 [main] INFO  JaguarDF - Test testAddChangeTwiceWithoutReplace(org.apache.commons.compress.changes.ChangeSetTestCase) : Failed
20:08:56.453 [main] INFO  JaguarDF - Test testDeleteDir(org.apache.commons.compress.changes.ChangeSetTestCase) : Failed
20:08:56.692 [main] INFO  JaguarDF - Test testDeleteDir2(org.apache.commons.compress.changes.ChangeSetTestCase) : Failed
20:08:56.940 [main] INFO  JaguarDF - Test testDeleteDir3(org.apache.commons.compress.changes.ChangeSetTestCase) : Failed
20:08:57.184 [main] INFO  JaguarDF - Test testDeleteFile(org.apache.commons.compress.changes.ChangeSetTestCase) : Failed
20:08:57.428 [main] INFO  JaguarDF - Test testDeleteFile2(org.apache.commons.compress.changes.ChangeSetTestCase) : Failed
20:08:57.663 [main] INFO  JaguarDF - Test testDeletePlusAddSame(org.apache.commons.compress.changes.ChangeSetTestCase) : Failed
20:08:57.896 [main] INFO  JaguarDF - Test testChangeSetResults(org.apache.commons.compress.changes.ChangeSetTestCase) : Failed
20:08:58.128 [main] INFO  JaguarDF - Test testDeletePlusAdd(org.apache.commons.compress.changes.ChangeSetTestCase) : Failed
20:08:58.361 [main] INFO  JaguarDF - Test testDeleteFromAndAddToZip(org.apache.commons.compress.changes.ChangeSetTestCase) : Failed
20:08:58.597 [main] INFO  JaguarDF - Test testAddDeleteAdd(org.apache.commons.compress.changes.ChangeSetTestCase) : Failed
20:08:58.834 [main] INFO  JaguarDF - Test testDeleteAddDelete(org.apache.commons.compress.changes.ChangeSetTestCase) : Failed
20:08:59.066 [main] INFO  JaguarDF - Test testDeleteFromZip(org.apache.commons.compress.changes.ChangeSetTestCase) : Failed
20:08:59.302 [main] INFO  JaguarDF - Test testDeleteFromTar(org.apache.commons.compress.changes.ChangeSetTestCase) : Failed
20:08:59.538 [main] INFO  JaguarDF - Test testDeleteFromJar(org.apache.commons.compress.changes.ChangeSetTestCase) : Failed
20:08:59.772 [main] INFO  JaguarDF - Test testDeleteFromAndAddToTar(org.apache.commons.compress.changes.ChangeSetTestCase) : Failed
20:09:00.007 [main] INFO  JaguarDF - Test testDeleteFromAndAddToJar(org.apache.commons.compress.changes.ChangeSetTestCase) : Failed
20:09:00.249 [main] INFO  JaguarDF - Test testDeleteFromAr(org.apache.commons.compress.changes.ChangeSetTestCase) : Failed
20:09:00.487 [main] INFO  JaguarDF - Test testDeleteFromAndAddToAr(org.apache.commons.compress.changes.ChangeSetTestCase) : Failed
20:09:01.201 [main] INFO  JaguarDF - Test testAddToEmptyArchive(org.apache.commons.compress.changes.ChangeSetTestCase) : Failed
20:09:01.447 [main] INFO  JaguarDF - Test testDeleteAddToOneFileArchive(org.apache.commons.compress.changes.ChangeSetTestCase) : Failed
20:09:01.705 [main] INFO  JaguarDF - Test testAddDeleteToOneFileArchive(org.apache.commons.compress.changes.ChangeSetTestCase) : Failed
20:09:01.957 [main] INFO  JaguarDF - Test testAddAllreadyExistingWithReplaceTrue(org.apache.commons.compress.changes.ChangeSetTestCase) : Failed
20:09:02.203 [main] INFO  JaguarDF - Test testAddAllreadyExistingWithReplaceFalse(org.apache.commons.compress.changes.ChangeSetTestCase) : Failed
20:09:02.443 [main] INFO  JaguarDF - Test testBzipCreation(org.apache.commons.compress.compressors.BZip2TestCase) : Failed
20:09:02.764 [main] INFO  JaguarDF - Test testBzip2Unarchive(org.apache.commons.compress.compressors.BZip2TestCase) : Failed
20:09:03.077 [main] INFO  JaguarDF - Test testConcatenatedStreamsReadFirstOnly(org.apache.commons.compress.compressors.BZip2TestCase) : Failed
20:09:03.398 [main] INFO  JaguarDF - Test testConcatenatedStreamsReadFully(org.apache.commons.compress.compressors.BZip2TestCase) : Failed
20:09:03.710 [main] INFO  JaguarDF - Test testCOMPRESS131(org.apache.commons.compress.compressors.BZip2TestCase) : Failed
20:09:04.966 [main] INFO  JaguarDF - Test testConcatenatedStreamsReadFirstOnly(org.apache.commons.compress.compressors.GZipTestCase) : Failed
20:09:05.281 [main] INFO  JaguarDF - Test testConcatenatedStreamsReadFully(org.apache.commons.compress.compressors.GZipTestCase) : Failed
20:09:05.593 [main] INFO  JaguarDF - Test testGzipCreation(org.apache.commons.compress.compressors.GZipTestCase) : Failed
20:09:05.904 [main] INFO  JaguarDF - Test testGzipUnarchive(org.apache.commons.compress.compressors.GZipTestCase) : Failed
20:09:06.236 [main] INFO  JaguarDF - Test testCorruptedInput(org.apache.commons.compress.compressors.GZipTestCase) : Failed
20:09:07.540 [main] INFO  JaguarDF - Test testJarUnarchiveAllInMemory(org.apache.commons.compress.compressors.Pack200TestCase) : Failed
20:09:07.868 [main] INFO  JaguarDF - Test testJarUnarchiveAllFileArgInMemory(org.apache.commons.compress.compressors.Pack200TestCase) : Failed
20:09:08.182 [main] INFO  JaguarDF - Test testJarUnarchiveAllTempFile(org.apache.commons.compress.compressors.Pack200TestCase) : Failed
20:09:08.497 [main] INFO  JaguarDF - Test testJarUnarchiveAllFileTempFile(org.apache.commons.compress.compressors.Pack200TestCase) : Failed
20:09:08.831 [main] INFO  JaguarDF - Test testJarArchiveCreationInMemory(org.apache.commons.compress.compressors.Pack200TestCase) : Failed
20:09:09.149 [main] INFO  JaguarDF - Test testJarArchiveCreationTempFile(org.apache.commons.compress.compressors.Pack200TestCase) : Failed
20:09:09.467 [main] INFO  JaguarDF - Test testGoodSignature(org.apache.commons.compress.compressors.Pack200TestCase) : Failed
20:09:09.786 [main] INFO  JaguarDF - Test testBadSignature(org.apache.commons.compress.compressors.Pack200TestCase) : Failed
20:09:10.104 [main] INFO  JaguarDF - Test testShortSignature(org.apache.commons.compress.compressors.Pack200TestCase) : Failed
20:09:10.427 [main] INFO  JaguarDF - Test testInputStreamMethods(org.apache.commons.compress.compressors.Pack200TestCase) : Failed
20:09:11.095 [main] INFO  JaguarDF - Test testXZUnarchive(org.apache.commons.compress.compressors.XZTestCase) : Failed
20:09:11.452 [main] INFO  JaguarDF - Test testXZCreation(org.apache.commons.compress.compressors.XZTestCase) : Failed
20:09:11.794 [main] INFO  JaguarDF - Test testConcatenatedStreamsReadFirstOnly(org.apache.commons.compress.compressors.XZTestCase) : Failed
20:09:12.116 [main] INFO  JaguarDF - Test testConcatenatedStreamsReadFully(org.apache.commons.compress.compressors.XZTestCase) : Failed
20:09:13.408 [main] INFO  JaguarDF - Test testNormalize(org.apache.commons.compress.compressors.pack200.Pack200UtilsTest) : Failed
20:09:13.729 [main] INFO  JaguarDF - Test testNormalizeInPlace(org.apache.commons.compress.compressors.pack200.Pack200UtilsTest) : Failed
20:09:14.696 [main] INFO  JaguarDF - Jaguar-DF has finished!

real	1m9.535s
user	1m24.733s
sys	0m6.476s
