04:30:52.544 [main] INFO  JaguarDF - Welcome to Jaguar-DF CLI!
04:30:52.639 [main] DEBUG JaguarDF - CLI Arguments: [--projectDir, d4jprojects/commons-compress, --classesDir, target/classes, --testsDir, target/test-classes, --tests, tests.out, --logLevel, INFO]
04:31:20.391 [main] INFO  JaguarDF - Test skipsPK00Prefix(org.apache.commons.compress.archivers.ArchiveStreamFactoryTest) : Failed
04:31:22.027 [main] INFO  JaguarDF - Test aiffFilesAreNoTARs(org.apache.commons.compress.archivers.ArchiveStreamFactoryTest) : Failed
04:31:23.250 [main] INFO  JaguarDF - Test detectsAndThrowsFor7z(org.apache.commons.compress.archivers.ArchiveStreamFactoryTest) : Failed
04:31:23.649 [main] INFO  JaguarDF - Test testCOMPRESS209(org.apache.commons.compress.archivers.ArchiveStreamFactoryTest) : Failed
04:32:33.942 [main] INFO  JaguarDF - Test initializationError(org.apache.commons.compress.archivers.sevenz.SevenZNativeHeapTest) : Failed
04:33:28.076 [main] INFO  JaguarDF - Test testRoundTripOctalOrBinary8(org.apache.commons.compress.archivers.tar.TarUtilsTest) : Failed
04:33:49.022 [main] INFO  JaguarDF - Test testArchiveWithImplodeCompression4K2Trees(org.apache.commons.compress.archivers.zip.ExplodeSupportTest) : Failed
04:33:49.606 [main] INFO  JaguarDF - Test testZipStreamWithImplodeCompression8K3Trees(org.apache.commons.compress.archivers.zip.ExplodeSupportTest) : Failed
04:33:50.192 [main] INFO  JaguarDF - Test testTikaTestArchive(org.apache.commons.compress.archivers.zip.ExplodeSupportTest) : Failed
04:33:50.780 [main] INFO  JaguarDF - Test testArchiveWithImplodeCompression8K3Trees(org.apache.commons.compress.archivers.zip.ExplodeSupportTest) : Failed
04:33:51.360 [main] INFO  JaguarDF - Test testZipStreamWithImplodeCompression4K2Trees(org.apache.commons.compress.archivers.zip.ExplodeSupportTest) : Failed
04:33:52.015 [main] INFO  JaguarDF - Test testTikaTestStream(org.apache.commons.compress.archivers.zip.ExplodeSupportTest) : Failed
test.txt written, uncompressed bytes: 369, compressed bytes: 53 after 7ms
bla.tar written, uncompressed bytes: 10240, compressed bytes: 971 after 4ms
COMPRESS-256.7z written, uncompressed bytes: 4069842, compressed bytes: 4068310 after 260ms
bigChunkTest written, uncompressed bytes: 131072, compressed bytes: 131128 after 8ms
XZTestCase: HeapMax=3817865216 bytes 3641.0 MB
Attempt to read the whole thing in, should throw ...
Configuration: default
COMPRESS-256.7z written, uncompressed bytes: 4069842, compressed bytes: 4082684 after 626ms
COMPRESS-256.7z.block.lz4 read after 31ms
Configuration: default
lorem-ipsum.txt.gz written, uncompressed bytes: 38080, compressed bytes: 38231 after 4ms
lorem-ipsum.txt.gz.block.lz4 read after 0ms
Configuration: default
bla.tar written, uncompressed bytes: 10240, compressed bytes: 594 after 3ms
bla.tar.block.lz4 read after 1ms
Configuration: tuned for speed
COMPRESS-256.7z written, uncompressed bytes: 4069842, compressed bytes: 4082689 after 375ms
COMPRESS-256.7z.block.lz4 read after 24ms
Configuration: tuned for speed
lorem-ipsum.txt.gz written, uncompressed bytes: 38080, compressed bytes: 38231 after 3ms
lorem-ipsum.txt.gz.block.lz4 read after 1ms
Configuration: tuned for speed
bla.tar written, uncompressed bytes: 10240, compressed bytes: 600 after 3ms
bla.tar.block.lz4 read after 0ms
Configuration: tuned for compression ratio
COMPRESS-256.7z written, uncompressed bytes: 4069842, compressed bytes: 4082684 after 509ms
COMPRESS-256.7z.block.lz4 read after 24ms
Configuration: tuned for compression ratio
lorem-ipsum.txt.gz written, uncompressed bytes: 38080, compressed bytes: 38231 after 3ms
lorem-ipsum.txt.gz.block.lz4 read after 1ms
Configuration: tuned for compression ratio
bla.tar written, uncompressed bytes: 10240, compressed bytes: 594 after 2ms
bla.tar.block.lz4 read after 1ms
bla.tar written, uncompressed bytes: 10240, compressed bytes: 594 after 4ms
bla.tar.lz4-block.lz4 read after 0ms
bla.tar written, uncompressed bytes: 10240, compressed bytes: 610 after 5ms
bla.tar.lz4-framed.lz4 read after 1ms
COMPRESS-256.7z written, uncompressed bytes: 4069842, compressed bytes: 4068227 after 276ms
COMPRESS-256.7z.framed.lz4 read after 11ms
lorem-ipsum.txt.gz written, uncompressed bytes: 38080, compressed bytes: 38099 after 3ms
lorem-ipsum.txt.gz.framed.lz4 read after 0ms
bla.tar written, uncompressed bytes: 10240, compressed bytes: 610 after 1ms
bla.tar.framed.lz4 read after 0ms
COMPRESS-256.7z written, uncompressed bytes: 4069842, compressed bytes: 4068760 after 464ms
COMPRESS-256.7z.framed.lz4 read after 13ms
lorem-ipsum.txt.gz written, uncompressed bytes: 38080, compressed bytes: 38099 after 2ms
lorem-ipsum.txt.gz.framed.lz4 read after 1ms
bla.tar written, uncompressed bytes: 10240, compressed bytes: 610 after 1ms
bla.tar.framed.lz4 read after 1ms
COMPRESS-256.7z written, uncompressed bytes: 4069842, compressed bytes: 4069873 after 493ms
COMPRESS-256.7z.framed.lz4 read after 10ms
lorem-ipsum.txt.gz written, uncompressed bytes: 38080, compressed bytes: 38099 after 3ms
lorem-ipsum.txt.gz.framed.lz4 read after 0ms
bla.tar written, uncompressed bytes: 10240, compressed bytes: 610 after 1ms
bla.tar.framed.lz4 read after 1ms
COMPRESS-256.7z written, uncompressed bytes: 4069842, compressed bytes: 4069861 after 461ms
COMPRESS-256.7z.framed.lz4 read after 9ms
lorem-ipsum.txt.gz written, uncompressed bytes: 38080, compressed bytes: 38099 after 3ms
lorem-ipsum.txt.gz.framed.lz4 read after 0ms
bla.tar written, uncompressed bytes: 10240, compressed bytes: 610 after 1ms
bla.tar.framed.lz4 read after 0ms
COMPRESS-256.7z written, uncompressed bytes: 4069842, compressed bytes: 4069857 after 481ms
COMPRESS-256.7z.framed.lz4 read after 7ms
lorem-ipsum.txt.gz written, uncompressed bytes: 38080, compressed bytes: 38095 after 3ms
lorem-ipsum.txt.gz.framed.lz4 read after 0ms
bla.tar written, uncompressed bytes: 10240, compressed bytes: 606 after 1ms
bla.tar.framed.lz4 read after 1ms
COMPRESS-256.7z written, uncompressed bytes: 4069842, compressed bytes: 4069865 after 436ms
COMPRESS-256.7z.framed.lz4 read after 13ms
lorem-ipsum.txt.gz written, uncompressed bytes: 38080, compressed bytes: 38103 after 2ms
lorem-ipsum.txt.gz.framed.lz4 read after 1ms
bla.tar written, uncompressed bytes: 10240, compressed bytes: 614 after 1ms
bla.tar.framed.lz4 read after 1ms
COMPRESS-256.7z written, uncompressed bytes: 4069842, compressed bytes: 4068221 after 466ms
COMPRESS-256.7z.framed.lz4 read after 13ms
lorem-ipsum.txt.gz written, uncompressed bytes: 38080, compressed bytes: 38099 after 2ms
lorem-ipsum.txt.gz.framed.lz4 read after 0ms
bla.tar written, uncompressed bytes: 10240, compressed bytes: 610 after 1ms
bla.tar.framed.lz4 read after 1ms
COMPRESS-256.7z written, uncompressed bytes: 4069842, compressed bytes: 4069861 after 301ms
COMPRESS-256.7z.framed.lz4 read after 9ms
lorem-ipsum.txt.gz written, uncompressed bytes: 38080, compressed bytes: 38099 after 3ms
lorem-ipsum.txt.gz.framed.lz4 read after 1ms
bla.tar written, uncompressed bytes: 10240, compressed bytes: 616 after 2ms
bla.tar.framed.lz4 read after 0ms
COMPRESS-256.7z written, uncompressed bytes: 4069842, compressed bytes: 4067498 after 362ms
COMPRESS-256.7z.raw.sz read after 10ms
Configuration: tuned for compression ratio
bla.tar written, uncompressed bytes: 10240, compressed bytes: 949 after 5ms
bla.tar.raw.sz read after 1ms
reallyBigLiteralTest written, uncompressed bytes: 524288, compressed bytes: 524309 after 38ms
reallyBigLiteralTest.raw.sz read after 1ms
reallyBigOffsetTest written, uncompressed bytes: 2097160, compressed bytes: 2097315 after 262ms
reallyBigOffsetTest.raw.sz read after 5ms
lorem-ipsum.txt.gz written, uncompressed bytes: 38080, compressed bytes: 38089 after 2ms
lorem-ipsum.txt.gz.raw.sz read after 0ms
Configuration: default
bla.tar written, uncompressed bytes: 10240, compressed bytes: 955 after 3ms
bla.tar.raw.sz read after 1ms
Configuration: tuned for speed
bla.tar written, uncompressed bytes: 10240, compressed bytes: 960 after 4ms
bla.tar.raw.sz read after 0ms
04:39:59.966 [main] INFO  JaguarDF - Jaguar-DF has finished!

real	9m8.183s
user	8m47.807s
sys	0m53.181s
