00:46:29.231 [main] INFO  JaguarDF - Welcome to Jaguar-DF CLI!
00:46:29.328 [main] DEBUG JaguarDF - CLI Arguments: [--projectDir, d4jprojects/commons-compress, --classesDir, target/classes, --testsDir, target/test-classes, --tests, tests.out, --logLevel, INFO]
00:46:44.143 [main] INFO  JaguarDF - Test skipsPK00Prefix(org.apache.commons.compress.archivers.ArchiveStreamFactoryTest) : Failed
00:46:44.808 [main] INFO  JaguarDF - Test aiffFilesAreNoTARs(org.apache.commons.compress.archivers.ArchiveStreamFactoryTest) : Failed
00:46:45.704 [main] INFO  JaguarDF - Test detectsAndThrowsFor7z(org.apache.commons.compress.archivers.ArchiveStreamFactoryTest) : Failed
00:46:46.079 [main] INFO  JaguarDF - Test testCOMPRESS209(org.apache.commons.compress.archivers.ArchiveStreamFactoryTest) : Failed
00:48:05.903 [main] INFO  JaguarDF - Test shouldThrowAnExceptionOnTruncatedEntries(org.apache.commons.compress.archivers.tar.TarArchiveInputStreamTest) : Failed
00:48:39.285 [main] INFO  JaguarDF - Test testArchiveWithImplodeCompression4K2Trees(org.apache.commons.compress.archivers.zip.ExplodeSupportTest) : Failed
00:48:39.915 [main] INFO  JaguarDF - Test testZipStreamWithImplodeCompression8K3Trees(org.apache.commons.compress.archivers.zip.ExplodeSupportTest) : Failed
00:48:40.491 [main] INFO  JaguarDF - Test testTikaTestArchive(org.apache.commons.compress.archivers.zip.ExplodeSupportTest) : Failed
00:48:41.069 [main] INFO  JaguarDF - Test testArchiveWithImplodeCompression8K3Trees(org.apache.commons.compress.archivers.zip.ExplodeSupportTest) : Failed
00:48:41.654 [main] INFO  JaguarDF - Test testZipStreamWithImplodeCompression4K2Trees(org.apache.commons.compress.archivers.zip.ExplodeSupportTest) : Failed
00:48:42.315 [main] INFO  JaguarDF - Test testTikaTestStream(org.apache.commons.compress.archivers.zip.ExplodeSupportTest) : Failed
Cleaning up unclosed ZipFile for archive /Users/mario.concilio/workspace/ppgsi_docker/target/test-classes/archives/imploding-4Kdict-2trees.zip
Cleaning up unclosed ZipFile for archive /Users/mario.concilio/workspace/ppgsi_docker/target/test-classes/moby-imploded.zip
Cleaning up unclosed ZipFile for archive /Users/mario.concilio/workspace/ppgsi_docker/target/test-classes/archives/imploding-8Kdict-3trees.zip
XZTestCase: HeapMax=3817865216 bytes 3641.0 MB
Attempt to read the whole thing in, should throw ...
00:50:41.609 [main] INFO  JaguarDF - Jaguar-DF has finished!

real	4m13.216s
user	4m15.008s
sys	0m18.277s
