21:06:22.938 [main] INFO  JaguarDF - Welcome to Jaguar-DF CLI!
21:06:23.036 [main] DEBUG JaguarDF - CLI Arguments: [--projectDir, d4jprojects/commons-compress, --classesDir, target/classes, --testsDir, target/test-classes, --tests, tests.out, --logLevel, INFO]
21:06:36.196 [main] INFO  JaguarDF - Test skipsPK00Prefix(org.apache.commons.compress.archivers.ArchiveStreamFactoryTest) : Failed
21:06:36.480 [main] INFO  JaguarDF - Test aiffFilesAreNoTARs(org.apache.commons.compress.archivers.ArchiveStreamFactoryTest) : Failed
21:06:37.043 [main] INFO  JaguarDF - Test testCOMPRESS209(org.apache.commons.compress.archivers.ArchiveStreamFactoryTest) : Failed
21:08:10.506 [main] INFO  JaguarDF - Test testArchiveWithImplodeCompression4K2Trees(org.apache.commons.compress.archivers.zip.ExplodeSupportTest) : Failed
21:08:11.012 [main] INFO  JaguarDF - Test testZipStreamWithImplodeCompression8K3Trees(org.apache.commons.compress.archivers.zip.ExplodeSupportTest) : Failed
Cleaning up unclosed ZipFile for archive /Users/mario.concilio/workspace/ppgsi_docker/target/test-classes/archives/imploding-4Kdict-2trees.zip
21:08:11.529 [main] INFO  JaguarDF - Test testTikaTestArchive(org.apache.commons.compress.archivers.zip.ExplodeSupportTest) : Failed
21:08:12.028 [main] INFO  JaguarDF - Test testArchiveWithImplodeCompression8K3Trees(org.apache.commons.compress.archivers.zip.ExplodeSupportTest) : Failed
Cleaning up unclosed ZipFile for archive /Users/mario.concilio/workspace/ppgsi_docker/target/test-classes/archives/imploding-8Kdict-3trees.zip
Cleaning up unclosed ZipFile for archive /Users/mario.concilio/workspace/ppgsi_docker/target/test-classes/moby-imploded.zip
21:08:12.523 [main] INFO  JaguarDF - Test testZipStreamWithImplodeCompression4K2Trees(org.apache.commons.compress.archivers.zip.ExplodeSupportTest) : Failed
21:08:13.028 [main] INFO  JaguarDF - Test testTikaTestStream(org.apache.commons.compress.archivers.zip.ExplodeSupportTest) : Failed
XZTestCase: HeapMax=3817865216 bytes 3641.0 MB
Attempt to read the whole thing in, should throw ...
21:10:08.038 [main] INFO  JaguarDF - Jaguar-DF has finished!

real	3m45.964s
user	3m54.294s
sys	0m16.457s
