03:40:48.645 [main] INFO  JaguarDF - Welcome to Jaguar-DF CLI!
03:40:48.733 [main] DEBUG JaguarDF - CLI Arguments: [--projectDir, d4jprojects/commons-compress, --classesDir, target/classes, --testsDir, target/test-classes, --tests, tests.out, --logLevel, INFO]
03:41:13.754 [main] INFO  JaguarDF - Test skipsPK00Prefix(org.apache.commons.compress.archivers.ArchiveStreamFactoryTest) : Failed
03:41:15.466 [main] INFO  JaguarDF - Test aiffFilesAreNoTARs(org.apache.commons.compress.archivers.ArchiveStreamFactoryTest) : Failed
03:41:16.660 [main] INFO  JaguarDF - Test detectsAndThrowsFor7z(org.apache.commons.compress.archivers.ArchiveStreamFactoryTest) : Failed
03:41:17.071 [main] INFO  JaguarDF - Test testCOMPRESS209(org.apache.commons.compress.archivers.ArchiveStreamFactoryTest) : Failed
03:42:24.890 [main] INFO  JaguarDF - Test initializationError(org.apache.commons.compress.archivers.sevenz.SevenZNativeHeapTest) : Failed
03:43:39.274 [main] INFO  JaguarDF - Test testArchiveWithImplodeCompression4K2Trees(org.apache.commons.compress.archivers.zip.ExplodeSupportTest) : Failed
03:43:39.952 [main] INFO  JaguarDF - Test testZipStreamWithImplodeCompression8K3Trees(org.apache.commons.compress.archivers.zip.ExplodeSupportTest) : Failed
03:43:40.622 [main] INFO  JaguarDF - Test testTikaTestArchive(org.apache.commons.compress.archivers.zip.ExplodeSupportTest) : Failed
03:43:41.280 [main] INFO  JaguarDF - Test testArchiveWithImplodeCompression8K3Trees(org.apache.commons.compress.archivers.zip.ExplodeSupportTest) : Failed
03:43:41.926 [main] INFO  JaguarDF - Test testZipStreamWithImplodeCompression4K2Trees(org.apache.commons.compress.archivers.zip.ExplodeSupportTest) : Failed
03:43:42.564 [main] INFO  JaguarDF - Test testTikaTestStream(org.apache.commons.compress.archivers.zip.ExplodeSupportTest) : Failed
test.txt written, uncompressed bytes: 369, compressed bytes: 53 after 9ms
bla.tar written, uncompressed bytes: 10240, compressed bytes: 965 after 82ms
COMPRESS-256.7z written, uncompressed bytes: 4069842, compressed bytes: 4068305 after 184ms
bigChunkTest written, uncompressed bytes: 131072, compressed bytes: 131126 after 5ms
XZTestCase: HeapMax=3817865216 bytes 3641.0 MB
Attempt to read the whole thing in, should throw ...
COMPRESS-256.7z written, uncompressed bytes: 4069842, compressed bytes: 4067499 after 255ms
reallyBigLiteralTest written, uncompressed bytes: 524288, compressed bytes: 524311 after 22ms
reallyBigOffsetTest written, uncompressed bytes: 2097160, compressed bytes: 2097294 after 132ms
lorem-ipsum.txt.gz written, uncompressed bytes: 38080, compressed bytes: 38089 after 2ms
bla.tar written, uncompressed bytes: 10240, compressed bytes: 949 after 56ms
03:47:34.539 [main] INFO  JaguarDF - Jaguar-DF has finished!

real	6m46.651s
user	6m42.806s
sys	0m37.252s
