18:10:08.497 [main] INFO  JaguarDF - Welcome to Jaguar-DF CLI!
18:10:08.569 [main] DEBUG JaguarDF - CLI Arguments: [--projectDir, d4jprojects/commons-cli, --classesDir, target/classes, --testsDir, target/test-classes, --tests, tests.out, --logLevel, INFO]
usage: man [-c|-f|-k|-w|-tZT device] [-adlhu7V] [-Mpath]
           [-Ppager] [-Slist] [-msystem] [-pstring]
           [-Llocale] [-eextension] [section] page ...
 -7,--ascii                display ASCII translation or
                           certain latin1 chars.
 -a,--all                  find all matching manual pages.
 -c,--catman               used by catman to reformat out of
                           date cat pages.
 -d,--debug                emit debugging messages.
 -D,--default              reset all options to their
                           default values.
 -e,--extension            limit search to extension type
                           'extension'.
 -f,--whatis               equivalent to whatis.
 -h,--help                 show this usage message.
 -k,--apropos              equivalent to apropos.
 -l,--local-file           interpret 'page' argument(s) as
                           local filename(s)
 -L,--locale <arg>         define the locale for this
                           particular man search.
 -M,--manpath <arg>        set search path for manual pages
                           to 'path'.
 -m,--systems <arg>        search for man pages from other
                           unix system(s).
 -P,--pager <arg>          use program 'pager' to display
                           output.
 -p,--preprocessor <arg>   string indicates which
                           preprocessor to run.
                           e - [n]eqn  p - pic     t - tbl
                           g - grap    r - refer   v -
                           vgrind
 -r,--prompt <arg>         provide 'less' pager with prompt.
 -S,--sections <arg>       use colon separated section list.
 -t,--troff                use troff format pages.
 -T,--troff-device <arg>   use groff with selected device.
 -u,--update               force a cache consistency check.
 -V,--version              show version.
 -w,--location             print physical location of man
                           page(s).
 -Z,--ditroff              use groff with selected device.
Exception found converting v to desired type: Unable to parse the URL: foo://commons.apache.org
Exception found converting d to desired type: Unable to find the class: System.DateTime
Exception found converting x to desired type: For input string: "3,5"
Exception found converting i to desired type: java.lang.IllegalAccessException; Unable to create an instance of: java.util.Calendar
Exception found converting n to desired type: Unable to find the class: System.DateTime
18:10:16.983 [main] INFO  JaguarDF - Test testInfiniteLoop(org.apache.commons.cli.bug.BugCLI162Test) : Failed
18:10:17.038 [main] INFO  JaguarDF - Test testPrintHelpLongLines(org.apache.commons.cli.bug.BugCLI162Test) : Failed
18:10:17.308 [main] INFO  JaguarDF - Jaguar-DF has finished!

real	0m9.396s
user	0m19.846s
sys	0m1.648s
