18:08:25.186 [main] INFO  JaguarDF - Welcome to Jaguar-DF CLI!
18:08:25.272 [main] DEBUG JaguarDF - CLI Arguments: [--projectDir, d4jprojects/commons-cli, --classesDir, target/classes, --testsDir, target/test-classes, --tests, tests.out, --logLevel, INFO]
Unexpected value "src/test/org/apache/commons/cli2/bug/BugCLI144Test.java"      
found while processing  -f                                                      
Usage:                                                                          
 [-f <file-name1> [<file-name2> ...]]                                           
-f (--file-name) file-name [file-name ...]    name of an existing file          
18:08:31.463 [main] INFO  JaguarDF - Test testFileValidator(org.apache.commons.cli2.bug.BugCLI144Test) : Failed
18:08:48.919 [main] INFO  JaguarDF - Test testNoCyclesPresent(org.apache.commons.cli2.jdepend.JDependTest) : Failed
18:08:49.007 [main] INFO  JaguarDF - Test testApiIndependance(org.apache.commons.cli2.jdepend.JDependTest) : Failed
18:08:49.097 [main] INFO  JaguarDF - Test testJUnitNotPresent(org.apache.commons.cli2.jdepend.JDependTest) : Failed
18:08:49.179 [main] INFO  JaguarDF - Test testAcceptableDistance(org.apache.commons.cli2.jdepend.JDependTest) : Failed
18:09:11.148 [main] INFO  JaguarDF - Test testValidate_Directory(org.apache.commons.cli2.validation.FileValidatorTest) : Failed
18:09:11.344 [main] INFO  JaguarDF - Test testValidate_HiddenFile(org.apache.commons.cli2.validation.FileValidatorTest) : Failed
18:09:11.437 [main] INFO  JaguarDF - Test testValidate_WritableFile(org.apache.commons.cli2.validation.FileValidatorTest) : Failed
18:09:11.524 [main] INFO  JaguarDF - Test testValidate_Existing(org.apache.commons.cli2.validation.FileValidatorTest) : Failed
18:09:11.628 [main] INFO  JaguarDF - Test testValidate_File(org.apache.commons.cli2.validation.FileValidatorTest) : Failed
18:09:11.752 [main] INFO  JaguarDF - Test testValidate_ReadableFile(org.apache.commons.cli2.validation.FileValidatorTest) : Failed
18:09:12.770 [main] INFO  JaguarDF - Jaguar-DF has finished!

real	0m48.187s
user	1m0.123s
sys	0m5.797s
