17:47:30.236 [main] INFO  JaguarDF - Welcome to Jaguar-DF CLI!
17:47:30.685 [main] DEBUG JaguarDF - CLI Arguments: [--projectDir, d4jprojects/joda-time, --classesDir, target/classes, --testsDir, target/test-classes, --tests, tests.out, --logLevel, INFO]
17:59:23.752 [main] INFO  JaguarDF - Test testFactory_daysBetween_RPartial_MonthDay(org.joda.time.TestDays) : Failed
18:19:38.830 [main] INFO  JaguarDF - Test testFactory_monthsBetween_RPartial_MonthDay(org.joda.time.TestMonths) : Failed
18:37:25.149 [main] INFO  JaguarDF - Test testSerializedDateTimeProperty(org.joda.time.TestSerialization) : Failed
18:37:26.453 [main] INFO  JaguarDF - Test testSerializedDateTime(org.joda.time.TestSerialization) : Failed
18:37:27.757 [main] INFO  JaguarDF - Test testSerializedBuddhistChronology(org.joda.time.TestSerialization) : Failed
18:37:29.105 [main] INFO  JaguarDF - Test testSerializedPeriodType(org.joda.time.TestSerialization) : Failed
18:37:30.409 [main] INFO  JaguarDF - Test testSerializedDateTimeFieldType(org.joda.time.TestSerialization) : Failed
18:37:31.756 [main] INFO  JaguarDF - Test testSerializedGregorianChronology(org.joda.time.TestSerialization) : Failed
18:37:33.061 [main] INFO  JaguarDF - Test testSerializedJulianChronology(org.joda.time.TestSerialization) : Failed
18:37:34.365 [main] INFO  JaguarDF - Test testSerializedUnsupportedDateTimeField(org.joda.time.TestSerialization) : Failed
18:37:35.669 [main] INFO  JaguarDF - Test testSerializedLocalDateBuddhist(org.joda.time.TestSerialization) : Failed
18:37:37.008 [main] INFO  JaguarDF - Test testSerializedDateMidnight(org.joda.time.TestSerialization) : Failed
18:37:38.311 [main] INFO  JaguarDF - Test testSerializedMutableDateTime(org.joda.time.TestSerialization) : Failed
18:37:39.614 [main] INFO  JaguarDF - Test testSerializedLocalDateTime(org.joda.time.TestSerialization) : Failed
18:37:40.972 [main] INFO  JaguarDF - Test testSerializedYearMonthDay(org.joda.time.TestSerialization) : Failed
18:37:42.275 [main] INFO  JaguarDF - Test testSerializedDateMidnightProperty(org.joda.time.TestSerialization) : Failed
18:37:43.578 [main] INFO  JaguarDF - Test testDuration(org.joda.time.TestSerialization) : Failed
18:37:44.881 [main] INFO  JaguarDF - Test testSerializedMutableDateTimeProperty(org.joda.time.TestSerialization) : Failed
18:37:46.222 [main] INFO  JaguarDF - Test testSerializedLocalTime(org.joda.time.TestSerialization) : Failed
18:37:47.527 [main] INFO  JaguarDF - Test testSerializedISOChronology(org.joda.time.TestSerialization) : Failed
18:37:48.831 [main] INFO  JaguarDF - Test testSerializedGJChronology(org.joda.time.TestSerialization) : Failed
18:37:50.135 [main] INFO  JaguarDF - Test testSerializedDateTimeZone(org.joda.time.TestSerialization) : Failed
18:37:51.492 [main] INFO  JaguarDF - Test testSerializedCopticChronology(org.joda.time.TestSerialization) : Failed
18:37:52.795 [main] INFO  JaguarDF - Test testSerializedTimeOfDay(org.joda.time.TestSerialization) : Failed
18:37:54.099 [main] INFO  JaguarDF - Test testSerializedDateTimeZoneUTC(org.joda.time.TestSerialization) : Failed
18:37:55.439 [main] INFO  JaguarDF - Test testSerializedGJChronologyChangedInternals(org.joda.time.TestSerialization) : Failed
18:37:56.742 [main] INFO  JaguarDF - Test testSerializedInstant(org.joda.time.TestSerialization) : Failed
18:37:58.045 [main] INFO  JaguarDF - Test testSerializedLocalDate(org.joda.time.TestSerialization) : Failed

TestBuddhistChronology.testCalendar

TestCopticChronology.testCalendar

TestEthiopicChronology.testCalendar

TestIslamicChronology.testCalendar
Writing zoneinfo files
Writing ZoneInfoMap
19:11:24.274 [main] INFO  JaguarDF - Jaguar-DF has finished!

real	83m55.237s
user	84m7.979s
sys	0m49.708s
